#
# There is insufficient memory for the Java Runtime Environment to continue.
# Native memory allocation (mmap) failed to map 329777152 bytes for committing reserved memory.
# Possible reasons:
#   The system is out of physical RAM or swap space
#   In 32 bit mode, the process size limit was hit
# Possible solutions:
#   Reduce memory load on the system
#   Increase physical memory or swap space
#   Check if swap backing store is full
#   Use 64 bit Java on a 64 bit OS
#   Decrease Java heap size (-Xmx/-Xms)
#   Decrease number of Java threads
#   Decrease Java thread stack sizes (-Xss)
#   Set larger code cache with -XX:ReservedCodeCacheSize=
# This output file may be truncated or incomplete.
#
#  Out of Memory Error (os_linux.cpp:2627), pid=15589, tid=140699080521472
#
# JRE version: Java(TM) SE Runtime Environment (8.0_72-b15) (build 1.8.0_72-b15)
# Java VM: Java HotSpot(TM) 64-Bit Server VM (25.72-b15 mixed mode linux-amd64 compressed oops)
# Failed to write core dump. Core dumps have been disabled. To enable core dumping, try "ulimit -c unlimited" before starting Java again
#

---------------  T H R E A D  ---------------

Current thread (0x00007ff728078000):  VMThread [stack: 0x00007ff70ea6f000,0x00007ff70eb70000] [id=15598]

Stack: [0x00007ff70ea6f000,0x00007ff70eb70000],  sp=0x00007ff70eb6e2e0,  free space=1020k
Native frames: (J=compiled Java code, j=interpreted, Vv=VM code, C=native code)
V  [libjvm.so+0xaba7ea]  VMError::report_and_die()+0x2ba
V  [libjvm.so+0x4f9e3b]  report_vm_out_of_memory(char const*, int, unsigned long, VMErrorType, char const*)+0x8b
V  [libjvm.so+0x91b613]  os::Linux::commit_memory_impl(char*, unsigned long, bool)+0x103
V  [libjvm.so+0x91bb69]  os::pd_commit_memory(char*, unsigned long, unsigned long, bool)+0x29
V  [libjvm.so+0x915e6a]  os::commit_memory(char*, unsigned long, unsigned long, bool)+0x2a
V  [libjvm.so+0x989543]  PSVirtualSpace::expand_by(unsigned long)+0x53
V  [libjvm.so+0x979e30]  PSOldGen::expand(unsigned long)+0x170
V  [libjvm.so+0x97a03b]  PSOldGen::resize(unsigned long)+0x1cb
V  [libjvm.so+0x981d11]  PSParallelCompact::invoke_no_policy(bool)+0x991
V  [libjvm.so+0x98766d]  PSScavenge::invoke()+0x1ad
V  [libjvm.so+0x93f300]  ParallelScavengeHeap::failed_mem_allocate(unsigned long)+0x70
V  [libjvm.so+0xabc207]  VM_ParallelGCFailedAllocation::doit()+0x97
V  [libjvm.so+0xac3c35]  VM_Operation::evaluate()+0x55
V  [libjvm.so+0xac200a]  VMThread::evaluate_operation(VM_Operation*)+0xba
V  [libjvm.so+0xac238e]  VMThread::loop()+0x1ce
V  [libjvm.so+0xac2800]  VMThread::run()+0x70
V  [libjvm.so+0x91d9d8]  java_start(Thread*)+0x108

VM_Operation (0x00007ff72f78fe80): ParallelGCFailedAllocation, mode: safepoint, requested by thread 0x00007ff72800a000


---------------  P R O C E S S  ---------------

Java Threads: ( => current thread )
  0x00007ff7281c7000 JavaThread "pool-1-thread-1" [_thread_blocked, id=15620, stack(0x00007ff70d319000,0x00007ff70d41a000)]
  0x00007ff7281eb000 JavaThread "pool-2-thread-4" [_thread_blocked, id=15611, stack(0x00007ff70d41a000,0x00007ff70d51b000)]
  0x00007ff7281e9000 JavaThread "pool-2-thread-3" [_thread_blocked, id=15610, stack(0x00007ff70d51b000,0x00007ff70d61c000)]
  0x00007ff7281e7800 JavaThread "pool-2-thread-2" [_thread_blocked, id=15609, stack(0x00007ff70d61c000,0x00007ff70d71d000)]
  0x00007ff7281e6800 JavaThread "pool-3-thread-1" [_thread_blocked, id=15608, stack(0x00007ff70d71d000,0x00007ff70d81e000)]
  0x00007ff7281e4000 JavaThread "pool-2-thread-1" [_thread_blocked, id=15607, stack(0x00007ff70d81e000,0x00007ff70d91f000)]
  0x00007ff7280db800 JavaThread "Service Thread" daemon [_thread_blocked, id=15605, stack(0x00007ff70db16000,0x00007ff70dc17000)]
  0x00007ff7280be800 JavaThread "C1 CompilerThread2" daemon [_thread_blocked, id=15604, stack(0x00007ff70dc17000,0x00007ff70dd18000)]
  0x00007ff7280bc800 JavaThread "C2 CompilerThread1" daemon [_thread_in_native, id=15603, stack(0x00007ff70dd18000,0x00007ff70de19000)]
  0x00007ff7280b9800 JavaThread "C2 CompilerThread0" daemon [_thread_blocked, id=15602, stack(0x00007ff70de19000,0x00007ff70df1a000)]
  0x00007ff7280b8000 JavaThread "Signal Dispatcher" daemon [_thread_blocked, id=15601, stack(0x00007ff70df1a000,0x00007ff70e01b000)]
  0x00007ff728084000 JavaThread "Finalizer" daemon [_thread_blocked, id=15600, stack(0x00007ff70e86d000,0x00007ff70e96e000)]
  0x00007ff72807f800 JavaThread "Reference Handler" daemon [_thread_blocked, id=15599, stack(0x00007ff70e96e000,0x00007ff70ea6f000)]
  0x00007ff72800a000 JavaThread "main" [_thread_blocked, id=15593, stack(0x00007ff72f691000,0x00007ff72f792000)]

Other Threads:
=>0x00007ff728078000 VMThread [stack: 0x00007ff70ea6f000,0x00007ff70eb70000] [id=15598]
  0x00007ff7280de800 WatcherThread [stack: 0x00007ff70da15000,0x00007ff70db16000] [id=15606]

VM state:at safepoint (normal execution)

VM Mutex/Monitor currently owned by a thread:  ([mutex/lock_event])
[0x00007ff728005f80] ExpandHeap_lock - owner thread: 0x00007ff728078000
[0x00007ff728006600] Threads_lock - owner thread: 0x00007ff728078000
[0x00007ff728006b00] Heap_lock - owner thread: 0x00007ff72800a000

Heap:
 PSYoungGen      total 465920K, used 10569K [0x00000000d5580000, 0x0000000100000000, 0x0000000100000000)
  eden space 232960K, 0% used [0x00000000d5580000,0x00000000d5580000,0x00000000e3900000)
  from space 232960K, 4% used [0x00000000e3900000,0x00000000e4352630,0x00000000f1c80000)
  to   space 232960K, 0% used [0x00000000f1c80000,0x00000000f1c80000,0x0000000100000000)
 ParOldGen       total 762880K, used 762433K [0x0000000080000000, 0x00000000ae900000, 0x00000000d5580000)
  object space 762880K, 99% used [0x0000000080000000,0x00000000ae890550,0x00000000ae900000)
 Metaspace       used 6758K, capacity 7384K, committed 7680K, reserved 1056768K
  class space    used 627K, capacity 656K, committed 768K, reserved 1048576K

Card table byte_map: [0x00007ff72c05c000,0x00007ff72c45d000] byte_map_base: 0x00007ff72bc5c000

Marking Bits: (ParMarkBitMap*) 0x00007ff72eb72100
 Begin Bits: [0x00007ff714951000, 0x00007ff716951000)
 End Bits:   [0x00007ff716951000, 0x00007ff718951000)

Polling page: 0x00007ff72f7b9000

CodeCache: size=245760Kb used=12094Kb max_used=14334Kb free=233665Kb
 bounds [0x00007ff719000000, 0x00007ff719e20000, 0x00007ff728000000]
 total_blobs=2672 nmethods=2403 adapters=182
 compilation: enabled

Compilation events (10 events):
Event: 27,970 Thread 0x00007ff7280be800 3091  s    2       com.android.dx.dex.file.TypeIdsSection::intern (62 bytes)
Event: 27,971 Thread 0x00007ff7280be800 nmethod 3091 0x00007ff719100010 code [0x00007ff7191001e0, 0x00007ff719100808]
Event: 28,028 Thread 0x00007ff7280be800 3092       3       java.util.regex.Matcher::search (109 bytes)
Event: 28,034 Thread 0x00007ff7280be800 nmethod 3092 0x00007ff7195fcc50 code [0x00007ff7195fcde0, 0x00007ff7195fd1e8]
Event: 28,053 Thread 0x00007ff7280be800 3093       3       com.android.dx.cf.code.LocalVariableList::mergeDescriptorsAndSignatures (80 bytes)
Event: 28,054 Thread 0x00007ff7280be800 nmethod 3093 0x00007ff7191d3fd0 code [0x00007ff7191d4260, 0x00007ff7191d54b8]
Event: 28,255 Thread 0x00007ff7280be800 3095       3       com.android.dx.dex.cf.AttributeTranslator::translateInnerClasses (356 bytes)
Event: 28,274 Thread 0x00007ff7280be800 nmethod 3095 0x00007ff719dfe110 code [0x00007ff719dfe720, 0x00007ff719e02a38]
Event: 28,274 Thread 0x00007ff7280be800 3096 %     3       com.android.dx.dex.code.StdCatchBuilder::getCatchTypes @ 26 (97 bytes)
Event: 28,282 Thread 0x00007ff7280be800 nmethod 3096% 0x00007ff7191d6590 code [0x00007ff7191d6860, 0x00007ff7191d7eb8]

GC Heap History (10 events):
Event: 24,184 GC heap after
Heap after GC invocations=21 (full 4):
 PSYoungGen      total 436224K, used 138265K [0x00000000d5580000, 0x0000000100000000, 0x0000000100000000)
  eden space 297472K, 0% used [0x00000000d5580000,0x00000000d5580000,0x00000000e7800000)
  from space 138752K, 99% used [0x00000000e7800000,0x00000000eff06568,0x00000000eff80000)
  to   space 210944K, 0% used [0x00000000f3200000,0x00000000f3200000,0x0000000100000000)
 ParOldGen       total 762880K, used 500035K [0x0000000080000000, 0x00000000ae900000, 0x00000000d5580000)
  object space 762880K, 65% used [0x0000000080000000,0x000000009e850cd8,0x00000000ae900000)
 Metaspace       used 6626K, capacity 7320K, committed 7680K, reserved 1056768K
  class space    used 618K, capacity 656K, committed 768K, reserved 1048576K
}
Event: 24,978 GC heap before
{Heap before GC invocations=22 (full 4):
 PSYoungGen      total 436224K, used 435737K [0x00000000d5580000, 0x0000000100000000, 0x0000000100000000)
  eden space 297472K, 100% used [0x00000000d5580000,0x00000000e7800000,0x00000000e7800000)
  from space 138752K, 99% used [0x00000000e7800000,0x00000000eff06568,0x00000000eff80000)
  to   space 210944K, 0% used [0x00000000f3200000,0x00000000f3200000,0x0000000100000000)
 ParOldGen       total 762880K, used 500037K [0x0000000080000000, 0x00000000ae900000, 0x00000000d5580000)
  object space 762880K, 65% used [0x0000000080000000,0x000000009e8515c8,0x00000000ae900000)
 Metaspace       used 6626K, capacity 7320K, committed 7680K, reserved 1056768K
  class space    used 619K, capacity 656K, committed 768K, reserved 1048576K
Event: 25,171 GC heap after
Heap after GC invocations=22 (full 4):
 PSYoungGen      total 445952K, used 175678K [0x00000000d5580000, 0x0000000100000000, 0x0000000100000000)
  eden space 235008K, 0% used [0x00000000d5580000,0x00000000d5580000,0x00000000e3b00000)
  from space 210944K, 83% used [0x00000000f3200000,0x00000000fdd8f838,0x0000000100000000)
  to   space 231936K, 0% used [0x00000000e3b00000,0x00000000e3b00000,0x00000000f1d80000)
 ParOldGen       total 762880K, used 500037K [0x0000000080000000, 0x00000000ae900000, 0x00000000d5580000)
  object space 762880K, 65% used [0x0000000080000000,0x000000009e8515c8,0x00000000ae900000)
 Metaspace       used 6626K, capacity 7320K, committed 7680K, reserved 1056768K
  class space    used 619K, capacity 656K, committed 768K, reserved 1048576K
}
Event: 25,838 GC heap before
{Heap before GC invocations=23 (full 4):
 PSYoungGen      total 445952K, used 410686K [0x00000000d5580000, 0x0000000100000000, 0x0000000100000000)
  eden space 235008K, 100% used [0x00000000d5580000,0x00000000e3b00000,0x00000000e3b00000)
  from space 210944K, 83% used [0x00000000f3200000,0x00000000fdd8f838,0x0000000100000000)
  to   space 231936K, 0% used [0x00000000e3b00000,0x00000000e3b00000,0x00000000f1d80000)
 ParOldGen       total 762880K, used 500037K [0x0000000080000000, 0x00000000ae900000, 0x00000000d5580000)
  object space 762880K, 65% used [0x0000000080000000,0x000000009e8515c8,0x00000000ae900000)
 Metaspace       used 6627K, capacity 7320K, committed 7680K, reserved 1056768K
  class space    used 619K, capacity 656K, committed 768K, reserved 1048576K
Event: 26,127 GC heap after
Heap after GC invocations=23 (full 4):
 PSYoungGen      total 445952K, used 210579K [0x00000000d5580000, 0x0000000100000000, 0x0000000100000000)
  eden space 235008K, 0% used [0x00000000d5580000,0x00000000d5580000,0x00000000e3b00000)
  from space 210944K, 99% used [0x00000000e3b00000,0x00000000f08a4c80,0x00000000f0900000)
  to   space 232960K, 0% used [0x00000000f1c80000,0x00000000f1c80000,0x0000000100000000)
 ParOldGen       total 762880K, used 500037K [0x0000000080000000, 0x00000000ae900000, 0x00000000d5580000)
  object space 762880K, 65% used [0x0000000080000000,0x000000009e8515c8,0x00000000ae900000)
 Metaspace       used 6627K, capacity 7320K, committed 7680K, reserved 1056768K
  class space    used 619K, capacity 656K, committed 768K, reserved 1048576K
}
Event: 27,048 GC heap before
{Heap before GC invocations=24 (full 4):
 PSYoungGen      total 445952K, used 445587K [0x00000000d5580000, 0x0000000100000000, 0x0000000100000000)
  eden space 235008K, 100% used [0x00000000d5580000,0x00000000e3b00000,0x00000000e3b00000)
  from space 210944K, 99% used [0x00000000e3b00000,0x00000000f08a4c80,0x00000000f0900000)
  to   space 232960K, 0% used [0x00000000f1c80000,0x00000000f1c80000,0x0000000100000000)
 ParOldGen       total 762880K, used 500037K [0x0000000080000000, 0x00000000ae900000, 0x00000000d5580000)
  object space 762880K, 65% used [0x0000000080000000,0x000000009e8515c8,0x00000000ae900000)
 Metaspace       used 6717K, capacity 7384K, committed 7680K, reserved 1056768K
  class space    used 625K, capacity 656K, committed 768K, reserved 1048576K
Event: 27,452 GC heap after
Heap after GC invocations=24 (full 4):
 PSYoungGen      total 465920K, used 150687K [0x00000000d5580000, 0x0000000100000000, 0x0000000100000000)
  eden space 232960K, 0% used [0x00000000d5580000,0x00000000d5580000,0x00000000e3900000)
  from space 232960K, 64% used [0x00000000f1c80000,0x00000000fafa7e58,0x0000000100000000)
  to   space 232960K, 0% used [0x00000000e3900000,0x00000000e3900000,0x00000000f1c80000)
 ParOldGen       total 762880K, used 595744K [0x0000000080000000, 0x00000000ae900000, 0x00000000d5580000)
  object space 762880K, 78% used [0x0000000080000000,0x00000000a45c8238,0x00000000ae900000)
 Metaspace       used 6717K, capacity 7384K, committed 7680K, reserved 1056768K
  class space    used 625K, capacity 656K, committed 768K, reserved 1048576K
}
Event: 28,444 GC heap before
{Heap before GC invocations=25 (full 4):
 PSYoungGen      total 465920K, used 383647K [0x00000000d5580000, 0x0000000100000000, 0x0000000100000000)
  eden space 232960K, 100% used [0x00000000d5580000,0x00000000e3900000,0x00000000e3900000)
  from space 232960K, 64% used [0x00000000f1c80000,0x00000000fafa7e58,0x0000000100000000)
  to   space 232960K, 0% used [0x00000000e3900000,0x00000000e3900000,0x00000000f1c80000)
 ParOldGen       total 762880K, used 595744K [0x0000000080000000, 0x00000000ae900000, 0x00000000d5580000)
  object space 762880K, 78% used [0x0000000080000000,0x00000000a45c8238,0x00000000ae900000)
 Metaspace       used 6758K, capacity 7384K, committed 7680K, reserved 1056768K
  class space    used 627K, capacity 656K, committed 768K, reserved 1048576K
Event: 28,778 GC heap after
Heap after GC invocations=25 (full 4):
 PSYoungGen      total 465920K, used 108169K [0x00000000d5580000, 0x0000000100000000, 0x0000000100000000)
  eden space 232960K, 0% used [0x00000000d5580000,0x00000000d5580000,0x00000000e3900000)
  from space 232960K, 46% used [0x00000000e3900000,0x00000000ea2a2630,0x00000000f1c80000)
  to   space 232960K, 0% used [0x00000000f1c80000,0x00000000f1c80000,0x0000000100000000)
 ParOldGen       total 762880K, used 673961K [0x0000000080000000, 0x00000000ae900000, 0x00000000d5580000)
  object space 762880K, 88% used [0x0000000080000000,0x00000000a922a570,0x00000000ae900000)
 Metaspace       used 6758K, capacity 7384K, committed 7680K, reserved 1056768K
  class space    used 627K, capacity 656K, committed 768K, reserved 1048576K
}
Event: 28,778 GC heap before
{Heap before GC invocations=26 (full 5):
 PSYoungGen      total 465920K, used 108169K [0x00000000d5580000, 0x0000000100000000, 0x0000000100000000)
  eden space 232960K, 0% used [0x00000000d5580000,0x00000000d5580000,0x00000000e3900000)
  from space 232960K, 46% used [0x00000000e3900000,0x00000000ea2a2630,0x00000000f1c80000)
  to   space 232960K, 0% used [0x00000000f1c80000,0x00000000f1c80000,0x0000000100000000)
 ParOldGen       total 762880K, used 673961K [0x0000000080000000, 0x00000000ae900000, 0x00000000d5580000)
  object space 762880K, 88% used [0x0000000080000000,0x00000000a922a570,0x00000000ae900000)
 Metaspace       used 6758K, capacity 7384K, committed 7680K, reserved 1056768K
  class space    used 627K, capacity 656K, committed 768K, reserved 1048576K

Deoptimization events (10 events):
Event: 26,509 Thread 0x00007ff7281e9000 Uncommon trap: reason=class_check action=maybe_recompile pc=0x00007ff7191871e8 method=java.util.regex.Matcher.search(I)Z @ 86
Event: 26,564 Thread 0x00007ff7281e7800 Uncommon trap: reason=unloaded action=reinterpret pc=0x00007ff719bf6e04 method=com.android.dx.cf.code.ValueAwareMachine.run(Lcom/android/dx/cf/code/Frame;II)V @ 907
Event: 26,565 Thread 0x00007ff7281e7800 Uncommon trap: reason=unstable_if action=reinterpret pc=0x00007ff719dac234 method=com.android.dx.cf.code.RopperMachine.run(Lcom/android/dx/cf/code/Frame;II)V @ 743
Event: 26,566 Thread 0x00007ff7281e7800 Uncommon trap: reason=unstable_if action=reinterpret pc=0x00007ff719df53cc method=com.android.dx.cf.code.Merger.isPossiblyAssignableFrom(Lcom/android/dx/rop/type/TypeBearer;Lcom/android/dx/rop/type/TypeBearer;)Z @ 55
Event: 26,567 Thread 0x00007ff7281e7800 Uncommon trap: reason=unstable_if action=reinterpret pc=0x00007ff719c7c728 method=com.android.dx.cf.code.Ropper.doit()V @ 118
Event: 26,783 Thread 0x00007ff7281c7000 Uncommon trap: reason=class_check action=maybe_recompile pc=0x00007ff719473b7c method=java.util.Arrays.hashCode([Ljava/lang/Object;)I @ 43
Event: 26,783 Thread 0x00007ff7281c7000 Uncommon trap: reason=class_check action=maybe_recompile pc=0x00007ff719473b7c method=java.util.Arrays.hashCode([Ljava/lang/Object;)I @ 43
Event: 26,783 Thread 0x00007ff7281c7000 Uncommon trap: reason=class_check action=maybe_recompile pc=0x00007ff719473b7c method=java.util.Arrays.hashCode([Ljava/lang/Object;)I @ 43
Event: 26,783 Thread 0x00007ff7281c7000 Uncommon trap: reason=class_check action=maybe_recompile pc=0x00007ff719473b7c method=java.util.Arrays.hashCode([Ljava/lang/Object;)I @ 43
Event: 26,783 Thread 0x00007ff7281c7000 Uncommon trap: reason=class_check action=maybe_recompile pc=0x00007ff719462234 method=java.util.Arrays.hashCode([Ljava/lang/Object;)I @ 43

Internal exceptions (9 events):
Event: 0,020 Thread 0x00007ff72800a000 Exception <a 'java/lang/NoSuchMethodError': Method sun.misc.Unsafe.defineClass(Ljava/lang/String;[BII)Ljava/lang/Class; name or signature does not match> (0x00000000d5587cc0) thrown at [/HUDSON/workspace/8-2-build-linux-amd64/jdk8u72/5732/hotspot/src/shar
Event: 0,020 Thread 0x00007ff72800a000 Exception <a 'java/lang/NoSuchMethodError': Method sun.misc.Unsafe.prefetchRead(Ljava/lang/Object;J)V name or signature does not match> (0x00000000d5587fa8) thrown at [/HUDSON/workspace/8-2-build-linux-amd64/jdk8u72/5732/hotspot/src/share/vm/prims/jni.cpp
Event: 0,878 Thread 0x00007ff7281eb000 Implicit null exception at 0x00007ff71931c8cc to 0x00007ff71931efd5
Event: 1,006 Thread 0x00007ff7281e4000 Implicit null exception at 0x00007ff7193581ee to 0x00007ff71935a811
Event: 1,431 Thread 0x00007ff7281eb000 Exception <a 'java/lang/ArrayIndexOutOfBoundsException': 18> (0x00000000d8c91738) thrown at [/HUDSON/workspace/8-2-build-linux-amd64/jdk8u72/5732/hotspot/src/share/vm/interpreter/interpreterRuntime.cpp, line 366]
Event: 1,432 Thread 0x00007ff7281eb000 Exception <a 'java/lang/ArrayIndexOutOfBoundsException': 145> (0x00000000d8c932b8) thrown at [/HUDSON/workspace/8-2-build-linux-amd64/jdk8u72/5732/hotspot/src/share/vm/interpreter/interpreterRuntime.cpp, line 366]
Event: 1,433 Thread 0x00007ff7281eb000 Exception <a 'java/lang/ArrayIndexOutOfBoundsException': 40> (0x00000000d8c945a0) thrown at [/HUDSON/workspace/8-2-build-linux-amd64/jdk8u72/5732/hotspot/src/share/vm/interpreter/interpreterRuntime.cpp, line 366]
Event: 5,698 Thread 0x00007ff7281e9000 Implicit null exception at 0x00007ff7198cd875 to 0x00007ff7198cdb5d
Event: 20,115 Thread 0x00007ff7281eb000 Implicit null exception at 0x00007ff719c9c0aa to 0x00007ff719c9ced9

Events (10 events):
Event: 28,366 Thread 0x00007ff7281e4000 DEOPT UNPACKING pc=0x00007ff719047633 sp=0x00007ff70d91ce80 mode 0
Event: 28,367 Thread 0x00007ff7281e4000 DEOPT PACKING pc=0x00007ff71939d7b6 sp=0x00007ff70d91ce70
Event: 28,367 Thread 0x00007ff7281e4000 DEOPT UNPACKING pc=0x00007ff719047633 sp=0x00007ff70d91cc58 mode 0
Event: 28,404 Thread 0x00007ff7281e9000 DEOPT PACKING pc=0x00007ff71939d79f sp=0x00007ff70d619d20
Event: 28,404 Thread 0x00007ff7281e9000 DEOPT UNPACKING pc=0x00007ff719047633 sp=0x00007ff70d619b08 mode 0
Event: 28,420 Thread 0x00007ff7281e4000 DEOPT PACKING pc=0x00007ff71934f19a sp=0x00007ff70d91cf50
Event: 28,420 Thread 0x00007ff7281e4000 DEOPT UNPACKING pc=0x00007ff719047633 sp=0x00007ff70d91cd50 mode 0
Event: 28,440 Thread 0x00007ff72800a000 DEOPT PACKING pc=0x00007ff71981244b sp=0x00007ff72f78fc50
Event: 28,440 Thread 0x00007ff72800a000 DEOPT UNPACKING pc=0x00007ff719047633 sp=0x00007ff72f78fa80 mode 0
Event: 28,440 Executing VM operation: ParallelGCFailedAllocation


Dynamic libraries:
00400000-00401000 r-xp 00000000 08:03 554269                             /usr/lib/jvm/jdk1.8.0_72/bin/java
00600000-00601000 rw-p 00000000 08:03 554269                             /usr/lib/jvm/jdk1.8.0_72/bin/java
01f62000-01f83000 rw-p 00000000 00:00 0                                  [heap]
80000000-ae900000 rw-p 00000000 00:00 0 
c2380000-d5580000 ---p 00000000 00:00 0 
d5580000-100000000 rw-p 00000000 00:00 0 
100000000-1000c0000 rw-p 00000000 00:00 0 
1000c0000-140000000 ---p 00000000 00:00 0 
7ff6c0000000-7ff6c0037000 rw-p 00000000 00:00 0 
7ff6c0037000-7ff6c4000000 ---p 00000000 00:00 0 
7ff6c4000000-7ff6c4021000 rw-p 00000000 00:00 0 
7ff6c4021000-7ff6c8000000 ---p 00000000 00:00 0 
7ff6c8000000-7ff6c8033000 rw-p 00000000 00:00 0 
7ff6c8033000-7ff6cc000000 ---p 00000000 00:00 0 
7ff6cc000000-7ff6cc03c000 rw-p 00000000 00:00 0 
7ff6cc03c000-7ff6d0000000 ---p 00000000 00:00 0 
7ff6d0000000-7ff6d0045000 rw-p 00000000 00:00 0 
7ff6d0045000-7ff6d4000000 ---p 00000000 00:00 0 
7ff6d4000000-7ff6d4021000 rw-p 00000000 00:00 0 
7ff6d4021000-7ff6d8000000 ---p 00000000 00:00 0 
7ff6d8000000-7ff6d8021000 rw-p 00000000 00:00 0 
7ff6d8021000-7ff6dc000000 ---p 00000000 00:00 0 
7ff6dc000000-7ff6dc021000 rw-p 00000000 00:00 0 
7ff6dc021000-7ff6e0000000 ---p 00000000 00:00 0 
7ff6e0000000-7ff6e10d2000 rw-p 00000000 00:00 0 
7ff6e10d2000-7ff6e4000000 ---p 00000000 00:00 0 
7ff6e4000000-7ff6e498b000 rw-p 00000000 00:00 0 
7ff6e498b000-7ff6e8000000 ---p 00000000 00:00 0 
7ff6e8000000-7ff6e8021000 rw-p 00000000 00:00 0 
7ff6e8021000-7ff6ec000000 ---p 00000000 00:00 0 
7ff6ec000000-7ff6edbfd000 rw-p 00000000 00:00 0 
7ff6edbfd000-7ff6f0000000 ---p 00000000 00:00 0 
7ff6f0000000-7ff6f0021000 rw-p 00000000 00:00 0 
7ff6f0021000-7ff6f4000000 ---p 00000000 00:00 0 
7ff6f4000000-7ff6f4021000 rw-p 00000000 00:00 0 
7ff6f4021000-7ff6f8000000 ---p 00000000 00:00 0 
7ff6f8000000-7ff6f8021000 rw-p 00000000 00:00 0 
7ff6f8021000-7ff6fc000000 ---p 00000000 00:00 0 
7ff6fc000000-7ff6fc28f000 rw-p 00000000 00:00 0 
7ff6fc28f000-7ff700000000 ---p 00000000 00:00 0 
7ff700000000-7ff700021000 rw-p 00000000 00:00 0 
7ff700021000-7ff704000000 ---p 00000000 00:00 0 
7ff708000000-7ff708021000 rw-p 00000000 00:00 0 
7ff708021000-7ff70c000000 ---p 00000000 00:00 0 
7ff70d319000-7ff70d31c000 ---p 00000000 00:00 0 
7ff70d31c000-7ff70d41a000 rw-p 00000000 00:00 0 
7ff70d41a000-7ff70d41d000 ---p 00000000 00:00 0 
7ff70d41d000-7ff70d51b000 rw-p 00000000 00:00 0 
7ff70d51b000-7ff70d51e000 ---p 00000000 00:00 0 
7ff70d51e000-7ff70d61c000 rw-p 00000000 00:00 0 
7ff70d61c000-7ff70d61f000 ---p 00000000 00:00 0 
7ff70d61f000-7ff70d71d000 rw-p 00000000 00:00 0 
7ff70d71d000-7ff70d720000 ---p 00000000 00:00 0 
7ff70d720000-7ff70d81e000 rw-p 00000000 00:00 0 
7ff70d81e000-7ff70d821000 ---p 00000000 00:00 0 
7ff70d821000-7ff70d91f000 rw-p 00000000 00:00 0 
7ff70d91f000-7ff70da15000 r--s 00c21000 08:05 163471                     /home/longlv/code/UP_RDS/zalo-pay/zalopay-android/ZaloPay/app/build/intermediates/transforms/jarMerging/iapbeta/debug/jars/1/1f/combined.jar
7ff70da15000-7ff70da16000 ---p 00000000 00:00 0 
7ff70da16000-7ff70db16000 rw-p 00000000 00:00 0 
7ff70db16000-7ff70db19000 ---p 00000000 00:00 0 
7ff70db19000-7ff70dc17000 rw-p 00000000 00:00 0 
7ff70dc17000-7ff70dc1a000 ---p 00000000 00:00 0 
7ff70dc1a000-7ff70dd18000 rw-p 00000000 00:00 0 
7ff70dd18000-7ff70dd1b000 ---p 00000000 00:00 0 
7ff70dd1b000-7ff70de19000 rw-p 00000000 00:00 0 
7ff70de19000-7ff70de1c000 ---p 00000000 00:00 0 
7ff70de1c000-7ff70df1a000 rw-p 00000000 00:00 0 
7ff70df1a000-7ff70df1d000 ---p 00000000 00:00 0 
7ff70df1d000-7ff70e01b000 rw-p 00000000 00:00 0 
7ff70e01b000-7ff70e86d000 r--p 00000000 08:03 528332                     /usr/lib/locale/locale-archive
7ff70e86d000-7ff70e870000 ---p 00000000 00:00 0 
7ff70e870000-7ff70e96e000 rw-p 00000000 00:00 0 
7ff70e96e000-7ff70e971000 ---p 00000000 00:00 0 
7ff70e971000-7ff70ea6f000 rw-p 00000000 00:00 0 
7ff70ea6f000-7ff70ea70000 ---p 00000000 00:00 0 
7ff70ea70000-7ff70fec0000 rw-p 00000000 00:00 0 
7ff70fec0000-7ff710000000 ---p 00000000 00:00 0 
7ff710000000-7ff710021000 rw-p 00000000 00:00 0 
7ff710021000-7ff714000000 ---p 00000000 00:00 0 
7ff714000000-7ff714303000 rw-p 00000000 00:00 0 
7ff714303000-7ff7144db000 r--s 03d1d000 08:03 554374                     /usr/lib/jvm/jdk1.8.0_72/jre/lib/rt.jar
7ff7144db000-7ff718951000 rw-p 00000000 00:00 0 
7ff718951000-7ff718952000 ---p 00000000 00:00 0 
7ff718952000-7ff718a52000 rw-p 00000000 00:00 0 
7ff718a52000-7ff718a53000 ---p 00000000 00:00 0 
7ff718a53000-7ff718b53000 rw-p 00000000 00:00 0 
7ff718b53000-7ff718b54000 ---p 00000000 00:00 0 
7ff718b54000-7ff718c54000 rw-p 00000000 00:00 0 
7ff718c54000-7ff718c55000 ---p 00000000 00:00 0 
7ff718c55000-7ff718eca000 rw-p 00000000 00:00 0 
7ff718eca000-7ff719000000 ---p 00000000 00:00 0 
7ff719000000-7ff719e20000 rwxp 00000000 00:00 0 
7ff719e20000-7ff728000000 ---p 00000000 00:00 0 
7ff728000000-7ff72841d000 rw-p 00000000 00:00 0 
7ff72841d000-7ff72c000000 ---p 00000000 00:00 0 
7ff72c00d000-7ff72c1d1000 rw-p 00000000 00:00 0 
7ff72c1d1000-7ff72c306000 ---p 00000000 00:00 0 
7ff72c306000-7ff72c45c000 rw-p 00000000 00:00 0 
7ff72c45c000-7ff72c496000 rw-p 00000000 00:00 0 
7ff72c496000-7ff72c81d000 ---p 00000000 00:00 0 
7ff72c81d000-7ff72c837000 r-xp 00000000 08:03 554572                     /usr/lib/jvm/jdk1.8.0_72/jre/lib/amd64/libzip.so
7ff72c837000-7ff72ca37000 ---p 0001a000 08:03 554572                     /usr/lib/jvm/jdk1.8.0_72/jre/lib/amd64/libzip.so
7ff72ca37000-7ff72ca38000 rw-p 0001a000 08:03 554572                     /usr/lib/jvm/jdk1.8.0_72/jre/lib/amd64/libzip.so
7ff72ca38000-7ff72ca43000 r-xp 00000000 08:03 396797                     /lib/x86_64-linux-gnu/libnss_files-2.19.so
7ff72ca43000-7ff72cc42000 ---p 0000b000 08:03 396797                     /lib/x86_64-linux-gnu/libnss_files-2.19.so
7ff72cc42000-7ff72cc43000 r--p 0000a000 08:03 396797                     /lib/x86_64-linux-gnu/libnss_files-2.19.so
7ff72cc43000-7ff72cc44000 rw-p 0000b000 08:03 396797                     /lib/x86_64-linux-gnu/libnss_files-2.19.so
7ff72cc44000-7ff72cc4f000 r-xp 00000000 08:03 396664                     /lib/x86_64-linux-gnu/libnss_nis-2.19.so
7ff72cc4f000-7ff72ce4e000 ---p 0000b000 08:03 396664                     /lib/x86_64-linux-gnu/libnss_nis-2.19.so
7ff72ce4e000-7ff72ce4f000 r--p 0000a000 08:03 396664                     /lib/x86_64-linux-gnu/libnss_nis-2.19.so
7ff72ce4f000-7ff72ce50000 rw-p 0000b000 08:03 396664                     /lib/x86_64-linux-gnu/libnss_nis-2.19.so
7ff72ce50000-7ff72ce67000 r-xp 00000000 08:03 396606                     /lib/x86_64-linux-gnu/libnsl-2.19.so
7ff72ce67000-7ff72d066000 ---p 00017000 08:03 396606                     /lib/x86_64-linux-gnu/libnsl-2.19.so
7ff72d066000-7ff72d067000 r--p 00016000 08:03 396606                     /lib/x86_64-linux-gnu/libnsl-2.19.so
7ff72d067000-7ff72d068000 rw-p 00017000 08:03 396606                     /lib/x86_64-linux-gnu/libnsl-2.19.so
7ff72d068000-7ff72d06a000 rw-p 00000000 00:00 0 
7ff72d06a000-7ff72d073000 r-xp 00000000 08:03 396536                     /lib/x86_64-linux-gnu/libnss_compat-2.19.so
7ff72d073000-7ff72d272000 ---p 00009000 08:03 396536                     /lib/x86_64-linux-gnu/libnss_compat-2.19.so
7ff72d272000-7ff72d273000 r--p 00008000 08:03 396536                     /lib/x86_64-linux-gnu/libnss_compat-2.19.so
7ff72d273000-7ff72d274000 rw-p 00009000 08:03 396536                     /lib/x86_64-linux-gnu/libnss_compat-2.19.so
7ff72d274000-7ff72d29e000 r-xp 00000000 08:03 554583                     /usr/lib/jvm/jdk1.8.0_72/jre/lib/amd64/libjava.so
7ff72d29e000-7ff72d49e000 ---p 0002a000 08:03 554583                     /usr/lib/jvm/jdk1.8.0_72/jre/lib/amd64/libjava.so
7ff72d49e000-7ff72d4a0000 rw-p 0002a000 08:03 554583                     /usr/lib/jvm/jdk1.8.0_72/jre/lib/amd64/libjava.so
7ff72d4a0000-7ff72d4ad000 r-xp 00000000 08:03 554582                     /usr/lib/jvm/jdk1.8.0_72/jre/lib/amd64/libverify.so
7ff72d4ad000-7ff72d6ad000 ---p 0000d000 08:03 554582                     /usr/lib/jvm/jdk1.8.0_72/jre/lib/amd64/libverify.so
7ff72d6ad000-7ff72d6af000 rw-p 0000d000 08:03 554582                     /usr/lib/jvm/jdk1.8.0_72/jre/lib/amd64/libverify.so
7ff72d6af000-7ff72d6b6000 r-xp 00000000 08:03 396793                     /lib/x86_64-linux-gnu/librt-2.19.so
7ff72d6b6000-7ff72d8b5000 ---p 00007000 08:03 396793                     /lib/x86_64-linux-gnu/librt-2.19.so
7ff72d8b5000-7ff72d8b6000 r--p 00006000 08:03 396793                     /lib/x86_64-linux-gnu/librt-2.19.so
7ff72d8b6000-7ff72d8b7000 rw-p 00007000 08:03 396793                     /lib/x86_64-linux-gnu/librt-2.19.so
7ff72d8b7000-7ff72d9bc000 r-xp 00000000 08:03 396350                     /lib/x86_64-linux-gnu/libm-2.19.so
7ff72d9bc000-7ff72dbbb000 ---p 00105000 08:03 396350                     /lib/x86_64-linux-gnu/libm-2.19.so
7ff72dbbb000-7ff72dbbc000 r--p 00104000 08:03 396350                     /lib/x86_64-linux-gnu/libm-2.19.so
7ff72dbbc000-7ff72dbbd000 rw-p 00105000 08:03 396350                     /lib/x86_64-linux-gnu/libm-2.19.so
7ff72dbbd000-7ff72e87c000 r-xp 00000000 08:03 554615                     /usr/lib/jvm/jdk1.8.0_72/jre/lib/amd64/server/libjvm.so
7ff72e87c000-7ff72ea7b000 ---p 00cbf000 08:03 554615                     /usr/lib/jvm/jdk1.8.0_72/jre/lib/amd64/server/libjvm.so
7ff72ea7b000-7ff72eb54000 rw-p 00cbe000 08:03 554615                     /usr/lib/jvm/jdk1.8.0_72/jre/lib/amd64/server/libjvm.so
7ff72eb54000-7ff72eb9d000 rw-p 00000000 00:00 0 
7ff72eb9d000-7ff72ed58000 r-xp 00000000 08:03 396794                     /lib/x86_64-linux-gnu/libc-2.19.so
7ff72ed58000-7ff72ef57000 ---p 001bb000 08:03 396794                     /lib/x86_64-linux-gnu/libc-2.19.so
7ff72ef57000-7ff72ef5b000 r--p 001ba000 08:03 396794                     /lib/x86_64-linux-gnu/libc-2.19.so
7ff72ef5b000-7ff72ef5d000 rw-p 001be000 08:03 396794                     /lib/x86_64-linux-gnu/libc-2.19.so
7ff72ef5d000-7ff72ef62000 rw-p 00000000 00:00 0 
7ff72ef62000-7ff72ef65000 r-xp 00000000 08:03 396402                     /lib/x86_64-linux-gnu/libdl-2.19.so
7ff72ef65000-7ff72f164000 ---p 00003000 08:03 396402                     /lib/x86_64-linux-gnu/libdl-2.19.so
7ff72f164000-7ff72f165000 r--p 00002000 08:03 396402                     /lib/x86_64-linux-gnu/libdl-2.19.so
7ff72f165000-7ff72f166000 rw-p 00003000 08:03 396402                     /lib/x86_64-linux-gnu/libdl-2.19.so
7ff72f166000-7ff72f17b000 r-xp 00000000 08:03 554109                     /usr/lib/jvm/jdk1.8.0_72/lib/amd64/jli/libjli.so
7ff72f17b000-7ff72f37b000 ---p 00015000 08:03 554109                     /usr/lib/jvm/jdk1.8.0_72/lib/amd64/jli/libjli.so
7ff72f37b000-7ff72f37c000 rw-p 00015000 08:03 554109                     /usr/lib/jvm/jdk1.8.0_72/lib/amd64/jli/libjli.so
7ff72f37c000-7ff72f395000 r-xp 00000000 08:03 396607                     /lib/x86_64-linux-gnu/libpthread-2.19.so
7ff72f395000-7ff72f594000 ---p 00019000 08:03 396607                     /lib/x86_64-linux-gnu/libpthread-2.19.so
7ff72f594000-7ff72f595000 r--p 00018000 08:03 396607                     /lib/x86_64-linux-gnu/libpthread-2.19.so
7ff72f595000-7ff72f596000 rw-p 00019000 08:03 396607                     /lib/x86_64-linux-gnu/libpthread-2.19.so
7ff72f596000-7ff72f59a000 rw-p 00000000 00:00 0 
7ff72f59a000-7ff72f5bd000 r-xp 00000000 08:03 396641                     /lib/x86_64-linux-gnu/ld-2.19.so
7ff72f5c5000-7ff72f691000 rw-p 00000000 00:00 0 
7ff72f691000-7ff72f694000 ---p 00000000 00:00 0 
7ff72f694000-7ff72f796000 rw-p 00000000 00:00 0 
7ff72f7a0000-7ff72f7a1000 rw-p 00000000 00:00 0 
7ff72f7a1000-7ff72f7b0000 r--s 000df000 08:02 60852                      /media/DATA/Development/sdk/build-tools/23.0.3/lib/dx.jar
7ff72f7b0000-7ff72f7b8000 rw-s 00000000 08:03 819769                     /tmp/hsperfdata_longlv/15589
7ff72f7b8000-7ff72f7b9000 rw-p 00000000 00:00 0 
7ff72f7b9000-7ff72f7ba000 ---p 00000000 00:00 0 
7ff72f7ba000-7ff72f7bc000 rw-p 00000000 00:00 0 
7ff72f7bc000-7ff72f7bd000 r--p 00022000 08:03 396641                     /lib/x86_64-linux-gnu/ld-2.19.so
7ff72f7bd000-7ff72f7be000 rw-p 00023000 08:03 396641                     /lib/x86_64-linux-gnu/ld-2.19.so
7ff72f7be000-7ff72f7bf000 rw-p 00000000 00:00 0 
7ffcf5b1f000-7ffcf5b41000 rw-p 00000000 00:00 0                          [stack]
7ffcf5b9f000-7ffcf5ba1000 r--p 00000000 00:00 0                          [vvar]
7ffcf5ba1000-7ffcf5ba3000 r-xp 00000000 00:00 0                          [vdso]
ffffffffff600000-ffffffffff601000 r-xp 00000000 00:00 0                  [vsyscall]

VM Arguments:
jvm_args: -Djava.awt.headless=true -Xmx2g -Dfile.encoding=UTF-8 -Duser.country=US -Duser.language=en -Duser.variant 
java_command: com.android.dx.command.Main --dex --force-jumbo --num-threads=4 --multi-dex --main-dex-list /home/longlv/code/UP_RDS/zalo-pay/zalopay-android/ZaloPay/app/build/intermediates/multi-dex/iapbeta/debug/maindexlist.txt --output /home/longlv/code/UP_RDS/zalo-pay/zalopay-android/ZaloPay/app/build/intermediates/transforms/dex/iapbeta/debug/folders/1000/1f/main /home/longlv/code/UP_RDS/zalo-pay/zalopay-android/ZaloPay/app/build/intermediates/transforms/jarMerging/iapbeta/debug/jars/1/1f/combined.jar
java_class_path (initial): /zserver/sdk/build-tools/23.0.3/lib/dx.jar
Launcher Type: SUN_STANDARD

Environment Variables:
PATH=/usr/local/sbin:/usr/local/bin:/usr/sbin:/usr/bin:/sbin:/bin:/usr/games:/usr/local/games
LD_LIBRARY_PATH=/home/longlv/zserver/android-studio-v2/bin:
SHELL=/bin/bash
DISPLAY=:0

Signal Handlers:
SIGSEGV: [libjvm.so+0xabb070], sa_mask[0]=11111111011111111101111111111110, sa_flags=SA_RESTART|SA_SIGINFO
SIGBUS: [libjvm.so+0xabb070], sa_mask[0]=11111111011111111101111111111110, sa_flags=SA_RESTART|SA_SIGINFO
SIGFPE: [libjvm.so+0x918480], sa_mask[0]=11111111011111111101111111111110, sa_flags=SA_RESTART|SA_SIGINFO
SIGPIPE: [libjvm.so+0x918480], sa_mask[0]=11111111011111111101111111111110, sa_flags=SA_RESTART|SA_SIGINFO
SIGXFSZ: [libjvm.so+0x918480], sa_mask[0]=11111111011111111101111111111110, sa_flags=SA_RESTART|SA_SIGINFO
SIGILL: [libjvm.so+0x918480], sa_mask[0]=11111111011111111101111111111110, sa_flags=SA_RESTART|SA_SIGINFO
SIGUSR1: SIG_DFL, sa_mask[0]=00000000000000000000000000000000, sa_flags=none
SIGUSR2: [libjvm.so+0x919ab0], sa_mask[0]=00100000000000000000000000000000, sa_flags=SA_RESTART|SA_SIGINFO
SIGHUP: [libjvm.so+0x91aeb0], sa_mask[0]=11111111011111111101111111111110, sa_flags=SA_RESTART|SA_SIGINFO
SIGINT: [libjvm.so+0x91aeb0], sa_mask[0]=11111111011111111101111111111110, sa_flags=SA_RESTART|SA_SIGINFO
SIGTERM: [libjvm.so+0x91aeb0], sa_mask[0]=11111111011111111101111111111110, sa_flags=SA_RESTART|SA_SIGINFO
SIGQUIT: [libjvm.so+0x91aeb0], sa_mask[0]=11111111011111111101111111111110, sa_flags=SA_RESTART|SA_SIGINFO


---------------  S Y S T E M  ---------------

OS:DISTRIB_ID=Ubuntu
DISTRIB_RELEASE=14.04
DISTRIB_CODENAME=trusty
DISTRIB_DESCRIPTION="Ubuntu 14.04.4 LTS"

uname:Linux 3.19.0-59-generic #66~14.04.1-Ubuntu SMP Fri May 13 17:27:10 UTC 2016 x86_64
libc:glibc 2.19 NPTL 2.19 
rlimit: STACK 8192k, CORE 0k, NPROC 30660, NOFILE 4096, AS infinity
load average:4,02 2,01 1,62

/proc/meminfo:
MemTotal:        7870356 kB
MemFree:          180888 kB
MemAvailable:     228588 kB
Buffers:           19036 kB
Cached:           680276 kB
SwapCached:            0 kB
Active:          6975408 kB
Inactive:         474932 kB
Active(anon):    6848444 kB
Inactive(anon):   425308 kB
Active(file):     126964 kB
Inactive(file):    49624 kB
Unevictable:          64 kB
Mlocked:              64 kB
SwapTotal:             0 kB
SwapFree:              0 kB
Dirty:               828 kB
Writeback:             0 kB
AnonPages:       6751160 kB
Mapped:           239484 kB
Shmem:            522660 kB
Slab:             122556 kB
SReclaimable:      80108 kB
SUnreclaim:        42448 kB
KernelStack:       14768 kB
PageTables:        49604 kB
NFS_Unstable:          0 kB
Bounce:                0 kB
WritebackTmp:          0 kB
CommitLimit:     3935176 kB
Committed_AS:   12127416 kB
VmallocTotal:   34359738367 kB
VmallocUsed:      382448 kB
VmallocChunk:   34359264376 kB
HardwareCorrupted:     0 kB
AnonHugePages:   3459072 kB
CmaTotal:              0 kB
CmaFree:               0 kB
HugePages_Total:       0
HugePages_Free:        0
HugePages_Rsvd:        0
HugePages_Surp:        0
Hugepagesize:       2048 kB
DirectMap4k:      190484 kB
DirectMap2M:     7888896 kB


CPU:total 4 (2 cores per cpu, 2 threads per core) family 6 model 58 stepping 9, cmov, cx8, fxsr, mmx, sse, sse2, sse3, ssse3, sse4.1, sse4.2, popcnt, avx, aes, clmul, erms, ht, tsc, tscinvbit, tscinv

/proc/cpuinfo:
processor	: 0
vendor_id	: GenuineIntel
cpu family	: 6
model		: 58
model name	: Intel(R) Core(TM) i5-3320M CPU @ 2.60GHz
stepping	: 9
microcode	: 0x16
cpu MHz		: 3099.992
cache size	: 3072 KB
physical id	: 0
siblings	: 4
core id		: 0
cpu cores	: 2
apicid		: 0
initial apicid	: 0
fpu		: yes
fpu_exception	: yes
cpuid level	: 13
wp		: yes
flags		: fpu vme de pse tsc msr pae mce cx8 apic sep mtrr pge mca cmov pat pse36 clflush dts acpi mmx fxsr sse sse2 ss ht tm pbe syscall nx rdtscp lm constant_tsc arch_perfmon pebs bts rep_good nopl xtopology nonstop_tsc aperfmperf eagerfpu pni pclmulqdq dtes64 monitor ds_cpl vmx smx est tm2 ssse3 cx16 xtpr pdcm pcid sse4_1 sse4_2 x2apic popcnt tsc_deadline_timer aes xsave avx f16c rdrand lahf_lm ida arat epb pln pts dtherm tpr_shadow vnmi flexpriority ept vpid fsgsbase smep erms xsaveopt
bugs		:
bogomips	: 5188.08
clflush size	: 64
cache_alignment	: 64
address sizes	: 36 bits physical, 48 bits virtual
power management:

processor	: 1
vendor_id	: GenuineIntel
cpu family	: 6
model		: 58
model name	: Intel(R) Core(TM) i5-3320M CPU @ 2.60GHz
stepping	: 9
microcode	: 0x16
cpu MHz		: 3099.992
cache size	: 3072 KB
physical id	: 0
siblings	: 4
core id		: 0
cpu cores	: 2
apicid		: 1
initial apicid	: 1
fpu		: yes
fpu_exception	: yes
cpuid level	: 13
wp		: yes
flags		: fpu vme de pse tsc msr pae mce cx8 apic sep mtrr pge mca cmov pat pse36 clflush dts acpi mmx fxsr sse sse2 ss ht tm pbe syscall nx rdtscp lm constant_tsc arch_perfmon pebs bts rep_good nopl xtopology nonstop_tsc aperfmperf eagerfpu pni pclmulqdq dtes64 monitor ds_cpl vmx smx est tm2 ssse3 cx16 xtpr pdcm pcid sse4_1 sse4_2 x2apic popcnt tsc_deadline_timer aes xsave avx f16c rdrand lahf_lm ida arat epb pln pts dtherm tpr_shadow vnmi flexpriority ept vpid fsgsbase smep erms xsaveopt
bugs		:
bogomips	: 5188.08
clflush size	: 64
cache_alignment	: 64
address sizes	: 36 bits physical, 48 bits virtual
power management:

processor	: 2
vendor_id	: GenuineIntel
cpu family	: 6
model		: 58
model name	: Intel(R) Core(TM) i5-3320M CPU @ 2.60GHz
stepping	: 9
microcode	: 0x16
cpu MHz		: 3099.992
cache size	: 3072 KB
physical id	: 0
siblings	: 4
core id		: 1
cpu cores	: 2
apicid		: 2
initial apicid	: 2
fpu		: yes
fpu_exception	: yes
cpuid level	: 13
wp		: yes
flags		: fpu vme de pse tsc msr pae mce cx8 apic sep mtrr pge mca cmov pat pse36 clflush dts acpi mmx fxsr sse sse2 ss ht tm pbe syscall nx rdtscp lm constant_tsc arch_perfmon pebs bts rep_good nopl xtopology nonstop_tsc aperfmperf eagerfpu pni pclmulqdq dtes64 monitor ds_cpl vmx smx est tm2 ssse3 cx16 xtpr pdcm pcid sse4_1 sse4_2 x2apic popcnt tsc_deadline_timer aes xsave avx f16c rdrand lahf_lm ida arat epb pln pts dtherm tpr_shadow vnmi flexpriority ept vpid fsgsbase smep erms xsaveopt
bugs		:
bogomips	: 5188.08
clflush size	: 64
cache_alignment	: 64
address sizes	: 36 bits physical, 48 bits virtual
power management:

processor	: 3
vendor_id	: GenuineIntel
cpu family	: 6
model		: 58
model name	: Intel(R) Core(TM) i5-3320M CPU @ 2.60GHz
stepping	: 9
microcode	: 0x16
cpu MHz		: 3107.203
cache size	: 3072 KB
physical id	: 0
siblings	: 4
core id		: 1
cpu cores	: 2
apicid		: 3
initial apicid	: 3
fpu		: yes
fpu_exception	: yes
cpuid level	: 13
wp		: yes
flags		: fpu vme de pse tsc msr pae mce cx8 apic sep mtrr pge mca cmov pat pse36 clflush dts acpi mmx fxsr sse sse2 ss ht tm pbe syscall nx rdtscp lm constant_tsc arch_perfmon pebs bts rep_good nopl xtopology nonstop_tsc aperfmperf eagerfpu pni pclmulqdq dtes64 monitor ds_cpl vmx smx est tm2 ssse3 cx16 xtpr pdcm pcid sse4_1 sse4_2 x2apic popcnt tsc_deadline_timer aes xsave avx f16c rdrand lahf_lm ida arat epb pln pts dtherm tpr_shadow vnmi flexpriority ept vpid fsgsbase smep erms xsaveopt
bugs		:
bogomips	: 5188.08
clflush size	: 64
cache_alignment	: 64
address sizes	: 36 bits physical, 48 bits virtual
power management:



Memory: 4k page, physical 7870356k(180888k free), swap 0k(0k free)

vm_info: Java HotSpot(TM) 64-Bit Server VM (25.72-b15) for linux-amd64 JRE (1.8.0_72-b15), built on Dec 22 2015 22:00:07 by "java_re" with gcc 4.3.0 20080428 (Red Hat 4.3.0-8)

time: Fri May 20 18:52:47 2016
elapsed time: 34 seconds (0d 0h 0m 34s)

