#
# There is insufficient memory for the Java Runtime Environment to continue.
# Native memory allocation (mmap) failed to map 339738624 bytes for committing reserved memory.
# Possible reasons:
#   The system is out of physical RAM or swap space
#   In 32 bit mode, the process size limit was hit
# Possible solutions:
#   Reduce memory load on the system
#   Increase physical memory or swap space
#   Check if swap backing store is full
#   Use 64 bit Java on a 64 bit OS
#   Decrease Java heap size (-Xmx/-Xms)
#   Decrease number of Java threads
#   Decrease Java thread stack sizes (-Xss)
#   Set larger code cache with -XX:ReservedCodeCacheSize=
# This output file may be truncated or incomplete.
#
#  Out of Memory Error (os_linux.cpp:2627), pid=10302, tid=139707133105920
#
# JRE version: Java(TM) SE Runtime Environment (8.0_72-b15) (build 1.8.0_72-b15)
# Java VM: Java HotSpot(TM) 64-Bit Server VM (25.72-b15 mixed mode linux-amd64 compressed oops)
# Failed to write core dump. Core dumps have been disabled. To enable core dumping, try "ulimit -c unlimited" before starting Java again
#

---------------  T H R E A D  ---------------

Current thread (0x00007f102c078000):  VMThread [stack: 0x00007f1019fa9000,0x00007f101a0aa000] [id=10311]

Stack: [0x00007f1019fa9000,0x00007f101a0aa000],  sp=0x00007f101a0a8260,  free space=1020k
Native frames: (J=compiled Java code, j=interpreted, Vv=VM code, C=native code)
V  [libjvm.so+0xaba7ea]  VMError::report_and_die()+0x2ba
V  [libjvm.so+0x4f9e3b]  report_vm_out_of_memory(char const*, int, unsigned long, VMErrorType, char const*)+0x8b
V  [libjvm.so+0x91b613]  os::Linux::commit_memory_impl(char*, unsigned long, bool)+0x103
V  [libjvm.so+0x91bb69]  os::pd_commit_memory(char*, unsigned long, unsigned long, bool)+0x29
V  [libjvm.so+0x915e6a]  os::commit_memory(char*, unsigned long, unsigned long, bool)+0x2a
V  [libjvm.so+0x989543]  PSVirtualSpace::expand_by(unsigned long)+0x53
V  [libjvm.so+0x979e30]  PSOldGen::expand(unsigned long)+0x170
V  [libjvm.so+0x97a03b]  PSOldGen::resize(unsigned long)+0x1cb
V  [libjvm.so+0x981d11]  PSParallelCompact::invoke_no_policy(bool)+0x991
V  [libjvm.so+0x98766d]  PSScavenge::invoke()+0x1ad
V  [libjvm.so+0x93f300]  ParallelScavengeHeap::failed_mem_allocate(unsigned long)+0x70
V  [libjvm.so+0xabc207]  VM_ParallelGCFailedAllocation::doit()+0x97
V  [libjvm.so+0xac3c35]  VM_Operation::evaluate()+0x55
V  [libjvm.so+0xac200a]  VMThread::evaluate_operation(VM_Operation*)+0xba
V  [libjvm.so+0xac238e]  VMThread::loop()+0x1ce
V  [libjvm.so+0xac2800]  VMThread::run()+0x70
V  [libjvm.so+0x91d9d8]  java_start(Thread*)+0x108

VM_Operation (0x00007f1018a529e0): ParallelGCFailedAllocation, mode: safepoint, requested by thread 0x00007f102c1bb000


---------------  P R O C E S S  ---------------

Java Threads: ( => current thread )
  0x00007f102c14f800 JavaThread "pool-1-thread-1" [_thread_blocked, id=10331, stack(0x00007f1018853000,0x00007f1018954000)]
  0x00007f102c1bb000 JavaThread "pool-2-thread-4" [_thread_blocked, id=10324, stack(0x00007f1018954000,0x00007f1018a55000)]
  0x00007f102c1b9800 JavaThread "pool-2-thread-3" [_thread_blocked, id=10323, stack(0x00007f1018a55000,0x00007f1018b56000)]
  0x00007f102c1b7800 JavaThread "pool-2-thread-2" [_thread_blocked, id=10322, stack(0x00007f1018b56000,0x00007f1018c57000)]
  0x00007f102c1b6800 JavaThread "pool-3-thread-1" [_thread_blocked, id=10321, stack(0x00007f1018c57000,0x00007f1018d58000)]
  0x00007f102c1b4000 JavaThread "pool-2-thread-1" [_thread_blocked, id=10320, stack(0x00007f1018d58000,0x00007f1018e59000)]
  0x00007f102c0db800 JavaThread "Service Thread" daemon [_thread_blocked, id=10318, stack(0x00007f1019050000,0x00007f1019151000)]
  0x00007f102c0be800 JavaThread "C1 CompilerThread2" daemon [_thread_blocked, id=10317, stack(0x00007f1019151000,0x00007f1019252000)]
  0x00007f102c0bc800 JavaThread "C2 CompilerThread1" daemon [_thread_blocked, id=10316, stack(0x00007f1019252000,0x00007f1019353000)]
  0x00007f102c0b9800 JavaThread "C2 CompilerThread0" daemon [_thread_in_native, id=10315, stack(0x00007f1019353000,0x00007f1019454000)]
  0x00007f102c0b8000 JavaThread "Signal Dispatcher" daemon [_thread_blocked, id=10314, stack(0x00007f1019454000,0x00007f1019555000)]
  0x00007f102c084000 JavaThread "Finalizer" daemon [_thread_blocked, id=10313, stack(0x00007f1019da7000,0x00007f1019ea8000)]
  0x00007f102c07f800 JavaThread "Reference Handler" daemon [_thread_blocked, id=10312, stack(0x00007f1019ea8000,0x00007f1019fa9000)]
  0x00007f102c00a000 JavaThread "main" [_thread_blocked, id=10306, stack(0x00007f1032bbf000,0x00007f1032cc0000)]

Other Threads:
=>0x00007f102c078000 VMThread [stack: 0x00007f1019fa9000,0x00007f101a0aa000] [id=10311]
  0x00007f102c0de800 WatcherThread [stack: 0x00007f1018f4f000,0x00007f1019050000] [id=10319]

VM state:at safepoint (normal execution)

VM Mutex/Monitor currently owned by a thread:  ([mutex/lock_event])
[0x00007f102c005f80] ExpandHeap_lock - owner thread: 0x00007f102c078000
[0x00007f102c006600] Threads_lock - owner thread: 0x00007f102c078000
[0x00007f102c006b00] Heap_lock - owner thread: 0x00007f102c1bb000

Heap:
 PSYoungGen      total 465920K, used 3264K [0x00000000d5580000, 0x0000000100000000, 0x0000000100000000)
  eden space 232960K, 0% used [0x00000000d5580000,0x00000000d5580000,0x00000000e3900000)
  from space 232960K, 1% used [0x00000000e3900000,0x00000000e3c30058,0x00000000f1c80000)
  to   space 232960K, 0% used [0x00000000f1c80000,0x00000000f1c80000,0x0000000100000000)
 ParOldGen       total 776192K, used 775853K [0x0000000080000000, 0x00000000af600000, 0x00000000d5580000)
  object space 776192K, 99% used [0x0000000080000000,0x00000000af5ab428,0x00000000af600000)
 Metaspace       used 6765K, capacity 7448K, committed 7680K, reserved 1056768K
  class space    used 628K, capacity 656K, committed 768K, reserved 1048576K

Card table byte_map: [0x00007f101c418000,0x00007f101c819000] byte_map_base: 0x00007f101c018000

Marking Bits: (ParMarkBitMap*) 0x00007f10320a0100
 Begin Bits: [0x00007f1010000000, 0x00007f1012000000)
 End Bits:   [0x00007f1012000000, 0x00007f1014000000)

Polling page: 0x00007f1032ce7000

CodeCache: size=245760Kb used=11969Kb max_used=14812Kb free=233790Kb
 bounds [0x00007f101cbd9000, 0x00007f101da69000, 0x00007f102bbd9000]
 total_blobs=2701 nmethods=2432 adapters=182
 compilation: enabled

Compilation events (10 events):
Event: 27,024 Thread 0x00007f102c0bc800 nmethod 3098 0x00007f101ccd81d0 code [0x00007f101ccd8360, 0x00007f101ccd86c8]
Event: 27,024 Thread 0x00007f102c0bc800 3073       4       java.util.HashMap$HashIterator::nextNode (100 bytes)
Event: 27,029 Thread 0x00007f102c0bc800 nmethod 3073 0x00007f101ce5ea90 code [0x00007f101ce5ebe0, 0x00007f101ce5ee38]
Event: 27,029 Thread 0x00007f102c0bc800 3099       4       java.util.HashMap::put (13 bytes)
Event: 27,031 Thread 0x00007f102c0bc800 nmethod 3099 0x00007f101ce0b850 code [0x00007f101ce0b9a0, 0x00007f101ce0bac8]
Event: 27,031 Thread 0x00007f102c0bc800 2794       4       com.android.dx.util.ByteArray::<init> (81 bytes)
Event: 27,039 Thread 0x00007f102c0bc800 nmethod 2794 0x00007f101ce18d50 code [0x00007f101ce18ea0, 0x00007f101ce18fb8]
Event: 27,039 Thread 0x00007f102c0bc800 3100       4       com.android.dx.ssa.DeadCodeRemover::run (194 bytes)
Event: 27,041 Thread 0x00007f102c0be800 3101 %     3       com.android.dx.ssa.back.FirstFitLocalCombiningAllocator::findAnyFittingRange @ 25 (189 bytes)
Event: 27,042 Thread 0x00007f102c0be800 nmethod 3101% 0x00007f101ce776d0 code [0x00007f101ce778e0, 0x00007f101ce78378]

GC Heap History (10 events):
Event: 23,114 GC heap after
Heap after GC invocations=21 (full 4):
 PSYoungGen      total 446464K, used 131072K [0x00000000d5580000, 0x0000000100000000, 0x0000000100000000)
  eden space 314880K, 0% used [0x00000000d5580000,0x00000000d5580000,0x00000000e8900000)
  from space 131584K, 99% used [0x00000000e8900000,0x00000000f0900360,0x00000000f0980000)
  to   space 201216K, 0% used [0x00000000f3b80000,0x00000000f3b80000,0x0000000100000000)
 ParOldGen       total 776192K, used 505472K [0x0000000080000000, 0x00000000af600000, 0x00000000d5580000)
  object space 776192K, 65% used [0x0000000080000000,0x000000009eda03d8,0x00000000af600000)
 Metaspace       used 6635K, capacity 7320K, committed 7680K, reserved 1056768K
  class space    used 620K, capacity 656K, committed 768K, reserved 1048576K
}
Event: 23,875 GC heap before
{Heap before GC invocations=22 (full 4):
 PSYoungGen      total 446464K, used 445952K [0x00000000d5580000, 0x0000000100000000, 0x0000000100000000)
  eden space 314880K, 100% used [0x00000000d5580000,0x00000000e8900000,0x00000000e8900000)
  from space 131584K, 99% used [0x00000000e8900000,0x00000000f0900360,0x00000000f0980000)
  to   space 201216K, 0% used [0x00000000f3b80000,0x00000000f3b80000,0x0000000100000000)
 ParOldGen       total 776192K, used 505472K [0x0000000080000000, 0x00000000af600000, 0x00000000d5580000)
  object space 776192K, 65% used [0x0000000080000000,0x000000009eda03d8,0x00000000af600000)
 Metaspace       used 6635K, capacity 7320K, committed 7680K, reserved 1056768K
  class space    used 620K, capacity 656K, committed 768K, reserved 1048576K
Event: 24,079 GC heap after
Heap after GC invocations=22 (full 4):
 PSYoungGen      total 455680K, used 171316K [0x00000000d5580000, 0x0000000100000000, 0x0000000100000000)
  eden space 254464K, 0% used [0x00000000d5580000,0x00000000d5580000,0x00000000e4e00000)
  from space 201216K, 85% used [0x00000000f3b80000,0x00000000fe2cd140,0x0000000100000000)
  to   space 222208K, 0% used [0x00000000e4e00000,0x00000000e4e00000,0x00000000f2700000)
 ParOldGen       total 776192K, used 505472K [0x0000000080000000, 0x00000000af600000, 0x00000000d5580000)
  object space 776192K, 65% used [0x0000000080000000,0x000000009eda03d8,0x00000000af600000)
 Metaspace       used 6635K, capacity 7320K, committed 7680K, reserved 1056768K
  class space    used 620K, capacity 656K, committed 768K, reserved 1048576K
}
Event: 24,646 GC heap before
{Heap before GC invocations=23 (full 4):
 PSYoungGen      total 455680K, used 425780K [0x00000000d5580000, 0x0000000100000000, 0x0000000100000000)
  eden space 254464K, 100% used [0x00000000d5580000,0x00000000e4e00000,0x00000000e4e00000)
  from space 201216K, 85% used [0x00000000f3b80000,0x00000000fe2cd140,0x0000000100000000)
  to   space 222208K, 0% used [0x00000000e4e00000,0x00000000e4e00000,0x00000000f2700000)
 ParOldGen       total 776192K, used 505472K [0x0000000080000000, 0x00000000af600000, 0x00000000d5580000)
  object space 776192K, 65% used [0x0000000080000000,0x000000009eda03d8,0x00000000af600000)
 Metaspace       used 6636K, capacity 7320K, committed 7680K, reserved 1056768K
  class space    used 620K, capacity 656K, committed 768K, reserved 1048576K
Event: 24,920 GC heap after
Heap after GC invocations=23 (full 4):
 PSYoungGen      total 462848K, used 208272K [0x00000000d5580000, 0x0000000100000000, 0x0000000100000000)
  eden space 254464K, 0% used [0x00000000d5580000,0x00000000d5580000,0x00000000e4e00000)
  from space 208384K, 99% used [0x00000000e4e00000,0x00000000f1964078,0x00000000f1980000)
  to   space 232960K, 0% used [0x00000000f1c80000,0x00000000f1c80000,0x0000000100000000)
 ParOldGen       total 776192K, used 505472K [0x0000000080000000, 0x00000000af600000, 0x00000000d5580000)
  object space 776192K, 65% used [0x0000000080000000,0x000000009eda03d8,0x00000000af600000)
 Metaspace       used 6636K, capacity 7320K, committed 7680K, reserved 1056768K
  class space    used 620K, capacity 656K, committed 768K, reserved 1048576K
}
Event: 25,631 GC heap before
{Heap before GC invocations=24 (full 4):
 PSYoungGen      total 462848K, used 462736K [0x00000000d5580000, 0x0000000100000000, 0x0000000100000000)
  eden space 254464K, 100% used [0x00000000d5580000,0x00000000e4e00000,0x00000000e4e00000)
  from space 208384K, 99% used [0x00000000e4e00000,0x00000000f1964078,0x00000000f1980000)
  to   space 232960K, 0% used [0x00000000f1c80000,0x00000000f1c80000,0x0000000100000000)
 ParOldGen       total 776192K, used 505472K [0x0000000080000000, 0x00000000af600000, 0x00000000d5580000)
  object space 776192K, 65% used [0x0000000080000000,0x000000009eda03d8,0x00000000af600000)
 Metaspace       used 6737K, capacity 7384K, committed 7680K, reserved 1056768K
  class space    used 626K, capacity 656K, committed 768K, reserved 1048576K
Event: 26,094 GC heap after
Heap after GC invocations=24 (full 4):
 PSYoungGen      total 465920K, used 161634K [0x00000000d5580000, 0x0000000100000000, 0x0000000100000000)
  eden space 232960K, 0% used [0x00000000d5580000,0x00000000d5580000,0x00000000e3900000)
  from space 232960K, 69% used [0x00000000f1c80000,0x00000000fba588f8,0x0000000100000000)
  to   space 232960K, 0% used [0x00000000e3900000,0x00000000e3900000,0x00000000f1c80000)
 ParOldGen       total 776192K, used 590795K [0x0000000080000000, 0x00000000af600000, 0x00000000d5580000)
  object space 776192K, 76% used [0x0000000080000000,0x00000000a40f2d08,0x00000000af600000)
 Metaspace       used 6737K, capacity 7384K, committed 7680K, reserved 1056768K
  class space    used 626K, capacity 656K, committed 768K, reserved 1048576K
}
Event: 27,054 GC heap before
{Heap before GC invocations=25 (full 4):
 PSYoungGen      total 465920K, used 394594K [0x00000000d5580000, 0x0000000100000000, 0x0000000100000000)
  eden space 232960K, 100% used [0x00000000d5580000,0x00000000e3900000,0x00000000e3900000)
  from space 232960K, 69% used [0x00000000f1c80000,0x00000000fba588f8,0x0000000100000000)
  to   space 232960K, 0% used [0x00000000e3900000,0x00000000e3900000,0x00000000f1c80000)
 ParOldGen       total 776192K, used 590795K [0x0000000080000000, 0x00000000af600000, 0x00000000d5580000)
  object space 776192K, 76% used [0x0000000080000000,0x00000000a40f2d08,0x00000000af600000)
 Metaspace       used 6765K, capacity 7448K, committed 7680K, reserved 1056768K
  class space    used 628K, capacity 656K, committed 768K, reserved 1048576K
Event: 27,554 GC heap after
Heap after GC invocations=25 (full 4):
 PSYoungGen      total 465920K, used 113571K [0x00000000d5580000, 0x0000000100000000, 0x0000000100000000)
  eden space 232960K, 0% used [0x00000000d5580000,0x00000000d5580000,0x00000000e3900000)
  from space 232960K, 48% used [0x00000000e3900000,0x00000000ea7e8ed0,0x00000000f1c80000)
  to   space 232960K, 0% used [0x00000000f1c80000,0x00000000f1c80000,0x0000000100000000)
 ParOldGen       total 776192K, used 674744K [0x0000000080000000, 0x00000000af600000, 0x00000000d5580000)
  object space 776192K, 86% used [0x0000000080000000,0x00000000a92ee030,0x00000000af600000)
 Metaspace       used 6765K, capacity 7448K, committed 7680K, reserved 1056768K
  class space    used 628K, capacity 656K, committed 768K, reserved 1048576K
}
Event: 27,554 GC heap before
{Heap before GC invocations=26 (full 5):
 PSYoungGen      total 465920K, used 113571K [0x00000000d5580000, 0x0000000100000000, 0x0000000100000000)
  eden space 232960K, 0% used [0x00000000d5580000,0x00000000d5580000,0x00000000e3900000)
  from space 232960K, 48% used [0x00000000e3900000,0x00000000ea7e8ed0,0x00000000f1c80000)
  to   space 232960K, 0% used [0x00000000f1c80000,0x00000000f1c80000,0x0000000100000000)
 ParOldGen       total 776192K, used 674744K [0x0000000080000000, 0x00000000af600000, 0x00000000d5580000)
  object space 776192K, 86% used [0x0000000080000000,0x00000000a92ee030,0x00000000af600000)
 Metaspace       used 6765K, capacity 7448K, committed 7680K, reserved 1056768K
  class space    used 628K, capacity 656K, committed 768K, reserved 1048576K

Deoptimization events (10 events):
Event: 25,170 Thread 0x00007f102c1b4000 Uncommon trap: reason=unstable_if action=reinterpret pc=0x00007f101d90c158 method=com.android.dx.cf.code.Ropper.doit()V @ 118
Event: 25,315 Thread 0x00007f102c14f800 Uncommon trap: reason=class_check action=maybe_recompile pc=0x00007f101d70fc3c method=java.util.Arrays.hashCode([Ljava/lang/Object;)I @ 43
Event: 25,315 Thread 0x00007f102c14f800 Uncommon trap: reason=class_check action=maybe_recompile pc=0x00007f101d70fc3c method=java.util.Arrays.hashCode([Ljava/lang/Object;)I @ 43
Event: 25,315 Thread 0x00007f102c14f800 Uncommon trap: reason=class_check action=maybe_recompile pc=0x00007f101d70fc3c method=java.util.Arrays.hashCode([Ljava/lang/Object;)I @ 43
Event: 25,315 Thread 0x00007f102c14f800 Uncommon trap: reason=class_check action=maybe_recompile pc=0x00007f101d70fc3c method=java.util.Arrays.hashCode([Ljava/lang/Object;)I @ 43
Event: 25,315 Thread 0x00007f102c14f800 Uncommon trap: reason=class_check action=maybe_recompile pc=0x00007f101d1b0db4 method=java.util.Arrays.hashCode([Ljava/lang/Object;)I @ 43
Event: 25,624 Thread 0x00007f102c14f800 Uncommon trap: reason=bimorphic action=maybe_recompile pc=0x00007f101cdcba50 method=java.util.Arrays.hashCode([Ljava/lang/Object;)I @ 43
Event: 25,624 Thread 0x00007f102c14f800 Uncommon trap: reason=bimorphic action=maybe_recompile pc=0x00007f101cdcba50 method=java.util.Arrays.hashCode([Ljava/lang/Object;)I @ 43
Event: 25,624 Thread 0x00007f102c14f800 Uncommon trap: reason=bimorphic action=maybe_recompile pc=0x00007f101cdcba50 method=java.util.Arrays.hashCode([Ljava/lang/Object;)I @ 43
Event: 25,624 Thread 0x00007f102c14f800 Uncommon trap: reason=bimorphic action=maybe_recompile pc=0x00007f101cdcba50 method=java.util.Arrays.hashCode([Ljava/lang/Object;)I @ 43

Internal exceptions (7 events):
Event: 0,021 Thread 0x00007f102c00a000 Exception <a 'java/lang/NoSuchMethodError': Method sun.misc.Unsafe.defineClass(Ljava/lang/String;[BII)Ljava/lang/Class; name or signature does not match> (0x00000000d5587cc0) thrown at [/HUDSON/workspace/8-2-build-linux-amd64/jdk8u72/5732/hotspot/src/shar
Event: 0,021 Thread 0x00007f102c00a000 Exception <a 'java/lang/NoSuchMethodError': Method sun.misc.Unsafe.prefetchRead(Ljava/lang/Object;J)V name or signature does not match> (0x00000000d5587fa8) thrown at [/HUDSON/workspace/8-2-build-linux-amd64/jdk8u72/5732/hotspot/src/share/vm/prims/jni.cpp
Event: 1,144 Thread 0x00007f102c1b4000 Implicit null exception at 0x00007f101cf3890c to 0x00007f101cf3b045
Event: 1,480 Thread 0x00007f102c1b4000 Exception <a 'java/lang/ArrayIndexOutOfBoundsException': 18> (0x00000000d884e638) thrown at [/HUDSON/workspace/8-2-build-linux-amd64/jdk8u72/5732/hotspot/src/share/vm/interpreter/interpreterRuntime.cpp, line 366]
Event: 1,481 Thread 0x00007f102c1b4000 Exception <a 'java/lang/ArrayIndexOutOfBoundsException': 145> (0x00000000d88501b8) thrown at [/HUDSON/workspace/8-2-build-linux-amd64/jdk8u72/5732/hotspot/src/share/vm/interpreter/interpreterRuntime.cpp, line 366]
Event: 1,482 Thread 0x00007f102c1b4000 Exception <a 'java/lang/ArrayIndexOutOfBoundsException': 40> (0x00000000d88514a0) thrown at [/HUDSON/workspace/8-2-build-linux-amd64/jdk8u72/5732/hotspot/src/share/vm/interpreter/interpreterRuntime.cpp, line 366]
Event: 5,310 Thread 0x00007f102c1b7800 Implicit null exception at 0x00007f101d3ba1b3 to 0x00007f101d3ba471

Events (10 events):
Event: 26,217 loading class java/util/HashMap$KeySet done
Event: 26,217 loading class java/util/HashMap$KeyIterator
Event: 26,217 loading class java/util/HashMap$KeyIterator done
Event: 26,228 Thread 0x00007f102c14f800 DEOPT PACKING pc=0x00007f101ce8de58 sp=0x00007f10189520b0
Event: 26,228 Thread 0x00007f102c14f800 DEOPT UNPACKING pc=0x00007f101cc20633 sp=0x00007f1018951e88 mode 0
Event: 26,242 Thread 0x00007f102c14f800 DEOPT PACKING pc=0x00007f101cd32a74 sp=0x00007f1018952160
Event: 26,242 Thread 0x00007f102c14f800 DEOPT UNPACKING pc=0x00007f101cc20633 sp=0x00007f1018951f10 mode 0
Event: 26,249 loading class com/android/dx/dex/file/CatchStructs
Event: 26,249 loading class com/android/dx/dex/file/CatchStructs done
Event: 27,046 Executing VM operation: ParallelGCFailedAllocation


Dynamic libraries:
00400000-00401000 r-xp 00000000 08:03 554269                             /usr/lib/jvm/jdk1.8.0_72/bin/java
00600000-00601000 rw-p 00000000 08:03 554269                             /usr/lib/jvm/jdk1.8.0_72/bin/java
01995000-019b6000 rw-p 00000000 00:00 0                                  [heap]
80000000-af600000 rw-p 00000000 00:00 0 
c3a00000-d5580000 ---p 00000000 00:00 0 
d5580000-100000000 rw-p 00000000 00:00 0 
100000000-1000c0000 rw-p 00000000 00:00 0 
1000c0000-140000000 ---p 00000000 00:00 0 
7f0fbc000000-7f0fbc021000 rw-p 00000000 00:00 0 
7f0fbc021000-7f0fc0000000 ---p 00000000 00:00 0 
7f0fc4000000-7f0fc4030000 rw-p 00000000 00:00 0 
7f0fc4030000-7f0fc8000000 ---p 00000000 00:00 0 
7f0fc8000000-7f0fc802e000 rw-p 00000000 00:00 0 
7f0fc802e000-7f0fcc000000 ---p 00000000 00:00 0 
7f0fcc000000-7f0fcc021000 rw-p 00000000 00:00 0 
7f0fcc021000-7f0fd0000000 ---p 00000000 00:00 0 
7f0fd0000000-7f0fd0043000 rw-p 00000000 00:00 0 
7f0fd0043000-7f0fd4000000 ---p 00000000 00:00 0 
7f0fd4000000-7f0fd4021000 rw-p 00000000 00:00 0 
7f0fd4021000-7f0fd8000000 ---p 00000000 00:00 0 
7f0fd8000000-7f0fd8037000 rw-p 00000000 00:00 0 
7f0fd8037000-7f0fdc000000 ---p 00000000 00:00 0 
7f0fdc000000-7f0fdc8be000 rw-p 00000000 00:00 0 
7f0fdc8be000-7f0fe0000000 ---p 00000000 00:00 0 
7f0fe0000000-7f0fe0021000 rw-p 00000000 00:00 0 
7f0fe0021000-7f0fe4000000 ---p 00000000 00:00 0 
7f0fe4000000-7f0fe5a0e000 rw-p 00000000 00:00 0 
7f0fe5a0e000-7f0fe8000000 ---p 00000000 00:00 0 
7f0fe8000000-7f0fe99b0000 rw-p 00000000 00:00 0 
7f0fe99b0000-7f0fec000000 ---p 00000000 00:00 0 
7f0fec000000-7f0fec021000 rw-p 00000000 00:00 0 
7f0fec021000-7f0ff0000000 ---p 00000000 00:00 0 
7f0ff0000000-7f0ff0021000 rw-p 00000000 00:00 0 
7f0ff0021000-7f0ff4000000 ---p 00000000 00:00 0 
7f0ff4000000-7f0ff428d000 rw-p 00000000 00:00 0 
7f0ff428d000-7f0ff8000000 ---p 00000000 00:00 0 
7f0ff8000000-7f0ff8021000 rw-p 00000000 00:00 0 
7f0ff8021000-7f0ffc000000 ---p 00000000 00:00 0 
7f0ffc000000-7f0ffc021000 rw-p 00000000 00:00 0 
7f0ffc021000-7f1000000000 ---p 00000000 00:00 0 
7f1004000000-7f1004021000 rw-p 00000000 00:00 0 
7f1004021000-7f1008000000 ---p 00000000 00:00 0 
7f100c000000-7f100c021000 rw-p 00000000 00:00 0 
7f100c021000-7f1010000000 ---p 00000000 00:00 0 
7f1010000000-7f1014000000 rw-p 00000000 00:00 0 
7f1014000000-7f1014021000 rw-p 00000000 00:00 0 
7f1014021000-7f1018000000 ---p 00000000 00:00 0 
7f1018853000-7f1018856000 ---p 00000000 00:00 0 
7f1018856000-7f1018954000 rw-p 00000000 00:00 0 
7f1018954000-7f1018957000 ---p 00000000 00:00 0 
7f1018957000-7f1018a55000 rw-p 00000000 00:00 0 
7f1018a55000-7f1018a58000 ---p 00000000 00:00 0 
7f1018a58000-7f1018b56000 rw-p 00000000 00:00 0 
7f1018b56000-7f1018b59000 ---p 00000000 00:00 0 
7f1018b59000-7f1018c57000 rw-p 00000000 00:00 0 
7f1018c57000-7f1018c5a000 ---p 00000000 00:00 0 
7f1018c5a000-7f1018d58000 rw-p 00000000 00:00 0 
7f1018d58000-7f1018d5b000 ---p 00000000 00:00 0 
7f1018d5b000-7f1018e59000 rw-p 00000000 00:00 0 
7f1018e59000-7f1018f4f000 r--s 00c21000 08:05 158171                     /home/longlv/code/UP_RDS/zalo-pay/zalopay-android/ZaloPay/app/build/intermediates/transforms/jarMerging/iapbeta/debug/jars/1/1f/combined.jar
7f1018f4f000-7f1018f50000 ---p 00000000 00:00 0 
7f1018f50000-7f1019050000 rw-p 00000000 00:00 0 
7f1019050000-7f1019053000 ---p 00000000 00:00 0 
7f1019053000-7f1019151000 rw-p 00000000 00:00 0 
7f1019151000-7f1019154000 ---p 00000000 00:00 0 
7f1019154000-7f1019252000 rw-p 00000000 00:00 0 
7f1019252000-7f1019255000 ---p 00000000 00:00 0 
7f1019255000-7f1019353000 rw-p 00000000 00:00 0 
7f1019353000-7f1019356000 ---p 00000000 00:00 0 
7f1019356000-7f1019454000 rw-p 00000000 00:00 0 
7f1019454000-7f1019457000 ---p 00000000 00:00 0 
7f1019457000-7f1019555000 rw-p 00000000 00:00 0 
7f1019555000-7f1019da7000 r--p 00000000 08:03 528332                     /usr/lib/locale/locale-archive
7f1019da7000-7f1019daa000 ---p 00000000 00:00 0 
7f1019daa000-7f1019ea8000 rw-p 00000000 00:00 0 
7f1019ea8000-7f1019eab000 ---p 00000000 00:00 0 
7f1019eab000-7f1019fa9000 rw-p 00000000 00:00 0 
7f1019fa9000-7f1019faa000 ---p 00000000 00:00 0 
7f1019faa000-7f101b01c000 rw-p 00000000 00:00 0 
7f101b01c000-7f101b1f4000 r--s 03d1d000 08:03 554374                     /usr/lib/jvm/jdk1.8.0_72/jre/lib/rt.jar
7f101b1f4000-7f101b92a000 rw-p 00000000 00:00 0 
7f101b92a000-7f101ba6a000 ---p 00000000 00:00 0 
7f101ba6a000-7f101be6a000 rw-p 00000000 00:00 0 
7f101be6a000-7f101be6b000 ---p 00000000 00:00 0 
7f101be6b000-7f101bf6b000 rw-p 00000000 00:00 0 
7f101bf6b000-7f101bf6c000 ---p 00000000 00:00 0 
7f101bf6c000-7f101c06c000 rw-p 00000000 00:00 0 
7f101c06c000-7f101c06d000 ---p 00000000 00:00 0 
7f101c06d000-7f101c2e8000 rw-p 00000000 00:00 0 
7f101c2e8000-7f101c418000 ---p 00000000 00:00 0 
7f101c418000-7f101c593000 rw-p 00000000 00:00 0 
7f101c593000-7f101c6c2000 ---p 00000000 00:00 0 
7f101c6c2000-7f101c818000 rw-p 00000000 00:00 0 
7f101c818000-7f101c854000 rw-p 00000000 00:00 0 
7f101c854000-7f101cbd9000 ---p 00000000 00:00 0 
7f101cbd9000-7f101da69000 rwxp 00000000 00:00 0 
7f101da69000-7f102bbd9000 ---p 00000000 00:00 0 
7f102bbd9000-7f102bbf3000 r-xp 00000000 08:03 554572                     /usr/lib/jvm/jdk1.8.0_72/jre/lib/amd64/libzip.so
7f102bbf3000-7f102bdf3000 ---p 0001a000 08:03 554572                     /usr/lib/jvm/jdk1.8.0_72/jre/lib/amd64/libzip.so
7f102bdf3000-7f102bdf4000 rw-p 0001a000 08:03 554572                     /usr/lib/jvm/jdk1.8.0_72/jre/lib/amd64/libzip.so
7f102bdf4000-7f102bdff000 r-xp 00000000 08:03 396797                     /lib/x86_64-linux-gnu/libnss_files-2.19.so
7f102bdff000-7f102bffe000 ---p 0000b000 08:03 396797                     /lib/x86_64-linux-gnu/libnss_files-2.19.so
7f102bffe000-7f102bfff000 r--p 0000a000 08:03 396797                     /lib/x86_64-linux-gnu/libnss_files-2.19.so
7f102bfff000-7f102c000000 rw-p 0000b000 08:03 396797                     /lib/x86_64-linux-gnu/libnss_files-2.19.so
7f102c000000-7f102c3e7000 rw-p 00000000 00:00 0 
7f102c3e7000-7f1030000000 ---p 00000000 00:00 0 
7f1030001000-7f1030071000 rw-p 00000000 00:00 0 
7f1030071000-7f1030072000 ---p 00000000 00:00 0 
7f1030072000-7f1030172000 rw-p 00000000 00:00 0 
7f1030172000-7f103017d000 r-xp 00000000 08:03 396664                     /lib/x86_64-linux-gnu/libnss_nis-2.19.so
7f103017d000-7f103037c000 ---p 0000b000 08:03 396664                     /lib/x86_64-linux-gnu/libnss_nis-2.19.so
7f103037c000-7f103037d000 r--p 0000a000 08:03 396664                     /lib/x86_64-linux-gnu/libnss_nis-2.19.so
7f103037d000-7f103037e000 rw-p 0000b000 08:03 396664                     /lib/x86_64-linux-gnu/libnss_nis-2.19.so
7f103037e000-7f1030395000 r-xp 00000000 08:03 396606                     /lib/x86_64-linux-gnu/libnsl-2.19.so
7f1030395000-7f1030594000 ---p 00017000 08:03 396606                     /lib/x86_64-linux-gnu/libnsl-2.19.so
7f1030594000-7f1030595000 r--p 00016000 08:03 396606                     /lib/x86_64-linux-gnu/libnsl-2.19.so
7f1030595000-7f1030596000 rw-p 00017000 08:03 396606                     /lib/x86_64-linux-gnu/libnsl-2.19.so
7f1030596000-7f1030598000 rw-p 00000000 00:00 0 
7f1030598000-7f10305a1000 r-xp 00000000 08:03 396536                     /lib/x86_64-linux-gnu/libnss_compat-2.19.so
7f10305a1000-7f10307a0000 ---p 00009000 08:03 396536                     /lib/x86_64-linux-gnu/libnss_compat-2.19.so
7f10307a0000-7f10307a1000 r--p 00008000 08:03 396536                     /lib/x86_64-linux-gnu/libnss_compat-2.19.so
7f10307a1000-7f10307a2000 rw-p 00009000 08:03 396536                     /lib/x86_64-linux-gnu/libnss_compat-2.19.so
7f10307a2000-7f10307cc000 r-xp 00000000 08:03 554583                     /usr/lib/jvm/jdk1.8.0_72/jre/lib/amd64/libjava.so
7f10307cc000-7f10309cc000 ---p 0002a000 08:03 554583                     /usr/lib/jvm/jdk1.8.0_72/jre/lib/amd64/libjava.so
7f10309cc000-7f10309ce000 rw-p 0002a000 08:03 554583                     /usr/lib/jvm/jdk1.8.0_72/jre/lib/amd64/libjava.so
7f10309ce000-7f10309db000 r-xp 00000000 08:03 554582                     /usr/lib/jvm/jdk1.8.0_72/jre/lib/amd64/libverify.so
7f10309db000-7f1030bdb000 ---p 0000d000 08:03 554582                     /usr/lib/jvm/jdk1.8.0_72/jre/lib/amd64/libverify.so
7f1030bdb000-7f1030bdd000 rw-p 0000d000 08:03 554582                     /usr/lib/jvm/jdk1.8.0_72/jre/lib/amd64/libverify.so
7f1030bdd000-7f1030be4000 r-xp 00000000 08:03 396793                     /lib/x86_64-linux-gnu/librt-2.19.so
7f1030be4000-7f1030de3000 ---p 00007000 08:03 396793                     /lib/x86_64-linux-gnu/librt-2.19.so
7f1030de3000-7f1030de4000 r--p 00006000 08:03 396793                     /lib/x86_64-linux-gnu/librt-2.19.so
7f1030de4000-7f1030de5000 rw-p 00007000 08:03 396793                     /lib/x86_64-linux-gnu/librt-2.19.so
7f1030de5000-7f1030eea000 r-xp 00000000 08:03 396350                     /lib/x86_64-linux-gnu/libm-2.19.so
7f1030eea000-7f10310e9000 ---p 00105000 08:03 396350                     /lib/x86_64-linux-gnu/libm-2.19.so
7f10310e9000-7f10310ea000 r--p 00104000 08:03 396350                     /lib/x86_64-linux-gnu/libm-2.19.so
7f10310ea000-7f10310eb000 rw-p 00105000 08:03 396350                     /lib/x86_64-linux-gnu/libm-2.19.so
7f10310eb000-7f1031daa000 r-xp 00000000 08:03 554615                     /usr/lib/jvm/jdk1.8.0_72/jre/lib/amd64/server/libjvm.so
7f1031daa000-7f1031fa9000 ---p 00cbf000 08:03 554615                     /usr/lib/jvm/jdk1.8.0_72/jre/lib/amd64/server/libjvm.so
7f1031fa9000-7f1032082000 rw-p 00cbe000 08:03 554615                     /usr/lib/jvm/jdk1.8.0_72/jre/lib/amd64/server/libjvm.so
7f1032082000-7f10320cb000 rw-p 00000000 00:00 0 
7f10320cb000-7f1032286000 r-xp 00000000 08:03 396794                     /lib/x86_64-linux-gnu/libc-2.19.so
7f1032286000-7f1032485000 ---p 001bb000 08:03 396794                     /lib/x86_64-linux-gnu/libc-2.19.so
7f1032485000-7f1032489000 r--p 001ba000 08:03 396794                     /lib/x86_64-linux-gnu/libc-2.19.so
7f1032489000-7f103248b000 rw-p 001be000 08:03 396794                     /lib/x86_64-linux-gnu/libc-2.19.so
7f103248b000-7f1032490000 rw-p 00000000 00:00 0 
7f1032490000-7f1032493000 r-xp 00000000 08:03 396402                     /lib/x86_64-linux-gnu/libdl-2.19.so
7f1032493000-7f1032692000 ---p 00003000 08:03 396402                     /lib/x86_64-linux-gnu/libdl-2.19.so
7f1032692000-7f1032693000 r--p 00002000 08:03 396402                     /lib/x86_64-linux-gnu/libdl-2.19.so
7f1032693000-7f1032694000 rw-p 00003000 08:03 396402                     /lib/x86_64-linux-gnu/libdl-2.19.so
7f1032694000-7f10326a9000 r-xp 00000000 08:03 554109                     /usr/lib/jvm/jdk1.8.0_72/lib/amd64/jli/libjli.so
7f10326a9000-7f10328a9000 ---p 00015000 08:03 554109                     /usr/lib/jvm/jdk1.8.0_72/lib/amd64/jli/libjli.so
7f10328a9000-7f10328aa000 rw-p 00015000 08:03 554109                     /usr/lib/jvm/jdk1.8.0_72/lib/amd64/jli/libjli.so
7f10328aa000-7f10328c3000 r-xp 00000000 08:03 396607                     /lib/x86_64-linux-gnu/libpthread-2.19.so
7f10328c3000-7f1032ac2000 ---p 00019000 08:03 396607                     /lib/x86_64-linux-gnu/libpthread-2.19.so
7f1032ac2000-7f1032ac3000 r--p 00018000 08:03 396607                     /lib/x86_64-linux-gnu/libpthread-2.19.so
7f1032ac3000-7f1032ac4000 rw-p 00019000 08:03 396607                     /lib/x86_64-linux-gnu/libpthread-2.19.so
7f1032ac4000-7f1032ac8000 rw-p 00000000 00:00 0 
7f1032ac8000-7f1032aeb000 r-xp 00000000 08:03 396641                     /lib/x86_64-linux-gnu/ld-2.19.so
7f1032af3000-7f1032bbf000 rw-p 00000000 00:00 0 
7f1032bbf000-7f1032bc2000 ---p 00000000 00:00 0 
7f1032bc2000-7f1032cc4000 rw-p 00000000 00:00 0 
7f1032cce000-7f1032ccf000 rw-p 00000000 00:00 0 
7f1032ccf000-7f1032cde000 r--s 000df000 08:02 60852                      /media/DATA/Development/sdk/build-tools/23.0.3/lib/dx.jar
7f1032cde000-7f1032ce6000 rw-s 00000000 08:03 819761                     /tmp/hsperfdata_longlv/10302
7f1032ce6000-7f1032ce7000 rw-p 00000000 00:00 0 
7f1032ce7000-7f1032ce8000 ---p 00000000 00:00 0 
7f1032ce8000-7f1032cea000 rw-p 00000000 00:00 0 
7f1032cea000-7f1032ceb000 r--p 00022000 08:03 396641                     /lib/x86_64-linux-gnu/ld-2.19.so
7f1032ceb000-7f1032cec000 rw-p 00023000 08:03 396641                     /lib/x86_64-linux-gnu/ld-2.19.so
7f1032cec000-7f1032ced000 rw-p 00000000 00:00 0 
7ffd95a54000-7ffd95a76000 rw-p 00000000 00:00 0                          [stack]
7ffd95b01000-7ffd95b03000 r--p 00000000 00:00 0                          [vvar]
7ffd95b03000-7ffd95b05000 r-xp 00000000 00:00 0                          [vdso]
ffffffffff600000-ffffffffff601000 r-xp 00000000 00:00 0                  [vsyscall]

VM Arguments:
jvm_args: -Djava.awt.headless=true -Xmx2g -Dfile.encoding=UTF-8 -Duser.country=US -Duser.language=en -Duser.variant 
java_command: com.android.dx.command.Main --dex --force-jumbo --num-threads=4 --multi-dex --main-dex-list /home/longlv/code/UP_RDS/zalo-pay/zalopay-android/ZaloPay/app/build/intermediates/multi-dex/iapbeta/debug/maindexlist.txt --output /home/longlv/code/UP_RDS/zalo-pay/zalopay-android/ZaloPay/app/build/intermediates/transforms/dex/iapbeta/debug/folders/1000/1f/main /home/longlv/code/UP_RDS/zalo-pay/zalopay-android/ZaloPay/app/build/intermediates/transforms/jarMerging/iapbeta/debug/jars/1/1f/combined.jar
java_class_path (initial): /zserver/sdk/build-tools/23.0.3/lib/dx.jar
Launcher Type: SUN_STANDARD

Environment Variables:
PATH=/usr/local/sbin:/usr/local/bin:/usr/sbin:/usr/bin:/sbin:/bin:/usr/games:/usr/local/games
LD_LIBRARY_PATH=/home/longlv/zserver/android-studio-v2/bin:
SHELL=/bin/bash
DISPLAY=:0

Signal Handlers:
SIGSEGV: [libjvm.so+0xabb070], sa_mask[0]=11111111011111111101111111111110, sa_flags=SA_RESTART|SA_SIGINFO
SIGBUS: [libjvm.so+0xabb070], sa_mask[0]=11111111011111111101111111111110, sa_flags=SA_RESTART|SA_SIGINFO
SIGFPE: [libjvm.so+0x918480], sa_mask[0]=11111111011111111101111111111110, sa_flags=SA_RESTART|SA_SIGINFO
SIGPIPE: [libjvm.so+0x918480], sa_mask[0]=11111111011111111101111111111110, sa_flags=SA_RESTART|SA_SIGINFO
SIGXFSZ: [libjvm.so+0x918480], sa_mask[0]=11111111011111111101111111111110, sa_flags=SA_RESTART|SA_SIGINFO
SIGILL: [libjvm.so+0x918480], sa_mask[0]=11111111011111111101111111111110, sa_flags=SA_RESTART|SA_SIGINFO
SIGUSR1: SIG_DFL, sa_mask[0]=00000000000000000000000000000000, sa_flags=none
SIGUSR2: [libjvm.so+0x919ab0], sa_mask[0]=00100000000000000000000000000000, sa_flags=SA_RESTART|SA_SIGINFO
SIGHUP: [libjvm.so+0x91aeb0], sa_mask[0]=11111111011111111101111111111110, sa_flags=SA_RESTART|SA_SIGINFO
SIGINT: [libjvm.so+0x91aeb0], sa_mask[0]=11111111011111111101111111111110, sa_flags=SA_RESTART|SA_SIGINFO
SIGTERM: [libjvm.so+0x91aeb0], sa_mask[0]=11111111011111111101111111111110, sa_flags=SA_RESTART|SA_SIGINFO
SIGQUIT: [libjvm.so+0x91aeb0], sa_mask[0]=11111111011111111101111111111110, sa_flags=SA_RESTART|SA_SIGINFO


---------------  S Y S T E M  ---------------

OS:DISTRIB_ID=Ubuntu
DISTRIB_RELEASE=14.04
DISTRIB_CODENAME=trusty
DISTRIB_DESCRIPTION="Ubuntu 14.04.4 LTS"

uname:Linux 3.19.0-59-generic #66~14.04.1-Ubuntu SMP Fri May 13 17:27:10 UTC 2016 x86_64
libc:glibc 2.19 NPTL 2.19 
rlimit: STACK 8192k, CORE 0k, NPROC 30660, NOFILE 4096, AS infinity
load average:2,54 1,29 1,29

/proc/meminfo:
MemTotal:        7870356 kB
MemFree:          124768 kB
MemAvailable:     184012 kB
Buffers:           17008 kB
Cached:           700560 kB
SwapCached:            0 kB
Active:          6977076 kB
Inactive:         539172 kB
Active(anon):    6871784 kB
Inactive(anon):   454280 kB
Active(file):     105292 kB
Inactive(file):    84892 kB
Unevictable:          64 kB
Mlocked:              64 kB
SwapTotal:             0 kB
SwapFree:              0 kB
Dirty:              1128 kB
Writeback:             0 kB
AnonPages:       6798824 kB
Mapped:           258572 kB
Shmem:            527332 kB
Slab:             116780 kB
SReclaimable:      76008 kB
SUnreclaim:        40772 kB
KernelStack:       12608 kB
PageTables:        48340 kB
NFS_Unstable:          0 kB
Bounce:                0 kB
WritebackTmp:          0 kB
CommitLimit:     3935176 kB
Committed_AS:   11650448 kB
VmallocTotal:   34359738367 kB
VmallocUsed:      382448 kB
VmallocChunk:   34359287656 kB
HardwareCorrupted:     0 kB
AnonHugePages:   4575232 kB
CmaTotal:              0 kB
CmaFree:               0 kB
HugePages_Total:       0
HugePages_Free:        0
HugePages_Rsvd:        0
HugePages_Surp:        0
Hugepagesize:       2048 kB
DirectMap4k:      198676 kB
DirectMap2M:     7880704 kB


CPU:total 4 (2 cores per cpu, 2 threads per core) family 6 model 58 stepping 9, cmov, cx8, fxsr, mmx, sse, sse2, sse3, ssse3, sse4.1, sse4.2, popcnt, avx, aes, clmul, erms, ht, tsc, tscinvbit, tscinv

/proc/cpuinfo:
processor	: 0
vendor_id	: GenuineIntel
cpu family	: 6
model		: 58
model name	: Intel(R) Core(TM) i5-3320M CPU @ 2.60GHz
stepping	: 9
microcode	: 0x16
cpu MHz		: 3128.632
cache size	: 3072 KB
physical id	: 0
siblings	: 4
core id		: 0
cpu cores	: 2
apicid		: 0
initial apicid	: 0
fpu		: yes
fpu_exception	: yes
cpuid level	: 13
wp		: yes
flags		: fpu vme de pse tsc msr pae mce cx8 apic sep mtrr pge mca cmov pat pse36 clflush dts acpi mmx fxsr sse sse2 ss ht tm pbe syscall nx rdtscp lm constant_tsc arch_perfmon pebs bts rep_good nopl xtopology nonstop_tsc aperfmperf eagerfpu pni pclmulqdq dtes64 monitor ds_cpl vmx smx est tm2 ssse3 cx16 xtpr pdcm pcid sse4_1 sse4_2 x2apic popcnt tsc_deadline_timer aes xsave avx f16c rdrand lahf_lm ida arat epb pln pts dtherm tpr_shadow vnmi flexpriority ept vpid fsgsbase smep erms xsaveopt
bugs		:
bogomips	: 5188.01
clflush size	: 64
cache_alignment	: 64
address sizes	: 36 bits physical, 48 bits virtual
power management:

processor	: 1
vendor_id	: GenuineIntel
cpu family	: 6
model		: 58
model name	: Intel(R) Core(TM) i5-3320M CPU @ 2.60GHz
stepping	: 9
microcode	: 0x16
cpu MHz		: 3159.304
cache size	: 3072 KB
physical id	: 0
siblings	: 4
core id		: 0
cpu cores	: 2
apicid		: 1
initial apicid	: 1
fpu		: yes
fpu_exception	: yes
cpuid level	: 13
wp		: yes
flags		: fpu vme de pse tsc msr pae mce cx8 apic sep mtrr pge mca cmov pat pse36 clflush dts acpi mmx fxsr sse sse2 ss ht tm pbe syscall nx rdtscp lm constant_tsc arch_perfmon pebs bts rep_good nopl xtopology nonstop_tsc aperfmperf eagerfpu pni pclmulqdq dtes64 monitor ds_cpl vmx smx est tm2 ssse3 cx16 xtpr pdcm pcid sse4_1 sse4_2 x2apic popcnt tsc_deadline_timer aes xsave avx f16c rdrand lahf_lm ida arat epb pln pts dtherm tpr_shadow vnmi flexpriority ept vpid fsgsbase smep erms xsaveopt
bugs		:
bogomips	: 5188.01
clflush size	: 64
cache_alignment	: 64
address sizes	: 36 bits physical, 48 bits virtual
power management:

processor	: 2
vendor_id	: GenuineIntel
cpu family	: 6
model		: 58
model name	: Intel(R) Core(TM) i5-3320M CPU @ 2.60GHz
stepping	: 9
microcode	: 0x16
cpu MHz		: 3099.992
cache size	: 3072 KB
physical id	: 0
siblings	: 4
core id		: 1
cpu cores	: 2
apicid		: 2
initial apicid	: 2
fpu		: yes
fpu_exception	: yes
cpuid level	: 13
wp		: yes
flags		: fpu vme de pse tsc msr pae mce cx8 apic sep mtrr pge mca cmov pat pse36 clflush dts acpi mmx fxsr sse sse2 ss ht tm pbe syscall nx rdtscp lm constant_tsc arch_perfmon pebs bts rep_good nopl xtopology nonstop_tsc aperfmperf eagerfpu pni pclmulqdq dtes64 monitor ds_cpl vmx smx est tm2 ssse3 cx16 xtpr pdcm pcid sse4_1 sse4_2 x2apic popcnt tsc_deadline_timer aes xsave avx f16c rdrand lahf_lm ida arat epb pln pts dtherm tpr_shadow vnmi flexpriority ept vpid fsgsbase smep erms xsaveopt
bugs		:
bogomips	: 5188.01
clflush size	: 64
cache_alignment	: 64
address sizes	: 36 bits physical, 48 bits virtual
power management:

processor	: 3
vendor_id	: GenuineIntel
cpu family	: 6
model		: 58
model name	: Intel(R) Core(TM) i5-3320M CPU @ 2.60GHz
stepping	: 9
microcode	: 0x16
cpu MHz		: 3099.890
cache size	: 3072 KB
physical id	: 0
siblings	: 4
core id		: 1
cpu cores	: 2
apicid		: 3
initial apicid	: 3
fpu		: yes
fpu_exception	: yes
cpuid level	: 13
wp		: yes
flags		: fpu vme de pse tsc msr pae mce cx8 apic sep mtrr pge mca cmov pat pse36 clflush dts acpi mmx fxsr sse sse2 ss ht tm pbe syscall nx rdtscp lm constant_tsc arch_perfmon pebs bts rep_good nopl xtopology nonstop_tsc aperfmperf eagerfpu pni pclmulqdq dtes64 monitor ds_cpl vmx smx est tm2 ssse3 cx16 xtpr pdcm pcid sse4_1 sse4_2 x2apic popcnt tsc_deadline_timer aes xsave avx f16c rdrand lahf_lm ida arat epb pln pts dtherm tpr_shadow vnmi flexpriority ept vpid fsgsbase smep erms xsaveopt
bugs		:
bogomips	: 5188.01
clflush size	: 64
cache_alignment	: 64
address sizes	: 36 bits physical, 48 bits virtual
power management:



Memory: 4k page, physical 7870356k(124768k free), swap 0k(0k free)

vm_info: Java HotSpot(TM) 64-Bit Server VM (25.72-b15) for linux-amd64 JRE (1.8.0_72-b15), built on Dec 22 2015 22:00:07 by "java_re" with gcc 4.3.0 20080428 (Red Hat 4.3.0-8)

time: Fri May 20 12:15:34 2016
elapsed time: 32 seconds (0d 0h 0m 32s)

