#
# There is insufficient memory for the Java Runtime Environment to continue.
# Native memory allocation (mmap) failed to map 326107136 bytes for committing reserved memory.
# Possible reasons:
#   The system is out of physical RAM or swap space
#   In 32 bit mode, the process size limit was hit
# Possible solutions:
#   Reduce memory load on the system
#   Increase physical memory or swap space
#   Check if swap backing store is full
#   Use 64 bit Java on a 64 bit OS
#   Decrease Java heap size (-Xmx/-Xms)
#   Decrease number of Java threads
#   Decrease Java thread stack sizes (-Xss)
#   Set larger code cache with -XX:ReservedCodeCacheSize=
# This output file may be truncated or incomplete.
#
#  Out of Memory Error (os_linux.cpp:2627), pid=11203, tid=139992437188352
#
# JRE version: Java(TM) SE Runtime Environment (8.0_72-b15) (build 1.8.0_72-b15)
# Java VM: Java HotSpot(TM) 64-Bit Server VM (25.72-b15 mixed mode linux-amd64 compressed oops)
# Failed to write core dump. Core dumps have been disabled. To enable core dumping, try "ulimit -c unlimited" before starting Java again
#

---------------  T H R E A D  ---------------

Current thread (0x00007f52ac078000):  VMThread [stack: 0x00007f52876d6000,0x00007f52877d7000] [id=11213]

Stack: [0x00007f52876d6000,0x00007f52877d7000],  sp=0x00007f52877d4fe0,  free space=1019k
Native frames: (J=compiled Java code, j=interpreted, Vv=VM code, C=native code)
V  [libjvm.so+0xaba7ea]  VMError::report_and_die()+0x2ba
V  [libjvm.so+0x4f9e3b]  report_vm_out_of_memory(char const*, int, unsigned long, VMErrorType, char const*)+0x8b
V  [libjvm.so+0x91b613]  os::Linux::commit_memory_impl(char*, unsigned long, bool)+0x103
V  [libjvm.so+0x91bb69]  os::pd_commit_memory(char*, unsigned long, unsigned long, bool)+0x29
V  [libjvm.so+0x915e6a]  os::commit_memory(char*, unsigned long, unsigned long, bool)+0x2a
V  [libjvm.so+0x989543]  PSVirtualSpace::expand_by(unsigned long)+0x53
V  [libjvm.so+0x979e30]  PSOldGen::expand(unsigned long)+0x170
V  [libjvm.so+0x97a03b]  PSOldGen::resize(unsigned long)+0x1cb
V  [libjvm.so+0x981d11]  PSParallelCompact::invoke_no_policy(bool)+0x991
V  [libjvm.so+0x98766d]  PSScavenge::invoke()+0x1ad
V  [libjvm.so+0x93f300]  ParallelScavengeHeap::failed_mem_allocate(unsigned long)+0x70
V  [libjvm.so+0xabc207]  VM_ParallelGCFailedAllocation::doit()+0x97
V  [libjvm.so+0xac3c35]  VM_Operation::evaluate()+0x55
V  [libjvm.so+0xac200a]  VMThread::evaluate_operation(VM_Operation*)+0xba
V  [libjvm.so+0xac238e]  VMThread::loop()+0x1ce
V  [libjvm.so+0xac2800]  VMThread::run()+0x70
V  [libjvm.so+0x91d9d8]  java_start(Thread*)+0x108

VM_Operation (0x00007f528607efb0): ParallelGCFailedAllocation, mode: safepoint, requested by thread 0x00007f52ac1f2800


---------------  P R O C E S S  ---------------

Java Threads: ( => current thread )
  0x00007f52ac1f2800 JavaThread "pool-1-thread-1" [_thread_blocked, id=11272, stack(0x00007f5285f80000,0x00007f5286081000)]
  0x00007f52ac1b3800 JavaThread "pool-2-thread-4" [_thread_blocked, id=11226, stack(0x00007f5286081000,0x00007f5286182000)]
  0x00007f52ac1b1800 JavaThread "pool-2-thread-3" [_thread_blocked, id=11225, stack(0x00007f5286182000,0x00007f5286283000)]
  0x00007f52ac1b0000 JavaThread "pool-2-thread-2" [_thread_blocked, id=11224, stack(0x00007f5286283000,0x00007f5286384000)]
  0x00007f52ac1ae800 JavaThread "pool-3-thread-1" [_thread_blocked, id=11223, stack(0x00007f5286384000,0x00007f5286485000)]
  0x00007f52ac1ac000 JavaThread "pool-2-thread-1" [_thread_blocked, id=11222, stack(0x00007f5286485000,0x00007f5286586000)]
  0x00007f52ac0c1800 JavaThread "Service Thread" daemon [_thread_blocked, id=11220, stack(0x00007f528677d000,0x00007f528687e000)]
  0x00007f52ac0be800 JavaThread "C1 CompilerThread2" daemon [_thread_blocked, id=11219, stack(0x00007f528687e000,0x00007f528697f000)]
  0x00007f52ac0bc800 JavaThread "C2 CompilerThread1" daemon [_thread_blocked, id=11218, stack(0x00007f528697f000,0x00007f5286a80000)]
  0x00007f52ac0b9800 JavaThread "C2 CompilerThread0" daemon [_thread_blocked, id=11217, stack(0x00007f5286a80000,0x00007f5286b81000)]
  0x00007f52ac0b8000 JavaThread "Signal Dispatcher" daemon [_thread_blocked, id=11216, stack(0x00007f5286b81000,0x00007f5286c82000)]
  0x00007f52ac084000 JavaThread "Finalizer" daemon [_thread_blocked, id=11215, stack(0x00007f52874d4000,0x00007f52875d5000)]
  0x00007f52ac07f800 JavaThread "Reference Handler" daemon [_thread_blocked, id=11214, stack(0x00007f52875d5000,0x00007f52876d6000)]
  0x00007f52ac00a000 JavaThread "main" [_thread_blocked, id=11208, stack(0x00007f52b4301000,0x00007f52b4402000)]

Other Threads:
=>0x00007f52ac078000 VMThread [stack: 0x00007f52876d6000,0x00007f52877d7000] [id=11213]
  0x00007f52ac0c4800 WatcherThread [stack: 0x00007f528667c000,0x00007f528677d000] [id=11221]

VM state:at safepoint (normal execution)

VM Mutex/Monitor currently owned by a thread:  ([mutex/lock_event])
[0x00007f52ac005f80] ExpandHeap_lock - owner thread: 0x00007f52ac078000
[0x00007f52ac006600] Threads_lock - owner thread: 0x00007f52ac078000
[0x00007f52ac006b00] Heap_lock - owner thread: 0x00007f52ac1f2800

Heap:
 PSYoungGen      total 465920K, used 9823K [0x00000000d5580000, 0x0000000100000000, 0x0000000100000000)
  eden space 232960K, 0% used [0x00000000d5580000,0x00000000d5580000,0x00000000e3900000)
  from space 232960K, 4% used [0x00000000e3900000,0x00000000e4297e00,0x00000000f1c80000)
  to   space 232960K, 0% used [0x00000000f1c80000,0x00000000f1c80000,0x0000000100000000)
 ParOldGen       total 759808K, used 759735K [0x0000000080000000, 0x00000000ae600000, 0x00000000d5580000)
  object space 759808K, 99% used [0x0000000080000000,0x00000000ae5edda8,0x00000000ae600000)
 Metaspace       used 6746K, capacity 7384K, committed 7680K, reserved 1056768K
  class space    used 628K, capacity 656K, committed 768K, reserved 1048576K

Card table byte_map: [0x00007f52b0ccc000,0x00007f52b10cd000] byte_map_base: 0x00007f52b08cc000

Marking Bits: (ParMarkBitMap*) 0x00007f52b37e2100
 Begin Bits: [0x00007f5288000000, 0x00007f528a000000)
 End Bits:   [0x00007f528a000000, 0x00007f528c000000)

Polling page: 0x00007f52b4429000

CodeCache: size=245760Kb used=12307Kb max_used=14543Kb free=233452Kb
 bounds [0x00007f529d000000, 0x00007f529de50000, 0x00007f52ac000000]
 total_blobs=2760 nmethods=2491 adapters=182
 compilation: enabled

Compilation events (10 events):
Event: 27,221 Thread 0x00007f52ac0bc800 nmethod 2541 0x00007f529d647dd0 code [0x00007f529d647f40, 0x00007f529d648278]
Event: 27,221 Thread 0x00007f52ac0bc800 2949       4       com.android.dx.dex.file.Section::throwIfPrepared (18 bytes)
Event: 27,221 Thread 0x00007f52ac0bc800 nmethod 2949 0x00007f529dab0510 code [0x00007f529dab0660, 0x00007f529dab06d8]
Event: 27,221 Thread 0x00007f52ac0bc800 1826       4       com.android.dx.ssa.SsaRenamer$BlockRenamer::visitNonMoveInsn (14 bytes)
Event: 27,224 Thread 0x00007f52ac0bc800 nmethod 1826 0x00007f529d397490 code [0x00007f529d397600, 0x00007f529d3977a8]
Event: 27,224 Thread 0x00007f52ac0bc800 2776       4       com.android.dx.cf.direct.StdAttributeFactory::parse0 (532 bytes)
Event: 27,255 Thread 0x00007f52ac0be800 3083 %     3       com.android.dx.cf.code.ValueAwareMachine::run @ 870 (1142 bytes)
Event: 27,258 Thread 0x00007f52ac0be800 nmethod 3083% 0x00007f529d2f5e50 code [0x00007f529d2f6400, 0x00007f529d2fb038]
Event: 27,278 Thread 0x00007f52ac0be800 3085       3       com.android.dx.cf.code.ValueAwareMachine::run (1142 bytes)
Event: 27,282 Thread 0x00007f52ac0be800 nmethod 3085 0x00007f529d627d90 code [0x00007f529d628340, 0x00007f529d62ce78]

GC Heap History (10 events):
Event: 23,973 GC heap after
Heap after GC invocations=21 (full 4):
 PSYoungGen      total 431104K, used 135656K [0x00000000d5580000, 0x0000000100000000, 0x0000000100000000)
  eden space 295424K, 0% used [0x00000000d5580000,0x00000000d5580000,0x00000000e7600000)
  from space 135680K, 99% used [0x00000000e7600000,0x00000000efa7a348,0x00000000efa80000)
  to   space 210432K, 0% used [0x00000000f3280000,0x00000000f3280000,0x0000000100000000)
 ParOldGen       total 759808K, used 498937K [0x0000000080000000, 0x00000000ae600000, 0x00000000d5580000)
  object space 759808K, 65% used [0x0000000080000000,0x000000009e73e4f0,0x00000000ae600000)
 Metaspace       used 6620K, capacity 7320K, committed 7680K, reserved 1056768K
  class space    used 619K, capacity 656K, committed 768K, reserved 1048576K
}
Event: 24,645 GC heap before
{Heap before GC invocations=22 (full 4):
 PSYoungGen      total 431104K, used 431080K [0x00000000d5580000, 0x0000000100000000, 0x0000000100000000)
  eden space 295424K, 100% used [0x00000000d5580000,0x00000000e7600000,0x00000000e7600000)
  from space 135680K, 99% used [0x00000000e7600000,0x00000000efa7a348,0x00000000efa80000)
  to   space 210432K, 0% used [0x00000000f3280000,0x00000000f3280000,0x0000000100000000)
 ParOldGen       total 759808K, used 498937K [0x0000000080000000, 0x00000000ae600000, 0x00000000d5580000)
  object space 759808K, 65% used [0x0000000080000000,0x000000009e73e4f0,0x00000000ae600000)
 Metaspace       used 6620K, capacity 7320K, committed 7680K, reserved 1056768K
  class space    used 619K, capacity 656K, committed 768K, reserved 1048576K
Event: 24,843 GC heap after
Heap after GC invocations=22 (full 4):
 PSYoungGen      total 448512K, used 172218K [0x00000000d5580000, 0x0000000100000000, 0x0000000100000000)
  eden space 238080K, 0% used [0x00000000d5580000,0x00000000d5580000,0x00000000e3e00000)
  from space 210432K, 81% used [0x00000000f3280000,0x00000000fdaae928,0x0000000100000000)
  to   space 230400K, 0% used [0x00000000e3e00000,0x00000000e3e00000,0x00000000f1f00000)
 ParOldGen       total 759808K, used 498937K [0x0000000080000000, 0x00000000ae600000, 0x00000000d5580000)
  object space 759808K, 65% used [0x0000000080000000,0x000000009e73e4f0,0x00000000ae600000)
 Metaspace       used 6620K, capacity 7320K, committed 7680K, reserved 1056768K
  class space    used 619K, capacity 656K, committed 768K, reserved 1048576K
}
Event: 25,426 GC heap before
{Heap before GC invocations=23 (full 4):
 PSYoungGen      total 448512K, used 410298K [0x00000000d5580000, 0x0000000100000000, 0x0000000100000000)
  eden space 238080K, 100% used [0x00000000d5580000,0x00000000e3e00000,0x00000000e3e00000)
  from space 210432K, 81% used [0x00000000f3280000,0x00000000fdaae928,0x0000000100000000)
  to   space 230400K, 0% used [0x00000000e3e00000,0x00000000e3e00000,0x00000000f1f00000)
 ParOldGen       total 759808K, used 498937K [0x0000000080000000, 0x00000000ae600000, 0x00000000d5580000)
  object space 759808K, 65% used [0x0000000080000000,0x000000009e73e4f0,0x00000000ae600000)
 Metaspace       used 6622K, capacity 7320K, committed 7680K, reserved 1056768K
  class space    used 619K, capacity 656K, committed 768K, reserved 1048576K
Event: 25,637 GC heap after
Heap after GC invocations=23 (full 4):
 PSYoungGen      total 446464K, used 208100K [0x00000000d5580000, 0x0000000100000000, 0x0000000100000000)
  eden space 238080K, 0% used [0x00000000d5580000,0x00000000d5580000,0x00000000e3e00000)
  from space 208384K, 99% used [0x00000000e3e00000,0x00000000f09392b0,0x00000000f0980000)
  to   space 232960K, 0% used [0x00000000f1c80000,0x00000000f1c80000,0x0000000100000000)
 ParOldGen       total 759808K, used 498937K [0x0000000080000000, 0x00000000ae600000, 0x00000000d5580000)
  object space 759808K, 65% used [0x0000000080000000,0x000000009e73e4f0,0x00000000ae600000)
 Metaspace       used 6622K, capacity 7320K, committed 7680K, reserved 1056768K
  class space    used 619K, capacity 656K, committed 768K, reserved 1048576K
}
Event: 26,324 GC heap before
{Heap before GC invocations=24 (full 4):
 PSYoungGen      total 446464K, used 446180K [0x00000000d5580000, 0x0000000100000000, 0x0000000100000000)
  eden space 238080K, 100% used [0x00000000d5580000,0x00000000e3e00000,0x00000000e3e00000)
  from space 208384K, 99% used [0x00000000e3e00000,0x00000000f09392b0,0x00000000f0980000)
  to   space 232960K, 0% used [0x00000000f1c80000,0x00000000f1c80000,0x0000000100000000)
 ParOldGen       total 759808K, used 498937K [0x0000000080000000, 0x00000000ae600000, 0x00000000d5580000)
  object space 759808K, 65% used [0x0000000080000000,0x000000009e73e4f0,0x00000000ae600000)
 Metaspace       used 6709K, capacity 7384K, committed 7680K, reserved 1056768K
  class space    used 625K, capacity 656K, committed 768K, reserved 1048576K
Event: 26,623 GC heap after
Heap after GC invocations=24 (full 4):
 PSYoungGen      total 465920K, used 151547K [0x00000000d5580000, 0x0000000100000000, 0x0000000100000000)
  eden space 232960K, 0% used [0x00000000d5580000,0x00000000d5580000,0x00000000e3900000)
  from space 232960K, 65% used [0x00000000f1c80000,0x00000000fb07ed28,0x0000000100000000)
  to   space 232960K, 0% used [0x00000000e3900000,0x00000000e3900000,0x00000000f1c80000)
 ParOldGen       total 759808K, used 591754K [0x0000000080000000, 0x00000000ae600000, 0x00000000d5580000)
  object space 759808K, 77% used [0x0000000080000000,0x00000000a41e2858,0x00000000ae600000)
 Metaspace       used 6709K, capacity 7384K, committed 7680K, reserved 1056768K
  class space    used 625K, capacity 656K, committed 768K, reserved 1048576K
}
Event: 27,291 GC heap before
{Heap before GC invocations=25 (full 4):
 PSYoungGen      total 465920K, used 384507K [0x00000000d5580000, 0x0000000100000000, 0x0000000100000000)
  eden space 232960K, 100% used [0x00000000d5580000,0x00000000e3900000,0x00000000e3900000)
  from space 232960K, 65% used [0x00000000f1c80000,0x00000000fb07ed28,0x0000000100000000)
  to   space 232960K, 0% used [0x00000000e3900000,0x00000000e3900000,0x00000000f1c80000)
 ParOldGen       total 759808K, used 591754K [0x0000000080000000, 0x00000000ae600000, 0x00000000d5580000)
  object space 759808K, 77% used [0x0000000080000000,0x00000000a41e2858,0x00000000ae600000)
 Metaspace       used 6746K, capacity 7384K, committed 7680K, reserved 1056768K
  class space    used 628K, capacity 656K, committed 768K, reserved 1048576K
Event: 27,555 GC heap after
Heap after GC invocations=25 (full 4):
 PSYoungGen      total 465920K, used 109441K [0x00000000d5580000, 0x0000000100000000, 0x0000000100000000)
  eden space 232960K, 0% used [0x00000000d5580000,0x00000000d5580000,0x00000000e3900000)
  from space 232960K, 46% used [0x00000000e3900000,0x00000000ea3e07b8,0x00000000f1c80000)
  to   space 232960K, 0% used [0x00000000f1c80000,0x00000000f1c80000,0x0000000100000000)
 ParOldGen       total 759808K, used 669230K [0x0000000080000000, 0x00000000ae600000, 0x00000000d5580000)
  object space 759808K, 88% used [0x0000000080000000,0x00000000a8d8ba80,0x00000000ae600000)
 Metaspace       used 6746K, capacity 7384K, committed 7680K, reserved 1056768K
  class space    used 628K, capacity 656K, committed 768K, reserved 1048576K
}
Event: 27,555 GC heap before
{Heap before GC invocations=26 (full 5):
 PSYoungGen      total 465920K, used 109441K [0x00000000d5580000, 0x0000000100000000, 0x0000000100000000)
  eden space 232960K, 0% used [0x00000000d5580000,0x00000000d5580000,0x00000000e3900000)
  from space 232960K, 46% used [0x00000000e3900000,0x00000000ea3e07b8,0x00000000f1c80000)
  to   space 232960K, 0% used [0x00000000f1c80000,0x00000000f1c80000,0x0000000100000000)
 ParOldGen       total 759808K, used 669230K [0x0000000080000000, 0x00000000ae600000, 0x00000000d5580000)
  object space 759808K, 88% used [0x0000000080000000,0x00000000a8d8ba80,0x00000000ae600000)
 Metaspace       used 6746K, capacity 7384K, committed 7680K, reserved 1056768K
  class space    used 628K, capacity 656K, committed 768K, reserved 1048576K

Deoptimization events (10 events):
Event: 26,042 Thread 0x00007f52ac1b1800 Uncommon trap: reason=unstable_if action=reinterpret pc=0x00007f529ddc8374 method=com.android.dx.cf.code.RopperMachine.run(Lcom/android/dx/cf/code/Frame;II)V @ 743
Event: 26,043 Thread 0x00007f52ac1b1800 Uncommon trap: reason=unstable_if action=reinterpret pc=0x00007f529ddd8434 method=com.android.dx.cf.code.Merger.isPossiblyAssignableFrom(Lcom/android/dx/rop/type/TypeBearer;Lcom/android/dx/rop/type/TypeBearer;)Z @ 55
Event: 26,044 Thread 0x00007f52ac1b1800 Uncommon trap: reason=unstable_if action=reinterpret pc=0x00007f529dced428 method=com.android.dx.cf.code.Ropper.doit()V @ 118
Event: 26,175 Thread 0x00007f52ac1f2800 Uncommon trap: reason=class_check action=maybe_recompile pc=0x00007f529dd40ebc method=java.util.Arrays.hashCode([Ljava/lang/Object;)I @ 43
Event: 26,175 Thread 0x00007f52ac1f2800 Uncommon trap: reason=class_check action=maybe_recompile pc=0x00007f529dd40ebc method=java.util.Arrays.hashCode([Ljava/lang/Object;)I @ 43
Event: 26,175 Thread 0x00007f52ac1f2800 Uncommon trap: reason=class_check action=maybe_recompile pc=0x00007f529dd40ebc method=java.util.Arrays.hashCode([Ljava/lang/Object;)I @ 43
Event: 26,175 Thread 0x00007f52ac1f2800 Uncommon trap: reason=class_check action=maybe_recompile pc=0x00007f529dd40ebc method=java.util.Arrays.hashCode([Ljava/lang/Object;)I @ 43
Event: 26,175 Thread 0x00007f52ac1f2800 Uncommon trap: reason=class_check action=maybe_recompile pc=0x00007f529d50e9f4 method=java.util.Arrays.hashCode([Ljava/lang/Object;)I @ 43
Event: 26,758 Thread 0x00007f52ac1b0000 Uncommon trap: reason=unstable_if action=reinterpret pc=0x00007f529de03e7c method=com.android.dx.ssa.InterferenceRegisterMapper.interferes(III)Z @ 55
Event: 27,178 Thread 0x00007f52ac1f2800 Uncommon trap: reason=unstable_if action=reinterpret pc=0x00007f529d519728 method=com.android.dx.dex.code.OutputFinisher.addConstants(Ljava/util/HashSet;Lcom/android/dx/rop/code/RegisterSpec;)V @ 57

Internal exceptions (8 events):
Event: 0,021 Thread 0x00007f52ac00a000 Exception <a 'java/lang/NoSuchMethodError': Method sun.misc.Unsafe.defineClass(Ljava/lang/String;[BII)Ljava/lang/Class; name or signature does not match> (0x00000000d5587cc0) thrown at [/HUDSON/workspace/8-2-build-linux-amd64/jdk8u72/5732/hotspot/src/shar
Event: 0,022 Thread 0x00007f52ac00a000 Exception <a 'java/lang/NoSuchMethodError': Method sun.misc.Unsafe.prefetchRead(Ljava/lang/Object;J)V name or signature does not match> (0x00000000d5587fa8) thrown at [/HUDSON/workspace/8-2-build-linux-amd64/jdk8u72/5732/hotspot/src/share/vm/prims/jni.cpp
Event: 0,980 Thread 0x00007f52ac1b1800 Implicit null exception at 0x00007f529d322f3d to 0x00007f529d325e85
Event: 1,134 Thread 0x00007f52ac1b3800 Implicit null exception at 0x00007f529d34d049 to 0x00007f529d34f721
Event: 1,335 Thread 0x00007f52ac00a000 Exception <a 'java/lang/ArrayIndexOutOfBoundsException': 18> (0x00000000d7984140) thrown at [/HUDSON/workspace/8-2-build-linux-amd64/jdk8u72/5732/hotspot/src/share/vm/interpreter/interpreterRuntime.cpp, line 366]
Event: 1,335 Thread 0x00007f52ac00a000 Exception <a 'java/lang/ArrayIndexOutOfBoundsException': 145> (0x00000000d7985cc0) thrown at [/HUDSON/workspace/8-2-build-linux-amd64/jdk8u72/5732/hotspot/src/share/vm/interpreter/interpreterRuntime.cpp, line 366]
Event: 1,336 Thread 0x00007f52ac00a000 Exception <a 'java/lang/ArrayIndexOutOfBoundsException': 40> (0x00000000d7986fa8) thrown at [/HUDSON/workspace/8-2-build-linux-amd64/jdk8u72/5732/hotspot/src/share/vm/interpreter/interpreterRuntime.cpp, line 366]
Event: 13,166 Thread 0x00007f52ac00a000 Implicit null exception at 0x00007f529d822c68 to 0x00007f529d826ccd

Events (10 events):
Event: 27,234 Thread 0x00007f52ac00a000 DEOPT UNPACKING pc=0x00007f529d047633 sp=0x00007f52b43ffa80 mode 0
Event: 27,235 Thread 0x00007f52ac1b0000 DEOPT PACKING pc=0x00007f529d40916c sp=0x00007f5286381f10
Event: 27,235 Thread 0x00007f52ac1b0000 DEOPT UNPACKING pc=0x00007f529d047633 sp=0x00007f5286381c10 mode 0
Event: 27,252 Thread 0x00007f52ac00a000 DEOPT PACKING pc=0x00007f529d76f1e4 sp=0x00007f52b43ffb50
Event: 27,252 Thread 0x00007f52ac00a000 DEOPT UNPACKING pc=0x00007f529d047633 sp=0x00007f52b43ff930 mode 0
Event: 27,283 Thread 0x00007f52ac1ac000 DEOPT PACKING pc=0x00007f529d40916c sp=0x00007f5286583e10
Event: 27,283 Thread 0x00007f52ac1ac000 DEOPT UNPACKING pc=0x00007f529d047633 sp=0x00007f5286583b10 mode 0
Event: 27,283 Thread 0x00007f52ac1ac000 DEOPT PACKING pc=0x00007f529d792f3c sp=0x00007f5286584240
Event: 27,283 Thread 0x00007f52ac1ac000 DEOPT UNPACKING pc=0x00007f529d047633 sp=0x00007f5286584040 mode 0
Event: 27,289 Executing VM operation: ParallelGCFailedAllocation


Dynamic libraries:
00400000-00401000 r-xp 00000000 08:03 554269                             /usr/lib/jvm/jdk1.8.0_72/bin/java
00600000-00601000 rw-p 00000000 08:03 554269                             /usr/lib/jvm/jdk1.8.0_72/bin/java
0091e000-0093f000 rw-p 00000000 00:00 0                                  [heap]
80000000-ae600000 rw-p 00000000 00:00 0 
c1d00000-d5580000 ---p 00000000 00:00 0 
d5580000-100000000 rw-p 00000000 00:00 0 
100000000-1000c0000 rw-p 00000000 00:00 0 
1000c0000-140000000 ---p 00000000 00:00 0 
7f5248000000-7f524803d000 rw-p 00000000 00:00 0 
7f524803d000-7f524c000000 ---p 00000000 00:00 0 
7f524c000000-7f524c021000 rw-p 00000000 00:00 0 
7f524c021000-7f5250000000 ---p 00000000 00:00 0 
7f5250000000-7f5250031000 rw-p 00000000 00:00 0 
7f5250031000-7f5254000000 ---p 00000000 00:00 0 
7f5254000000-7f5254068000 rw-p 00000000 00:00 0 
7f5254068000-7f5258000000 ---p 00000000 00:00 0 
7f5258000000-7f5258058000 rw-p 00000000 00:00 0 
7f5258058000-7f525c000000 ---p 00000000 00:00 0 
7f525c000000-7f525c021000 rw-p 00000000 00:00 0 
7f525c021000-7f5260000000 ---p 00000000 00:00 0 
7f5260000000-7f5260021000 rw-p 00000000 00:00 0 
7f5260021000-7f5264000000 ---p 00000000 00:00 0 
7f5264000000-7f5264021000 rw-p 00000000 00:00 0 
7f5264021000-7f5268000000 ---p 00000000 00:00 0 
7f5268000000-7f5269b3c000 rw-p 00000000 00:00 0 
7f5269b3c000-7f526c000000 ---p 00000000 00:00 0 
7f526c000000-7f526cb90000 rw-p 00000000 00:00 0 
7f526cb90000-7f5270000000 ---p 00000000 00:00 0 
7f5270000000-7f5270021000 rw-p 00000000 00:00 0 
7f5270021000-7f5274000000 ---p 00000000 00:00 0 
7f5274000000-7f5275a13000 rw-p 00000000 00:00 0 
7f5275a13000-7f5278000000 ---p 00000000 00:00 0 
7f5278000000-7f5278021000 rw-p 00000000 00:00 0 
7f5278021000-7f527c000000 ---p 00000000 00:00 0 
7f527c000000-7f527c021000 rw-p 00000000 00:00 0 
7f527c021000-7f5280000000 ---p 00000000 00:00 0 
7f5280000000-7f528028e000 rw-p 00000000 00:00 0 
7f528028e000-7f5284000000 ---p 00000000 00:00 0 
7f5285f80000-7f5285f83000 ---p 00000000 00:00 0 
7f5285f83000-7f5286081000 rw-p 00000000 00:00 0 
7f5286081000-7f5286084000 ---p 00000000 00:00 0 
7f5286084000-7f5286182000 rw-p 00000000 00:00 0 
7f5286182000-7f5286185000 ---p 00000000 00:00 0 
7f5286185000-7f5286283000 rw-p 00000000 00:00 0 
7f5286283000-7f5286286000 ---p 00000000 00:00 0 
7f5286286000-7f5286384000 rw-p 00000000 00:00 0 
7f5286384000-7f5286387000 ---p 00000000 00:00 0 
7f5286387000-7f5286485000 rw-p 00000000 00:00 0 
7f5286485000-7f5286488000 ---p 00000000 00:00 0 
7f5286488000-7f5286586000 rw-p 00000000 00:00 0 
7f5286586000-7f528667c000 r--s 00c21000 08:05 158171                     /home/longlv/code/UP_RDS/zalo-pay/zalopay-android/ZaloPay/app/build/intermediates/transforms/jarMerging/iapbeta/debug/jars/1/1f/combined.jar
7f528667c000-7f528667d000 ---p 00000000 00:00 0 
7f528667d000-7f528677d000 rw-p 00000000 00:00 0 
7f528677d000-7f5286780000 ---p 00000000 00:00 0 
7f5286780000-7f528687e000 rw-p 00000000 00:00 0 
7f528687e000-7f5286881000 ---p 00000000 00:00 0 
7f5286881000-7f528697f000 rw-p 00000000 00:00 0 
7f528697f000-7f5286982000 ---p 00000000 00:00 0 
7f5286982000-7f5286a80000 rw-p 00000000 00:00 0 
7f5286a80000-7f5286a83000 ---p 00000000 00:00 0 
7f5286a83000-7f5286b81000 rw-p 00000000 00:00 0 
7f5286b81000-7f5286b84000 ---p 00000000 00:00 0 
7f5286b84000-7f5286c82000 rw-p 00000000 00:00 0 
7f5286c82000-7f52874d4000 r--p 00000000 08:03 528332                     /usr/lib/locale/locale-archive
7f52874d4000-7f52874d7000 ---p 00000000 00:00 0 
7f52874d7000-7f52875d5000 rw-p 00000000 00:00 0 
7f52875d5000-7f52875d8000 ---p 00000000 00:00 0 
7f52875d8000-7f52876d6000 rw-p 00000000 00:00 0 
7f52876d6000-7f52876d7000 ---p 00000000 00:00 0 
7f52876d7000-7f528c000000 rw-p 00000000 00:00 0 
7f528c000000-7f528c021000 rw-p 00000000 00:00 0 
7f528c021000-7f5290000000 ---p 00000000 00:00 0 
7f5290000000-7f5290021000 rw-p 00000000 00:00 0 
7f5290021000-7f5294000000 ---p 00000000 00:00 0 
7f5294000000-7f5294021000 rw-p 00000000 00:00 0 
7f5294021000-7f5298000000 ---p 00000000 00:00 0 
7f5298000000-7f5298021000 rw-p 00000000 00:00 0 
7f5298021000-7f529c000000 ---p 00000000 00:00 0 
7f529c001000-7f529c628000 rw-p 00000000 00:00 0 
7f529c628000-7f529c800000 r--s 03d1d000 08:03 554374                     /usr/lib/jvm/jdk1.8.0_72/jre/lib/rt.jar
7f529c800000-7f529cec0000 rw-p 00000000 00:00 0 
7f529cec0000-7f529d000000 ---p 00000000 00:00 0 
7f529d000000-7f529de50000 rwxp 00000000 00:00 0 
7f529de50000-7f52ac000000 ---p 00000000 00:00 0 
7f52ac000000-7f52ac3f3000 rw-p 00000000 00:00 0 
7f52ac3f3000-7f52b0000000 ---p 00000000 00:00 0 
7f52b0015000-7f52b061d000 rw-p 00000000 00:00 0 
7f52b061d000-7f52b061e000 ---p 00000000 00:00 0 
7f52b061e000-7f52b071e000 rw-p 00000000 00:00 0 
7f52b071e000-7f52b071f000 ---p 00000000 00:00 0 
7f52b071f000-7f52b081f000 rw-p 00000000 00:00 0 
7f52b081f000-7f52b0820000 ---p 00000000 00:00 0 
7f52b0820000-7f52b0920000 rw-p 00000000 00:00 0 
7f52b0920000-7f52b0921000 ---p 00000000 00:00 0 
7f52b0921000-7f52b0b94000 rw-p 00000000 00:00 0 
7f52b0b94000-7f52b0ccc000 ---p 00000000 00:00 0 
7f52b0ccc000-7f52b0e3f000 rw-p 00000000 00:00 0 
7f52b0e3f000-7f52b0f76000 ---p 00000000 00:00 0 
7f52b0f76000-7f52b10cc000 rw-p 00000000 00:00 0 
7f52b10cc000-7f52b1107000 rw-p 00000000 00:00 0 
7f52b1107000-7f52b148d000 ---p 00000000 00:00 0 
7f52b148d000-7f52b14a7000 r-xp 00000000 08:03 554572                     /usr/lib/jvm/jdk1.8.0_72/jre/lib/amd64/libzip.so
7f52b14a7000-7f52b16a7000 ---p 0001a000 08:03 554572                     /usr/lib/jvm/jdk1.8.0_72/jre/lib/amd64/libzip.so
7f52b16a7000-7f52b16a8000 rw-p 0001a000 08:03 554572                     /usr/lib/jvm/jdk1.8.0_72/jre/lib/amd64/libzip.so
7f52b16a8000-7f52b16b3000 r-xp 00000000 08:03 396797                     /lib/x86_64-linux-gnu/libnss_files-2.19.so
7f52b16b3000-7f52b18b2000 ---p 0000b000 08:03 396797                     /lib/x86_64-linux-gnu/libnss_files-2.19.so
7f52b18b2000-7f52b18b3000 r--p 0000a000 08:03 396797                     /lib/x86_64-linux-gnu/libnss_files-2.19.so
7f52b18b3000-7f52b18b4000 rw-p 0000b000 08:03 396797                     /lib/x86_64-linux-gnu/libnss_files-2.19.so
7f52b18b4000-7f52b18bf000 r-xp 00000000 08:03 396664                     /lib/x86_64-linux-gnu/libnss_nis-2.19.so
7f52b18bf000-7f52b1abe000 ---p 0000b000 08:03 396664                     /lib/x86_64-linux-gnu/libnss_nis-2.19.so
7f52b1abe000-7f52b1abf000 r--p 0000a000 08:03 396664                     /lib/x86_64-linux-gnu/libnss_nis-2.19.so
7f52b1abf000-7f52b1ac0000 rw-p 0000b000 08:03 396664                     /lib/x86_64-linux-gnu/libnss_nis-2.19.so
7f52b1ac0000-7f52b1ad7000 r-xp 00000000 08:03 396606                     /lib/x86_64-linux-gnu/libnsl-2.19.so
7f52b1ad7000-7f52b1cd6000 ---p 00017000 08:03 396606                     /lib/x86_64-linux-gnu/libnsl-2.19.so
7f52b1cd6000-7f52b1cd7000 r--p 00016000 08:03 396606                     /lib/x86_64-linux-gnu/libnsl-2.19.so
7f52b1cd7000-7f52b1cd8000 rw-p 00017000 08:03 396606                     /lib/x86_64-linux-gnu/libnsl-2.19.so
7f52b1cd8000-7f52b1cda000 rw-p 00000000 00:00 0 
7f52b1cda000-7f52b1ce3000 r-xp 00000000 08:03 396536                     /lib/x86_64-linux-gnu/libnss_compat-2.19.so
7f52b1ce3000-7f52b1ee2000 ---p 00009000 08:03 396536                     /lib/x86_64-linux-gnu/libnss_compat-2.19.so
7f52b1ee2000-7f52b1ee3000 r--p 00008000 08:03 396536                     /lib/x86_64-linux-gnu/libnss_compat-2.19.so
7f52b1ee3000-7f52b1ee4000 rw-p 00009000 08:03 396536                     /lib/x86_64-linux-gnu/libnss_compat-2.19.so
7f52b1ee4000-7f52b1f0e000 r-xp 00000000 08:03 554583                     /usr/lib/jvm/jdk1.8.0_72/jre/lib/amd64/libjava.so
7f52b1f0e000-7f52b210e000 ---p 0002a000 08:03 554583                     /usr/lib/jvm/jdk1.8.0_72/jre/lib/amd64/libjava.so
7f52b210e000-7f52b2110000 rw-p 0002a000 08:03 554583                     /usr/lib/jvm/jdk1.8.0_72/jre/lib/amd64/libjava.so
7f52b2110000-7f52b211d000 r-xp 00000000 08:03 554582                     /usr/lib/jvm/jdk1.8.0_72/jre/lib/amd64/libverify.so
7f52b211d000-7f52b231d000 ---p 0000d000 08:03 554582                     /usr/lib/jvm/jdk1.8.0_72/jre/lib/amd64/libverify.so
7f52b231d000-7f52b231f000 rw-p 0000d000 08:03 554582                     /usr/lib/jvm/jdk1.8.0_72/jre/lib/amd64/libverify.so
7f52b231f000-7f52b2326000 r-xp 00000000 08:03 396793                     /lib/x86_64-linux-gnu/librt-2.19.so
7f52b2326000-7f52b2525000 ---p 00007000 08:03 396793                     /lib/x86_64-linux-gnu/librt-2.19.so
7f52b2525000-7f52b2526000 r--p 00006000 08:03 396793                     /lib/x86_64-linux-gnu/librt-2.19.so
7f52b2526000-7f52b2527000 rw-p 00007000 08:03 396793                     /lib/x86_64-linux-gnu/librt-2.19.so
7f52b2527000-7f52b262c000 r-xp 00000000 08:03 396350                     /lib/x86_64-linux-gnu/libm-2.19.so
7f52b262c000-7f52b282b000 ---p 00105000 08:03 396350                     /lib/x86_64-linux-gnu/libm-2.19.so
7f52b282b000-7f52b282c000 r--p 00104000 08:03 396350                     /lib/x86_64-linux-gnu/libm-2.19.so
7f52b282c000-7f52b282d000 rw-p 00105000 08:03 396350                     /lib/x86_64-linux-gnu/libm-2.19.so
7f52b282d000-7f52b34ec000 r-xp 00000000 08:03 554615                     /usr/lib/jvm/jdk1.8.0_72/jre/lib/amd64/server/libjvm.so
7f52b34ec000-7f52b36eb000 ---p 00cbf000 08:03 554615                     /usr/lib/jvm/jdk1.8.0_72/jre/lib/amd64/server/libjvm.so
7f52b36eb000-7f52b37c4000 rw-p 00cbe000 08:03 554615                     /usr/lib/jvm/jdk1.8.0_72/jre/lib/amd64/server/libjvm.so
7f52b37c4000-7f52b380d000 rw-p 00000000 00:00 0 
7f52b380d000-7f52b39c8000 r-xp 00000000 08:03 396794                     /lib/x86_64-linux-gnu/libc-2.19.so
7f52b39c8000-7f52b3bc7000 ---p 001bb000 08:03 396794                     /lib/x86_64-linux-gnu/libc-2.19.so
7f52b3bc7000-7f52b3bcb000 r--p 001ba000 08:03 396794                     /lib/x86_64-linux-gnu/libc-2.19.so
7f52b3bcb000-7f52b3bcd000 rw-p 001be000 08:03 396794                     /lib/x86_64-linux-gnu/libc-2.19.so
7f52b3bcd000-7f52b3bd2000 rw-p 00000000 00:00 0 
7f52b3bd2000-7f52b3bd5000 r-xp 00000000 08:03 396402                     /lib/x86_64-linux-gnu/libdl-2.19.so
7f52b3bd5000-7f52b3dd4000 ---p 00003000 08:03 396402                     /lib/x86_64-linux-gnu/libdl-2.19.so
7f52b3dd4000-7f52b3dd5000 r--p 00002000 08:03 396402                     /lib/x86_64-linux-gnu/libdl-2.19.so
7f52b3dd5000-7f52b3dd6000 rw-p 00003000 08:03 396402                     /lib/x86_64-linux-gnu/libdl-2.19.so
7f52b3dd6000-7f52b3deb000 r-xp 00000000 08:03 554109                     /usr/lib/jvm/jdk1.8.0_72/lib/amd64/jli/libjli.so
7f52b3deb000-7f52b3feb000 ---p 00015000 08:03 554109                     /usr/lib/jvm/jdk1.8.0_72/lib/amd64/jli/libjli.so
7f52b3feb000-7f52b3fec000 rw-p 00015000 08:03 554109                     /usr/lib/jvm/jdk1.8.0_72/lib/amd64/jli/libjli.so
7f52b3fec000-7f52b4005000 r-xp 00000000 08:03 396607                     /lib/x86_64-linux-gnu/libpthread-2.19.so
7f52b4005000-7f52b4204000 ---p 00019000 08:03 396607                     /lib/x86_64-linux-gnu/libpthread-2.19.so
7f52b4204000-7f52b4205000 r--p 00018000 08:03 396607                     /lib/x86_64-linux-gnu/libpthread-2.19.so
7f52b4205000-7f52b4206000 rw-p 00019000 08:03 396607                     /lib/x86_64-linux-gnu/libpthread-2.19.so
7f52b4206000-7f52b420a000 rw-p 00000000 00:00 0 
7f52b420a000-7f52b422d000 r-xp 00000000 08:03 396641                     /lib/x86_64-linux-gnu/ld-2.19.so
7f52b4235000-7f52b4301000 rw-p 00000000 00:00 0 
7f52b4301000-7f52b4304000 ---p 00000000 00:00 0 
7f52b4304000-7f52b4406000 rw-p 00000000 00:00 0 
7f52b4410000-7f52b4411000 rw-p 00000000 00:00 0 
7f52b4411000-7f52b4420000 r--s 000df000 08:02 60852                      /media/DATA/Development/sdk/build-tools/23.0.3/lib/dx.jar
7f52b4420000-7f52b4428000 rw-s 00000000 08:03 819766                     /tmp/hsperfdata_longlv/11203
7f52b4428000-7f52b4429000 rw-p 00000000 00:00 0 
7f52b4429000-7f52b442a000 ---p 00000000 00:00 0 
7f52b442a000-7f52b442c000 rw-p 00000000 00:00 0 
7f52b442c000-7f52b442d000 r--p 00022000 08:03 396641                     /lib/x86_64-linux-gnu/ld-2.19.so
7f52b442d000-7f52b442e000 rw-p 00023000 08:03 396641                     /lib/x86_64-linux-gnu/ld-2.19.so
7f52b442e000-7f52b442f000 rw-p 00000000 00:00 0 
7ffe7b310000-7ffe7b332000 rw-p 00000000 00:00 0                          [stack]
7ffe7b3dd000-7ffe7b3df000 r--p 00000000 00:00 0                          [vvar]
7ffe7b3df000-7ffe7b3e1000 r-xp 00000000 00:00 0                          [vdso]
ffffffffff600000-ffffffffff601000 r-xp 00000000 00:00 0                  [vsyscall]

VM Arguments:
jvm_args: -Djava.awt.headless=true -Xmx2g -Dfile.encoding=UTF-8 -Duser.country=US -Duser.language=en -Duser.variant 
java_command: com.android.dx.command.Main --dex --force-jumbo --num-threads=4 --multi-dex --main-dex-list /home/longlv/code/UP_RDS/zalo-pay/zalopay-android/ZaloPay/app/build/intermediates/multi-dex/iapbeta/debug/maindexlist.txt --output /home/longlv/code/UP_RDS/zalo-pay/zalopay-android/ZaloPay/app/build/intermediates/transforms/dex/iapbeta/debug/folders/1000/1f/main /home/longlv/code/UP_RDS/zalo-pay/zalopay-android/ZaloPay/app/build/intermediates/transforms/jarMerging/iapbeta/debug/jars/1/1f/combined.jar
java_class_path (initial): /zserver/sdk/build-tools/23.0.3/lib/dx.jar
Launcher Type: SUN_STANDARD

Environment Variables:
PATH=/usr/local/sbin:/usr/local/bin:/usr/sbin:/usr/bin:/sbin:/bin:/usr/games:/usr/local/games
LD_LIBRARY_PATH=/home/longlv/zserver/android-studio-v2/bin:
SHELL=/bin/bash
DISPLAY=:0

Signal Handlers:
SIGSEGV: [libjvm.so+0xabb070], sa_mask[0]=11111111011111111101111111111110, sa_flags=SA_RESTART|SA_SIGINFO
SIGBUS: [libjvm.so+0xabb070], sa_mask[0]=11111111011111111101111111111110, sa_flags=SA_RESTART|SA_SIGINFO
SIGFPE: [libjvm.so+0x918480], sa_mask[0]=11111111011111111101111111111110, sa_flags=SA_RESTART|SA_SIGINFO
SIGPIPE: [libjvm.so+0x918480], sa_mask[0]=11111111011111111101111111111110, sa_flags=SA_RESTART|SA_SIGINFO
SIGXFSZ: [libjvm.so+0x918480], sa_mask[0]=11111111011111111101111111111110, sa_flags=SA_RESTART|SA_SIGINFO
SIGILL: [libjvm.so+0x918480], sa_mask[0]=11111111011111111101111111111110, sa_flags=SA_RESTART|SA_SIGINFO
SIGUSR1: SIG_DFL, sa_mask[0]=00000000000000000000000000000000, sa_flags=none
SIGUSR2: [libjvm.so+0x919ab0], sa_mask[0]=00100000000000000000000000000000, sa_flags=SA_RESTART|SA_SIGINFO
SIGHUP: [libjvm.so+0x91aeb0], sa_mask[0]=11111111011111111101111111111110, sa_flags=SA_RESTART|SA_SIGINFO
SIGINT: [libjvm.so+0x91aeb0], sa_mask[0]=11111111011111111101111111111110, sa_flags=SA_RESTART|SA_SIGINFO
SIGTERM: [libjvm.so+0x91aeb0], sa_mask[0]=11111111011111111101111111111110, sa_flags=SA_RESTART|SA_SIGINFO
SIGQUIT: [libjvm.so+0x91aeb0], sa_mask[0]=11111111011111111101111111111110, sa_flags=SA_RESTART|SA_SIGINFO


---------------  S Y S T E M  ---------------

OS:DISTRIB_ID=Ubuntu
DISTRIB_RELEASE=14.04
DISTRIB_CODENAME=trusty
DISTRIB_DESCRIPTION="Ubuntu 14.04.4 LTS"

uname:Linux 3.19.0-59-generic #66~14.04.1-Ubuntu SMP Fri May 13 17:27:10 UTC 2016 x86_64
libc:glibc 2.19 NPTL 2.19 
rlimit: STACK 8192k, CORE 0k, NPROC 30660, NOFILE 4096, AS infinity
load average:3,22 1,28 1,13

/proc/meminfo:
MemTotal:        7870356 kB
MemFree:          138496 kB
MemAvailable:     128740 kB
Buffers:            1800 kB
Cached:           607232 kB
SwapCached:            0 kB
Active:          7028016 kB
Inactive:         484300 kB
Active(anon):    6989640 kB
Inactive(anon):   439776 kB
Active(file):      38376 kB
Inactive(file):    44524 kB
Unevictable:          64 kB
Mlocked:              64 kB
SwapTotal:             0 kB
SwapFree:              0 kB
Dirty:               128 kB
Writeback:             0 kB
AnonPages:       6903424 kB
Mapped:           205032 kB
Shmem:            526088 kB
Slab:             106764 kB
SReclaimable:      66524 kB
SUnreclaim:        40240 kB
KernelStack:       12784 kB
PageTables:        48900 kB
NFS_Unstable:          0 kB
Bounce:                0 kB
WritebackTmp:          0 kB
CommitLimit:     3935176 kB
Committed_AS:   11920296 kB
VmallocTotal:   34359738367 kB
VmallocUsed:      382448 kB
VmallocChunk:   34359287656 kB
HardwareCorrupted:     0 kB
AnonHugePages:   4622336 kB
CmaTotal:              0 kB
CmaFree:               0 kB
HugePages_Total:       0
HugePages_Free:        0
HugePages_Rsvd:        0
HugePages_Surp:        0
Hugepagesize:       2048 kB
DirectMap4k:      200724 kB
DirectMap2M:     7878656 kB


CPU:total 4 (2 cores per cpu, 2 threads per core) family 6 model 58 stepping 9, cmov, cx8, fxsr, mmx, sse, sse2, sse3, ssse3, sse4.1, sse4.2, popcnt, avx, aes, clmul, erms, ht, tsc, tscinvbit, tscinv

/proc/cpuinfo:
processor	: 0
vendor_id	: GenuineIntel
cpu family	: 6
model		: 58
model name	: Intel(R) Core(TM) i5-3320M CPU @ 2.60GHz
stepping	: 9
microcode	: 0x16
cpu MHz		: 3099.992
cache size	: 3072 KB
physical id	: 0
siblings	: 4
core id		: 0
cpu cores	: 2
apicid		: 0
initial apicid	: 0
fpu		: yes
fpu_exception	: yes
cpuid level	: 13
wp		: yes
flags		: fpu vme de pse tsc msr pae mce cx8 apic sep mtrr pge mca cmov pat pse36 clflush dts acpi mmx fxsr sse sse2 ss ht tm pbe syscall nx rdtscp lm constant_tsc arch_perfmon pebs bts rep_good nopl xtopology nonstop_tsc aperfmperf eagerfpu pni pclmulqdq dtes64 monitor ds_cpl vmx smx est tm2 ssse3 cx16 xtpr pdcm pcid sse4_1 sse4_2 x2apic popcnt tsc_deadline_timer aes xsave avx f16c rdrand lahf_lm ida arat epb pln pts dtherm tpr_shadow vnmi flexpriority ept vpid fsgsbase smep erms xsaveopt
bugs		:
bogomips	: 5188.01
clflush size	: 64
cache_alignment	: 64
address sizes	: 36 bits physical, 48 bits virtual
power management:

processor	: 1
vendor_id	: GenuineIntel
cpu family	: 6
model		: 58
model name	: Intel(R) Core(TM) i5-3320M CPU @ 2.60GHz
stepping	: 9
microcode	: 0x16
cpu MHz		: 3099.992
cache size	: 3072 KB
physical id	: 0
siblings	: 4
core id		: 0
cpu cores	: 2
apicid		: 1
initial apicid	: 1
fpu		: yes
fpu_exception	: yes
cpuid level	: 13
wp		: yes
flags		: fpu vme de pse tsc msr pae mce cx8 apic sep mtrr pge mca cmov pat pse36 clflush dts acpi mmx fxsr sse sse2 ss ht tm pbe syscall nx rdtscp lm constant_tsc arch_perfmon pebs bts rep_good nopl xtopology nonstop_tsc aperfmperf eagerfpu pni pclmulqdq dtes64 monitor ds_cpl vmx smx est tm2 ssse3 cx16 xtpr pdcm pcid sse4_1 sse4_2 x2apic popcnt tsc_deadline_timer aes xsave avx f16c rdrand lahf_lm ida arat epb pln pts dtherm tpr_shadow vnmi flexpriority ept vpid fsgsbase smep erms xsaveopt
bugs		:
bogomips	: 5188.01
clflush size	: 64
cache_alignment	: 64
address sizes	: 36 bits physical, 48 bits virtual
power management:

processor	: 2
vendor_id	: GenuineIntel
cpu family	: 6
model		: 58
model name	: Intel(R) Core(TM) i5-3320M CPU @ 2.60GHz
stepping	: 9
microcode	: 0x16
cpu MHz		: 3099.992
cache size	: 3072 KB
physical id	: 0
siblings	: 4
core id		: 1
cpu cores	: 2
apicid		: 2
initial apicid	: 2
fpu		: yes
fpu_exception	: yes
cpuid level	: 13
wp		: yes
flags		: fpu vme de pse tsc msr pae mce cx8 apic sep mtrr pge mca cmov pat pse36 clflush dts acpi mmx fxsr sse sse2 ss ht tm pbe syscall nx rdtscp lm constant_tsc arch_perfmon pebs bts rep_good nopl xtopology nonstop_tsc aperfmperf eagerfpu pni pclmulqdq dtes64 monitor ds_cpl vmx smx est tm2 ssse3 cx16 xtpr pdcm pcid sse4_1 sse4_2 x2apic popcnt tsc_deadline_timer aes xsave avx f16c rdrand lahf_lm ida arat epb pln pts dtherm tpr_shadow vnmi flexpriority ept vpid fsgsbase smep erms xsaveopt
bugs		:
bogomips	: 5188.01
clflush size	: 64
cache_alignment	: 64
address sizes	: 36 bits physical, 48 bits virtual
power management:

processor	: 3
vendor_id	: GenuineIntel
cpu family	: 6
model		: 58
model name	: Intel(R) Core(TM) i5-3320M CPU @ 2.60GHz
stepping	: 9
microcode	: 0x16
cpu MHz		: 3103.750
cache size	: 3072 KB
physical id	: 0
siblings	: 4
core id		: 1
cpu cores	: 2
apicid		: 3
initial apicid	: 3
fpu		: yes
fpu_exception	: yes
cpuid level	: 13
wp		: yes
flags		: fpu vme de pse tsc msr pae mce cx8 apic sep mtrr pge mca cmov pat pse36 clflush dts acpi mmx fxsr sse sse2 ss ht tm pbe syscall nx rdtscp lm constant_tsc arch_perfmon pebs bts rep_good nopl xtopology nonstop_tsc aperfmperf eagerfpu pni pclmulqdq dtes64 monitor ds_cpl vmx smx est tm2 ssse3 cx16 xtpr pdcm pcid sse4_1 sse4_2 x2apic popcnt tsc_deadline_timer aes xsave avx f16c rdrand lahf_lm ida arat epb pln pts dtherm tpr_shadow vnmi flexpriority ept vpid fsgsbase smep erms xsaveopt
bugs		:
bogomips	: 5188.01
clflush size	: 64
cache_alignment	: 64
address sizes	: 36 bits physical, 48 bits virtual
power management:



Memory: 4k page, physical 7870356k(138496k free), swap 0k(0k free)

vm_info: Java HotSpot(TM) 64-Bit Server VM (25.72-b15) for linux-amd64 JRE (1.8.0_72-b15), built on Dec 22 2015 22:00:07 by "java_re" with gcc 4.3.0 20080428 (Red Hat 4.3.0-8)

time: Fri May 20 12:36:35 2016
elapsed time: 31 seconds (0d 0h 0m 31s)

