#
# There is insufficient memory for the Java Runtime Environment to continue.
# Native memory allocation (mmap) failed to map 304087040 bytes for committing reserved memory.
# Possible reasons:
#   The system is out of physical RAM or swap space
#   In 32 bit mode, the process size limit was hit
# Possible solutions:
#   Reduce memory load on the system
#   Increase physical memory or swap space
#   Check if swap backing store is full
#   Use 64 bit Java on a 64 bit OS
#   Decrease Java heap size (-Xmx/-Xms)
#   Decrease number of Java threads
#   Decrease Java thread stack sizes (-Xss)
#   Set larger code cache with -XX:ReservedCodeCacheSize=
# This output file may be truncated or incomplete.
#
#  Out of Memory Error (os_linux.cpp:2627), pid=15836, tid=140313237628672
#
# JRE version: Java(TM) SE Runtime Environment (8.0_72-b15) (build 1.8.0_72-b15)
# Java VM: Java HotSpot(TM) 64-Bit Server VM (25.72-b15 mixed mode linux-amd64 compressed oops)
# Failed to write core dump. Core dumps have been disabled. To enable core dumping, try "ulimit -c unlimited" before starting Java again
#

---------------  T H R E A D  ---------------

Current thread (0x00007f9d48078000):  VMThread [stack: 0x00007f9d389fa000,0x00007f9d38afb000] [id=15846]

Stack: [0x00007f9d389fa000,0x00007f9d38afb000],  sp=0x00007f9d38af9360,  free space=1020k
Native frames: (J=compiled Java code, j=interpreted, Vv=VM code, C=native code)
V  [libjvm.so+0xaba7ea]  VMError::report_and_die()+0x2ba
V  [libjvm.so+0x4f9e3b]  report_vm_out_of_memory(char const*, int, unsigned long, VMErrorType, char const*)+0x8b
V  [libjvm.so+0x91b613]  os::Linux::commit_memory_impl(char*, unsigned long, bool)+0x103
V  [libjvm.so+0x91bb69]  os::pd_commit_memory(char*, unsigned long, unsigned long, bool)+0x29
V  [libjvm.so+0x915e6a]  os::commit_memory(char*, unsigned long, unsigned long, bool)+0x2a
V  [libjvm.so+0x989543]  PSVirtualSpace::expand_by(unsigned long)+0x53
V  [libjvm.so+0x979e30]  PSOldGen::expand(unsigned long)+0x170
V  [libjvm.so+0x97a03b]  PSOldGen::resize(unsigned long)+0x1cb
V  [libjvm.so+0x981d11]  PSParallelCompact::invoke_no_policy(bool)+0x991
V  [libjvm.so+0x98766d]  PSScavenge::invoke()+0x1ad
V  [libjvm.so+0x93f300]  ParallelScavengeHeap::failed_mem_allocate(unsigned long)+0x70
V  [libjvm.so+0xabc207]  VM_ParallelGCFailedAllocation::doit()+0x97
V  [libjvm.so+0xac3c35]  VM_Operation::evaluate()+0x55
V  [libjvm.so+0xac200a]  VMThread::evaluate_operation(VM_Operation*)+0xba
V  [libjvm.so+0xac238e]  VMThread::loop()+0x1ce
V  [libjvm.so+0xac2800]  VMThread::run()+0x70
V  [libjvm.so+0x91d9d8]  java_start(Thread*)+0x108

VM_Operation (0x00007f9d2b7abc70): ParallelGCFailedAllocation, mode: safepoint, requested by thread 0x00007f9d481bd000


---------------  P R O C E S S  ---------------

Java Threads: ( => current thread )
  0x00007f9d481c3800 JavaThread "pool-2-thread-4" [_thread_blocked, id=15859, stack(0x00007f9d2b2a9000,0x00007f9d2b3aa000)]
  0x00007f9d481c2000 JavaThread "pool-2-thread-3" [_thread_blocked, id=15858, stack(0x00007f9d2b3aa000,0x00007f9d2b4ab000)]
  0x00007f9d481c0000 JavaThread "pool-2-thread-2" [_thread_blocked, id=15857, stack(0x00007f9d2b4ab000,0x00007f9d2b5ac000)]
  0x00007f9d481bf000 JavaThread "pool-3-thread-1" [_thread_blocked, id=15856, stack(0x00007f9d2b5ac000,0x00007f9d2b6ad000)]
  0x00007f9d481bd000 JavaThread "pool-2-thread-1" [_thread_blocked, id=15855, stack(0x00007f9d2b6ad000,0x00007f9d2b7ae000)]
  0x00007f9d480c1800 JavaThread "Service Thread" daemon [_thread_blocked, id=15853, stack(0x00007f9d382f3000,0x00007f9d383f4000)]
  0x00007f9d480be800 JavaThread "C1 CompilerThread2" daemon [_thread_blocked, id=15852, stack(0x00007f9d383f4000,0x00007f9d384f5000)]
  0x00007f9d480bc800 JavaThread "C2 CompilerThread1" daemon [_thread_blocked, id=15851, stack(0x00007f9d384f5000,0x00007f9d385f6000)]
  0x00007f9d480b9800 JavaThread "C2 CompilerThread0" daemon [_thread_in_native, id=15850, stack(0x00007f9d385f6000,0x00007f9d386f7000)]
  0x00007f9d480b8000 JavaThread "Signal Dispatcher" daemon [_thread_blocked, id=15849, stack(0x00007f9d386f7000,0x00007f9d387f8000)]
  0x00007f9d48084000 JavaThread "Finalizer" daemon [_thread_blocked, id=15848, stack(0x00007f9d387f8000,0x00007f9d388f9000)]
  0x00007f9d4807f800 JavaThread "Reference Handler" daemon [_thread_blocked, id=15847, stack(0x00007f9d388f9000,0x00007f9d389fa000)]
  0x00007f9d4800a000 JavaThread "main" [_thread_blocked, id=15841, stack(0x00007f9d516c6000,0x00007f9d517c7000)]

Other Threads:
=>0x00007f9d48078000 VMThread [stack: 0x00007f9d389fa000,0x00007f9d38afb000] [id=15846]
  0x00007f9d480c4000 WatcherThread [stack: 0x00007f9d381f2000,0x00007f9d382f3000] [id=15854]

VM state:at safepoint (normal execution)

VM Mutex/Monitor currently owned by a thread:  ([mutex/lock_event])
[0x00007f9d48005f80] ExpandHeap_lock - owner thread: 0x00007f9d48078000
[0x00007f9d48006600] Threads_lock - owner thread: 0x00007f9d48078000
[0x00007f9d48006b00] Heap_lock - owner thread: 0x00007f9d481bd000

Heap:
 PSYoungGen      total 465920K, used 22507K [0x00000000d5580000, 0x0000000100000000, 0x0000000100000000)
  eden space 232960K, 0% used [0x00000000d5580000,0x00000000d5580000,0x00000000e3900000)
  from space 232960K, 9% used [0x00000000e3900000,0x00000000e4efaf50,0x00000000f1c80000)
  to   space 232960K, 0% used [0x00000000f1c80000,0x00000000f1c80000,0x0000000100000000)
 ParOldGen       total 681984K, used 681713K [0x0000000080000000, 0x00000000a9a00000, 0x00000000d5580000)
  object space 681984K, 99% used [0x0000000080000000,0x00000000a99bc628,0x00000000a9a00000)
 Metaspace       used 6616K, capacity 7320K, committed 7680K, reserved 1056768K
  class space    used 619K, capacity 656K, committed 768K, reserved 1048576K

Card table byte_map: [0x00007f9d4e091000,0x00007f9d4e492000] byte_map_base: 0x00007f9d4dc91000

Marking Bits: (ParMarkBitMap*) 0x00007f9d50ba7100
 Begin Bits: [0x00007f9d30000000, 0x00007f9d32000000)
 End Bits:   [0x00007f9d32000000, 0x00007f9d34000000)

Polling page: 0x00007f9d517ee000

CodeCache: size=245760Kb used=11093Kb max_used=13665Kb free=234666Kb
 bounds [0x00007f9d39000000, 0x00007f9d39d70000, 0x00007f9d48000000]
 total_blobs=2570 nmethods=2301 adapters=182
 compilation: enabled

Compilation events (10 events):
Event: 26,926 Thread 0x00007f9d480be800 2957       3       com.android.dx.ssa.back.FirstFitLocalCombiningAllocator::handleNormalUnassociated (99 bytes)
Event: 26,927 Thread 0x00007f9d480be800 nmethod 2957 0x00007f9d392b3fd0 code [0x00007f9d392b42a0, 0x00007f9d392b5638]
Event: 26,927 Thread 0x00007f9d480be800 2958       2       com.android.dx.rop.code.ThrowingInsn::withAddedCatch (30 bytes)
Event: 26,928 Thread 0x00007f9d480be800 nmethod 2958 0x00007f9d390ff150 code [0x00007f9d390ff2c0, 0x00007f9d390ff4f8]
Event: 26,977 Thread 0x00007f9d480bc800 nmethod 2954 0x00007f9d392de090 code [0x00007f9d392de360, 0x00007f9d392e03e8]
Event: 26,977 Thread 0x00007f9d480bc800 2956       4       com.android.dx.dex.cf.CfTranslator::translate0 (259 bytes)
Event: 27,073 Thread 0x00007f9d480be800 2961       2       java.util.ArrayList::lastIndexOf (69 bytes)
Event: 27,074 Thread 0x00007f9d480be800 nmethod 2961 0x00007f9d3910e910 code [0x00007f9d3910eaa0, 0x00007f9d3910ed88]
Event: 27,074 Thread 0x00007f9d480be800 2960       2       com.android.dx.ssa.LiteralOpUpgrader::replacePlainInsn (131 bytes)
Event: 27,076 Thread 0x00007f9d480be800 nmethod 2960 0x00007f9d392a7990 code [0x00007f9d392a7be0, 0x00007f9d392a8498]

GC Heap History (10 events):
Event: 22,975 GC heap after
Heap after GC invocations=19 (full 4):
 PSYoungGen      total 526848K, used 93102K [0x00000000d5580000, 0x0000000100000000, 0x0000000100000000)
  eden space 354816K, 0% used [0x00000000d5580000,0x00000000d5580000,0x00000000eb000000)
  from space 172032K, 54% used [0x00000000eb000000,0x00000000f0aeb8c0,0x00000000f5800000)
  to   space 172032K, 0% used [0x00000000f5800000,0x00000000f5800000,0x0000000100000000)
 ParOldGen       total 681984K, used 446399K [0x0000000080000000, 0x00000000a9a00000, 0x00000000d5580000)
  object space 681984K, 65% used [0x0000000080000000,0x000000009b3efdf0,0x00000000a9a00000)
 Metaspace       used 6606K, capacity 7320K, committed 7680K, reserved 1056768K
  class space    used 618K, capacity 656K, committed 768K, reserved 1048576K
}
Event: 24,103 GC heap before
{Heap before GC invocations=20 (full 4):
 PSYoungGen      total 526848K, used 447918K [0x00000000d5580000, 0x0000000100000000, 0x0000000100000000)
  eden space 354816K, 100% used [0x00000000d5580000,0x00000000eb000000,0x00000000eb000000)
  from space 172032K, 54% used [0x00000000eb000000,0x00000000f0aeb8c0,0x00000000f5800000)
  to   space 172032K, 0% used [0x00000000f5800000,0x00000000f5800000,0x0000000100000000)
 ParOldGen       total 681984K, used 446401K [0x0000000080000000, 0x00000000a9a00000, 0x00000000d5580000)
  object space 681984K, 65% used [0x0000000080000000,0x000000009b3f0510,0x00000000a9a00000)
 Metaspace       used 6611K, capacity 7320K, committed 7680K, reserved 1056768K
  class space    used 619K, capacity 656K, committed 768K, reserved 1048576K
Event: 24,278 GC heap after
Heap after GC invocations=20 (full 4):
 PSYoungGen      total 492032K, used 142264K [0x00000000d5580000, 0x0000000100000000, 0x0000000100000000)
  eden space 320000K, 0% used [0x00000000d5580000,0x00000000d5580000,0x00000000e8e00000)
  from space 172032K, 82% used [0x00000000f5800000,0x00000000fe2ee120,0x0000000100000000)
  to   space 189440K, 0% used [0x00000000e8e00000,0x00000000e8e00000,0x00000000f4700000)
 ParOldGen       total 681984K, used 446401K [0x0000000080000000, 0x00000000a9a00000, 0x00000000d5580000)
  object space 681984K, 65% used [0x0000000080000000,0x000000009b3f0510,0x00000000a9a00000)
 Metaspace       used 6611K, capacity 7320K, committed 7680K, reserved 1056768K
  class space    used 619K, capacity 656K, committed 768K, reserved 1048576K
}
Event: 25,243 GC heap before
{Heap before GC invocations=21 (full 4):
 PSYoungGen      total 492032K, used 462264K [0x00000000d5580000, 0x0000000100000000, 0x0000000100000000)
  eden space 320000K, 100% used [0x00000000d5580000,0x00000000e8e00000,0x00000000e8e00000)
  from space 172032K, 82% used [0x00000000f5800000,0x00000000fe2ee120,0x0000000100000000)
  to   space 189440K, 0% used [0x00000000e8e00000,0x00000000e8e00000,0x00000000f4700000)
 ParOldGen       total 681984K, used 446401K [0x0000000080000000, 0x00000000a9a00000, 0x00000000d5580000)
  object space 681984K, 65% used [0x0000000080000000,0x000000009b3f0510,0x00000000a9a00000)
 Metaspace       used 6615K, capacity 7320K, committed 7680K, reserved 1056768K
  class space    used 619K, capacity 656K, committed 768K, reserved 1048576K
Event: 25,448 GC heap after
Heap after GC invocations=21 (full 4):
 PSYoungGen      total 509440K, used 189425K [0x00000000d5580000, 0x0000000100000000, 0x0000000100000000)
  eden space 320000K, 0% used [0x00000000d5580000,0x00000000d5580000,0x00000000e8e00000)
  from space 189440K, 99% used [0x00000000e8e00000,0x00000000f46fc588,0x00000000f4700000)
  to   space 189440K, 0% used [0x00000000f4700000,0x00000000f4700000,0x0000000100000000)
 ParOldGen       total 681984K, used 446692K [0x0000000080000000, 0x00000000a9a00000, 0x00000000d5580000)
  object space 681984K, 65% used [0x0000000080000000,0x000000009b439080,0x00000000a9a00000)
 Metaspace       used 6615K, capacity 7320K, committed 7680K, reserved 1056768K
  class space    used 619K, capacity 656K, committed 768K, reserved 1048576K
}
Event: 26,206 GC heap before
{Heap before GC invocations=22 (full 4):
 PSYoungGen      total 509440K, used 509425K [0x00000000d5580000, 0x0000000100000000, 0x0000000100000000)
  eden space 320000K, 100% used [0x00000000d5580000,0x00000000e8e00000,0x00000000e8e00000)
  from space 189440K, 99% used [0x00000000e8e00000,0x00000000f46fc588,0x00000000f4700000)
  to   space 189440K, 0% used [0x00000000f4700000,0x00000000f4700000,0x0000000100000000)
 ParOldGen       total 681984K, used 446692K [0x0000000080000000, 0x00000000a9a00000, 0x00000000d5580000)
  object space 681984K, 65% used [0x0000000080000000,0x000000009b439080,0x00000000a9a00000)
 Metaspace       used 6615K, capacity 7320K, committed 7680K, reserved 1056768K
  class space    used 619K, capacity 656K, committed 768K, reserved 1048576K
Event: 26,484 GC heap after
Heap after GC invocations=22 (full 4):
 PSYoungGen      total 422400K, used 186686K [0x00000000d5580000, 0x0000000100000000, 0x0000000100000000)
  eden space 232960K, 0% used [0x00000000d5580000,0x00000000d5580000,0x00000000e3900000)
  from space 189440K, 98% used [0x00000000f4700000,0x00000000ffd4f838,0x0000000100000000)
  to   space 232960K, 0% used [0x00000000e3900000,0x00000000e3900000,0x00000000f1c80000)
 ParOldGen       total 681984K, used 489011K [0x0000000080000000, 0x00000000a9a00000, 0x00000000d5580000)
  object space 681984K, 71% used [0x0000000080000000,0x000000009dd8cc98,0x00000000a9a00000)
 Metaspace       used 6615K, capacity 7320K, committed 7680K, reserved 1056768K
  class space    used 619K, capacity 656K, committed 768K, reserved 1048576K
}
Event: 27,147 GC heap before
{Heap before GC invocations=23 (full 4):
 PSYoungGen      total 422400K, used 419646K [0x00000000d5580000, 0x0000000100000000, 0x0000000100000000)
  eden space 232960K, 100% used [0x00000000d5580000,0x00000000e3900000,0x00000000e3900000)
  from space 189440K, 98% used [0x00000000f4700000,0x00000000ffd4f838,0x0000000100000000)
  to   space 232960K, 0% used [0x00000000e3900000,0x00000000e3900000,0x00000000f1c80000)
 ParOldGen       total 681984K, used 489011K [0x0000000080000000, 0x00000000a9a00000, 0x00000000d5580000)
  object space 681984K, 71% used [0x0000000080000000,0x000000009dd8cc98,0x00000000a9a00000)
 Metaspace       used 6616K, capacity 7320K, committed 7680K, reserved 1056768K
  class space    used 619K, capacity 656K, committed 768K, reserved 1048576K
Event: 27,596 GC heap after
Heap after GC invocations=23 (full 4):
 PSYoungGen      total 465920K, used 123132K [0x00000000d5580000, 0x0000000100000000, 0x0000000100000000)
  eden space 232960K, 0% used [0x00000000d5580000,0x00000000d5580000,0x00000000e3900000)
  from space 232960K, 52% used [0x00000000e3900000,0x00000000eb13f048,0x00000000f1c80000)
  to   space 232960K, 0% used [0x00000000f1c80000,0x00000000f1c80000,0x0000000100000000)
 ParOldGen       total 681984K, used 587475K [0x0000000080000000, 0x00000000a9a00000, 0x00000000d5580000)
  object space 681984K, 86% used [0x0000000080000000,0x00000000a3db4d58,0x00000000a9a00000)
 Metaspace       used 6616K, capacity 7320K, committed 7680K, reserved 1056768K
  class space    used 619K, capacity 656K, committed 768K, reserved 1048576K
}
Event: 27,596 GC heap before
{Heap before GC invocations=24 (full 5):
 PSYoungGen      total 465920K, used 123132K [0x00000000d5580000, 0x0000000100000000, 0x0000000100000000)
  eden space 232960K, 0% used [0x00000000d5580000,0x00000000d5580000,0x00000000e3900000)
  from space 232960K, 52% used [0x00000000e3900000,0x00000000eb13f048,0x00000000f1c80000)
  to   space 232960K, 0% used [0x00000000f1c80000,0x00000000f1c80000,0x0000000100000000)
 ParOldGen       total 681984K, used 587475K [0x0000000080000000, 0x00000000a9a00000, 0x00000000d5580000)
  object space 681984K, 86% used [0x0000000080000000,0x00000000a3db4d58,0x00000000a9a00000)
 Metaspace       used 6616K, capacity 7320K, committed 7680K, reserved 1056768K
  class space    used 619K, capacity 656K, committed 768K, reserved 1048576K

Deoptimization events (10 events):
Event: 23,425 Thread 0x00007f9d481c2000 Uncommon trap: reason=class_check action=maybe_recompile pc=0x00007f9d3917c668 method=java.util.regex.Matcher.search(I)Z @ 86
Event: 24,034 Thread 0x00007f9d4800a000 Uncommon trap: reason=unstable_if action=reinterpret pc=0x00007f9d39cb88a0 method=com.android.dx.cf.code.Merger.isPossiblyAssignableFrom(Lcom/android/dx/rop/type/TypeBearer;Lcom/android/dx/rop/type/TypeBearer;)Z @ 131
Event: 24,068 Thread 0x00007f9d481c3800 Uncommon trap: reason=unstable_if action=reinterpret pc=0x00007f9d39b59d18 method=com.android.dx.dex.code.OutputFinisher.hasLocalInfo(Lcom/android/dx/dex/code/DalvInsn;)Z @ 35
Event: 24,301 Thread 0x00007f9d481c0000 Uncommon trap: reason=unstable_if action=reinterpret pc=0x00007f9d39c24120 method=java.util.HashMap$TreeNode.find(ILjava/lang/Object;Ljava/lang/Class;)Ljava/util/HashMap$TreeNode; @ 102
Event: 25,042 Thread 0x00007f9d481bd000 Uncommon trap: reason=unstable_if action=reinterpret pc=0x00007f9d39d10378 method=com.android.dx.util.BitIntSet.has(I)Z @ 8
Event: 26,094 Thread 0x00007f9d481c0000 Uncommon trap: reason=unstable_if action=reinterpret pc=0x00007f9d39b0744c method=com.android.dx.ssa.SsaMethod.makeExitBlock()V @ 103
Event: 26,094 Thread 0x00007f9d481c0000 Uncommon trap: reason=unstable_if action=reinterpret pc=0x00007f9d39a8d444 method=com.android.dx.ssa.SsaMethod.getExitBlock()Lcom/android/dx/ssa/SsaBasicBlock; @ 4
Event: 26,094 Thread 0x00007f9d481c0000 Uncommon trap: reason=unstable_if action=reinterpret pc=0x00007f9d3933bad8 method=com.android.dx.ssa.SsaMethod.getExitBlock()Lcom/android/dx/ssa/SsaBasicBlock; @ 4
Event: 26,094 Thread 0x00007f9d481c0000 Uncommon trap: reason=unstable_if action=reinterpret pc=0x00007f9d39c79854 method=com.android.dx.ssa.SsaMethod.getExitBlock()Lcom/android/dx/ssa/SsaBasicBlock; @ 4
Event: 26,924 Thread 0x00007f9d481c2000 Uncommon trap: reason=unstable_if action=reinterpret pc=0x00007f9d393ac7cc method=com.android.dx.ssa.InterferenceRegisterMapper.interferes(III)Z @ 55

Internal exceptions (10 events):
Event: 0,053 Thread 0x00007f9d4800a000 Exception <a 'java/lang/NoSuchMethodError': Method sun.misc.Unsafe.defineClass(Ljava/lang/String;[BII)Ljava/lang/Class; name or signature does not match> (0x00000000d5587cc0) thrown at [/HUDSON/workspace/8-2-build-linux-amd64/jdk8u72/5732/hotspot/src/shar
Event: 0,053 Thread 0x00007f9d4800a000 Exception <a 'java/lang/NoSuchMethodError': Method sun.misc.Unsafe.prefetchRead(Ljava/lang/Object;J)V name or signature does not match> (0x00000000d5587fa8) thrown at [/HUDSON/workspace/8-2-build-linux-amd64/jdk8u72/5732/hotspot/src/share/vm/prims/jni.cpp
Event: 1,185 Thread 0x00007f9d481c3800 Implicit null exception at 0x00007f9d3931b1c4 to 0x00007f9d3931dd45
Event: 1,326 Thread 0x00007f9d4800a000 Implicit null exception at 0x00007f9d3933fb09 to 0x00007f9d393422a9
Event: 1,620 Thread 0x00007f9d481c2000 Exception <a 'java/lang/ArrayIndexOutOfBoundsException': 18> (0x00000000d842e4a8) thrown at [/HUDSON/workspace/8-2-build-linux-amd64/jdk8u72/5732/hotspot/src/share/vm/interpreter/interpreterRuntime.cpp, line 366]
Event: 1,620 Thread 0x00007f9d481c2000 Exception <a 'java/lang/ArrayIndexOutOfBoundsException': 145> (0x00000000d8430028) thrown at [/HUDSON/workspace/8-2-build-linux-amd64/jdk8u72/5732/hotspot/src/share/vm/interpreter/interpreterRuntime.cpp, line 366]
Event: 1,621 Thread 0x00007f9d481c2000 Exception <a 'java/lang/ArrayIndexOutOfBoundsException': 40> (0x00000000d8431310) thrown at [/HUDSON/workspace/8-2-build-linux-amd64/jdk8u72/5732/hotspot/src/share/vm/interpreter/interpreterRuntime.cpp, line 366]
Event: 5,934 Thread 0x00007f9d481c0000 Implicit null exception at 0x00007f9d397e6373 to 0x00007f9d397e6631
Event: 15,141 Thread 0x00007f9d481c3800 Implicit null exception at 0x00007f9d39b29356 to 0x00007f9d39b2baf4
Event: 24,068 Thread 0x00007f9d481c3800 Implicit null exception at 0x00007f9d39b58b66 to 0x00007f9d39b59ce9

Events (10 events):
Event: 26,622 Thread 0x00007f9d480bc800 flushing nmethod 0x00007f9d399e9750
Event: 26,622 Thread 0x00007f9d480bc800 flushing nmethod 0x00007f9d39a1a8d0
Event: 26,914 Thread 0x00007f9d481bd000 DEOPT PACKING pc=0x00007f9d3983f52c sp=0x00007f9d2b7ac4c0
Event: 26,914 Thread 0x00007f9d481bd000 DEOPT UNPACKING pc=0x00007f9d39047633 sp=0x00007f9d2b7ac2c0 mode 0
Event: 26,924 Thread 0x00007f9d481c2000 Uncommon trap: trap_request=0xffffff65 fr.pc=0x00007f9d393ac7cc
Event: 26,924 Thread 0x00007f9d481c2000 DEOPT PACKING pc=0x00007f9d393ac7cc sp=0x00007f9d2b4a8e70
Event: 26,924 Thread 0x00007f9d481c2000 DEOPT UNPACKING pc=0x00007f9d39005229 sp=0x00007f9d2b4a8d38 mode 2
Event: 27,060 Thread 0x00007f9d4800a000 DEOPT PACKING pc=0x00007f9d3983f52c sp=0x00007f9d517c4c50
Event: 27,060 Thread 0x00007f9d4800a000 DEOPT UNPACKING pc=0x00007f9d39047633 sp=0x00007f9d517c4a50 mode 0
Event: 27,142 Executing VM operation: ParallelGCFailedAllocation


Dynamic libraries:
00400000-00401000 r-xp 00000000 08:03 554269                             /usr/lib/jvm/jdk1.8.0_72/bin/java
00600000-00601000 rw-p 00000000 08:03 554269                             /usr/lib/jvm/jdk1.8.0_72/bin/java
023c5000-023e6000 rw-p 00000000 00:00 0                                  [heap]
80000000-a9a00000 rw-p 00000000 00:00 0 
bbc00000-d5580000 ---p 00000000 00:00 0 
d5580000-100000000 rw-p 00000000 00:00 0 
100000000-1000c0000 rw-p 00000000 00:00 0 
1000c0000-140000000 ---p 00000000 00:00 0 
7f9ce4000000-7f9ce402b000 rw-p 00000000 00:00 0 
7f9ce402b000-7f9ce8000000 ---p 00000000 00:00 0 
7f9cec000000-7f9cec02f000 rw-p 00000000 00:00 0 
7f9cec02f000-7f9cf0000000 ---p 00000000 00:00 0 
7f9cf0000000-7f9cf0021000 rw-p 00000000 00:00 0 
7f9cf0021000-7f9cf4000000 ---p 00000000 00:00 0 
7f9cf4000000-7f9cf402c000 rw-p 00000000 00:00 0 
7f9cf402c000-7f9cf8000000 ---p 00000000 00:00 0 
7f9cf8000000-7f9cf8021000 rw-p 00000000 00:00 0 
7f9cf8021000-7f9cfc000000 ---p 00000000 00:00 0 
7f9cfc000000-7f9cfc021000 rw-p 00000000 00:00 0 
7f9cfc021000-7f9d00000000 ---p 00000000 00:00 0 
7f9d00000000-7f9d00021000 rw-p 00000000 00:00 0 
7f9d00021000-7f9d04000000 ---p 00000000 00:00 0 
7f9d04000000-7f9d05661000 rw-p 00000000 00:00 0 
7f9d05661000-7f9d08000000 ---p 00000000 00:00 0 
7f9d08000000-7f9d08a8c000 rw-p 00000000 00:00 0 
7f9d08a8c000-7f9d0c000000 ---p 00000000 00:00 0 
7f9d0c000000-7f9d0c021000 rw-p 00000000 00:00 0 
7f9d0c021000-7f9d10000000 ---p 00000000 00:00 0 
7f9d10000000-7f9d11ac0000 rw-p 00000000 00:00 0 
7f9d11ac0000-7f9d14000000 ---p 00000000 00:00 0 
7f9d14000000-7f9d14021000 rw-p 00000000 00:00 0 
7f9d14021000-7f9d18000000 ---p 00000000 00:00 0 
7f9d18000000-7f9d18021000 rw-p 00000000 00:00 0 
7f9d18021000-7f9d1c000000 ---p 00000000 00:00 0 
7f9d1c000000-7f9d1c021000 rw-p 00000000 00:00 0 
7f9d1c021000-7f9d20000000 ---p 00000000 00:00 0 
7f9d20000000-7f9d202ce000 rw-p 00000000 00:00 0 
7f9d202ce000-7f9d24000000 ---p 00000000 00:00 0 
7f9d24000000-7f9d24021000 rw-p 00000000 00:00 0 
7f9d24021000-7f9d28000000 ---p 00000000 00:00 0 
7f9d2b2a9000-7f9d2b2ac000 ---p 00000000 00:00 0 
7f9d2b2ac000-7f9d2b3aa000 rw-p 00000000 00:00 0 
7f9d2b3aa000-7f9d2b3ad000 ---p 00000000 00:00 0 
7f9d2b3ad000-7f9d2b4ab000 rw-p 00000000 00:00 0 
7f9d2b4ab000-7f9d2b4ae000 ---p 00000000 00:00 0 
7f9d2b4ae000-7f9d2b5ac000 rw-p 00000000 00:00 0 
7f9d2b5ac000-7f9d2b5af000 ---p 00000000 00:00 0 
7f9d2b5af000-7f9d2b6ad000 rw-p 00000000 00:00 0 
7f9d2b6ad000-7f9d2b6b0000 ---p 00000000 00:00 0 
7f9d2b6b0000-7f9d2b7ae000 rw-p 00000000 00:00 0 
7f9d2b7ae000-7f9d2c000000 r--p 00000000 08:03 528332                     /usr/lib/locale/locale-archive
7f9d2c000000-7f9d2c021000 rw-p 00000000 00:00 0 
7f9d2c021000-7f9d30000000 ---p 00000000 00:00 0 
7f9d30000000-7f9d34000000 rw-p 00000000 00:00 0 
7f9d34000000-7f9d34021000 rw-p 00000000 00:00 0 
7f9d34021000-7f9d38000000 ---p 00000000 00:00 0 
7f9d380fc000-7f9d381f2000 r--s 00c21000 08:05 163470                     /home/longlv/code/UP_RDS/zalo-pay/zalopay-android/ZaloPay/app/build/intermediates/transforms/jarMerging/iapbeta/debug/jars/1/1f/combined.jar
7f9d381f2000-7f9d381f3000 ---p 00000000 00:00 0 
7f9d381f3000-7f9d382f3000 rw-p 00000000 00:00 0 
7f9d382f3000-7f9d382f6000 ---p 00000000 00:00 0 
7f9d382f6000-7f9d383f4000 rw-p 00000000 00:00 0 
7f9d383f4000-7f9d383f7000 ---p 00000000 00:00 0 
7f9d383f7000-7f9d384f5000 rw-p 00000000 00:00 0 
7f9d384f5000-7f9d384f8000 ---p 00000000 00:00 0 
7f9d384f8000-7f9d385f6000 rw-p 00000000 00:00 0 
7f9d385f6000-7f9d385f9000 ---p 00000000 00:00 0 
7f9d385f9000-7f9d386f7000 rw-p 00000000 00:00 0 
7f9d386f7000-7f9d386fa000 ---p 00000000 00:00 0 
7f9d386fa000-7f9d387f8000 rw-p 00000000 00:00 0 
7f9d387f8000-7f9d387fb000 ---p 00000000 00:00 0 
7f9d387fb000-7f9d388f9000 rw-p 00000000 00:00 0 
7f9d388f9000-7f9d388fc000 ---p 00000000 00:00 0 
7f9d388fc000-7f9d389fa000 rw-p 00000000 00:00 0 
7f9d389fa000-7f9d389fb000 ---p 00000000 00:00 0 
7f9d389fb000-7f9d39000000 rw-p 00000000 00:00 0 
7f9d39000000-7f9d39d70000 rwxp 00000000 00:00 0 
7f9d39d70000-7f9d48000000 ---p 00000000 00:00 0 
7f9d48000000-7f9d483bd000 rw-p 00000000 00:00 0 
7f9d483bd000-7f9d4c000000 ---p 00000000 00:00 0 
7f9d4c0b7000-7f9d4cb94000 rw-p 00000000 00:00 0 
7f9d4cb94000-7f9d4cd6c000 r--s 03d1d000 08:03 554374                     /usr/lib/jvm/jdk1.8.0_72/jre/lib/rt.jar
7f9d4cd6c000-7f9d4d4a2000 rw-p 00000000 00:00 0 
7f9d4d4a2000-7f9d4d5e2000 ---p 00000000 00:00 0 
7f9d4d5e2000-7f9d4d9e2000 rw-p 00000000 00:00 0 
7f9d4d9e2000-7f9d4d9e3000 ---p 00000000 00:00 0 
7f9d4d9e3000-7f9d4dae3000 rw-p 00000000 00:00 0 
7f9d4dae3000-7f9d4dae4000 ---p 00000000 00:00 0 
7f9d4dae4000-7f9d4dbe4000 rw-p 00000000 00:00 0 
7f9d4dbe4000-7f9d4dbe5000 ---p 00000000 00:00 0 
7f9d4dbe5000-7f9d4dce5000 rw-p 00000000 00:00 0 
7f9d4dce5000-7f9d4dce6000 ---p 00000000 00:00 0 
7f9d4dce6000-7f9d4df33000 rw-p 00000000 00:00 0 
7f9d4df33000-7f9d4e091000 ---p 00000000 00:00 0 
7f9d4e091000-7f9d4e1de000 rw-p 00000000 00:00 0 
7f9d4e1de000-7f9d4e33b000 ---p 00000000 00:00 0 
7f9d4e33b000-7f9d4e491000 rw-p 00000000 00:00 0 
7f9d4e491000-7f9d4e4c8000 rw-p 00000000 00:00 0 
7f9d4e4c8000-7f9d4e852000 ---p 00000000 00:00 0 
7f9d4e852000-7f9d4e86c000 r-xp 00000000 08:03 554572                     /usr/lib/jvm/jdk1.8.0_72/jre/lib/amd64/libzip.so
7f9d4e86c000-7f9d4ea6c000 ---p 0001a000 08:03 554572                     /usr/lib/jvm/jdk1.8.0_72/jre/lib/amd64/libzip.so
7f9d4ea6c000-7f9d4ea6d000 rw-p 0001a000 08:03 554572                     /usr/lib/jvm/jdk1.8.0_72/jre/lib/amd64/libzip.so
7f9d4ea6d000-7f9d4ea78000 r-xp 00000000 08:03 396797                     /lib/x86_64-linux-gnu/libnss_files-2.19.so
7f9d4ea78000-7f9d4ec77000 ---p 0000b000 08:03 396797                     /lib/x86_64-linux-gnu/libnss_files-2.19.so
7f9d4ec77000-7f9d4ec78000 r--p 0000a000 08:03 396797                     /lib/x86_64-linux-gnu/libnss_files-2.19.so
7f9d4ec78000-7f9d4ec79000 rw-p 0000b000 08:03 396797                     /lib/x86_64-linux-gnu/libnss_files-2.19.so
7f9d4ec79000-7f9d4ec84000 r-xp 00000000 08:03 396664                     /lib/x86_64-linux-gnu/libnss_nis-2.19.so
7f9d4ec84000-7f9d4ee83000 ---p 0000b000 08:03 396664                     /lib/x86_64-linux-gnu/libnss_nis-2.19.so
7f9d4ee83000-7f9d4ee84000 r--p 0000a000 08:03 396664                     /lib/x86_64-linux-gnu/libnss_nis-2.19.so
7f9d4ee84000-7f9d4ee85000 rw-p 0000b000 08:03 396664                     /lib/x86_64-linux-gnu/libnss_nis-2.19.so
7f9d4ee85000-7f9d4ee9c000 r-xp 00000000 08:03 396606                     /lib/x86_64-linux-gnu/libnsl-2.19.so
7f9d4ee9c000-7f9d4f09b000 ---p 00017000 08:03 396606                     /lib/x86_64-linux-gnu/libnsl-2.19.so
7f9d4f09b000-7f9d4f09c000 r--p 00016000 08:03 396606                     /lib/x86_64-linux-gnu/libnsl-2.19.so
7f9d4f09c000-7f9d4f09d000 rw-p 00017000 08:03 396606                     /lib/x86_64-linux-gnu/libnsl-2.19.so
7f9d4f09d000-7f9d4f09f000 rw-p 00000000 00:00 0 
7f9d4f09f000-7f9d4f0a8000 r-xp 00000000 08:03 396536                     /lib/x86_64-linux-gnu/libnss_compat-2.19.so
7f9d4f0a8000-7f9d4f2a7000 ---p 00009000 08:03 396536                     /lib/x86_64-linux-gnu/libnss_compat-2.19.so
7f9d4f2a7000-7f9d4f2a8000 r--p 00008000 08:03 396536                     /lib/x86_64-linux-gnu/libnss_compat-2.19.so
7f9d4f2a8000-7f9d4f2a9000 rw-p 00009000 08:03 396536                     /lib/x86_64-linux-gnu/libnss_compat-2.19.so
7f9d4f2a9000-7f9d4f2d3000 r-xp 00000000 08:03 554583                     /usr/lib/jvm/jdk1.8.0_72/jre/lib/amd64/libjava.so
7f9d4f2d3000-7f9d4f4d3000 ---p 0002a000 08:03 554583                     /usr/lib/jvm/jdk1.8.0_72/jre/lib/amd64/libjava.so
7f9d4f4d3000-7f9d4f4d5000 rw-p 0002a000 08:03 554583                     /usr/lib/jvm/jdk1.8.0_72/jre/lib/amd64/libjava.so
7f9d4f4d5000-7f9d4f4e2000 r-xp 00000000 08:03 554582                     /usr/lib/jvm/jdk1.8.0_72/jre/lib/amd64/libverify.so
7f9d4f4e2000-7f9d4f6e2000 ---p 0000d000 08:03 554582                     /usr/lib/jvm/jdk1.8.0_72/jre/lib/amd64/libverify.so
7f9d4f6e2000-7f9d4f6e4000 rw-p 0000d000 08:03 554582                     /usr/lib/jvm/jdk1.8.0_72/jre/lib/amd64/libverify.so
7f9d4f6e4000-7f9d4f6eb000 r-xp 00000000 08:03 396793                     /lib/x86_64-linux-gnu/librt-2.19.so
7f9d4f6eb000-7f9d4f8ea000 ---p 00007000 08:03 396793                     /lib/x86_64-linux-gnu/librt-2.19.so
7f9d4f8ea000-7f9d4f8eb000 r--p 00006000 08:03 396793                     /lib/x86_64-linux-gnu/librt-2.19.so
7f9d4f8eb000-7f9d4f8ec000 rw-p 00007000 08:03 396793                     /lib/x86_64-linux-gnu/librt-2.19.so
7f9d4f8ec000-7f9d4f9f1000 r-xp 00000000 08:03 396350                     /lib/x86_64-linux-gnu/libm-2.19.so
7f9d4f9f1000-7f9d4fbf0000 ---p 00105000 08:03 396350                     /lib/x86_64-linux-gnu/libm-2.19.so
7f9d4fbf0000-7f9d4fbf1000 r--p 00104000 08:03 396350                     /lib/x86_64-linux-gnu/libm-2.19.so
7f9d4fbf1000-7f9d4fbf2000 rw-p 00105000 08:03 396350                     /lib/x86_64-linux-gnu/libm-2.19.so
7f9d4fbf2000-7f9d508b1000 r-xp 00000000 08:03 554615                     /usr/lib/jvm/jdk1.8.0_72/jre/lib/amd64/server/libjvm.so
7f9d508b1000-7f9d50ab0000 ---p 00cbf000 08:03 554615                     /usr/lib/jvm/jdk1.8.0_72/jre/lib/amd64/server/libjvm.so
7f9d50ab0000-7f9d50b89000 rw-p 00cbe000 08:03 554615                     /usr/lib/jvm/jdk1.8.0_72/jre/lib/amd64/server/libjvm.so
7f9d50b89000-7f9d50bd2000 rw-p 00000000 00:00 0 
7f9d50bd2000-7f9d50d8d000 r-xp 00000000 08:03 396794                     /lib/x86_64-linux-gnu/libc-2.19.so
7f9d50d8d000-7f9d50f8c000 ---p 001bb000 08:03 396794                     /lib/x86_64-linux-gnu/libc-2.19.so
7f9d50f8c000-7f9d50f90000 r--p 001ba000 08:03 396794                     /lib/x86_64-linux-gnu/libc-2.19.so
7f9d50f90000-7f9d50f92000 rw-p 001be000 08:03 396794                     /lib/x86_64-linux-gnu/libc-2.19.so
7f9d50f92000-7f9d50f97000 rw-p 00000000 00:00 0 
7f9d50f97000-7f9d50f9a000 r-xp 00000000 08:03 396402                     /lib/x86_64-linux-gnu/libdl-2.19.so
7f9d50f9a000-7f9d51199000 ---p 00003000 08:03 396402                     /lib/x86_64-linux-gnu/libdl-2.19.so
7f9d51199000-7f9d5119a000 r--p 00002000 08:03 396402                     /lib/x86_64-linux-gnu/libdl-2.19.so
7f9d5119a000-7f9d5119b000 rw-p 00003000 08:03 396402                     /lib/x86_64-linux-gnu/libdl-2.19.so
7f9d5119b000-7f9d511b0000 r-xp 00000000 08:03 554109                     /usr/lib/jvm/jdk1.8.0_72/lib/amd64/jli/libjli.so
7f9d511b0000-7f9d513b0000 ---p 00015000 08:03 554109                     /usr/lib/jvm/jdk1.8.0_72/lib/amd64/jli/libjli.so
7f9d513b0000-7f9d513b1000 rw-p 00015000 08:03 554109                     /usr/lib/jvm/jdk1.8.0_72/lib/amd64/jli/libjli.so
7f9d513b1000-7f9d513ca000 r-xp 00000000 08:03 396607                     /lib/x86_64-linux-gnu/libpthread-2.19.so
7f9d513ca000-7f9d515c9000 ---p 00019000 08:03 396607                     /lib/x86_64-linux-gnu/libpthread-2.19.so
7f9d515c9000-7f9d515ca000 r--p 00018000 08:03 396607                     /lib/x86_64-linux-gnu/libpthread-2.19.so
7f9d515ca000-7f9d515cb000 rw-p 00019000 08:03 396607                     /lib/x86_64-linux-gnu/libpthread-2.19.so
7f9d515cb000-7f9d515cf000 rw-p 00000000 00:00 0 
7f9d515cf000-7f9d515f2000 r-xp 00000000 08:03 396641                     /lib/x86_64-linux-gnu/ld-2.19.so
7f9d515fa000-7f9d516c6000 rw-p 00000000 00:00 0 
7f9d516c6000-7f9d516c9000 ---p 00000000 00:00 0 
7f9d516c9000-7f9d517cb000 rw-p 00000000 00:00 0 
7f9d517d5000-7f9d517d6000 rw-p 00000000 00:00 0 
7f9d517d6000-7f9d517e5000 r--s 000df000 08:02 60852                      /media/DATA/Development/sdk/build-tools/23.0.3/lib/dx.jar
7f9d517e5000-7f9d517ed000 rw-s 00000000 08:03 819963                     /tmp/hsperfdata_longlv/15836
7f9d517ed000-7f9d517ee000 rw-p 00000000 00:00 0 
7f9d517ee000-7f9d517ef000 ---p 00000000 00:00 0 
7f9d517ef000-7f9d517f1000 rw-p 00000000 00:00 0 
7f9d517f1000-7f9d517f2000 r--p 00022000 08:03 396641                     /lib/x86_64-linux-gnu/ld-2.19.so
7f9d517f2000-7f9d517f3000 rw-p 00023000 08:03 396641                     /lib/x86_64-linux-gnu/ld-2.19.so
7f9d517f3000-7f9d517f4000 rw-p 00000000 00:00 0 
7ffc2c0bd000-7ffc2c0df000 rw-p 00000000 00:00 0                          [stack]
7ffc2c0fe000-7ffc2c100000 r--p 00000000 00:00 0                          [vvar]
7ffc2c100000-7ffc2c102000 r-xp 00000000 00:00 0                          [vdso]
ffffffffff600000-ffffffffff601000 r-xp 00000000 00:00 0                  [vsyscall]

VM Arguments:
jvm_args: -Djava.awt.headless=true -Xmx2g -Dfile.encoding=UTF-8 -Duser.country=US -Duser.language=en -Duser.variant 
java_command: com.android.dx.command.Main --dex --force-jumbo --num-threads=4 --multi-dex --main-dex-list /home/longlv/code/UP_RDS/zalo-pay/zalopay-android/ZaloPay/app/build/intermediates/multi-dex/iapbeta/debug/maindexlist.txt --output /home/longlv/code/UP_RDS/zalo-pay/zalopay-android/ZaloPay/app/build/intermediates/transforms/dex/iapbeta/debug/folders/1000/1f/main /home/longlv/code/UP_RDS/zalo-pay/zalopay-android/ZaloPay/app/build/intermediates/transforms/jarMerging/iapbeta/debug/jars/1/1f/combined.jar
java_class_path (initial): /zserver/sdk/build-tools/23.0.3/lib/dx.jar
Launcher Type: SUN_STANDARD

Environment Variables:
PATH=/usr/local/sbin:/usr/local/bin:/usr/sbin:/usr/bin:/sbin:/bin:/usr/games:/usr/local/games
LD_LIBRARY_PATH=/home/longlv/zserver/android-studio-v2/bin:
SHELL=/bin/bash
DISPLAY=:0

Signal Handlers:
SIGSEGV: [libjvm.so+0xabb070], sa_mask[0]=11111111011111111101111111111110, sa_flags=SA_RESTART|SA_SIGINFO
SIGBUS: [libjvm.so+0xabb070], sa_mask[0]=11111111011111111101111111111110, sa_flags=SA_RESTART|SA_SIGINFO
SIGFPE: [libjvm.so+0x918480], sa_mask[0]=11111111011111111101111111111110, sa_flags=SA_RESTART|SA_SIGINFO
SIGPIPE: [libjvm.so+0x918480], sa_mask[0]=11111111011111111101111111111110, sa_flags=SA_RESTART|SA_SIGINFO
SIGXFSZ: [libjvm.so+0x918480], sa_mask[0]=11111111011111111101111111111110, sa_flags=SA_RESTART|SA_SIGINFO
SIGILL: [libjvm.so+0x918480], sa_mask[0]=11111111011111111101111111111110, sa_flags=SA_RESTART|SA_SIGINFO
SIGUSR1: SIG_DFL, sa_mask[0]=00000000000000000000000000000000, sa_flags=none
SIGUSR2: [libjvm.so+0x919ab0], sa_mask[0]=00100000000000000000000000000000, sa_flags=SA_RESTART|SA_SIGINFO
SIGHUP: [libjvm.so+0x91aeb0], sa_mask[0]=11111111011111111101111111111110, sa_flags=SA_RESTART|SA_SIGINFO
SIGINT: [libjvm.so+0x91aeb0], sa_mask[0]=11111111011111111101111111111110, sa_flags=SA_RESTART|SA_SIGINFO
SIGTERM: [libjvm.so+0x91aeb0], sa_mask[0]=11111111011111111101111111111110, sa_flags=SA_RESTART|SA_SIGINFO
SIGQUIT: [libjvm.so+0x91aeb0], sa_mask[0]=11111111011111111101111111111110, sa_flags=SA_RESTART|SA_SIGINFO


---------------  S Y S T E M  ---------------

OS:DISTRIB_ID=Ubuntu
DISTRIB_RELEASE=14.04
DISTRIB_CODENAME=trusty
DISTRIB_DESCRIPTION="Ubuntu 14.04.4 LTS"

uname:Linux 3.19.0-59-generic #66~14.04.1-Ubuntu SMP Fri May 13 17:27:10 UTC 2016 x86_64
libc:glibc 2.19 NPTL 2.19 
rlimit: STACK 8192k, CORE 0k, NPROC 30660, NOFILE 4096, AS infinity
load average:3,84 2,35 1,83

/proc/meminfo:
MemTotal:        7870356 kB
MemFree:          151336 kB
MemAvailable:     206444 kB
Buffers:           41400 kB
Cached:           654340 kB
SwapCached:            0 kB
Active:          6988132 kB
Inactive:         503084 kB
Active(anon):    6888432 kB
Inactive(anon):   413884 kB
Active(file):      99700 kB
Inactive(file):    89200 kB
Unevictable:          64 kB
Mlocked:              64 kB
SwapTotal:             0 kB
SwapFree:              0 kB
Dirty:              8884 kB
Writeback:             0 kB
AnonPages:       6795628 kB
Mapped:           243268 kB
Shmem:            506800 kB
Slab:             111992 kB
SReclaimable:      70304 kB
SUnreclaim:        41688 kB
KernelStack:       14592 kB
PageTables:        49672 kB
NFS_Unstable:          0 kB
Bounce:                0 kB
WritebackTmp:          0 kB
CommitLimit:     3935176 kB
Committed_AS:   12119972 kB
VmallocTotal:   34359738367 kB
VmallocUsed:      382448 kB
VmallocChunk:   34359264376 kB
HardwareCorrupted:     0 kB
AnonHugePages:   3913728 kB
CmaTotal:              0 kB
CmaFree:               0 kB
HugePages_Total:       0
HugePages_Free:        0
HugePages_Rsvd:        0
HugePages_Surp:        0
Hugepagesize:       2048 kB
DirectMap4k:      190484 kB
DirectMap2M:     7888896 kB


CPU:total 4 (2 cores per cpu, 2 threads per core) family 6 model 58 stepping 9, cmov, cx8, fxsr, mmx, sse, sse2, sse3, ssse3, sse4.1, sse4.2, popcnt, avx, aes, clmul, erms, ht, tsc, tscinvbit, tscinv

/proc/cpuinfo:
processor	: 0
vendor_id	: GenuineIntel
cpu family	: 6
model		: 58
model name	: Intel(R) Core(TM) i5-3320M CPU @ 2.60GHz
stepping	: 9
microcode	: 0x16
cpu MHz		: 3099.992
cache size	: 3072 KB
physical id	: 0
siblings	: 4
core id		: 0
cpu cores	: 2
apicid		: 0
initial apicid	: 0
fpu		: yes
fpu_exception	: yes
cpuid level	: 13
wp		: yes
flags		: fpu vme de pse tsc msr pae mce cx8 apic sep mtrr pge mca cmov pat pse36 clflush dts acpi mmx fxsr sse sse2 ss ht tm pbe syscall nx rdtscp lm constant_tsc arch_perfmon pebs bts rep_good nopl xtopology nonstop_tsc aperfmperf eagerfpu pni pclmulqdq dtes64 monitor ds_cpl vmx smx est tm2 ssse3 cx16 xtpr pdcm pcid sse4_1 sse4_2 x2apic popcnt tsc_deadline_timer aes xsave avx f16c rdrand lahf_lm ida arat epb pln pts dtherm tpr_shadow vnmi flexpriority ept vpid fsgsbase smep erms xsaveopt
bugs		:
bogomips	: 5188.08
clflush size	: 64
cache_alignment	: 64
address sizes	: 36 bits physical, 48 bits virtual
power management:

processor	: 1
vendor_id	: GenuineIntel
cpu family	: 6
model		: 58
model name	: Intel(R) Core(TM) i5-3320M CPU @ 2.60GHz
stepping	: 9
microcode	: 0x16
cpu MHz		: 3099.992
cache size	: 3072 KB
physical id	: 0
siblings	: 4
core id		: 0
cpu cores	: 2
apicid		: 1
initial apicid	: 1
fpu		: yes
fpu_exception	: yes
cpuid level	: 13
wp		: yes
flags		: fpu vme de pse tsc msr pae mce cx8 apic sep mtrr pge mca cmov pat pse36 clflush dts acpi mmx fxsr sse sse2 ss ht tm pbe syscall nx rdtscp lm constant_tsc arch_perfmon pebs bts rep_good nopl xtopology nonstop_tsc aperfmperf eagerfpu pni pclmulqdq dtes64 monitor ds_cpl vmx smx est tm2 ssse3 cx16 xtpr pdcm pcid sse4_1 sse4_2 x2apic popcnt tsc_deadline_timer aes xsave avx f16c rdrand lahf_lm ida arat epb pln pts dtherm tpr_shadow vnmi flexpriority ept vpid fsgsbase smep erms xsaveopt
bugs		:
bogomips	: 5188.08
clflush size	: 64
cache_alignment	: 64
address sizes	: 36 bits physical, 48 bits virtual
power management:

processor	: 2
vendor_id	: GenuineIntel
cpu family	: 6
model		: 58
model name	: Intel(R) Core(TM) i5-3320M CPU @ 2.60GHz
stepping	: 9
microcode	: 0x16
cpu MHz		: 3099.992
cache size	: 3072 KB
physical id	: 0
siblings	: 4
core id		: 1
cpu cores	: 2
apicid		: 2
initial apicid	: 2
fpu		: yes
fpu_exception	: yes
cpuid level	: 13
wp		: yes
flags		: fpu vme de pse tsc msr pae mce cx8 apic sep mtrr pge mca cmov pat pse36 clflush dts acpi mmx fxsr sse sse2 ss ht tm pbe syscall nx rdtscp lm constant_tsc arch_perfmon pebs bts rep_good nopl xtopology nonstop_tsc aperfmperf eagerfpu pni pclmulqdq dtes64 monitor ds_cpl vmx smx est tm2 ssse3 cx16 xtpr pdcm pcid sse4_1 sse4_2 x2apic popcnt tsc_deadline_timer aes xsave avx f16c rdrand lahf_lm ida arat epb pln pts dtherm tpr_shadow vnmi flexpriority ept vpid fsgsbase smep erms xsaveopt
bugs		:
bogomips	: 5188.08
clflush size	: 64
cache_alignment	: 64
address sizes	: 36 bits physical, 48 bits virtual
power management:

processor	: 3
vendor_id	: GenuineIntel
cpu family	: 6
model		: 58
model name	: Intel(R) Core(TM) i5-3320M CPU @ 2.60GHz
stepping	: 9
microcode	: 0x16
cpu MHz		: 3099.992
cache size	: 3072 KB
physical id	: 0
siblings	: 4
core id		: 1
cpu cores	: 2
apicid		: 3
initial apicid	: 3
fpu		: yes
fpu_exception	: yes
cpuid level	: 13
wp		: yes
flags		: fpu vme de pse tsc msr pae mce cx8 apic sep mtrr pge mca cmov pat pse36 clflush dts acpi mmx fxsr sse sse2 ss ht tm pbe syscall nx rdtscp lm constant_tsc arch_perfmon pebs bts rep_good nopl xtopology nonstop_tsc aperfmperf eagerfpu pni pclmulqdq dtes64 monitor ds_cpl vmx smx est tm2 ssse3 cx16 xtpr pdcm pcid sse4_1 sse4_2 x2apic popcnt tsc_deadline_timer aes xsave avx f16c rdrand lahf_lm ida arat epb pln pts dtherm tpr_shadow vnmi flexpriority ept vpid fsgsbase smep erms xsaveopt
bugs		:
bogomips	: 5188.08
clflush size	: 64
cache_alignment	: 64
address sizes	: 36 bits physical, 48 bits virtual
power management:



Memory: 4k page, physical 7870356k(151336k free), swap 0k(0k free)

vm_info: Java HotSpot(TM) 64-Bit Server VM (25.72-b15) for linux-amd64 JRE (1.8.0_72-b15), built on Dec 22 2015 22:00:07 by "java_re" with gcc 4.3.0 20080428 (Red Hat 4.3.0-8)

time: Fri May 20 18:58:01 2016
elapsed time: 30 seconds (0d 0h 0m 30s)

