#
# There is insufficient memory for the Java Runtime Environment to continue.
# Native memory allocation (mmap) failed to map 329252864 bytes for committing reserved memory.
# Possible reasons:
#   The system is out of physical RAM or swap space
#   In 32 bit mode, the process size limit was hit
# Possible solutions:
#   Reduce memory load on the system
#   Increase physical memory or swap space
#   Check if swap backing store is full
#   Use 64 bit Java on a 64 bit OS
#   Decrease Java heap size (-Xmx/-Xms)
#   Decrease number of Java threads
#   Decrease Java thread stack sizes (-Xss)
#   Set larger code cache with -XX:ReservedCodeCacheSize=
# This output file may be truncated or incomplete.
#
#  Out of Memory Error (os_linux.cpp:2627), pid=11904, tid=140241765635840
#
# JRE version: Java(TM) SE Runtime Environment (8.0_72-b15) (build 1.8.0_72-b15)
# Java VM: Java HotSpot(TM) 64-Bit Server VM (25.72-b15 mixed mode linux-amd64 compressed oops)
# Failed to write core dump. Core dumps have been disabled. To enable core dumping, try "ulimit -c unlimited" before starting Java again
#

---------------  T H R E A D  ---------------

Current thread (0x00007f8ca4078000):  VMThread [stack: 0x00007f8c948f9000,0x00007f8c949fa000] [id=11914]

Stack: [0x00007f8c948f9000,0x00007f8c949fa000],  sp=0x00007f8c949f8160,  free space=1020k
Native frames: (J=compiled Java code, j=interpreted, Vv=VM code, C=native code)
V  [libjvm.so+0xaba7ea]  VMError::report_and_die()+0x2ba
V  [libjvm.so+0x4f9e3b]  report_vm_out_of_memory(char const*, int, unsigned long, VMErrorType, char const*)+0x8b
V  [libjvm.so+0x91b613]  os::Linux::commit_memory_impl(char*, unsigned long, bool)+0x103
V  [libjvm.so+0x91bb69]  os::pd_commit_memory(char*, unsigned long, unsigned long, bool)+0x29
V  [libjvm.so+0x915e6a]  os::commit_memory(char*, unsigned long, unsigned long, bool)+0x2a
V  [libjvm.so+0x989543]  PSVirtualSpace::expand_by(unsigned long)+0x53
V  [libjvm.so+0x979e30]  PSOldGen::expand(unsigned long)+0x170
V  [libjvm.so+0x97a03b]  PSOldGen::resize(unsigned long)+0x1cb
V  [libjvm.so+0x981d11]  PSParallelCompact::invoke_no_policy(bool)+0x991
V  [libjvm.so+0x98766d]  PSScavenge::invoke()+0x1ad
V  [libjvm.so+0x93f300]  ParallelScavengeHeap::failed_mem_allocate(unsigned long)+0x70
V  [libjvm.so+0xabc207]  VM_ParallelGCFailedAllocation::doit()+0x97
V  [libjvm.so+0xac3c35]  VM_Operation::evaluate()+0x55
V  [libjvm.so+0xac200a]  VMThread::evaluate_operation(VM_Operation*)+0xba
V  [libjvm.so+0xac238e]  VMThread::loop()+0x1ce
V  [libjvm.so+0xac2800]  VMThread::run()+0x70
V  [libjvm.so+0x91d9d8]  java_start(Thread*)+0x108

VM_Operation (0x00007f8c775b51f0): ParallelGCFailedAllocation, mode: safepoint, requested by thread 0x00007f8ca436e000


---------------  P R O C E S S  ---------------

Java Threads: ( => current thread )
  0x00007f8ca4354800 JavaThread "pool-1-thread-1" [_thread_blocked, id=11935, stack(0x00007f8c770b2000,0x00007f8c771b3000)]
  0x00007f8ca4372800 JavaThread "pool-2-thread-4" [_thread_blocked, id=11927, stack(0x00007f8c771b3000,0x00007f8c772b4000)]
  0x00007f8ca4371000 JavaThread "pool-2-thread-3" [_thread_blocked, id=11926, stack(0x00007f8c772b4000,0x00007f8c773b5000)]
  0x00007f8ca436f800 JavaThread "pool-2-thread-2" [_thread_blocked, id=11925, stack(0x00007f8c773b5000,0x00007f8c774b6000)]
  0x00007f8ca436e000 JavaThread "pool-3-thread-1" [_thread_blocked, id=11924, stack(0x00007f8c774b6000,0x00007f8c775b7000)]
  0x00007f8ca436c000 JavaThread "pool-2-thread-1" [_thread_blocked, id=11923, stack(0x00007f8c775b7000,0x00007f8c776b8000)]
  0x00007f8ca40db800 JavaThread "Service Thread" daemon [_thread_blocked, id=11921, stack(0x00007f8c941f2000,0x00007f8c942f3000)]
  0x00007f8ca40be800 JavaThread "C1 CompilerThread2" daemon [_thread_blocked, id=11920, stack(0x00007f8c942f3000,0x00007f8c943f4000)]
  0x00007f8ca40bc800 JavaThread "C2 CompilerThread1" daemon [_thread_blocked, id=11919, stack(0x00007f8c943f4000,0x00007f8c944f5000)]
  0x00007f8ca40b9800 JavaThread "C2 CompilerThread0" daemon [_thread_blocked, id=11918, stack(0x00007f8c944f5000,0x00007f8c945f60