#
# There is insufficient memory for the Java Runtime Environment to continue.
# Native memory allocation (mmap) failed to map 299892736 bytes for committing reserved memory.
# Possible reasons:
#   The system is out of physical RAM or swap space
#   In 32 bit mode, the process size limit was hit
# Possible solutions:
#   Reduce memory load on the system
#   Increase physical memory or swap space
#   Check if swap backing store is full
#   Use 64 bit Java on a 64 bit OS
#   Decrease Java heap size (-Xmx/-Xms)
#   Decrease number of Java threads
#   Decrease Java thread stack sizes (-Xss)
#   Set larger code cache with -XX:ReservedCodeCacheSize=
# This output file may be truncated or incomplete.
#
#  Out of Memory Error (os_linux.cpp:2627), pid=12005, tid=139842695157504
#
# JRE version: Java(TM) SE Runtime Environment (8.0_72-b15) (build 1.8.0_72-b15)
# Java VM: Java HotSpot(TM) 64-Bit Server VM (25.72-b15 mixed mode linux-amd64 compressed oops)
# Failed to write core dump. Core dumps have been disabled. To enable core dumping, try "ulimit -c unlimited" before starting Java again
#

---------------  T H R E A D  ---------------

Current thread (0x00007f2fc8078000):  VMThread [stack: 0x00007f2faa1b5000,0x00007f2faa2b6000] [id=12014]

Stack: [0x00007f2faa1b5000,0x00007f2faa2b6000],  sp=0x00007f2faa2b42e0,  free space=1020k
Native frames: (J=compiled Java code, j=interpreted, Vv=VM code, C=native code)
V  [libjvm.so+0xaba7ea]  VMError::report_and_die()+0x2ba
V  [libjvm.so+0x4f9e3b]  report_vm_out_of_memory(char const*, int, unsigned long, VMErrorType, char const*)+0x8b
V  [libjvm.so+0x91b613]  os::Linux::commit_memory_impl(char*, unsigned long, bool)+0x103
V  [libjvm.so+0x91bb69]  os::pd_commit_memory(char*, unsigned long, unsigned long, bool)+0x29
V  [libjvm.so+0x915e6a]  os::commit_memory(char*, unsigned long, unsigned long, bool)+0x2a
V  [libjvm.so+0x989543]  PSVirtualSpace::expand_by(unsigned long)+0x53
V  [libjvm.so+0x979e30]  PSOldGen::expand(unsigned long)+0x170
V  [libjvm.so+0x97a03b]  PSOldGen::resize(unsigned long)+0x1cb
V  [libjvm.so+0x981d11]  PSParallelCompact::invoke_no_policy(bool)+0x991
V  [libjvm.so+0x98766d]  PSScavenge::invoke()+0x1ad
V  [libjvm.so+0x93f300]  ParallelScavengeHeap::failed_mem_allocate(unsigned long)+0x70
V  [libjvm.so+0xabc207]  VM_ParallelGCFailedAllocation::doit()+0x97
V  [libjvm.so+0xac3c35]  VM_Operation::evaluate()+0x55
V  [libjvm.so+0xac200a]  VMThread::evaluate_operation(VM_Operation*)+0xba
V  [libjvm.so+0xac238e]  VMThread::loop()+0x1ce
V  [libjvm.so+0xac2800]  VMThread::run()+0x70
V  [libjvm.so+0x91d9d8]  java_start(Thread*)+0x108

VM_Operation (0x00007f2fa8e5fd50): ParallelGCFailedAllocation, mode: safepoint, requested by thread 0x00007f2fc81a8000


---------------  P R O C E S S  ---------------

Java Threads: ( => current thread )
  0x00007f2fc8173800 JavaThread "pool-1-thread-1" [_thread_blocked, id=12034, stack(0x00007f2fa8a5e000,0x00007f2fa8b5f000)]
  0x00007f2fc81ab800 JavaThread "pool-2-thread-4" [_thread_blocked, id=12027, stack(0x00007f2fa8b5f000,0x00007f2fa8c60000)]
  0x00007f2fc81aa000 JavaThread "pool-2-thread-3" [_thread_blocked, id=12026, stack(0x00007f2fa8c60000,0x00007f2fa8d61000)]
  0x00007f2fc81a8000 JavaThread "pool-2-thread-2" [_thread_blocked, id=12025, stack(0x00007f2fa8d61000,0x00007f2fa8e62000)]
  0x00007f2fc81a7000 JavaThread "pool-3-thread-1" [_thread_blocked, id=12024, stack(0x00007f2fa8e62000,0x00007f2fa8f63000)]
  0x00007f2fc81a4800 JavaThread "pool-2-thread-1" [_thread_blocked, id=12023, stack(0x00007f2fa8f63000,0x00007f2fa9064000)]
  0x00007f2fc80c1800 JavaThread "Service Thread" daemon [_thread_blocked, id=12021, stack(0x00007f2fa925c000,0x00007f2fa935d000)]
  0x00007f2fc80be800 JavaThread "C1 CompilerThread2" daemon [_thread_blocked, id=12020, stack(0x00007f2fa935d000,0x00007f2fa945e000)]
  0x00007f2fc80bc800 JavaThread "C2 CompilerThread1" daemon [_thread_blocked, id=12019, stack(0x00007f2fa945e000,0x00007f2fa955f000)]
  0x00007f2fc80b9800 JavaThread "C2 CompilerThread0" daemon [_thread_blocked, id=12018, stack(0x00007f2fa955f000,0x00007f2fa9660000)]
  0x00007f2fc80b8000 JavaThread "Signal Dispatcher" daemon [_thread_blocked, id=12017, stack(0x00007f2fa9660000,0x00007f2fa9761000)]
  0x00007f2fc8084000 JavaThread "Finalizer" daemon [_thread_blocked, id=12016, stack(0x00007f2fa9fb3000,0x00007f2faa0b4000)]
  0x00007f2fc807f800 JavaThread "Reference Handler" daemon [_thread_blocked, id=12015, stack(0x00007f2faa0b4000,0x00007f2faa1b5000)]
  0x00007f2fc800a000 JavaThread "main" [_thread_blocked, id=12009, stack(0x00007f2fcede8000,0x00007f2fceee9000)]

Other Threads:
=>0x00007f2fc8078000 VMThread [stack: 0x00007f2faa1b5000,0x00007f2faa2b6000] [id=12014]
  0x00007f2fc80c4800 WatcherThread [stack: 0x00007f2fa915b000,0x00007f2fa925c000] [id=12022]

VM state:at safepoint (normal execution)

VM Mutex/Monitor currently owned by a thread:  ([mutex/lock_event])
[0x00007f2fc8005f80] ExpandHeap_lock - owner thread: 0x00007f2fc8078000
[0x00007f2fc8006600] Threads_lock - owner thread: 0x00007f2fc8078000
[0x00007f2fc8006b00] Heap_lock - owner thread: 0x00007f2fc81a8000

Heap:
 PSYoungGen      total 340480K, used 67823K [0x00000000d5580000, 0x00000000fee00000, 0x0000000100000000)
  eden space 232960K, 0% used [0x00000000d5580000,0x00000000d5580000,0x00000000e3900000)
  from space 107520K, 63% used [0x00000000e3900000,0x00000000e7b3bdb0,0x00000000ea200000)
  to   space 223744K, 0% used [0x00000000f1380000,0x00000000f1380000,0x00000000fee00000)
 ParOldGen       total 700416K, used 700338K [0x0000000080000000, 0x00000000aac00000, 0x00000000d5580000)
  object space 700416K, 99% used [0x0000000080000000,0x00000000aabec940,0x00000000aac00000)
 Metaspace       used 6757K, capacity 7384K, committed 7680K, reserved 1056768K
  class space    used 627K, capacity 656K, committed 768K, reserved 1048576K

Card table byte_map: [0x00007f2fb8624000,0x00007f2fb8a25000] byte_map_base: 0x00007f2fb8224000

Marking Bits: (ParMarkBitMap*) 0x00007f2fce2c9100
 Begin Bits: [0x00007f2fb0000000, 0x00007f2fb2000000)
 End Bits:   [0x00007f2fb2000000, 0x00007f2fb4000000)

Polling page: 0x00007f2fcef10000

CodeCache: size=245760Kb used=11778Kb max_used=13545Kb free=233981Kb
 bounds [0x00007f2fb8de5000, 0x00007f2fb9b35000, 0x00007f2fc7de5000]
 total_blobs=2711 nmethods=2442 adapters=182
 compilation: enabled

Compilation events (10 events):
Event: 31,839 Thread 0x00007f2fc80be800 3076       3       com.android.dx.dex.code.StdCatchBuilder::hasAnyCatches (57 bytes)
Event: 31,839 Thread 0x00007f2fc80be800 nmethod 3076 0x00007f2fb91c96d0 code [0x00007f2fb91c98e0, 0x00007f2fb91ca5d8]
Event: 31,852 Thread 0x00007f2fc80be800 3078       3       com.android.dx.dex.cf.AttributeTranslator::translateInnerClasses (356 bytes)
Event: 31,857 Thread 0x00007f2fc80be800 nmethod 3078 0x00007f2fb90412d0 code [0x00007f2fb90418e0, 0x00007f2fb9045bf8]
Event: 31,877 Thread 0x00007f2fc80be800 3079 %     3       com.android.dx.dex.file.CodeItem::addContents @ 142 (174 bytes)
Event: 31,879 Thread 0x00007f2fc80be800 nmethod 3079% 0x00007f2fb920d290 code [0x00007f2fb920d5a0, 0x00007f2fb920efa8]
Event: 31,879 Thread 0x00007f2fc80be800 3080       3       com.android.dx.dex.file.CodeItem::addContents (174 bytes)
Event: 31,883 Thread 0x00007f2fc80be800 nmethod 3080 0x00007f2fb9437250 code [0x00007f2fb9437560, 0x00007f2fb9438f08]
Event: 31,987 Thread 0x00007f2fc80bc800 nmethod 1582% 0x00007f2fb90f37d0 code [0x00007f2fb90f3be0, 0x00007f2fb90f6a20]
Event: 31,987 Thread 0x00007f2fc80bc800 3083 %     4       com.android.dx.dex.file.AnnotationUtils::makeSignature @ 65 (251 bytes)

GC Heap History (10 events):
Event: 27,836 GC heap after
Heap after GC invocations=23 (full 4):
 PSYoungGen      total 462336K, used 143658K [0x00000000d5580000, 0x0000000100000000, 0x0000000100000000)
  eden space 245760K, 0% used [0x00000000d5580000,0x00000000d5580000,0x00000000e4580000)
  from space 216576K, 66% used [0x00000000e4580000,0x00000000ed1caa20,0x00000000f1900000)
  to   space 224256K, 0% used [0x00000000f2500000,0x00000000f2500000,0x0000000100000000)
 ParOldGen       total 700416K, used 501725K [0x0000000080000000, 0x00000000aac00000, 0x00000000d5580000)
  object space 700416K, 71% used [0x0000000080000000,0x000000009e9f7728,0x00000000aac00000)
 Metaspace       used 6629K, capacity 7320K, committed 7680K, reserved 1056768K
  class space    used 618K, capacity 656K, committed 768K, reserved 1048576K
}
Event: 28,661 GC heap before
{Heap before GC invocations=24 (full 4):
 PSYoungGen      total 462336K, used 389418K [0x00000000d5580000, 0x0000000100000000, 0x0000000100000000)
  eden space 245760K, 100% used [0x00000000d5580000,0x00000000e4580000,0x00000000e4580000)
  from space 216576K, 66% used [0x00000000e4580000,0x00000000ed1caa20,0x00000000f1900000)
  to   space 224256K, 0% used [0x00000000f2500000,0x00000000f2500000,0x0000000100000000)
 ParOldGen       total 700416K, used 501725K [0x0000000080000000, 0x00000000aac00000, 0x00000000d5580000)
  object space 700416K, 71% used [0x0000000080000000,0x000000009e9f7728,0x00000000aac00000)
 Metaspace       used 6629K, capacity 7320K, committed 7680K, reserved 1056768K
  class space    used 618K, capacity 656K, committed 768K, reserved 1048576K
Event: 28,970 GC heap after
Heap after GC invocations=24 (full 4):
 PSYoungGen      total 457216K, used 174175K [0x00000000d5580000, 0x0000000100000000, 0x0000000100000000)
  eden space 232960K, 0% used [0x00000000d5580000,0x00000000d5580000,0x00000000e3900000)
  from space 224256K, 77% used [0x00000000f2500000,0x00000000fcf17ff0,0x0000000100000000)
  to   space 232960K, 0% used [0x00000000e3900000,0x00000000e3900000,0x00000000f1c80000)
 ParOldGen       total 700416K, used 501725K [0x0000000080000000, 0x00000000aac00000, 0x00000000d5580000)
  object space 700416K, 71% used [0x0000000080000000,0x000000009e9f7728,0x00000000aac00000)
 Metaspace       used 6629K, capacity 7320K, committed 7680K, reserved 1056768K
  class space    used 618K, capacity 656K, committed 768K, reserved 1048576K
}
Event: 29,602 GC heap before
{Heap before GC invocations=25 (full 4):
 PSYoungGen      total 457216K, used 407135K [0x00000000d5580000, 0x0000000100000000, 0x0000000100000000)
  eden space 232960K, 100% used [0x00000000d5580000,0x00000000e3900000,0x00000000e3900000)
  from space 224256K, 77% used [0x00000000f2500000,0x00000000fcf17ff0,0x0000000100000000)
  to   space 232960K, 0% used [0x00000000e3900000,0x00000000e3900000,0x00000000f1c80000)
 ParOldGen       total 700416K, used 501725K [0x0000000080000000, 0x00000000aac00000, 0x00000000d5580000)
  object space 700416K, 71% used [0x0000000080000000,0x000000009e9f7728,0x00000000aac00000)
 Metaspace       used 6630K, capacity 7320K, committed 7680K, reserved 1056768K
  class space    used 618K, capacity 656K, committed 768K, reserved 1048576K
Event: 29,892 GC heap after
Heap after GC invocations=25 (full 4):
 PSYoungGen      total 465920K, used 135077K [0x00000000d5580000, 0x0000000100000000, 0x0000000100000000)
  eden space 232960K, 0% used [0x00000000d5580000,0x00000000d5580000,0x00000000e3900000)
  from space 232960K, 57% used [0x00000000e3900000,0x00000000ebce95e0,0x00000000f1c80000)
  to   space 232960K, 0% used [0x00000000f1c80000,0x00000000f1c80000,0x0000000100000000)
 ParOldGen       total 700416K, used 575731K [0x0000000080000000, 0x00000000aac00000, 0x00000000d5580000)
  object space 700416K, 82% used [0x0000000080000000,0x00000000a323cd98,0x00000000aac00000)
 Metaspace       used 6630K, capacity 7320K, committed 7680K, reserved 1056768K
  class space    used 618K, capacity 656K, committed 768K, reserved 1048576K
}
Event: 30,883 GC heap before
{Heap before GC invocations=26 (full 4):
 PSYoungGen      total 465920K, used 368037K [0x00000000d5580000, 0x0000000100000000, 0x0000000100000000)
  eden space 232960K, 100% used [0x00000000d5580000,0x00000000e3900000,0x00000000e3900000)
  from space 232960K, 57% used [0x00000000e3900000,0x00000000ebce95e0,0x00000000f1c80000)
  to   space 232960K, 0% used [0x00000000f1c80000,0x00000000f1c80000,0x0000000100000000)
 ParOldGen       total 700416K, used 575731K [0x0000000080000000, 0x00000000aac00000, 0x00000000d5580000)
  object space 700416K, 82% used [0x0000000080000000,0x00000000a323cd98,0x00000000aac00000)
 Metaspace       used 6712K, capacity 7384K, committed 7680K, reserved 1056768K
  class space    used 625K, capacity 656K, committed 768K, reserved 1048576K
Event: 31,121 GC heap after
Heap after GC invocations=26 (full 4):
 PSYoungGen      total 465920K, used 132767K [0x00000000d5580000, 0x0000000100000000, 0x0000000100000000)
  eden space 232960K, 0% used [0x00000000d5580000,0x00000000d5580000,0x00000000e3900000)
  from space 232960K, 56% used [0x00000000f1c80000,0x00000000f9e27ef0,0x0000000100000000)
  to   space 232960K, 0% used [0x00000000e3900000,0x00000000e3900000,0x00000000f1c80000)
 ParOldGen       total 700416K, used 613236K [0x0000000080000000, 0x00000000aac00000, 0x00000000d5580000)
  object space 700416K, 87% used [0x0000000080000000,0x00000000a56dd108,0x00000000aac00000)
 Metaspace       used 6712K, capacity 7384K, committed 7680K, reserved 1056768K
  class space    used 625K, capacity 656K, committed 768K, reserved 1048576K
}
Event: 32,095 GC heap before
{Heap before GC invocations=27 (full 4):
 PSYoungGen      total 465920K, used 365727K [0x00000000d5580000, 0x0000000100000000, 0x0000000100000000)
  eden space 232960K, 100% used [0x00000000d5580000,0x00000000e3900000,0x00000000e3900000)
  from space 232960K, 56% used [0x00000000f1c80000,0x00000000f9e27ef0,0x0000000100000000)
  to   space 232960K, 0% used [0x00000000e3900000,0x00000000e3900000,0x00000000f1c80000)
 ParOldGen       total 700416K, used 613236K [0x0000000080000000, 0x00000000aac00000, 0x00000000d5580000)
  object space 700416K, 87% used [0x0000000080000000,0x00000000a56dd108,0x00000000aac00000)
 Metaspace       used 6757K, capacity 7384K, committed 7680K, reserved 1056768K
  class space    used 627K, capacity 656K, committed 768K, reserved 1048576K
Event: 32,365 GC heap after
Heap after GC invocations=27 (full 4):
 PSYoungGen      total 340480K, used 107303K [0x00000000d5580000, 0x00000000fee00000, 0x0000000100000000)
  eden space 232960K, 0% used [0x00000000d5580000,0x00000000d5580000,0x00000000e3900000)
  from space 107520K, 99% used [0x00000000e3900000,0x00000000ea1c9fd0,0x00000000ea200000)
  to   space 223744K, 0% used [0x00000000f1380000,0x00000000f1380000,0x00000000fee00000)
 ParOldGen       total 700416K, used 674806K [0x0000000080000000, 0x00000000aac00000, 0x00000000d5580000)
  object space 700416K, 96% used [0x0000000080000000,0x00000000a92fd918,0x00000000aac00000)
 Metaspace       used 6757K, capacity 7384K, committed 7680K, reserved 1056768K
  class space    used 627K, capacity 656K, committed 768K, reserved 1048576K
}
Event: 32,365 GC heap before
{Heap before GC invocations=28 (full 5):
 PSYoungGen      total 340480K, used 107303K [0x00000000d5580000, 0x00000000fee00000, 0x0000000100000000)
  eden space 232960K, 0% used [0x00000000d5580000,0x00000000d5580000,0x00000000e3900000)
  from space 107520K, 99% used [0x00000000e3900000,0x00000000ea1c9fd0,0x00000000ea200000)
  to   space 223744K, 0% used [0x00000000f1380000,0x00000000f1380000,0x00000000fee00000)
 ParOldGen       total 700416K, used 674806K [0x0000000080000000, 0x00000000aac00000, 0x00000000d5580000)
  object space 700416K, 96% used [0x0000000080000000,0x00000000a92fd918,0x00000000aac00000)
 Metaspace       used 6757K, capacity 7384K, committed 7680K, reserved 1056768K
  class space    used 627K, capacity 656K, committed 768K, reserved 1048576K

Deoptimization events (10 events):
Event: 30,789 Thread 0x00007f2fc8173800 Uncommon trap: reason=class_check action=maybe_recompile pc=0x00007f2fb91fb1fc method=java.util.Arrays.hashCode([Ljava/lang/Object;)I @ 43
Event: 30,789 Thread 0x00007f2fc8173800 Uncommon trap: reason=class_check action=maybe_recompile pc=0x00007f2fb91fb1fc method=java.util.Arrays.hashCode([Ljava/lang/Object;)I @ 43
Event: 30,791 Thread 0x00007f2fc8173800 Uncommon trap: reason=class_check action=maybe_recompile pc=0x00007f2fb91fb1fc method=java.util.Arrays.hashCode([Ljava/lang/Object;)I @ 43
Event: 30,791 Thread 0x00007f2fc8173800 Uncommon trap: reason=class_check action=maybe_recompile pc=0x00007f2fb91d7b74 method=java.util.Arrays.hashCode([Ljava/lang/Object;)I @ 43
Event: 30,851 Thread 0x00007f2fc8173800 Uncommon trap: reason=bimorphic action=maybe_recompile pc=0x00007f2fb99f4680 method=java.util.HashMap$TreeNode.find(ILjava/lang/Object;Ljava/lang/Class;)Ljava/util/HashMap$TreeNode; @ 68
Event: 30,872 Thread 0x00007f2fc8173800 Uncommon trap: reason=bimorphic action=maybe_recompile pc=0x00007f2fb99f4680 method=java.util.HashMap$TreeNode.find(ILjava/lang/Object;Ljava/lang/Class;)Ljava/util/HashMap$TreeNode; @ 68
Event: 31,500 Thread 0x00007f2fc8173800 Uncommon trap: reason=bimorphic action=maybe_recompile pc=0x00007f2fb91dbd10 method=java.util.Arrays.hashCode([Ljava/lang/Object;)I @ 43
Event: 31,501 Thread 0x00007f2fc8173800 Uncommon trap: reason=bimorphic action=maybe_recompile pc=0x00007f2fb91dbd10 method=java.util.Arrays.hashCode([Ljava/lang/Object;)I @ 43
Event: 31,501 Thread 0x00007f2fc8173800 Uncommon trap: reason=bimorphic action=maybe_recompile pc=0x00007f2fb91dbd10 method=java.util.Arrays.hashCode([Ljava/lang/Object;)I @ 43
Event: 31,501 Thread 0x00007f2fc8173800 Uncommon trap: reason=bimorphic action=maybe_recompile pc=0x00007f2fb91dbd10 method=java.util.Arrays.hashCode([Ljava/lang/Object;)I @ 43

Internal exceptions (7 events):
Event: 0,019 Thread 0x00007f2fc800a000 Exception <a 'java/lang/NoSuchMethodError': Method sun.misc.Unsafe.defineClass(Ljava/lang/String;[BII)Ljava/lang/Class; name or signature does not match> (0x00000000d5587cc0) thrown at [/HUDSON/workspace/8-2-build-linux-amd64/jdk8u72/5732/hotspot/src/shar
Event: 0,019 Thread 0x00007f2fc800a000 Exception <a 'java/lang/NoSuchMethodError': Method sun.misc.Unsafe.prefetchRead(Ljava/lang/Object;J)V name or signature does not match> (0x00000000d5587fa8) thrown at [/HUDSON/workspace/8-2-build-linux-amd64/jdk8u72/5732/hotspot/src/share/vm/prims/jni.cpp
Event: 1,099 Thread 0x00007f2fc81ab800 Implicit null exception at 0x00007f2fb90f3b0c to 0x00007f2fb90f6249
Event: 1,386 Thread 0x00007f2fc81a4800 Exception <a 'java/lang/ArrayIndexOutOfBoundsException': 18> (0x00000000d8dfdc10) thrown at [/HUDSON/workspace/8-2-build-linux-amd64/jdk8u72/5732/hotspot/src/share/vm/interpreter/interpreterRuntime.cpp, line 366]
Event: 1,386 Thread 0x00007f2fc81a4800 Exception <a 'java/lang/ArrayIndexOutOfBoundsException': 145> (0x00000000d8dff790) thrown at [/HUDSON/workspace/8-2-build-linux-amd64/jdk8u72/5732/hotspot/src/share/vm/interpreter/interpreterRuntime.cpp, line 366]
Event: 1,389 Thread 0x00007f2fc81a4800 Exception <a 'java/lang/ArrayIndexOutOfBoundsException': 40> (0x00000000d8e00a78) thrown at [/HUDSON/workspace/8-2-build-linux-amd64/jdk8u72/5732/hotspot/src/share/vm/interpreter/interpreterRuntime.cpp, line 366]
Event: 6,171 Thread 0x00007f2fc81a8000 Implicit null exception at 0x00007f2fb94dbc35 to 0x00007f2fb94dbf1d

Events (10 events):
Event: 32,057 Thread 0x00007f2fc81ab800 DEOPT UNPACKING pc=0x00007f2fb8e2c633 sp=0x00007f2fa8c5d9e8 mode 0
Event: 32,057 Thread 0x00007f2fc81ab800 DEOPT PACKING pc=0x00007f2fb916f972 sp=0x00007f2fa8c5dc60
Event: 32,057 Thread 0x00007f2fc81ab800 DEOPT UNPACKING pc=0x00007f2fb8e2c633 sp=0x00007f2fa8c5d9e8 mode 0
Event: 32,058 Thread 0x00007f2fc81ab800 DEOPT PACKING pc=0x00007f2fb90ae168 sp=0x00007f2fa8c5d600
Event: 32,058 Thread 0x00007f2fc81ab800 DEOPT UNPACKING pc=0x00007f2fb8e2c633 sp=0x00007f2fa8c5d340 mode 0
Event: 32,077 Thread 0x00007f2fc81ab800 DEOPT PACKING pc=0x00007f2fb90b8626 sp=0x00007f2fa8c5ddb0
Event: 32,077 Thread 0x00007f2fc81ab800 DEOPT UNPACKING pc=0x00007f2fb8e2c633 sp=0x00007f2fa8c5db18 mode 0
Event: 32,092 Thread 0x00007f2fc81a4800 DEOPT PACKING pc=0x00007f2fb90ae168 sp=0x00007f2fa9061700
Event: 32,092 Thread 0x00007f2fc81a4800 DEOPT UNPACKING pc=0x00007f2fb8e2c633 sp=0x00007f2fa9061440 mode 0
Event: 32,095 Executing VM operation: ParallelGCFailedAllocation


Dynamic libraries:
00400000-00401000 r-xp 00000000 08:03 554269                             /usr/lib/jvm/jdk1.8.0_72/bin/java
00600000-00601000 rw-p 00000000 08:03 554269                             /usr/lib/jvm/jdk1.8.0_72/bin/java
018be000-018df000 rw-p 00000000 00:00 0                                  [heap]
80000000-aac00000 rw-p 00000000 00:00 0 
bca00000-d5580000 ---p 00000000 00:00 0 
d5580000-fee00000 rw-p 00000000 00:00 0 
fee00000-100000000 ---p 00000000 00:00 0 
100000000-1000c0000 rw-p 00000000 00:00 0 
1000c0000-140000000 ---p 00000000 00:00 0 
7f2f5c000000-7f2f5c021000 rw-p 00000000 00:00 0 
7f2f5c021000-7f2f60000000 ---p 00000000 00:00 0 
7f2f64000000-7f2f6406e000 rw-p 00000000 00:00 0 
7f2f6406e000-7f2f68000000 ---p 00000000 00:00 0 
7f2f68000000-7f2f68051000 rw-p 00000000 00:00 0 
7f2f68051000-7f2f6c000000 ---p 00000000 00:00 0 
7f2f6c000000-7f2f6c021000 rw-p 00000000 00:00 0 
7f2f6c021000-7f2f70000000 ---p 00000000 00:00 0 
7f2f70000000-7f2f70062000 rw-p 00000000 00:00 0 
7f2f70062000-7f2f74000000 ---p 00000000 00:00 0 
7f2f74000000-7f2f74021000 rw-p 00000000 00:00 0 
7f2f74021000-7f2f78000000 ---p 00000000 00:00 0 
7f2f7c000000-7f2f7c021000 rw-p 00000000 00:00 0 
7f2f7c021000-7f2f80000000 ---p 00000000 00:00 0 
7f2f80000000-7f2f8005e000 rw-p 00000000 00:00 0 
7f2f8005e000-7f2f84000000 ---p 00000000 00:00 0 
7f2f84000000-7f2f85b3f000 rw-p 00000000 00:00 0 
7f2f85b3f000-7f2f88000000 ---p 00000000 00:00 0 
7f2f88000000-7f2f88887000 rw-p 00000000 00:00 0 
7f2f88887000-7f2f8c000000 ---p 00000000 00:00 0 
7f2f8c000000-7f2f8c021000 rw-p 00000000 00:00 0 
7f2f8c021000-7f2f90000000 ---p 00000000 00:00 0 
7f2f90000000-7f2f91746000 rw-p 00000000 00:00 0 
7f2f91746000-7f2f94000000 ---p 00000000 00:00 0 
7f2f94000000-7f2f94021000 rw-p 00000000 00:00 0 
7f2f94021000-7f2f98000000 ---p 00000000 00:00 0 
7f2f98000000-7f2f98021000 rw-p 00000000 00:00 0 
7f2f98021000-7f2f9c000000 ---p 00000000 00:00 0 
7f2f9c000000-7f2f9c021000 rw-p 00000000 00:00 0 
7f2f9c021000-7f2fa0000000 ---p 00000000 00:00 0 
7f2fa0000000-7f2fa028d000 rw-p 00000000 00:00 0 
7f2fa028d000-7f2fa4000000 ---p 00000000 00:00 0 
7f2fa4000000-7f2fa4021000 rw-p 00000000 00:00 0 
7f2fa4021000-7f2fa8000000 ---p 00000000 00:00 0 
7f2fa8a5e000-7f2fa8a61000 ---p 00000000 00:00 0 
7f2fa8a61000-7f2fa8b5f000 rw-p 00000000 00:00 0 
7f2fa8b5f000-7f2fa8b62000 ---p 00000000 00:00 0 
7f2fa8b62000-7f2fa8c60000 rw-p 00000000 00:00 0 
7f2fa8c60000-7f2fa8c63000 ---p 00000000 00:00 0 
7f2fa8c63000-7f2fa8d61000 rw-p 00000000 00:00 0 
7f2fa8d61000-7f2fa8d64000 ---p 00000000 00:00 0 
7f2fa8d64000-7f2fa8e62000 rw-p 00000000 00:00 0 
7f2fa8e62000-7f2fa8e65000 ---p 00000000 00:00 0 
7f2fa8e65000-7f2fa8f63000 rw-p 00000000 00:00 0 
7f2fa8f63000-7f2fa8f66000 ---p 00000000 00:00 0 
7f2fa8f66000-7f2fa9064000 rw-p 00000000 00:00 0 
7f2fa9064000-7f2fa915b000 r--s 00c33000 08:05 158862                     /home/longlv/code/UP_RDS/zalo-pay/zalopay-android/ZaloPay/app/build/intermediates/transforms/jarMerging/iapbeta/debug/jars/1/1f/combined.jar
7f2fa915b000-7f2fa915c000 ---p 00000000 00:00 0 
7f2fa915c000-7f2fa925c000 rw-p 00000000 00:00 0 
7f2fa925c000-7f2fa925f000 ---p 00000000 00:00 0 
7f2fa925f000-7f2fa935d000 rw-p 00000000 00:00 0 
7f2fa935d000-7f2fa9360000 ---p 00000000 00:00 0 
7f2fa9360000-7f2fa945e000 rw-p 00000000 00:00 0 
7f2fa945e000-7f2fa9461000 ---p 00000000 00:00 0 
7f2fa9461000-7f2fa955f000 rw-p 00000000 00:00 0 
7f2fa955f000-7f2fa9562000 ---p 00000000 00:00 0 
7f2fa9562000-7f2fa9660000 rw-p 00000000 00:00 0 
7f2fa9660000-7f2fa9663000 ---p 00000000 00:00 0 
7f2fa9663000-7f2fa9761000 rw-p 00000000 00:00 0 
7f2fa9761000-7f2fa9fb3000 r--p 00000000 08:03 528332                     /usr/lib/locale/locale-archive
7f2fa9fb3000-7f2fa9fb6000 ---p 00000000 00:00 0 
7f2fa9fb6000-7f2faa0b4000 rw-p 00000000 00:00 0 
7f2faa0b4000-7f2faa0b7000 ---p 00000000 00:00 0 
7f2faa0b7000-7f2faa1b5000 rw-p 00000000 00:00 0 
7f2faa1b5000-7f2faa1b6000 ---p 00000000 00:00 0 
7f2faa1b6000-7f2fab228000 rw-p 00000000 00:00 0 
7f2fab228000-7f2fab400000 r--s 03d1d000 08:03 554374                     /usr/lib/jvm/jdk1.8.0_72/jre/lib/rt.jar
7f2fab400000-7f2fabac0000 rw-p 00000000 00:00 0 
7f2fabac0000-7f2fabc00000 ---p 00000000 00:00 0 
7f2fabc00000-7f2fac000000 rw-p 00000000 00:00 0 
7f2fac000000-7f2fac021000 rw-p 00000000 00:00 0 
7f2fac021000-7f2fb0000000 ---p 00000000 00:00 0 
7f2fb0000000-7f2fb4000000 rw-p 00000000 00:00 0 
7f2fb4000000-7f2fb4021000 rw-p 00000000 00:00 0 
7f2fb4021000-7f2fb8000000 ---p 00000000 00:00 0 
7f2fb8006000-7f2fb8076000 rw-p 00000000 00:00 0 
7f2fb8076000-7f2fb8077000 ---p 00000000 00:00 0 
7f2fb8077000-7f2fb8177000 rw-p 00000000 00:00 0 
7f2fb8177000-7f2fb8178000 ---p 00000000 00:00 0 
7f2fb8178000-7f2fb8278000 rw-p 00000000 00:00 0 
7f2fb8278000-7f2fb8279000 ---p 00000000 00:00 0 
7f2fb8279000-7f2fb84cf000 rw-p 00000000 00:00 0 
7f2fb84cf000-7f2fb8624000 ---p 00000000 00:00 0 
7f2fb8624000-7f2fb877a000 rw-p 00000000 00:00 0 
7f2fb877a000-7f2fb88ce000 ---p 00000000 00:00 0 
7f2fb88ce000-7f2fb8a1b000 rw-p 00000000 00:00 0 
7f2fb8a1b000-7f2fb8a24000 ---p 00000000 00:00 0 
7f2fb8a24000-7f2fb8a5b000 rw-p 00000000 00:00 0 
7f2fb8a5b000-7f2fb8de5000 ---p 00000000 00:00 0 
7f2fb8de5000-7f2fb9b35000 rwxp 00000000 00:00 0 
7f2fb9b35000-7f2fc7de5000 ---p 00000000 00:00 0 
7f2fc7de5000-7f2fc7dff000 r-xp 00000000 08:03 554572                     /usr/lib/jvm/jdk1.8.0_72/jre/lib/amd64/libzip.so
7f2fc7dff000-7f2fc7fff000 ---p 0001a000 08:03 554572                     /usr/lib/jvm/jdk1.8.0_72/jre/lib/amd64/libzip.so
7f2fc7fff000-7f2fc8000000 rw-p 0001a000 08:03 554572                     /usr/lib/jvm/jdk1.8.0_72/jre/lib/amd64/libzip.so
7f2fc8000000-7f2fc83ea000 rw-p 00000000 00:00 0 
7f2fc83ea000-7f2fcc000000 ---p 00000000 00:00 0 
7f2fcc018000-7f2fcc08e000 rw-p 00000000 00:00 0 
7f2fcc08e000-7f2fcc08f000 ---p 00000000 00:00 0 
7f2fcc08f000-7f2fcc18f000 rw-p 00000000 00:00 0 
7f2fcc18f000-7f2fcc19a000 r-xp 00000000 08:03 396797                     /lib/x86_64-linux-gnu/libnss_files-2.19.so
7f2fcc19a000-7f2fcc399000 ---p 0000b000 08:03 396797                     /lib/x86_64-linux-gnu/libnss_files-2.19.so
7f2fcc399000-7f2fcc39a000 r--p 0000a000 08:03 396797                     /lib/x86_64-linux-gnu/libnss_files-2.19.so
7f2fcc39a000-7f2fcc39b000 rw-p 0000b000 08:03 396797                     /lib/x86_64-linux-gnu/libnss_files-2.19.so
7f2fcc39b000-7f2fcc3a6000 r-xp 00000000 08:03 396664                     /lib/x86_64-linux-gnu/libnss_nis-2.19.so
7f2fcc3a6000-7f2fcc5a5000 ---p 0000b000 08:03 396664                     /lib/x86_64-linux-gnu/libnss_nis-2.19.so
7f2fcc5a5000-7f2fcc5a6000 r--p 0000a000 08:03 396664                     /lib/x86_64-linux-gnu/libnss_nis-2.19.so
7f2fcc5a6000-7f2fcc5a7000 rw-p 0000b000 08:03 396664                     /lib/x86_64-linux-gnu/libnss_nis-2.19.so
7f2fcc5a7000-7f2fcc5be000 r-xp 00000000 08:03 396606                     /lib/x86_64-linux-gnu/libnsl-2.19.so
7f2fcc5be000-7f2fcc7bd000 ---p 00017000 08:03 396606                     /lib/x86_64-linux-gnu/libnsl-2.19.so
7f2fcc7bd000-7f2fcc7be000 r--p 00016000 08:03 396606                     /lib/x86_64-linux-gnu/libnsl-2.19.so
7f2fcc7be000-7f2fcc7bf000 rw-p 00017000 08:03 396606                     /lib/x86_64-linux-gnu/libnsl-2.19.so
7f2fcc7bf000-7f2fcc7c1000 rw-p 00000000 00:00 0 
7f2fcc7c1000-7f2fcc7ca000 r-xp 00000000 08:03 396536                     /lib/x86_64-linux-gnu/libnss_compat-2.19.so
7f2fcc7ca000-7f2fcc9c9000 ---p 00009000 08:03 396536                     /lib/x86_64-linux-gnu/libnss_compat-2.19.so
7f2fcc9c9000-7f2fcc9ca000 r--p 00008000 08:03 396536                     /lib/x86_64-linux-gnu/libnss_compat-2.19.so
7f2fcc9ca000-7f2fcc9cb000 rw-p 00009000 08:03 396536                     /lib/x86_64-linux-gnu/libnss_compat-2.19.so
7f2fcc9cb000-7f2fcc9f5000 r-xp 00000000 08:03 554583                     /usr/lib/jvm/jdk1.8.0_72/jre/lib/amd64/libjava.so
7f2fcc9f5000-7f2fccbf5000 ---p 0002a000 08:03 554583                     /usr/lib/jvm/jdk1.8.0_72/jre/lib/amd64/libjava.so
7f2fccbf5000-7f2fccbf7000 rw-p 0002a000 08:03 554583                     /usr/lib/jvm/jdk1.8.0_72/jre/lib/amd64/libjava.so
7f2fccbf7000-7f2fccc04000 r-xp 00000000 08:03 554582                     /usr/lib/jvm/jdk1.8.0_72/jre/lib/amd64/libverify.so
7f2fccc04000-7f2fcce04000 ---p 0000d000 08:03 554582                     /usr/lib/jvm/jdk1.8.0_72/jre/lib/amd64/libverify.so
7f2fcce04000-7f2fcce06000 rw-p 0000d000 08:03 554582                     /usr/lib/jvm/jdk1.8.0_72/jre/lib/amd64/libverify.so
7f2fcce06000-7f2fcce0d000 r-xp 00000000 08:03 396793                     /lib/x86_64-linux-gnu/librt-2.19.so
7f2fcce0d000-7f2fcd00c000 ---p 00007000 08:03 396793                     /lib/x86_64-linux-gnu/librt-2.19.so
7f2fcd00c000-7f2fcd00d000 r--p 00006000 08:03 396793                     /lib/x86_64-linux-gnu/librt-2.19.so
7f2fcd00d000-7f2fcd00e000 rw-p 00007000 08:03 396793                     /lib/x86_64-linux-gnu/librt-2.19.so
7f2fcd00e000-7f2fcd113000 r-xp 00000000 08:03 396350                     /lib/x86_64-linux-gnu/libm-2.19.so
7f2fcd113000-7f2fcd312000 ---p 00105000 08:03 396350                     /lib/x86_64-linux-gnu/libm-2.19.so
7f2fcd312000-7f2fcd313000 r--p 00104000 08:03 396350                     /lib/x86_64-linux-gnu/libm-2.19.so
7f2fcd313000-7f2fcd314000 rw-p 00105000 08:03 396350                     /lib/x86_64-linux-gnu/libm-2.19.so
7f2fcd314000-7f2fcdfd3000 r-xp 00000000 08:03 554615                     /usr/lib/jvm/jdk1.8.0_72/jre/lib/amd64/server/libjvm.so
7f2fcdfd3000-7f2fce1d2000 ---p 00cbf000 08:03 554615                     /usr/lib/jvm/jdk1.8.0_72/jre/lib/amd64/server/libjvm.so
7f2fce1d2000-7f2fce2ab000 rw-p 00cbe000 08:03 554615                     /usr/lib/jvm/jdk1.8.0_72/jre/lib/amd64/server/libjvm.so
7f2fce2ab000-7f2fce2f4000 rw-p 00000000 00:00 0 
7f2fce2f4000-7f2fce4af000 r-xp 00000000 08:03 396794                     /lib/x86_64-linux-gnu/libc-2.19.so
7f2fce4af000-7f2fce6ae000 ---p 001bb000 08:03 396794                     /lib/x86_64-linux-gnu/libc-2.19.so
7f2fce6ae000-7f2fce6b2000 r--p 001ba000 08:03 396794                     /lib/x86_64-linux-gnu/libc-2.19.so
7f2fce6b2000-7f2fce6b4000 rw-p 001be000 08:03 396794                     /lib/x86_64-linux-gnu/libc-2.19.so
7f2fce6b4000-7f2fce6b9000 rw-p 00000000 00:00 0 
7f2fce6b9000-7f2fce6bc000 r-xp 00000000 08:03 396402                     /lib/x86_64-linux-gnu/libdl-2.19.so
7f2fce6bc000-7f2fce8bb000 ---p 00003000 08:03 396402                     /lib/x86_64-linux-gnu/libdl-2.19.so
7f2fce8bb000-7f2fce8bc000 r--p 00002000 08:03 396402                     /lib/x86_64-linux-gnu/libdl-2.19.so
7f2fce8bc000-7f2fce8bd000 rw-p 00003000 08:03 396402                     /lib/x86_64-linux-gnu/libdl-2.19.so
7f2fce8bd000-7f2fce8d2000 r-xp 00000000 08:03 554109                     /usr/lib/jvm/jdk1.8.0_72/lib/amd64/jli/libjli.so
7f2fce8d2000-7f2fcead2000 ---p 00015000 08:03 554109                     /usr/lib/jvm/jdk1.8.0_72/lib/amd64/jli/libjli.so
7f2fcead2000-7f2fcead3000 rw-p 00015000 08:03 554109                     /usr/lib/jvm/jdk1.8.0_72/lib/amd64/jli/libjli.so
7f2fcead3000-7f2fceaec000 r-xp 00000000 08:03 396607                     /lib/x86_64-linux-gnu/libpthread-2.19.so
7f2fceaec000-7f2fceceb000 ---p 00019000 08:03 396607                     /lib/x86_64-linux-gnu/libpthread-2.19.so
7f2fceceb000-7f2fcecec000 r--p 00018000 08:03 396607                     /lib/x86_64-linux-gnu/libpthread-2.19.so
7f2fcecec000-7f2fceced000 rw-p 00019000 08:03 396607                     /lib/x86_64-linux-gnu/libpthread-2.19.so
7f2fceced000-7f2fcecf1000 rw-p 00000000 00:00 0 
7f2fcecf1000-7f2fced14000 r-xp 00000000 08:03 396641                     /lib/x86_64-linux-gnu/ld-2.19.so
7f2fced1c000-7f2fcede8000 rw-p 00000000 00:00 0 
7f2fcede8000-7f2fcedeb000 ---p 00000000 00:00 0 
7f2fcedeb000-7f2fceeed000 rw-p 00000000 00:00 0 
7f2fceef7000-7f2fceef8000 rw-p 00000000 00:00 0 
7f2fceef8000-7f2fcef07000 r--s 000df000 08:02 60852                      /media/DATA/Development/sdk/build-tools/23.0.3/lib/dx.jar
7f2fcef07000-7f2fcef0f000 rw-s 00000000 08:03 815324                     /tmp/hsperfdata_longlv/12005
7f2fcef0f000-7f2fcef10000 rw-p 00000000 00:00 0 
7f2fcef10000-7f2fcef11000 ---p 00000000 00:00 0 
7f2fcef11000-7f2fcef13000 rw-p 00000000 00:00 0 
7f2fcef13000-7f2fcef14000 r--p 00022000 08:03 396641                     /lib/x86_64-linux-gnu/ld-2.19.so
7f2fcef14000-7f2fcef15000 rw-p 00023000 08:03 396641                     /lib/x86_64-linux-gnu/ld-2.19.so
7f2fcef15000-7f2fcef16000 rw-p 00000000 00:00 0 
7ffee9bd0000-7ffee9bf2000 rw-p 00000000 00:00 0                          [stack]
7ffee9bfc000-7ffee9bfe000 r--p 00000000 00:00 0                          [vvar]
7ffee9bfe000-7ffee9c00000 r-xp 00000000 00:00 0                          [vdso]
ffffffffff600000-ffffffffff601000 r-xp 00000000 00:00 0                  [vsyscall]

VM Arguments:
jvm_args: -Djava.awt.headless=true -Xmx2g -Dfile.encoding=UTF-8 -Duser.country=US -Duser.language=en -Duser.variant 
java_command: com.android.dx.command.Main --dex --force-jumbo --num-threads=4 --multi-dex --main-dex-list /home/longlv/code/UP_RDS/zalo-pay/zalopay-android/ZaloPay/app/build/intermediates/multi-dex/iapbeta/debug/maindexlist.txt --output /home/longlv/code/UP_RDS/zalo-pay/zalopay-android/ZaloPay/app/build/intermediates/transforms/dex/iapbeta/debug/folders/1000/1f/main /home/longlv/code/UP_RDS/zalo-pay/zalopay-android/ZaloPay/app/build/intermediates/transforms/jarMerging/iapbeta/debug/jars/1/1f/combined.jar
java_class_path (initial): /zserver/sdk/build-tools/23.0.3/lib/dx.jar
Launcher Type: SUN_STANDARD

Environment Variables:
PATH=/usr/local/sbin:/usr/local/bin:/usr/sbin:/usr/bin:/sbin:/bin:/usr/games:/usr/local/games
LD_LIBRARY_PATH=/home/longlv/zserver/android-studio-v2/bin:
SHELL=/bin/bash
DISPLAY=:0

Signal Handlers:
SIGSEGV: [libjvm.so+0xabb070], sa_mask[0]=11111111011111111101111111111110, sa_flags=SA_RESTART|SA_SIGINFO
SIGBUS: [libjvm.so+0xabb070], sa_mask[0]=11111111011111111101111111111110, sa_flags=SA_RESTART|SA_SIGINFO
SIGFPE: [libjvm.so+0x918480], sa_mask[0]=11111111011111111101111111111110, sa_flags=SA_RESTART|SA_SIGINFO
SIGPIPE: [libjvm.so+0x918480], sa_mask[0]=11111111011111111101111111111110, sa_flags=SA_RESTART|SA_SIGINFO
SIGXFSZ: [libjvm.so+0x918480], sa_mask[0]=11111111011111111101111111111110, sa_flags=SA_RESTART|SA_SIGINFO
SIGILL: [libjvm.so+0x918480], sa_mask[0]=11111111011111111101111111111110, sa_flags=SA_RESTART|SA_SIGINFO
SIGUSR1: SIG_DFL, sa_mask[0]=00000000000000000000000000000000, sa_flags=none
SIGUSR2: [libjvm.so+0x919ab0], sa_mask[0]=00100000000000000000000000000000, sa_flags=SA_RESTART|SA_SIGINFO
SIGHUP: [libjvm.so+0x91aeb0], sa_mask[0]=11111111011111111101111111111110, sa_flags=SA_RESTART|SA_SIGINFO
SIGINT: [libjvm.so+0x91aeb0], sa_mask[0]=11111111011111111101111111111110, sa_flags=SA_RESTART|SA_SIGINFO
SIGTERM: [libjvm.so+0x91aeb0], sa_mask[0]=11111111011111111101111111111110, sa_flags=SA_RESTART|SA_SIGINFO
SIGQUIT: [libjvm.so+0x91aeb0], sa_mask[0]=11111111011111111101111111111110, sa_flags=SA_RESTART|SA_SIGINFO


---------------  S Y S T E M  ---------------

OS:DISTRIB_ID=Ubuntu
DISTRIB_RELEASE=14.04
DISTRIB_CODENAME=trusty
DISTRIB_DESCRIPTION="Ubuntu 14.04.4 LTS"

uname:Linux 3.19.0-59-generic #66~14.04.1-Ubuntu SMP Fri May 13 17:27:10 UTC 2016 x86_64
libc:glibc 2.19 NPTL 2.19 
rlimit: STACK 8192k, CORE 0k, NPROC 30660, NOFILE 4096, AS infinity
load average:3,86 2,98 1,91

/proc/meminfo:
MemTotal:        7870356 kB
MemFree:          147588 kB
MemAvailable:     147340 kB
Buffers:            2596 kB
Cached:           741088 kB
SwapCached:            0 kB
Active:          6202500 kB
Inactive:         608924 kB
Active(anon):    6155720 kB
Inactive(anon):   572732 kB
Active(file):      46780 kB
Inactive(file):    36192 kB
Unevictable:          64 kB
Mlocked:              64 kB
SwapTotal:             0 kB
SwapFree:              0 kB
Dirty:               464 kB
Writeback:             0 kB
AnonPages:       6067928 kB
Mapped:           914372 kB
Shmem:            660604 kB
Slab:             132908 kB
SReclaimable:      85472 kB
SUnreclaim:        47436 kB
KernelStack:       12704 kB
PageTables:        49228 kB
NFS_Unstable:          0 kB
Bounce:                0 kB
WritebackTmp:          0 kB
CommitLimit:     3935176 kB
Committed_AS:   11340412 kB
VmallocTotal:   34359738367 kB
VmallocUsed:      384340 kB
VmallocChunk:   34359299832 kB
HardwareCorrupted:     0 kB
AnonHugePages:   2463744 kB
CmaTotal:              0 kB
CmaFree:               0 kB
HugePages_Total:       0
HugePages_Free:        0
HugePages_Rsvd:        0
HugePages_Surp:        0
Hugepagesize:       2048 kB
DirectMap4k:      143380 kB
DirectMap2M:     7936000 kB


CPU:total 4 (2 cores per cpu, 2 threads per core) family 6 model 58 stepping 9, cmov, cx8, fxsr, mmx, sse, sse2, sse3, ssse3, sse4.1, sse4.2, popcnt, avx, aes, clmul, erms, ht, tsc, tscinvbit, tscinv

/proc/cpuinfo:
processor	: 0
vendor_id	: GenuineIntel
cpu family	: 6
model		: 58
model name	: Intel(R) Core(TM) i5-3320M CPU @ 2.60GHz
stepping	: 9
microcode	: 0x16
cpu MHz		: 3180.023
cache size	: 3072 KB
physical id	: 0
siblings	: 4
core id		: 0
cpu cores	: 2
apicid		: 0
initial apicid	: 0
fpu		: yes
fpu_exception	: yes
cpuid level	: 13
wp		: yes
flags		: fpu vme de pse tsc msr pae mce cx8 apic sep mtrr pge mca cmov pat pse36 clflush dts acpi mmx fxsr sse sse2 ss ht tm pbe syscall nx rdtscp lm constant_tsc arch_perfmon pebs bts rep_good nopl xtopology nonstop_tsc aperfmperf eagerfpu pni pclmulqdq dtes64 monitor ds_cpl vmx smx est tm2 ssse3 cx16 xtpr pdcm pcid sse4_1 sse4_2 x2apic popcnt tsc_deadline_timer aes xsave avx f16c rdrand lahf_lm ida arat epb pln pts dtherm tpr_shadow vnmi flexpriority ept vpid fsgsbase smep erms xsaveopt
bugs		:
bogomips	: 5188.18
clflush size	: 64
cache_alignment	: 64
address sizes	: 36 bits physical, 48 bits virtual
power management:

processor	: 1
vendor_id	: GenuineIntel
cpu family	: 6
model		: 58
model name	: Intel(R) Core(TM) i5-3320M CPU @ 2.60GHz
stepping	: 9
microcode	: 0x16
cpu MHz		: 3174.437
cache size	: 3072 KB
physical id	: 0
siblings	: 4
core id		: 0
cpu cores	: 2
apicid		: 1
initial apicid	: 1
fpu		: yes
fpu_exception	: yes
cpuid level	: 13
wp		: yes
flags		: fpu vme de pse tsc msr pae mce cx8 apic sep mtrr pge mca cmov pat pse36 clflush dts acpi mmx fxsr sse sse2 ss ht tm pbe syscall nx rdtscp lm constant_tsc arch_perfmon pebs bts rep_good nopl xtopology nonstop_tsc aperfmperf eagerfpu pni pclmulqdq dtes64 monitor ds_cpl vmx smx est tm2 ssse3 cx16 xtpr pdcm pcid sse4_1 sse4_2 x2apic popcnt tsc_deadline_timer aes xsave avx f16c rdrand lahf_lm ida arat epb pln pts dtherm tpr_shadow vnmi flexpriority ept vpid fsgsbase smep erms xsaveopt
bugs		:
bogomips	: 5188.18
clflush size	: 64
cache_alignment	: 64
address sizes	: 36 bits physical, 48 bits virtual
power management:

processor	: 2
vendor_id	: GenuineIntel
cpu family	: 6
model		: 58
model name	: Intel(R) Core(TM) i5-3320M CPU @ 2.60GHz
stepping	: 9
microcode	: 0x16
cpu MHz		: 3099.992
cache size	: 3072 KB
physical id	: 0
siblings	: 4
core id		: 1
cpu cores	: 2
apicid		: 2
initial apicid	: 2
fpu		: yes
fpu_exception	: yes
cpuid level	: 13
wp		: yes
flags		: fpu vme de pse tsc msr pae mce cx8 apic sep mtrr pge mca cmov pat pse36 clflush dts acpi mmx fxsr sse sse2 ss ht tm pbe syscall nx rdtscp lm constant_tsc arch_perfmon pebs bts rep_good nopl xtopology nonstop_tsc aperfmperf eagerfpu pni pclmulqdq dtes64 monitor ds_cpl vmx smx est tm2 ssse3 cx16 xtpr pdcm pcid sse4_1 sse4_2 x2apic popcnt tsc_deadline_timer aes xsave avx f16c rdrand lahf_lm ida arat epb pln pts dtherm tpr_shadow vnmi flexpriority ept vpid fsgsbase smep erms xsaveopt
bugs		:
bogomips	: 5188.18
clflush size	: 64
cache_alignment	: 64
address sizes	: 36 bits physical, 48 bits virtual
power management:

processor	: 3
vendor_id	: GenuineIntel
cpu family	: 6
model		: 58
model name	: Intel(R) Core(TM) i5-3320M CPU @ 2.60GHz
stepping	: 9
microcode	: 0x16
cpu MHz		: 3099.992
cache size	: 3072 KB
physical id	: 0
siblings	: 4
core id		: 1
cpu cores	: 2
apicid		: 3
initial apicid	: 3
fpu		: yes
fpu_exception	: yes
cpuid level	: 13
wp		: yes
flags		: fpu vme de pse tsc msr pae mce cx8 apic sep mtrr pge mca cmov pat pse36 clflush dts acpi mmx fxsr sse sse2 ss ht tm pbe syscall nx rdtscp lm constant_tsc arch_perfmon pebs bts rep_good nopl xtopology nonstop_tsc aperfmperf eagerfpu pni pclmulqdq dtes64 monitor ds_cpl vmx smx est tm2 ssse3 cx16 xtpr pdcm pcid sse4_1 sse4_2 x2apic popcnt tsc_deadline_timer aes xsave avx f16c rdrand lahf_lm ida arat epb pln pts dtherm tpr_shadow vnmi flexpriority ept vpid fsgsbase smep erms xsaveopt
bugs		:
bogomips	: 5188.18
clflush size	: 64
cache_alignment	: 64
address sizes	: 36 bits physical, 48 bits virtual
power management:



Memory: 4k page, physical 7870356k(147588k free), swap 0k(0k free)

vm_info: Java HotSpot(TM) 64-Bit Server VM (25.72-b15) for linux-amd64 JRE (1.8.0_72-b15), built on Dec 22 2015 22:00:07 by "java_re" with gcc 4.3.0 20080428 (Red Hat 4.3.0-8)

time: Wed May 25 11:37:04 2016
elapsed time: 38 seconds (0d 0h 0m 38s)

