#
# There is insufficient memory for the Java Runtime Environment to continue.
# Native memory allocation (mmap) failed to map 321912832 bytes for committing reserved memory.
# Possible reasons:
#   The system is out of physical RAM or swap space
#   In 32 bit mode, the process size limit was hit
# Possible solutions:
#   Reduce memory load on the system
#   Increase physical memory or swap space
#   Check if swap backing store is full
#   Use 64 bit Java on a 64 bit OS
#   Decrease Java heap size (-Xmx/-Xms)
#   Decrease number of Java threads
#   Decrease Java thread stack sizes (-Xss)
#   Set larger code cache with -XX:ReservedCodeCacheSize=
# This output file may be truncated or incomplete.
#
#  Out of Memory Error (os_linux.cpp:2627), pid=8207, tid=139986812745472
#
# JRE version: Java(TM) SE Runtime Environment (8.0_72-b15) (build 1.8.0_72-b15)
# Java VM: Java HotSpot(TM) 64-Bit Server VM (25.72-b15 mixed mode linux-amd64 compressed oops)
# Failed to write core dump. Core dumps have been disabled. To enable core dumping, try "ulimit -c unlimited" before starting Java again
#

---------------  T H R E A D  ---------------

Current thread (0x00007f514c078000):  VMThread [stack: 0x00007f51382f3000,0x00007f51383f4000] [id=8217]

Stack: [0x00007f51382f3000,0x00007f51383f4000],  sp=0x00007f51383f21e0,  free space=1020k
Native frames: (J=compiled Java code, j=interpreted, Vv=VM code, C=native code)
V  [libjvm.so+0xaba7ea]  VMError::report_and_die()+0x2ba
V  [libjvm.so+0x4f9e3b]  report_vm_out_of_memory(char const*, int, unsigned long, VMErrorType, char const*)+0x8b
V  [libjvm.so+0x91b613]  os::Linux::commit_memory_impl(char*, unsigned long, bool)+0x103
V  [libjvm.so+0x91bb69]  os::pd_commit_memory(char*, unsigned long, unsigned long, bool)+0x29
V  [libjvm.so+0x915e6a]  os::commit_memory(char*, unsigned long, unsigned long, bool)+0x2a
V  [libjvm.so+0x989543]  PSVirtualSpace::expand_by(unsigned long)+0x53
V  [libjvm.so+0x979e30]  PSOldGen::expand(unsigned long)+0x170
V  [libjvm.so+0x97a03b]  PSOldGen::resize(unsigned long)+0x1cb
V  [libjvm.so+0x981d11]  PSParallelCompact::invoke_no_policy(bool)+0x991
V  [libjvm.so+0x98766d]  PSScavenge::invoke()+0x1ad
V  [libjvm.so+0x93f300]  ParallelScavengeHeap::failed_mem_allocate(unsigned long)+0x70
V  [libjvm.so+0xabc207]  VM_ParallelGCFailedAllocation::doit()+0x97
V  [libjvm.so+0xac3c35]  VM_Operation::evaluate()+0x55
V  [libjvm.so+0xac200a]  VMThread::evaluate_operation(VM_Operation*)+0xba
V  [libjvm.so+0xac238e]  VMThread::loop()+0x1ce
V  [libjvm.so+0xac2800]  VMThread::run()+0x70
V  [libjvm.so+0x91d9d8]  java_start(Thread*)+0x108

VM_Operation (0x00007f5132babd30): ParallelGCFailedAllocation, mode: safepoint, requested by thread 0x00007f514c137000


---------------  P R O C E S S  ---------------

Java Threads: ( => current thread )
  0x00007f514c137000 JavaThread "pool-1-thread-1" [_thread_blocked, id=8232, stack(0x00007f5132aad000,0x00007f5132bae000)]
  0x00007f514c1d3000 JavaThread "pool-2-thread-4" [_thread_blocked, id=8230, stack(0x00007f5132bae000,0x00007f5132caf000)]
  0x00007f514c1d1800 JavaThread "pool-2-thread-3" [_thread_blocked, id=8229, stack(0x00007f5132caf000,0x00007f5132db0000)]
  0x00007f514c1cf800 JavaThread "pool-2-thread-2" [_thread_blocked, id=8228, stack(0x00007f5132db0000,0x00007f5132eb1000)]
  0x00007f514c1ce800 JavaThread "pool-3-thread-1" [_thread_blocked, id=8227, stack(0x00007f5132eb1000,0x00007f5132fb2000)]
  0x00007f514c1cc000 JavaThread "pool-2-thread-1" [_thread_blocked, id=8226, stack(0x00007f5132fb2000,0x00007f51330b3000)]
  0x00007f514c0db800 JavaThread "Service Thread" daemon [_thread_blocked, id=8224, stack(0x00007f51332a9000,0x00007f51333aa000)]
  0x00007f514c0be800 JavaThread "C1 CompilerThread2" daemon [_thread_blocked, id=8223, stack(0x00007f51333aa000,0x00007f51334ab000)]
  0x00007f514c0bc800 JavaThread "C2 CompilerThread1" daemon [_thread_blocked, id=8222, stack(0x00007f51334ab000,0x00007f51335ac000)]
  0x00007f514c0b9800 JavaThread "C2 CompilerThread0" daemon [_thread_blocked, id=8221, stack(0x00007f51335ac000,0x00007f51336ad000)]
  0x00007f514c0b8000 JavaThread "Signal Dispatcher" daemon [_thread_blocked, id=8220, stack(0x00007f51336ad000,0x00007f51337ae000)]
  0x00007f514c084000 JavaThread "Finalizer" daemon [_thread_blocked, id=8219, stack(0x00007f51380f1000,0x00007f51381f2000)]
  0x00007f514c07f800 JavaThread "Reference Handler" daemon [_thread_blocked, id=8218, stack(0x00007f51381f2000,0x00007f51382f3000)]
  0x00007f514c00a000 JavaThread "main" [_thread_blocked, id=8212, stack(0x00007f5154f69000,0x00007f515506a000)]

Other Threads:
=>0x00007f514c078000 VMThread [stack: 0x00007f51382f3000,0x00007f51383f4000] [id=8217]
  0x00007f514c0de800 WatcherThread [stack: 0x00007f51331a8000,0x00007f51332a9000] [id=8225]

VM state:at safepoint (normal execution)

VM Mutex/Monitor currently owned by a thread:  ([mutex/lock_event])
[0x00007f514c005f80] ExpandHeap_lock - owner thread: 0x00007f514c078000
[0x00007f514c006600] Threads_lock - owner thread: 0x00007f514c078000
[0x00007f514c006b00] Heap_lock - owner thread: 0x00007f514c137000

Heap:
 PSYoungGen      total 465920K, used 11255K [0x00000000d5580000, 0x0000000100000000, 0x0000000100000000)
  eden space 232960K, 0% used [0x00000000d5580000,0x00000000d5580000,0x00000000e3900000)
  from space 232960K, 4% used [0x00000000e3900000,0x00000000e43fdcc0,0x00000000f1c80000)
  to   space 232960K, 0% used [0x00000000f1c80000,0x00000000f1c80000,0x0000000100000000)
 ParOldGen       total 756736K, used 756703K [0x0000000080000000, 0x00000000ae300000, 0x00000000d5580000)
  object space 756736K, 99% used [0x0000000080000000,0x00000000ae2f7de8,0x00000000ae300000)
 Metaspace       used 6763K, capacity 7448K, committed 7680K, reserved 1056768K
  class space    used 627K, capacity 656K, committed 768K, reserved 1048576K

Card table byte_map: [0x00007f5151934000,0x00007f5151d35000] byte_map_base: 0x00007f5151534000

Marking Bits: (ParMarkBitMap*) 0x00007f515444a100
 Begin Bits: [0x00007f5139000000, 0x00007f513b000000)
 End Bits:   [0x00007f513b000000, 0x00007f513d000000)

Polling page: 0x00007f5155091000

CodeCache: size=245760Kb used=11026Kb max_used=15195Kb free=234733Kb
 bounds [0x00007f513d000000, 0x00007f513def0000, 0x00007f514c000000]
 total_blobs=2652 nmethods=2383 adapters=182
 compilation: enabled

Compilation events (10 events):
Event: 24,255 Thread 0x00007f514c0b9800 nmethod 3132 0x00007f513d2ce790 code [0x00007f513d2ce940, 0x00007f513d2ced48]
Event: 24,255 Thread 0x00007f514c0b9800 2972       4       com.android.dx.dex.file.ValueEncoder::addContents (75 bytes)
Event: 24,292 Thread 0x00007f514c0b9800 nmethod 2972 0x00007f513d2bc590 code [0x00007f513d2bc8c0, 0x00007f513d2bde18]
Event: 24,293 Thread 0x00007f514c0b9800 3164       4       com.android.dx.dex.code.OutputFinisher::addConstants (93 bytes)
Event: 24,293 Thread 0x00007f514c0bc800 nmethod 3173% 0x00007f513d60a490 code [0x00007f513d60a7a0, 0x00007f513d60c2a0]
Event: 24,293 Thread 0x00007f514c0bc800 3133       4       java.util.TreeMap$EntrySet::iterator (19 bytes)
Event: 24,296 Thread 0x00007f514c0bc800 nmethod 3133 0x00007f513d766510 code [0x00007f513d766660, 0x00007f513d7667b8]
Event: 24,296 Thread 0x00007f514c0bc800 3171       4       com.android.dx.util.FixedSizeList::equals (41 bytes)
Event: 24,297 Thread 0x00007f514c0be800 3177       1       com.android.dx.rop.cst.CstArray::getList (5 bytes)
Event: 24,297 Thread 0x00007f514c0be800 nmethod 3177 0x00007f513d3f7e50 code [0x00007f513d3f7fa0, 0x00007f513d3f80b0]

GC Heap History (10 events):
Event: 20,861 GC heap after
Heap after GC invocations=21 (full 4):
 PSYoungGen      total 493056K, used 129132K [0x00000000d5580000, 0x0000000100000000, 0x0000000100000000)
  eden space 309760K, 0% used [0x00000000d5580000,0x00000000d5580000,0x00000000e8400000)
  from space 183296K, 70% used [0x00000000e8400000,0x00000000f021b2b0,0x00000000f3700000)
  to   space 194048K, 0% used [0x00000000f4280000,0x00000000f4280000,0x0000000100000000)
 ParOldGen       total 756736K, used 495837K [0x0000000080000000, 0x00000000ae300000, 0x00000000d5580000)
  object space 756736K, 65% used [0x0000000080000000,0x000000009e437560,0x00000000ae300000)
 Metaspace       used 6630K, capacity 7320K, committed 7680K, reserved 1056768K
  class space    used 619K, capacity 656K, committed 768K, reserved 1048576K
}
Event: 21,498 GC heap before
{Heap before GC invocations=22 (full 4):
 PSYoungGen      total 493056K, used 438892K [0x00000000d5580000, 0x0000000100000000, 0x0000000100000000)
  eden space 309760K, 100% used [0x00000000d5580000,0x00000000e8400000,0x00000000e8400000)
  from space 183296K, 70% used [0x00000000e8400000,0x00000000f021b2b0,0x00000000f3700000)
  to   space 194048K, 0% used [0x00000000f4280000,0x00000000f4280000,0x0000000100000000)
 ParOldGen       total 756736K, used 495837K [0x0000000080000000, 0x00000000ae300000, 0x00000000d5580000)
  object space 756736K, 65% used [0x0000000080000000,0x000000009e437560,0x00000000ae300000)
 Metaspace       used 6631K, capacity 7320K, committed 7680K, reserved 1056768K
  class space    used 619K, capacity 656K, committed 768K, reserved 1048576K
Event: 21,691 GC heap after
Heap after GC invocations=22 (full 4):
 PSYoungGen      total 460800K, used 166578K [0x00000000d5580000, 0x0000000100000000, 0x0000000100000000)
  eden space 266752K, 0% used [0x00000000d5580000,0x00000000d5580000,0x00000000e5a00000)
  from space 194048K, 85% used [0x00000000f4280000,0x00000000fe52c970,0x0000000100000000)
  to   space 216064K, 0% used [0x00000000e5a00000,0x00000000e5a00000,0x00000000f2d00000)
 ParOldGen       total 756736K, used 495837K [0x0000000080000000, 0x00000000ae300000, 0x00000000d5580000)
  object space 756736K, 65% used [0x0000000080000000,0x000000009e437560,0x00000000ae300000)
 Metaspace       used 6631K, capacity 7320K, committed 7680K, reserved 1056768K
  class space    used 619K, capacity 656K, committed 768K, reserved 1048576K
}
Event: 22,344 GC heap before
{Heap before GC invocations=23 (full 4):
 PSYoungGen      total 460800K, used 433330K [0x00000000d5580000, 0x0000000100000000, 0x0000000100000000)
  eden space 266752K, 100% used [0x00000000d5580000,0x00000000e5a00000,0x00000000e5a00000)
  from space 194048K, 85% used [0x00000000f4280000,0x00000000fe52c970,0x0000000100000000)
  to   space 216064K, 0% used [0x00000000e5a00000,0x00000000e5a00000,0x00000000f2d00000)
 ParOldGen       total 756736K, used 495837K [0x0000000080000000, 0x00000000ae300000, 0x00000000d5580000)
  object space 756736K, 65% used [0x0000000080000000,0x000000009e437560,0x00000000ae300000)
 Metaspace       used 6631K, capacity 7320K, committed 7680K, reserved 1056768K
  class space    used 619K, capacity 656K, committed 768K, reserved 1048576K
Event: 22,519 GC heap after
Heap after GC invocations=23 (full 4):
 PSYoungGen      total 473600K, used 206641K [0x00000000d5580000, 0x0000000100000000, 0x0000000100000000)
  eden space 266752K, 0% used [0x00000000d5580000,0x00000000d5580000,0x00000000e5a00000)
  from space 206848K, 99% used [0x00000000e5a00000,0x00000000f23cc4e8,0x00000000f2400000)
  to   space 225280K, 0% used [0x00000000f2400000,0x00000000f2400000,0x0000000100000000)
 ParOldGen       total 756736K, used 495837K [0x0000000080000000, 0x00000000ae300000, 0x00000000d5580000)
  object space 756736K, 65% used [0x0000000080000000,0x000000009e437560,0x00000000ae300000)
 Metaspace       used 6631K, capacity 7320K, committed 7680K, reserved 1056768K
  class space    used 619K, capacity 656K, committed 768K, reserved 1048576K
}
Event: 23,298 GC heap before
{Heap before GC invocations=24 (full 4):
 PSYoungGen      total 473600K, used 473393K [0x00000000d5580000, 0x0000000100000000, 0x0000000100000000)
  eden space 266752K, 100% used [0x00000000d5580000,0x00000000e5a00000,0x00000000e5a00000)
  from space 206848K, 99% used [0x00000000e5a00000,0x00000000f23cc4e8,0x00000000f2400000)
  to   space 225280K, 0% used [0x00000000f2400000,0x00000000f2400000,0x0000000100000000)
 ParOldGen       total 756736K, used 495837K [0x0000000080000000, 0x00000000ae300000, 0x00000000d5580000)
  object space 756736K, 65% used [0x0000000080000000,0x000000009e437560,0x00000000ae300000)
 Metaspace       used 6710K, capacity 7384K, committed 7680K, reserved 1056768K
  class space    used 625K, capacity 656K, committed 768K, reserved 1048576K
Event: 23,561 GC heap after
Heap after GC invocations=24 (full 4):
 PSYoungGen      total 458240K, used 168868K [0x00000000d5580000, 0x0000000100000000, 0x0000000100000000)
  eden space 232960K, 0% used [0x00000000d5580000,0x00000000d5580000,0x00000000e3900000)
  from space 225280K, 74% used [0x00000000f2400000,0x00000000fc8e9100,0x0000000100000000)
  to   space 232960K, 0% used [0x00000000e3900000,0x00000000e3900000,0x00000000f1c80000)
 ParOldGen       total 756736K, used 575180K [0x0000000080000000, 0x00000000ae300000, 0x00000000d5580000)
  object space 756736K, 76% used [0x0000000080000000,0x00000000a31b3148,0x00000000ae300000)
 Metaspace       used 6710K, capacity 7384K, committed 7680K, reserved 1056768K
  class space    used 625K, capacity 656K, committed 768K, reserved 1048576K
}
Event: 24,300 GC heap before
{Heap before GC invocations=25 (full 4):
 PSYoungGen      total 458240K, used 401828K [0x00000000d5580000, 0x0000000100000000, 0x0000000100000000)
  eden space 232960K, 100% used [0x00000000d5580000,0x00000000e3900000,0x00000000e3900000)
  from space 225280K, 74% used [0x00000000f2400000,0x00000000fc8e9100,0x0000000100000000)
  to   space 232960K, 0% used [0x00000000e3900000,0x00000000e3900000,0x00000000f1c80000)
 ParOldGen       total 756736K, used 575180K [0x0000000080000000, 0x00000000ae300000, 0x00000000d5580000)
  object space 756736K, 76% used [0x0000000080000000,0x00000000a31b3148,0x00000000ae300000)
 Metaspace       used 6763K, capacity 7448K, committed 7680K, reserved 1056768K
  class space    used 627K, capacity 656K, committed 768K, reserved 1048576K
Event: 24,529 GC heap after
Heap after GC invocations=25 (full 4):
 PSYoungGen      total 465920K, used 119091K [0x00000000d5580000, 0x0000000100000000, 0x0000000100000000)
  eden space 232960K, 0% used [0x00000000d5580000,0x00000000d5580000,0x00000000e3900000)
  from space 232960K, 51% used [0x00000000e3900000,0x00000000ead4cdf0,0x00000000f1c80000)
  to   space 232960K, 0% used [0x00000000f1c80000,0x00000000f1c80000,0x0000000100000000)
 ParOldGen       total 756736K, used 660598K [0x0000000080000000, 0x00000000ae300000, 0x00000000d5580000)
  object space 756736K, 87% used [0x0000000080000000,0x00000000a851db70,0x00000000ae300000)
 Metaspace       used 6763K, capacity 7448K, committed 7680K, reserved 1056768K
  class space    used 627K, capacity 656K, committed 768K, reserved 1048576K
}
Event: 24,529 GC heap before
{Heap before GC invocations=26 (full 5):
 PSYoungGen      total 465920K, used 119091K [0x00000000d5580000, 0x0000000100000000, 0x0000000100000000)
  eden space 232960K, 0% used [0x00000000d5580000,0x00000000d5580000,0x00000000e3900000)
  from space 232960K, 51% used [0x00000000e3900000,0x00000000ead4cdf0,0x00000000f1c80000)
  to   space 232960K, 0% used [0x00000000f1c80000,0x00000000f1c80000,0x0000000100000000)
 ParOldGen       total 756736K, used 660598K [0x0000000080000000, 0x00000000ae300000, 0x00000000d5580000)
  object space 756736K, 87% used [0x0000000080000000,0x00000000a851db70,0x00000000ae300000)
 Metaspace       used 6763K, capacity 7448K, committed 7680K, reserved 1056768K
  class space    used 627K, capacity 656K, committed 768K, reserved 1048576K

Deoptimization events (10 events):
Event: 23,048 Thread 0x00007f514c1cf800 Uncommon trap: reason=unloaded action=reinterpret pc=0x00007f513dbad3c4 method=com.android.dx.cf.code.ValueAwareMachine.run(Lcom/android/dx/cf/code/Frame;II)V @ 907
Event: 23,049 Thread 0x00007f514c1cf800 Uncommon trap: reason=unstable_if action=reinterpret pc=0x00007f513ddaa178 method=com.android.dx.cf.code.RopperMachine.run(Lcom/android/dx/cf/code/Frame;II)V @ 743
Event: 23,050 Thread 0x00007f514c1cf800 Uncommon trap: reason=unstable_if action=reinterpret pc=0x00007f513de2b63c method=com.android.dx.cf.code.Merger.isPossiblyAssignableFrom(Lcom/android/dx/rop/type/TypeBearer;Lcom/android/dx/rop/type/TypeBearer;)Z @ 55
Event: 23,212 Thread 0x00007f514c137000 Uncommon trap: reason=class_check action=maybe_recompile pc=0x00007f513d45b3bc method=java.util.Arrays.hashCode([Ljava/lang/Object;)I @ 43
Event: 23,213 Thread 0x00007f514c137000 Uncommon trap: reason=class_check action=maybe_recompile pc=0x00007f513d45b3bc method=java.util.Arrays.hashCode([Ljava/lang/Object;)I @ 43
Event: 23,213 Thread 0x00007f514c137000 Uncommon trap: reason=class_check action=maybe_recompile pc=0x00007f513d45b3bc method=java.util.Arrays.hashCode([Ljava/lang/Object;)I @ 43
Event: 23,213 Thread 0x00007f514c137000 Uncommon trap: reason=class_check action=maybe_recompile pc=0x00007f513d45b3bc method=java.util.Arrays.hashCode([Ljava/lang/Object;)I @ 43
Event: 23,213 Thread 0x00007f514c137000 Uncommon trap: reason=class_check action=maybe_recompile pc=0x00007f513d4503f4 method=java.util.Arrays.hashCode([Ljava/lang/Object;)I @ 43
Event: 23,862 Thread 0x00007f514c137000 Uncommon trap: reason=unstable_if action=reinterpret pc=0x00007f513de80224 method=java.util.HashMap.resize()[Ljava/util/HashMap$Node; @ 206
Event: 24,295 Thread 0x00007f514c1d3000 Uncommon trap: reason=null_check action=make_not_entrant pc=0x00007f513d2bd484 method=com.android.dx.dex.file.StringIdsSection.intern(Lcom/android/dx/dex/file/StringIdItem;)Lcom/android/dx/dex/file/StringIdItem; @ 31

Internal exceptions (9 events):
Event: 0,020 Thread 0x00007f514c00a000 Exception <a 'java/lang/NoSuchMethodError': Method sun.misc.Unsafe.defineClass(Ljava/lang/String;[BII)Ljava/lang/Class; name or signature does not match> (0x00000000d5587cc0) thrown at [/HUDSON/workspace/8-2-build-linux-amd64/jdk8u72/5732/hotspot/src/shar
Event: 0,020 Thread 0x00007f514c00a000 Exception <a 'java/lang/NoSuchMethodError': Method sun.misc.Unsafe.prefetchRead(Ljava/lang/Object;J)V name or signature does not match> (0x00000000d5587fa8) thrown at [/HUDSON/workspace/8-2-build-linux-amd64/jdk8u72/5732/hotspot/src/share/vm/prims/jni.cpp
Event: 0,925 Thread 0x00007f514c1cf800 Implicit null exception at 0x00007f513d2ee62c to 0x00007f513d2f1535
Event: 1,111 Thread 0x00007f514c1cf800 Implicit null exception at 0x00007f513d367f88 to 0x00007f513d36abb1
Event: 1,142 Thread 0x00007f514c1d1800 Implicit null exception at 0x00007f513d39a4fb to 0x00007f513d39a685
Event: 1,319 Thread 0x00007f514c1d1800 Exception <a 'java/lang/ArrayIndexOutOfBoundsException': 18> (0x00000000d8357de0) thrown at [/HUDSON/workspace/8-2-build-linux-amd64/jdk8u72/5732/hotspot/src/share/vm/interpreter/interpreterRuntime.cpp, line 366]
Event: 1,319 Thread 0x00007f514c1d1800 Exception <a 'java/lang/ArrayIndexOutOfBoundsException': 145> (0x00000000d8359960) thrown at [/HUDSON/workspace/8-2-build-linux-amd64/jdk8u72/5732/hotspot/src/share/vm/interpreter/interpreterRuntime.cpp, line 366]
Event: 1,320 Thread 0x00007f514c1d1800 Exception <a 'java/lang/ArrayIndexOutOfBoundsException': 40> (0x00000000d835ac48) thrown at [/HUDSON/workspace/8-2-build-linux-amd64/jdk8u72/5732/hotspot/src/share/vm/interpreter/interpreterRuntime.cpp, line 366]
Event: 20,187 Thread 0x00007f514c1d3000 Implicit null exception at 0x00007f513dd84ca5 to 0x00007f513dd85af1

Events (10 events):
Event: 24,116 Thread 0x00007f514c1d1800 DEOPT PACKING pc=0x00007f513d31c7fc sp=0x00007f5132dae1c0
Event: 24,116 Thread 0x00007f514c1d1800 DEOPT UNPACKING pc=0x00007f513d047633 sp=0x00007f5132dadfc0 mode 0
Event: 24,254 Thread 0x00007f514c00a000 DEOPT PACKING pc=0x00007f513d31c7fc sp=0x00007f5155067c50
Event: 24,254 Thread 0x00007f514c00a000 DEOPT UNPACKING pc=0x00007f513d047633 sp=0x00007f5155067a50 mode 0
Event: 24,295 Thread 0x00007f514c1d3000 Uncommon trap: trap_request=0xfffffff4 fr.pc=0x00007f513d2bd484
Event: 24,295 Thread 0x00007f514c1d3000 DEOPT PACKING pc=0x00007f513d2bd484 sp=0x00007f5132cacc50
Event: 24,295 Thread 0x00007f514c1d3000 DEOPT UNPACKING pc=0x00007f513d005229 sp=0x00007f5132caca98 mode 2
Event: 24,298 Thread 0x00007f514c137000 DEOPT PACKING pc=0x00007f513d6dace9 sp=0x00007f5132bac0f0
Event: 24,298 Thread 0x00007f514c137000 DEOPT UNPACKING pc=0x00007f513d047633 sp=0x00007f5132babea0 mode 0
Event: 24,299 Executing VM operation: ParallelGCFailedAllocation


Dynamic libraries:
00400000-00401000 r-xp 00000000 08:03 554269                             /usr/lib/jvm/jdk1.8.0_72/bin/java
00600000-00601000 rw-p 00000000 08:03 554269                             /usr/lib/jvm/jdk1.8.0_72/bin/java
006c2000-006e3000 rw-p 00000000 00:00 0                                  [heap]
80000000-ae300000 rw-p 00000000 00:00 0 
c1600000-d5580000 ---p 00000000 00:00 0 
d5580000-100000000 rw-p 00000000 00:00 0 
100000000-1000c0000 rw-p 00000000 00:00 0 
1000c0000-140000000 ---p 00000000 00:00 0 
7f50e4000000-7f50e4021000 rw-p 00000000 00:00 0 
7f50e4021000-7f50e8000000 ---p 00000000 00:00 0 
7f50ec000000-7f50ec029000 rw-p 00000000 00:00 0 
7f50ec029000-7f50f0000000 ---p 00000000 00:00 0 
7f50f0000000-7f50f0029000 rw-p 00000000 00:00 0 
7f50f0029000-7f50f4000000 ---p 00000000 00:00 0 
7f50f4000000-7f50f4021000 rw-p 00000000 00:00 0 
7f50f4021000-7f50f8000000 ---p 00000000 00:00 0 
7f50f8000000-7f50f8028000 rw-p 00000000 00:00 0 
7f50f8028000-7f50fc000000 ---p 00000000 00:00 0 
7f50fc000000-7f50fc021000 rw-p 00000000 00:00 0 
7f50fc021000-7f5100000000 ---p 00000000 00:00 0 
7f5100000000-7f510002e000 rw-p 00000000 00:00 0 
7f510002e000-7f5104000000 ---p 00000000 00:00 0 
7f5104000000-7f5104b76000 rw-p 00000000 00:00 0 
7f5104b76000-7f5108000000 ---p 00000000 00:00 0 
7f5108000000-7f5108021000 rw-p 00000000 00:00 0 
7f5108021000-7f510c000000 ---p 00000000 00:00 0 
7f510c000000-7f510d89b000 rw-p 00000000 00:00 0 
7f510d89b000-7f5110000000 ---p 00000000 00:00 0 
7f5110000000-7f5111972000 rw-p 00000000 00:00 0 
7f5111972000-7f5114000000 ---p 00000000 00:00 0 
7f5114000000-7f5114021000 rw-p 00000000 00:00 0 
7f5114021000-7f5118000000 ---p 00000000 00:00 0 
7f5118000000-7f5118021000 rw-p 00000000 00:00 0 
7f5118021000-7f511c000000 ---p 00000000 00:00 0 
7f511c000000-7f511c2ad000 rw-p 00000000 00:00 0 
7f511c2ad000-7f5120000000 ---p 00000000 00:00 0 
7f5120000000-7f5120021000 rw-p 00000000 00:00 0 
7f5120021000-7f5124000000 ---p 00000000 00:00 0 
7f5124000000-7f5124021000 rw-p 00000000 00:00 0 
7f5124021000-7f5128000000 ---p 00000000 00:00 0 
7f5128000000-7f5128021000 rw-p 00000000 00:00 0 
7f5128021000-7f512c000000 ---p 00000000 00:00 0 
7f512c000000-7f512c021000 rw-p 00000000 00:00 0 
7f512c021000-7f5130000000 ---p 00000000 00:00 0 
7f5132aad000-7f5132ab0000 ---p 00000000 00:00 0 
7f5132ab0000-7f5132bae000 rw-p 00000000 00:00 0 
7f5132bae000-7f5132bb1000 ---p 00000000 00:00 0 
7f5132bb1000-7f5132caf000 rw-p 00000000 00:00 0 
7f5132caf000-7f5132cb2000 ---p 00000000 00:00 0 
7f5132cb2000-7f5132db0000 rw-p 00000000 00:00 0 
7f5132db0000-7f5132db3000 ---p 00000000 00:00 0 
7f5132db3000-7f5132eb1000 rw-p 00000000 00:00 0 
7f5132eb1000-7f5132eb4000 ---p 00000000 00:00 0 
7f5132eb4000-7f5132fb2000 rw-p 00000000 00:00 0 
7f5132fb2000-7f5132fb5000 ---p 00000000 00:00 0 
7f5132fb5000-7f51330b3000 rw-p 00000000 00:00 0 
7f51330b3000-7f51331a8000 r--s 00c21000 08:05 158171                     /home/longlv/code/UP_RDS/zalo-pay/zalopay-android/ZaloPay/app/build/intermediates/transforms/jarMerging/iapbeta/debug/jars/1/1f/combined.jar
7f51331a8000-7f51331a9000 ---p 00000000 00:00 0 
7f51331a9000-7f51332a9000 rw-p 00000000 00:00 0 
7f51332a9000-7f51332ac000 ---p 00000000 00:00 0 
7f51332ac000-7f51333aa000 rw-p 00000000 00:00 0 
7f51333aa000-7f51333ad000 ---p 00000000 00:00 0 
7f51333ad000-7f51334ab000 rw-p 00000000 00:00 0 
7f51334ab000-7f51334ae000 ---p 00000000 00:00 0 
7f51334ae000-7f51335ac000 rw-p 00000000 00:00 0 
7f51335ac000-7f51335af000 ---p 00000000 00:00 0 
7f51335af000-7f51336ad000 rw-p 00000000 00:00 0 
7f51336ad000-7f51336b0000 ---p 00000000 00:00 0 
7f51336b0000-7f51337ae000 rw-p 00000000 00:00 0 
7f51337ae000-7f5134000000 r--p 00000000 08:03 528332                     /usr/lib/locale/locale-archive
7f5134000000-7f5134021000 rw-p 00000000 00:00 0 
7f5134021000-7f5138000000 ---p 00000000 00:00 0 
7f51380f1000-7f51380f4000 ---p 00000000 00:00 0 
7f51380f4000-7f51381f2000 rw-p 00000000 00:00 0 
7f51381f2000-7f51381f5000 ---p 00000000 00:00 0 
7f51381f5000-7f51382f3000 rw-p 00000000 00:00 0 
7f51382f3000-7f51382f4000 ---p 00000000 00:00 0 
7f51382f4000-7f513d000000 rw-p 00000000 00:00 0 
7f513d000000-7f513def0000 rwxp 00000000 00:00 0 
7f513def0000-7f514c000000 ---p 00000000 00:00 0 
7f514c000000-7f514c3e7000 rw-p 00000000 00:00 0 
7f514c3e7000-7f5150000000 ---p 00000000 00:00 0 
7f5150061000-7f5150437000 rw-p 00000000 00:00 0 
7f5150437000-7f515060f000 r--s 03d1d000 08:03 554374                     /usr/lib/jvm/jdk1.8.0_72/jre/lib/rt.jar
7f515060f000-7f5150d45000 rw-p 00000000 00:00 0 
7f5150d45000-7f5150e85000 ---p 00000000 00:00 0 
7f5150e85000-7f5151285000 rw-p 00000000 00:00 0 
7f5151285000-7f5151286000 ---p 00000000 00:00 0 
7f5151286000-7f5151386000 rw-p 00000000 00:00 0 
7f5151386000-7f5151387000 ---p 00000000 00:00 0 
7f5151387000-7f5151487000 rw-p 00000000 00:00 0 
7f5151487000-7f5151488000 ---p 00000000 00:00 0 
7f5151488000-7f5151588000 rw-p 00000000 00:00 0 
7f5151588000-7f5151589000 ---p 00000000 00:00 0 
7f5151589000-7f51517fb000 rw-p 00000000 00:00 0 
7f51517fb000-7f5151934000 ---p 00000000 00:00 0 
7f5151934000-7f5151aa6000 rw-p 00000000 00:00 0 
7f5151aa6000-7f5151bde000 ---p 00000000 00:00 0 
7f5151bde000-7f5151d34000 rw-p 00000000 00:00 0 
7f5151d34000-7f5151d71000 rw-p 00000000 00:00 0 
7f5151d71000-7f51520f5000 ---p 00000000 00:00 0 
7f51520f5000-7f515210f000 r-xp 00000000 08:03 554572                     /usr/lib/jvm/jdk1.8.0_72/jre/lib/amd64/libzip.so
7f515210f000-7f515230f000 ---p 0001a000 08:03 554572                     /usr/lib/jvm/jdk1.8.0_72/jre/lib/amd64/libzip.so
7f515230f000-7f5152310000 rw-p 0001a000 08:03 554572                     /usr/lib/jvm/jdk1.8.0_72/jre/lib/amd64/libzip.so
7f5152310000-7f515231b000 r-xp 00000000 08:03 396797                     /lib/x86_64-linux-gnu/libnss_files-2.19.so
7f515231b000-7f515251a000 ---p 0000b000 08:03 396797                     /lib/x86_64-linux-gnu/libnss_files-2.19.so
7f515251a000-7f515251b000 r--p 0000a000 08:03 396797                     /lib/x86_64-linux-gnu/libnss_files-2.19.so
7f515251b000-7f515251c000 rw-p 0000b000 08:03 396797                     /lib/x86_64-linux-gnu/libnss_files-2.19.so
7f515251c000-7f5152527000 r-xp 00000000 08:03 396664                     /lib/x86_64-linux-gnu/libnss_nis-2.19.so
7f5152527000-7f5152726000 ---p 0000b000 08:03 396664                     /lib/x86_64-linux-gnu/libnss_nis-2.19.so
7f5152726000-7f5152727000 r--p 0000a000 08:03 396664                     /lib/x86_64-linux-gnu/libnss_nis-2.19.so
7f5152727000-7f5152728000 rw-p 0000b000 08:03 396664                     /lib/x86_64-linux-gnu/libnss_nis-2.19.so
7f5152728000-7f515273f000 r-xp 00000000 08:03 396606                     /lib/x86_64-linux-gnu/libnsl-2.19.so
7f515273f000-7f515293e000 ---p 00017000 08:03 396606                     /lib/x86_64-linux-gnu/libnsl-2.19.so
7f515293e000-7f515293f000 r--p 00016000 08:03 396606                     /lib/x86_64-linux-gnu/libnsl-2.19.so
7f515293f000-7f5152940000 rw-p 00017000 08:03 396606                     /lib/x86_64-linux-gnu/libnsl-2.19.so
7f5152940000-7f5152942000 rw-p 00000000 00:00 0 
7f5152942000-7f515294b000 r-xp 00000000 08:03 396536                     /lib/x86_64-linux-gnu/libnss_compat-2.19.so
7f515294b000-7f5152b4a000 ---p 00009000 08:03 396536                     /lib/x86_64-linux-gnu/libnss_compat-2.19.so
7f5152b4a000-7f5152b4b000 r--p 00008000 08:03 396536                     /lib/x86_64-linux-gnu/libnss_compat-2.19.so
7f5152b4b000-7f5152b4c000 rw-p 00009000 08:03 396536                     /lib/x86_64-linux-gnu/libnss_compat-2.19.so
7f5152b4c000-7f5152b76000 r-xp 00000000 08:03 554583                     /usr/lib/jvm/jdk1.8.0_72/jre/lib/amd64/libjava.so
7f5152b76000-7f5152d76000 ---p 0002a000 08:03 554583                     /usr/lib/jvm/jdk1.8.0_72/jre/lib/amd64/libjava.so
7f5152d76000-7f5152d78000 rw-p 0002a000 08:03 554583                     /usr/lib/jvm/jdk1.8.0_72/jre/lib/amd64/libjava.so
7f5152d78000-7f5152d85000 r-xp 00000000 08:03 554582                     /usr/lib/jvm/jdk1.8.0_72/jre/lib/amd64/libverify.so
7f5152d85000-7f5152f85000 ---p 0000d000 08:03 554582                     /usr/lib/jvm/jdk1.8.0_72/jre/lib/amd64/libverify.so
7f5152f85000-7f5152f87000 rw-p 0000d000 08:03 554582                     /usr/lib/jvm/jdk1.8.0_72/jre/lib/amd64/libverify.so
7f5152f87000-7f5152f8e000 r-xp 00000000 08:03 396793                     /lib/x86_64-linux-gnu/librt-2.19.so
7f5152f8e000-7f515318d000 ---p 00007000 08:03 396793                     /lib/x86_64-linux-gnu/librt-2.19.so
7f515318d000-7f515318e000 r--p 00006000 08:03 396793                     /lib/x86_64-linux-gnu/librt-2.19.so
7f515318e000-7f515318f000 rw-p 00007000 08:03 396793                     /lib/x86_64-linux-gnu/librt-2.19.so
7f515318f000-7f5153294000 r-xp 00000000 08:03 396350                     /lib/x86_64-linux-gnu/libm-2.19.so
7f5153294000-7f5153493000 ---p 00105000 08:03 396350                     /lib/x86_64-linux-gnu/libm-2.19.so
7f5153493000-7f5153494000 r--p 00104000 08:03 396350                     /lib/x86_64-linux-gnu/libm-2.19.so
7f5153494000-7f5153495000 rw-p 00105000 08:03 396350                     /lib/x86_64-linux-gnu/libm-2.19.so
7f5153495000-7f5154154000 r-xp 00000000 08:03 554615                     /usr/lib/jvm/jdk1.8.0_72/jre/lib/amd64/server/libjvm.so
7f5154154000-7f5154353000 ---p 00cbf000 08:03 554615                     /usr/lib/jvm/jdk1.8.0_72/jre/lib/amd64/server/libjvm.so
7f5154353000-7f515442c000 rw-p 00cbe000 08:03 554615                     /usr/lib/jvm/jdk1.8.0_72/jre/lib/amd64/server/libjvm.so
7f515442c000-7f5154475000 rw-p 00000000 00:00 0 
7f5154475000-7f5154630000 r-xp 00000000 08:03 396794                     /lib/x86_64-linux-gnu/libc-2.19.so
7f5154630000-7f515482f000 ---p 001bb000 08:03 396794                     /lib/x86_64-linux-gnu/libc-2.19.so
7f515482f000-7f5154833000 r--p 001ba000 08:03 396794                     /lib/x86_64-linux-gnu/libc-2.19.so
7f5154833000-7f5154835000 rw-p 001be000 08:03 396794                     /lib/x86_64-linux-gnu/libc-2.19.so
7f5154835000-7f515483a000 rw-p 00000000 00:00 0 
7f515483a000-7f515483d000 r-xp 00000000 08:03 396402                     /lib/x86_64-linux-gnu/libdl-2.19.so
7f515483d000-7f5154a3c000 ---p 00003000 08:03 396402                     /lib/x86_64-linux-gnu/libdl-2.19.so
7f5154a3c000-7f5154a3d000 r--p 00002000 08:03 396402                     /lib/x86_64-linux-gnu/libdl-2.19.so
7f5154a3d000-7f5154a3e000 rw-p 00003000 08:03 396402                     /lib/x86_64-linux-gnu/libdl-2.19.so
7f5154a3e000-7f5154a53000 r-xp 00000000 08:03 554109                     /usr/lib/jvm/jdk1.8.0_72/lib/amd64/jli/libjli.so
7f5154a53000-7f5154c53000 ---p 00015000 08:03 554109                     /usr/lib/jvm/jdk1.8.0_72/lib/amd64/jli/libjli.so
7f5154c53000-7f5154c54000 rw-p 00015000 08:03 554109                     /usr/lib/jvm/jdk1.8.0_72/lib/amd64/jli/libjli.so
7f5154c54000-7f5154c6d000 r-xp 00000000 08:03 396607                     /lib/x86_64-linux-gnu/libpthread-2.19.so
7f5154c6d000-7f5154e6c000 ---p 00019000 08:03 396607                     /lib/x86_64-linux-gnu/libpthread-2.19.so
7f5154e6c000-7f5154e6d000 r--p 00018000 08:03 396607                     /lib/x86_64-linux-gnu/libpthread-2.19.so
7f5154e6d000-7f5154e6e000 rw-p 00019000 08:03 396607                     /lib/x86_64-linux-gnu/libpthread-2.19.so
7f5154e6e000-7f5154e72000 rw-p 00000000 00:00 0 
7f5154e72000-7f5154e95000 r-xp 00000000 08:03 396641                     /lib/x86_64-linux-gnu/ld-2.19.so
7f5154e9d000-7f5154f69000 rw-p 00000000 00:00 0 
7f5154f69000-7f5154f6c000 ---p 00000000 00:00 0 
7f5154f6c000-7f515506e000 rw-p 00000000 00:00 0 
7f5155078000-7f5155079000 rw-p 00000000 00:00 0 
7f5155079000-7f5155088000 r--s 000df000 08:02 60852                      /media/DATA/Development/sdk/build-tools/23.0.3/lib/dx.jar
7f5155088000-7f5155090000 rw-s 00000000 08:03 815782                     /tmp/hsperfdata_longlv/8207
7f5155090000-7f5155091000 rw-p 00000000 00:00 0 
7f5155091000-7f5155092000 ---p 00000000 00:00 0 
7f5155092000-7f5155094000 rw-p 00000000 00:00 0 
7f5155094000-7f5155095000 r--p 00022000 08:03 396641                     /lib/x86_64-linux-gnu/ld-2.19.so
7f5155095000-7f5155096000 rw-p 00023000 08:03 396641                     /lib/x86_64-linux-gnu/ld-2.19.so
7f5155096000-7f5155097000 rw-p 00000000 00:00 0 
7ffe48c2d000-7ffe48c4f000 rw-p 00000000 00:00 0                          [stack]
7ffe48ceb000-7ffe48ced000 r--p 00000000 00:00 0                          [vvar]
7ffe48ced000-7ffe48cef000 r-xp 00000000 00:00 0                          [vdso]
ffffffffff600000-ffffffffff601000 r-xp 00000000 00:00 0                  [vsyscall]

VM Arguments:
jvm_args: -Djava.awt.headless=true -Xmx2g -Dfile.encoding=UTF-8 -Duser.country=US -Duser.language=en -Duser.variant 
java_command: com.android.dx.command.Main --dex --force-jumbo --num-threads=4 --multi-dex --main-dex-list /home/longlv/code/UP_RDS/zalo-pay/zalopay-android/ZaloPay/app/build/intermediates/multi-dex/iapbeta/debug/maindexlist.txt --output /home/longlv/code/UP_RDS/zalo-pay/zalopay-android/ZaloPay/app/build/intermediates/transforms/dex/iapbeta/debug/folders/1000/1f/main /home/longlv/code/UP_RDS/zalo-pay/zalopay-android/ZaloPay/app/build/intermediates/transforms/jarMerging/iapbeta/debug/jars/1/1f/combined.jar
java_class_path (initial): /zserver/sdk/build-tools/23.0.3/lib/dx.jar
Launcher Type: SUN_STANDARD

Environment Variables:
PATH=/usr/local/sbin:/usr/local/bin:/usr/sbin:/usr/bin:/sbin:/bin:/usr/games:/usr/local/games
LD_LIBRARY_PATH=/home/longlv/zserver/android-studio-v2/bin:
SHELL=/bin/bash
DISPLAY=:0

Signal Handlers:
SIGSEGV: [libjvm.so+0xabb070], sa_mask[0]=11111111011111111101111111111110, sa_flags=SA_RESTART|SA_SIGINFO
SIGBUS: [libjvm.so+0xabb070], sa_mask[0]=11111111011111111101111111111110, sa_flags=SA_RESTART|SA_SIGINFO
SIGFPE: [libjvm.so+0x918480], sa_mask[0]=11111111011111111101111111111110, sa_flags=SA_RESTART|SA_SIGINFO
SIGPIPE: [libjvm.so+0x918480], sa_mask[0]=11111111011111111101111111111110, sa_flags=SA_RESTART|SA_SIGINFO
SIGXFSZ: [libjvm.so+0x918480], sa_mask[0]=11111111011111111101111111111110, sa_flags=SA_RESTART|SA_SIGINFO
SIGILL: [libjvm.so+0x918480], sa_mask[0]=11111111011111111101111111111110, sa_flags=SA_RESTART|SA_SIGINFO
SIGUSR1: SIG_DFL, sa_mask[0]=00000000000000000000000000000000, sa_flags=none
SIGUSR2: [libjvm.so+0x919ab0], sa_mask[0]=00100000000000000000000000000000, sa_flags=SA_RESTART|SA_SIGINFO
SIGHUP: [libjvm.so+0x91aeb0], sa_mask[0]=11111111011111111101111111111110, sa_flags=SA_RESTART|SA_SIGINFO
SIGINT: [libjvm.so+0x91aeb0], sa_mask[0]=11111111011111111101111111111110, sa_flags=SA_RESTART|SA_SIGINFO
SIGTERM: [libjvm.so+0x91aeb0], sa_mask[0]=11111111011111111101111111111110, sa_flags=SA_RESTART|SA_SIGINFO
SIGQUIT: [libjvm.so+0x91aeb0], sa_mask[0]=11111111011111111101111111111110, sa_flags=SA_RESTART|SA_SIGINFO


---------------  S Y S T E M  ---------------

OS:DISTRIB_ID=Ubuntu
DISTRIB_RELEASE=14.04
DISTRIB_CODENAME=trusty
DISTRIB_DESCRIPTION="Ubuntu 14.04.4 LTS"

uname:Linux 3.19.0-59-generic #66~14.04.1-Ubuntu SMP Fri May 13 17:27:10 UTC 2016 x86_64
libc:glibc 2.19 NPTL 2.19 
rlimit: STACK 8192k, CORE 0k, NPROC 30660, NOFILE 4096, AS infinity
load average:3,13 1,33 1,01

/proc/meminfo:
MemTotal:        7870356 kB
MemFree:          175044 kB
MemAvailable:     201596 kB
Buffers:           27604 kB
Cached:           644436 kB
SwapCached:            0 kB
Active:          6965376 kB
Inactive:         506412 kB
Active(anon):    6884584 kB
Inactive(anon):   438392 kB
Active(file):      80792 kB
Inactive(file):    68020 kB
Unevictable:          64 kB
Mlocked:              64 kB
SwapTotal:             0 kB
SwapFree:              0 kB
Dirty:               912 kB
Writeback:             0 kB
AnonPages:       6799928 kB
Mapped:           226076 kB
Shmem:            523112 kB
Slab:             113652 kB
SReclaimable:      73232 kB
SUnreclaim:        40420 kB
KernelStack:       12272 kB
PageTables:        48292 kB
NFS_Unstable:          0 kB
Bounce:                0 kB
WritebackTmp:          0 kB
CommitLimit:     3935176 kB
Committed_AS:   11688360 kB
VmallocTotal:   34359738367 kB
VmallocUsed:      382408 kB
VmallocChunk:   34359302020 kB
HardwareCorrupted:     0 kB
AnonHugePages:   4005888 kB
CmaTotal:              0 kB
CmaFree:               0 kB
HugePages_Total:       0
HugePages_Free:        0
HugePages_Rsvd:        0
HugePages_Surp:        0
Hugepagesize:       2048 kB
DirectMap4k:      182292 kB
DirectMap2M:     7897088 kB


CPU:total 4 (2 cores per cpu, 2 threads per core) family 6 model 58 stepping 9, cmov, cx8, fxsr, mmx, sse, sse2, sse3, ssse3, sse4.1, sse4.2, popcnt, avx, aes, clmul, erms, ht, tsc, tscinvbit, tscinv

/proc/cpuinfo:
processor	: 0
vendor_id	: GenuineIntel
cpu family	: 6
model		: 58
model name	: Intel(R) Core(TM) i5-3320M CPU @ 2.60GHz
stepping	: 9
microcode	: 0x16
cpu MHz		: 3099.992
cache size	: 3072 KB
physical id	: 0
siblings	: 4
core id		: 0
cpu cores	: 2
apicid		: 0
initial apicid	: 0
fpu		: yes
fpu_exception	: yes
cpuid level	: 13
wp		: yes
flags		: fpu vme de pse tsc msr pae mce cx8 apic sep mtrr pge mca cmov pat pse36 clflush dts acpi mmx fxsr sse sse2 ss ht tm pbe syscall nx rdtscp lm constant_tsc arch_perfmon pebs bts rep_good nopl xtopology nonstop_tsc aperfmperf eagerfpu pni pclmulqdq dtes64 monitor ds_cpl vmx smx est tm2 ssse3 cx16 xtpr pdcm pcid sse4_1 sse4_2 x2apic popcnt tsc_deadline_timer aes xsave avx f16c rdrand lahf_lm ida arat epb pln pts dtherm tpr_shadow vnmi flexpriority ept vpid fsgsbase smep erms xsaveopt
bugs		:
bogomips	: 5188.01
clflush size	: 64
cache_alignment	: 64
address sizes	: 36 bits physical, 48 bits virtual
power management:

processor	: 1
vendor_id	: GenuineIntel
cpu family	: 6
model		: 58
model name	: Intel(R) Core(TM) i5-3320M CPU @ 2.60GHz
stepping	: 9
microcode	: 0x16
cpu MHz		: 3173.320
cache size	: 3072 KB
physical id	: 0
siblings	: 4
core id		: 0
cpu cores	: 2
apicid		: 1
initial apicid	: 1
fpu		: yes
fpu_exception	: yes
cpuid level	: 13
wp		: yes
flags		: fpu vme de pse tsc msr pae mce cx8 apic sep mtrr pge mca cmov pat pse36 clflush dts acpi mmx fxsr sse sse2 ss ht tm pbe syscall nx rdtscp lm constant_tsc arch_perfmon pebs bts rep_good nopl xtopology nonstop_tsc aperfmperf eagerfpu pni pclmulqdq dtes64 monitor ds_cpl vmx smx est tm2 ssse3 cx16 xtpr pdcm pcid sse4_1 sse4_2 x2apic popcnt tsc_deadline_timer aes xsave avx f16c rdrand lahf_lm ida arat epb pln pts dtherm tpr_shadow vnmi flexpriority ept vpid fsgsbase smep erms xsaveopt
bugs		:
bogomips	: 5188.01
clflush size	: 64
cache_alignment	: 64
address sizes	: 36 bits physical, 48 bits virtual
power management:

processor	: 2
vendor_id	: GenuineIntel
cpu family	: 6
model		: 58
model name	: Intel(R) Core(TM) i5-3320M CPU @ 2.60GHz
stepping	: 9
microcode	: 0x16
cpu MHz		: 3114.718
cache size	: 3072 KB
physical id	: 0
siblings	: 4
core id		: 1
cpu cores	: 2
apicid		: 2
initial apicid	: 2
fpu		: yes
fpu_exception	: yes
cpuid level	: 13
wp		: yes
flags		: fpu vme de pse tsc msr pae mce cx8 apic sep mtrr pge mca cmov pat pse36 clflush dts acpi mmx fxsr sse sse2 ss ht tm pbe syscall nx rdtscp lm constant_tsc arch_perfmon pebs bts rep_good nopl xtopology nonstop_tsc aperfmperf eagerfpu pni pclmulqdq dtes64 monitor ds_cpl vmx smx est tm2 ssse3 cx16 xtpr pdcm pcid sse4_1 sse4_2 x2apic popcnt tsc_deadline_timer aes xsave avx f16c rdrand lahf_lm ida arat epb pln pts dtherm tpr_shadow vnmi flexpriority ept vpid fsgsbase smep erms xsaveopt
bugs		:
bogomips	: 5188.01
clflush size	: 64
cache_alignment	: 64
address sizes	: 36 bits physical, 48 bits virtual
power management:

processor	: 3
vendor_id	: GenuineIntel
cpu family	: 6
model		: 58
model name	: Intel(R) Core(TM) i5-3320M CPU @ 2.60GHz
stepping	: 9
microcode	: 0x16
cpu MHz		: 3130.359
cache size	: 3072 KB
physical id	: 0
siblings	: 4
core id		: 1
cpu cores	: 2
apicid		: 3
initial apicid	: 3
fpu		: yes
fpu_exception	: yes
cpuid level	: 13
wp		: yes
flags		: fpu vme de pse tsc msr pae mce cx8 apic sep mtrr pge mca cmov pat pse36 clflush dts acpi mmx fxsr sse sse2 ss ht tm pbe syscall nx rdtscp lm constant_tsc arch_perfmon pebs bts rep_good nopl xtopology nonstop_tsc aperfmperf eagerfpu pni pclmulqdq dtes64 monitor ds_cpl vmx smx est tm2 ssse3 cx16 xtpr pdcm pcid sse4_1 sse4_2 x2apic popcnt tsc_deadline_timer aes xsave avx f16c rdrand lahf_lm ida arat epb pln pts dtherm tpr_shadow vnmi flexpriority ept vpid fsgsbase smep erms xsaveopt
bugs		:
bogomips	: 5188.01
clflush size	: 64
cache_alignment	: 64
address sizes	: 36 bits physical, 48 bits virtual
power management:



Memory: 4k page, physical 7870356k(175044k free), swap 0k(0k free)

vm_info: Java HotSpot(TM) 64-Bit Server VM (25.72-b15) for linux-amd64 JRE (1.8.0_72-b15), built on Dec 22 2015 22:00:07 by "java_re" with gcc 4.3.0 20080428 (Red Hat 4.3.0-8)

time: Fri May 20 11:52:38 2016
elapsed time: 28 seconds (0d 0h 0m 28s)

