#
# There is insufficient memory for the Java Runtime Environment to continue.
# Native memory allocation (mmap) failed to map 228589568 bytes for committing reserved memory.
# Possible reasons:
#   The system is out of physical RAM or swap space
#   In 32 bit mode, the process size limit was hit
# Possible solutions:
#   Reduce memory load on the system
#   Increase physical memory or swap space
#   Check if swap backing store is full
#   Use 64 bit Java on a 64 bit OS
#   Decrease Java heap size (-Xmx/-Xms)
#   Decrease number of Java threads
#   Decrease Java thread stack sizes (-Xss)
#   Set larger code cache with -XX:ReservedCodeCacheSize=
# This output file may be truncated or incomplete.
#
#  Out of Memory Error (os_linux.cpp:2627), pid=24495, tid=140502075520768
#
# JRE version: Java(TM) SE Runtime Environment (8.0_72-b15) (build 1.8.0_72-b15)
# Java VM: Java HotSpot(TM) 64-Bit Server VM (25.72-b15 mixed mode linux-amd64 compressed oops)
# Failed to write core dump. Core dumps have been disabled. To enable core dumping, try "ulimit -c unlimited" before starting Java again
#

---------------  T H R E A D  ---------------

Current thread (0x00007fc944078000):  VMThread [stack: 0x00007fc9303d3000,0x00007fc9304d4000] [id=24504]

Stack: [0x00007fc9303d3000,0x00007fc9304d4000],  sp=0x00007fc9304d2160,  free space=1020k
Native frames: (J=compiled Java code, j=interpreted, Vv=VM code, C=native code)
V  [libjvm.so+0xaba7ea]  VMError::report_and_die()+0x2ba
V  [libjvm.so+0x4f9e3b]  report_vm_out_of_memory(char const*, int, unsigned long, VMErrorType, char const*)+0x8b
V  [libjvm.so+0x91b613]  os::Linux::commit_memory_impl(char*, unsigned long, bool)+0x103
V  [libjvm.so+0x91bb69]  os::pd_commit_memory(char*, unsigned long, unsigned long, bool)+0x29
V  [libjvm.so+0x915e6a]  os::commit_memory(char*, unsigned long, unsigned long, bool)+0x2a
V  [libjvm.so+0x989543]  PSVirtualSpace::expand_by(unsigned long)+0x53
V  [libjvm.so+0x98a948]  PSYoungGen::resize_generation(unsigned long, unsigned long)+0xf8
V  [libjvm.so+0x989aa2]  PSYoungGen::resize(unsigned long, unsigned long)+0x22
V  [libjvm.so+0x986d7b]  PSScavenge::invoke_no_policy()+0xf3b
V  [libjvm.so+0x987501]  PSScavenge::invoke()+0x41
V  [libjvm.so+0x93f300]  ParallelScavengeHeap::failed_mem_allocate(unsigned long)+0x70
V  [libjvm.so+0xabc207]  VM_ParallelGCFailedAllocation::doit()+0x97
V  [libjvm.so+0xac3c35]  VM_Operation::evaluate()+0x55
V  [libjvm.so+0xac200a]  VMThread::evaluate_operation(VM_Operation*)+0xba
V  [libjvm.so+0xac238e]  VMThread::loop()+0x1ce
V  [libjvm.so+0xac2800]  VMThread::run()+0x70
V  [libjvm.so+0x91d9d8]  java_start(Thread*)+0x108

VM_Operation (0x00007fc91b2a6f70): ParallelGCFailedAllocation, mode: safepoint, requested by thread 0x00007fc944134000


---------------  P R O C E S S  ---------------

Java Threads: ( => current thread )
  0x00007fc944145000 JavaThread "pool-2-thread-4" [_thread_blocked, id=24537, stack(0x00007fc91ada4000,0x00007fc91aea5000)]
  0x00007fc944143000 JavaThread "pool-2-thread-3" [_thread_blocked, id=24536, stack(0x00007fc91aea5000,0x00007fc91afa6000)]
  0x00007fc944141800 JavaThread "pool-2-thread-2" [_thread_blocked, id=24535, stack(0x00007fc91afa6000,0x00007fc91b0a7000)]
  0x00007fc944136800 JavaThread "pool-3-thread-1" [_thread_blocked, id=24532, stack(0x00007fc91b0a7000,0x00007fc91b1a8000)]
  0x00007fc944134000 JavaThread "pool-2-thread-1" [_thread_blocked, id=24530, stack(0x00007fc91b1a8000,0x00007fc91b2a9000)]
  0x00007fc9440d3800 JavaThread "Service Thread" daemon [_thread_blocked, id=24511, stack(0x00007fc91b3aa000,0x00007fc91b4ab000)]
  0x00007fc9440be000 JavaThread "C1 CompilerThread2" daemon [_thread_blocked, id=24510, stack(0x00007fc91b4ab000,0x00007fc91b5ac000)]
  0x00007fc9440bc800 JavaThread "C2 CompilerThread1" daemon [_thread_blocked, id=24509, stack(0x00007fc91b5ac000,0x00007fc91b6ad000)]
  0x00007fc9440b9800 JavaThread "C2 CompilerThread0" daemon [_thread_blocked, id=24508, stack(0x00007fc91b6ad000,0x00007fc91b7ae000)]
  0x00007fc9440b8000 JavaThread "Signal Dispatcher" daemon [_thread_blocked, id=24507, stack(0x00007fc9300d0000,0x00007fc9301d1000)]
  0x00007fc944084000 JavaThread "Finalizer" daemon [_thread_blocked, id=24506, stack(0x00007fc9301d1000,0x00007fc9302d2000)]
  0x00007fc94407f800 JavaThread "Reference Handler" daemon [_thread_blocked, id=24505, stack(0x00007fc9302d2000,0x00007fc9303d3000)]
  0x00007fc94400a000 JavaThread "main" [_thread_blocked, id=24497, stack(0x00007fc94cff6000,0x00007fc94d0f7000)]

Other Threads:
=>0x00007fc944078000 VMThread [stack: 0x00007fc9303d3000,0x00007fc9304d4000] [id=24504]
  0x00007fc9440d6800 WatcherThread [stack: 0x00007fc91b2a9000,0x00007fc91b3aa000] [id=24512]

VM state:at safepoint (normal execution)

VM Mutex/Monitor currently owned by a thread:  ([mutex/lock_event])
[0x00007fc9440064e0] Threads_lock - owner thread: 0x00007fc944078000
[0x00007fc9440069e0] Heap_lock - owner thread: 0x00007fc944134000

Heap:
 PSYoungGen      total 130048K, used 5116K [0x00000000d5580000, 0x00000000dd980000, 0x0000000100000000)
  eden space 124928K, 0% used [0x00000000d5580000,0x00000000d5580000,0x00000000dcf80000)
  from space 5120K, 99% used [0x00000000dcf80000,0x00000000dd47f230,0x00000000dd480000)
  to   space 5120K, 0% used [0x00000000dd480000,0x00000000dd480000,0x00000000dd980000)
 ParOldGen       total 90112K, used 89823K [0x0000000080000000, 0x0000000085800000, 0x00000000d5580000)
  object space 90112K, 99% used [0x0000000080000000,0x00000000857b7ec0,0x0000000085800000)
 Metaspace       used 5910K, capacity 7088K, committed 7296K, reserved 1056768K
  class space    used 576K, capacity 616K, committed 640K, reserved 1048576K

Card table byte_map: [0x00007fc9499c1000,0x00007fc949dc2000] byte_map_base: 0x00007fc9495c1000

Marking Bits: (ParMarkBitMap*) 0x00007fc94c4d7100
 Begin Bits: [0x00007fc931000000, 0x00007fc933000000)
 End Bits:   [0x00007fc933000000, 0x00007fc935000000)

Polling page: 0x00007fc94d11e000

CodeCache: size=245760Kb used=5823Kb max_used=5823Kb free=239936Kb
 bounds [0x00007fc935000000, 0x00007fc9355c0000, 0x00007fc944000000]
 total_blobs=1737 nmethods=1475 adapters=175
 compilation: enabled

Compilation events (10 events):
Event: 15,612 Thread 0x00007fc9440be000 nmethod 1829% 0x00007fc9355b00d0 code [0x00007fc9355b02a0, 0x00007fc9355b08b8]
Event: 15,619 Thread 0x00007fc9440be000 1831       3       com.android.dx.ssa.SsaConverter::edgeSplitPredecessors (44 bytes)
Event: 15,620 Thread 0x00007fc9440be000 nmethod 1831 0x00007fc9355b0bd0 code [0x00007fc9355b0de0, 0x00007fc9355b17a8]
Event: 15,650 Thread 0x00007fc9440be000 1832       2       java.util.regex.Pattern::compile (406 bytes)
Event: 15,652 Thread 0x00007fc9440be000 nmethod 1832 0x00007fc9355b1d50 code [0x00007fc9355b1fc0, 0x00007fc9355b2bc8]
Event: 15,652 Thread 0x00007fc9440be000 1833       2       java.util.regex.Pattern::newSlice (181 bytes)
Event: 15,653 Thread 0x00007fc9440be000 nmethod 1833 0x00007fc9355b3350 code [0x00007fc9355b35a0, 0x00007fc9355b3e18]
Event: 15,653 Thread 0x00007fc9440be000 1835       2       java.util.regex.Matcher::search (109 bytes)
Event: 15,671 Thread 0x00007fc9440be000 nmethod 1835 0x00007fc9355b4550 code [0x00007fc9355b46c0, 0x00007fc9355b4928]
Event: 15,671 Thread 0x00007fc9440be000 1834       2       sun.nio.cs.UTF_8$Decoder::decode (779 bytes)

GC Heap History (9 events):
Event: 4,155 GC heap before
{Heap before GC invocations=1 (full 0):
 PSYoungGen      total 36352K, used 31232K [0x00000000d5580000, 0x00000000d7e00000, 0x0000000100000000)
  eden space 31232K, 100% used [0x00000000d5580000,0x00000000d7400000,0x00000000d7400000)
  from space 5120K, 0% used [0x00000000d7900000,0x00000000d7900000,0x00000000d7e00000)
  to   space 5120K, 0% used [0x00000000d7400000,0x00000000d7400000,0x00000000d7900000)
 ParOldGen       total 83456K, used 0K [0x0000000080000000, 0x0000000085180000, 0x00000000d5580000)
  object space 83456K, 0% used [0x0000000080000000,0x0000000080000000,0x0000000085180000)
 Metaspace       used 5512K, capacity 6768K, committed 7040K, reserved 1056768K
  class space    used 571K, capacity 616K, committed 640K, reserved 1048576K
Event: 4,212 GC heap after
Heap after GC invocations=1 (full 0):
 PSYoungGen      total 36352K, used 5118K [0x00000000d5580000, 0x00000000d9c80000, 0x0000000100000000)
  eden space 31232K, 0% used [0x00000000d5580000,0x00000000d5580000,0x00000000d7400000)
  from space 5120K, 99% used [0x00000000d7400000,0x00000000d78ff990,0x00000000d7900000)
  to   space 5120K, 0% used [0x00000000d9780000,0x00000000d9780000,0x00000000d9c80000)
 ParOldGen       total 83456K, used 1171K [0x0000000080000000, 0x0000000085180000, 0x00000000d5580000)
  object space 83456K, 1% used [0x0000000080000000,0x0000000080124fd8,0x0000000085180000)
 Metaspace       used 5512K, capacity 6768K, committed 7040K, reserved 1056768K
  class space    used 571K, capacity 616K, committed 640K, reserved 1048576K
}
Event: 5,967 GC heap before
{Heap before GC invocations=2 (full 0):
 PSYoungGen      total 36352K, used 36350K [0x00000000d5580000, 0x00000000d9c80000, 0x0000000100000000)
  eden space 31232K, 100% used [0x00000000d5580000,0x00000000d7400000,0x00000000d7400000)
  from space 5120K, 99% used [0x00000000d7400000,0x00000000d78ff990,0x00000000d7900000)
  to   space 5120K, 0% used [0x00000000d9780000,0x00000000d9780000,0x00000000d9c80000)
 ParOldGen       total 83456K, used 1171K [0x0000000080000000, 0x0000000085180000, 0x00000000d5580000)
  object space 83456K, 1% used [0x0000000080000000,0x0000000080124fd8,0x0000000085180000)
 Metaspace       used 5592K, capacity 6832K, committed 7040K, reserved 1056768K
  class space    used 575K, capacity 616K, committed 640K, reserved 1048576K
Event: 6,212 GC heap after
Heap after GC invocations=2 (full 0):
 PSYoungGen      total 67584K, used 5113K [0x00000000d5580000, 0x00000000d9c80000, 0x0000000100000000)
  eden space 62464K, 0% used [0x00000000d5580000,0x00000000d5580000,0x00000000d9280000)
  from space 5120K, 99% used [0x00000000d9780000,0x00000000d9c7e578,0x00000000d9c80000)
  to   space 5120K, 0% used [0x00000000d9280000,0x00000000d9280000,0x00000000d9780000)
 ParOldGen       total 83456K, used 4838K [0x0000000080000000, 0x0000000085180000, 0x00000000d5580000)
  object space 83456K, 5% used [0x0000000080000000,0x00000000804b9920,0x0000000085180000)
 Metaspace       used 5592K, capacity 6832K, committed 7040K, reserved 1056768K
  class space    used 575K, capacity 616K, committed 640K, reserved 1048576K
}
Event: 9,147 GC heap before
{Heap before GC invocations=3 (full 0):
 PSYoungGen      total 67584K, used 67577K [0x00000000d5580000, 0x00000000d9c80000, 0x0000000100000000)
  eden space 62464K, 100% used [0x00000000d5580000,0x00000000d9280000,0x00000000d9280000)
  from space 5120K, 99% used [0x00000000d9780000,0x00000000d9c7e578,0x00000000d9c80000)
  to   space 5120K, 0% used [0x00000000d9280000,0x00000000d9280000,0x00000000d9780000)
 ParOldGen       total 83456K, used 4838K [0x0000000080000000, 0x0000000085180000, 0x00000000d5580000)
  object space 83456K, 5% used [0x0000000080000000,0x00000000804b9920,0x0000000085180000)
 Metaspace       used 5710K, capacity 6896K, committed 7040K, reserved 1056768K
  class space    used 575K, capacity 616K, committed 640K, reserved 1048576K
Event: 9,506 GC heap after
Heap after GC invocations=3 (full 0):
 PSYoungGen      total 67584K, used 5090K [0x00000000d5580000, 0x00000000dd980000, 0x0000000100000000)
  eden space 62464K, 0% used [0x00000000d5580000,0x00000000d5580000,0x00000000d9280000)
  from space 5120K, 99% used [0x00000000d9280000,0x00000000d9778820,0x00000000d9780000)
  to   space 5120K, 0% used [0x00000000dd480000,0x00000000dd480000,0x00000000dd980000)
 ParOldGen       total 83456K, used 16560K [0x0000000080000000, 0x0000000085180000, 0x00000000d5580000)
  object space 83456K, 19% used [0x0000000080000000,0x000000008102c1e8,0x0000000085180000)
 Metaspace       used 5710K, capacity 6896K, committed 7040K, reserved 1056768K
  class space    used 575K, capacity 616K, committed 640K, reserved 1048576K
}
Event: 13,697 GC heap before
{Heap before GC invocations=4 (full 0):
 PSYoungGen      total 67584K, used 67554K [0x00000000d5580000, 0x00000000dd980000, 0x0000000100000000)
  eden space 62464K, 100% used [0x00000000d5580000,0x00000000d9280000,0x00000000d9280000)
  from space 5120K, 99% used [0x00000000d9280000,0x00000000d9778820,0x00000000d9780000)
  to   space 5120K, 0% used [0x00000000dd480000,0x00000000dd480000,0x00000000dd980000)
 ParOldGen       total 83456K, used 16560K [0x0000000080000000, 0x0000000085180000, 0x00000000d5580000)
  object space 83456K, 19% used [0x0000000080000000,0x000000008102c1e8,0x0000000085180000)
 Metaspace       used 5871K, capacity 7024K, committed 7296K, reserved 1056768K
  class space    used 576K, capacity 616K, committed 640K, reserved 1048576K
Event: 14,028 GC heap after
Heap after GC invocations=4 (full 0):
 PSYoungGen      total 130048K, used 5116K [0x00000000d5580000, 0x00000000dd980000, 0x0000000100000000)
  eden space 124928K, 0% used [0x00000000d5580000,0x00000000d5580000,0x00000000dcf80000)
  from space 5120K, 99% used [0x00000000dd480000,0x00000000dd97f230,0x00000000dd980000)
  to   space 5120K, 0% used [0x00000000dcf80000,0x00000000dcf80000,0x00000000dd480000)
 ParOldGen       total 83456K, used 45322K [0x0000000080000000, 0x0000000085180000, 0x00000000d5580000)
  object space 83456K, 54% used [0x0000000080000000,0x0000000082c42920,0x0000000085180000)
 Metaspace       used 5871K, capacity 7024K, committed 7296K, reserved 1056768K
  class space    used 576K, capacity 616K, committed 640K, reserved 1048576K
}
Event: 15,763 GC heap before
{Heap before GC invocations=5 (full 0):
 PSYoungGen      total 130048K, used 130044K [0x00000000d5580000, 0x00000000dd980000, 0x0000000100000000)
  eden space 124928K, 100% used [0x00000000d5580000,0x00000000dcf80000,0x00000000dcf80000)
  from space 5120K, 99% used [0x00000000dd480000,0x00000000dd97f230,0x00000000dd980000)
  to   space 5120K, 0% used [0x00000000dcf80000,0x00000000dcf80000,0x00000000dd480000)
 ParOldGen       total 83456K, used 45322K [0x0000000080000000, 0x0000000085180000, 0x00000000d5580000)
  object space 83456K, 54% used [0x0000000080000000,0x0000000082c42920,0x0000000085180000)
 Metaspace       used 5910K, capacity 7088K, committed 7296K, reserved 1056768K
  class space    used 576K, capacity 616K, committed 640K, reserved 1048576K

Deoptimization events (5 events):
Event: 2,765 Thread 0x00007fc944141800 Uncommon trap: reason=class_check action=maybe_recompile pc=0x00007fc9351f4370 method=com.android.dx.ssa.NormalSsaInsn.accept(Lcom/android/dx/ssa/SsaInsn$Visitor;)V @ 9
Event: 2,794 Thread 0x00007fc944141800 Uncommon trap: reason=class_check action=maybe_recompile pc=0x00007fc9351f4370 method=com.android.dx.ssa.NormalSsaInsn.accept(Lcom/android/dx/ssa/SsaInsn$Visitor;)V @ 9
Event: 2,795 Thread 0x00007fc944141800 Uncommon trap: reason=class_check action=maybe_recompile pc=0x00007fc9351f4370 method=com.android.dx.ssa.NormalSsaInsn.accept(Lcom/android/dx/ssa/SsaInsn$Visitor;)V @ 9
Event: 2,812 Thread 0x00007fc944141800 Uncommon trap: reason=class_check action=maybe_recompile pc=0x00007fc9351f4370 method=com.android.dx.ssa.NormalSsaInsn.accept(Lcom/android/dx/ssa/SsaInsn$Visitor;)V @ 9
Event: 2,841 Thread 0x00007fc944141800 Uncommon trap: reason=class_check action=maybe_recompile pc=0x00007fc9351cef10 method=com.android.dx.ssa.NormalSsaInsn.accept(Lcom/android/dx/ssa/SsaInsn$Visitor;)V @ 9

Internal exceptions (2 events):
Event: 0,306 Thread 0x00007fc94400a000 Exception <a 'java/lang/NoSuchMethodError': Method sun.misc.Unsafe.defineClass(Ljava/lang/String;[BII)Ljava/lang/Class; name or signature does not match> (0x00000000d5587cc0) thrown at [/HUDSON/workspace/8-2-build-linux-amd64/jdk8u72/5732/hotspot/src/shar
Event: 0,306 Thread 0x00007fc94400a000 Exception <a 'java/lang/NoSuchMethodError': Method sun.misc.Unsafe.prefetchRead(Ljava/lang/Object;J)V name or signature does not match> (0x00000000d5587fa8) thrown at [/HUDSON/workspace/8-2-build-linux-amd64/jdk8u72/5732/hotspot/src/share/vm/prims/jni.cpp

Events (10 events):
Event: 15,584 Thread 0x00007fc94400a000 DEOPT UNPACKING pc=0x00007fc935047633 sp=0x00007fc94d0f40a0 mode 0
Event: 15,586 Thread 0x00007fc944145000 DEOPT PACKING pc=0x00007fc9352f8677 sp=0x00007fc91aea2940
Event: 15,586 Thread 0x00007fc944145000 DEOPT UNPACKING pc=0x00007fc935047633 sp=0x00007fc91aea26d0 mode 0
Event: 15,619 Thread 0x00007fc94400a000 DEOPT PACKING pc=0x00007fc9353f9cc4 sp=0x00007fc94d0f4490
Event: 15,619 Thread 0x00007fc94400a000 DEOPT UNPACKING pc=0x00007fc935047633 sp=0x00007fc94d0f4210 mode 0
Event: 15,637 Thread 0x00007fc94400a000 DEOPT PACKING pc=0x00007fc9352d536f sp=0x00007fc94d0f4480
Event: 15,637 Thread 0x00007fc94400a000 DEOPT UNPACKING pc=0x00007fc935047633 sp=0x00007fc94d0f4240 mode 0
Event: 15,657 Thread 0x00007fc94400a000 DEOPT PACKING pc=0x00007fc9351c6d39 sp=0x00007fc94d0f4160
Event: 15,657 Thread 0x00007fc94400a000 DEOPT UNPACKING pc=0x00007fc935047633 sp=0x00007fc94d0f3eb0 mode 0
Event: 15,674 Executing VM operation: ParallelGCFailedAllocation


Dynamic libraries:
00400000-00401000 r-xp 00000000 08:03 554269                             /usr/lib/jvm/jdk1.8.0_72/bin/java
00600000-00601000 rw-p 00000000 08:03 554269                             /usr/lib/jvm/jdk1.8.0_72/bin/java
025b1000-025d2000 rw-p 00000000 00:00 0                                  [heap]
80000000-85800000 rw-p 00000000 00:00 0 
85800000-d5580000 ---p 00000000 00:00 0 
d5580000-dd980000 rw-p 00000000 00:00 0 
eb380000-100000000 ---p 00000000 00:00 0 
100000000-1000a0000 rw-p 00000000 00:00 0 
1000a0000-140000000 ---p 00000000 00:00 0 
7fc8e0000000-7fc8e0021000 rw-p 00000000 00:00 0 
7fc8e0021000-7fc8e4000000 ---p 00000000 00:00 0 
7fc8e8000000-7fc8e8021000 rw-p 00000000 00:00 0 
7fc8e8021000-7fc8ec000000 ---p 00000000 00:00 0 
7fc8ec000000-7fc8ec02e000 rw-p 00000000 00:00 0 
7fc8ec02e000-7fc8f0000000 ---p 00000000 00:00 0 
7fc8f0000000-7fc8f002d000 rw-p 00000000 00:00 0 
7fc8f002d000-7fc8f4000000 ---p 00000000 00:00 0 
7fc8f4000000-7fc8f4021000 rw-p 00000000 00:00 0 
7fc8f4021000-7fc8f8000000 ---p 00000000 00:00 0 
7fc8f8000000-7fc8f8021000 rw-p 00000000 00:00 0 
7fc8f8021000-7fc8fc000000 ---p 00000000 00:00 0 
7fc8fc000000-7fc8fc021000 rw-p 00000000 00:00 0 
7fc8fc021000-7fc900000000 ---p 00000000 00:00 0 
7fc900000000-7fc901360000 rw-p 00000000 00:00 0 
7fc901360000-7fc904000000 ---p 00000000 00:00 0 
7fc904000000-7fc904834000 rw-p 00000000 00:00 0 
7fc904834000-7fc908000000 ---p 00000000 00:00 0 
7fc908000000-7fc908021000 rw-p 00000000 00:00 0 
7fc908021000-7fc90c000000 ---p 00000000 00:00 0 
7fc90c000000-7fc90d1bb000 rw-p 00000000 00:00 0 
7fc90d1bb000-7fc910000000 ---p 00000000 00:00 0 
7fc910000000-7fc910021000 rw-p 00000000 00:00 0 
7fc910021000-7fc914000000 ---p 00000000 00:00 0 
7fc914000000-7fc914021000 rw-p 00000000 00:00 0 
7fc914021000-7fc918000000 ---p 00000000 00:00 0 
7fc91ada4000-7fc91ada7000 ---p 00000000 00:00 0 
7fc91ada7000-7fc91aea5000 rw-p 00000000 00:00 0                          [stack:24537]
7fc91aea5000-7fc91aea8000 ---p 00000000 00:00 0 
7fc91aea8000-7fc91afa6000 rw-p 00000000 00:00 0                          [stack:24536]
7fc91afa6000-7fc91afa9000 ---p 00000000 00:00 0 
7fc91afa9000-7fc91b0a7000 rw-p 00000000 00:00 0                          [stack:24535]
7fc91b0a7000-7fc91b0aa000 ---p 00000000 00:00 0 
7fc91b0aa000-7fc91b1a8000 rw-p 00000000 00:00 0                          [stack:24532]
7fc91b1a8000-7fc91b1ab000 ---p 00000000 00:00 0 
7fc91b1ab000-7fc91b2a9000 rw-p 00000000 00:00 0                          [stack:24530]
7fc91b2a9000-7fc91b2aa000 ---p 00000000 00:00 0 
7fc91b2aa000-7fc91b3aa000 rw-p 00000000 00:00 0                          [stack:24512]
7fc91b3aa000-7fc91b3ad000 ---p 00000000 00:00 0 
7fc91b3ad000-7fc91b4ab000 rw-p 00000000 00:00 0                          [stack:24511]
7fc91b4ab000-7fc91b4ae000 ---p 00000000 00:00 0 
7fc91b4ae000-7fc91b5ac000 rw-p 00000000 00:00 0                          [stack:24510]
7fc91b5ac000-7fc91b5af000 ---p 00000000 00:00 0 
7fc91b5af000-7fc91b6ad000 rw-p 00000000 00:00 0                          [stack:24509]
7fc91b6ad000-7fc91b6b0000 ---p 00000000 00:00 0 
7fc91b6b0000-7fc91b7ae000 rw-p 00000000 00:00 0                          [stack:24508]
7fc91b7ae000-7fc91c000000 r--p 00000000 08:03 528332                     /usr/lib/locale/locale-archive
7fc91c000000-7fc91c021000 rw-p 00000000 00:00 0 
7fc91c021000-7fc920000000 ---p 00000000 00:00 0 
7fc920000000-7fc9202c5000 rw-p 00000000 00:00 0 
7fc9202c5000-7fc924000000 ---p 00000000 00:00 0 
7fc924000000-7fc924021000 rw-p 00000000 00:00 0 
7fc924021000-7fc928000000 ---p 00000000 00:00 0 
7fc928000000-7fc928021000 rw-p 00000000 00:00 0 
7fc928021000-7fc92c000000 ---p 00000000 00:00 0 
7fc92c000000-7fc92c021000 rw-p 00000000 00:00 0 
7fc92c021000-7fc930000000 ---p 00000000 00:00 0 
7fc9300d0000-7fc9300d3000 ---p 00000000 00:00 0 
7fc9300d3000-7fc9301d1000 rw-p 00000000 00:00 0                          [stack:24507]
7fc9301d1000-7fc9301d4000 ---p 00000000 00:00 0 
7fc9301d4000-7fc9302d2000 rw-p 00000000 00:00 0                          [stack:24506]
7fc9302d2000-7fc9302d5000 ---p 00000000 00:00 0 
7fc9302d5000-7fc9303d3000 rw-p 00000000 00:00 0                          [stack:24505]
7fc9303d3000-7fc9303d4000 ---p 00000000 00:00 0 
7fc9303d4000-7fc935000000 rw-p 00000000 00:00 0                          [stack:24504]
7fc935000000-7fc9355c0000 rwxp 00000000 00:00 0 
7fc9355c0000-7fc944000000 ---p 00000000 00:00 0 
7fc944000000-7fc9443a1000 rw-p 00000000 00:00 0 
7fc9443a1000-7fc948000000 ---p 00000000 00:00 0 
7fc94800e000-7fc9484c4000 rw-p 00000000 00:00 0 
7fc9484c4000-7fc94869c000 r--s 03d1d000 08:03 554374                     /usr/lib/jvm/jdk1.8.0_72/jre/lib/rt.jar
7fc94869c000-7fc948d92000 rw-p 00000000 00:00 0 
7fc948d92000-7fc948f12000 ---p 00000000 00:00 0 
7fc948f12000-7fc949312000 rw-p 00000000 00:00 0 
7fc949312000-7fc949313000 ---p 00000000 00:00 0 
7fc949313000-7fc949413000 rw-p 00000000 00:00 0                          [stack:24503]
7fc949413000-7fc949414000 ---p 00000000 00:00 0 
7fc949414000-7fc949514000 rw-p 00000000 00:00 0                          [stack:24502]
7fc949514000-7fc949515000 ---p 00000000 00:00 0 
7fc949515000-7fc949615000 rw-p 00000000 00:00 0                          [stack:24501]
7fc949615000-7fc949616000 ---p 00000000 00:00 0 
7fc949616000-7fc949742000 rw-p 00000000 00:00 0                          [stack:24500]
7fc949742000-7fc9499c1000 ---p 00000000 00:00 0 
7fc9499c1000-7fc9499ed000 rw-p 00000000 00:00 0 
7fc9499ed000-7fc949c6b000 ---p 00000000 00:00 0 
7fc949c6b000-7fc949cae000 rw-p 00000000 00:00 0 
7fc949cae000-7fc949dc1000 ---p 00000000 00:00 0 
7fc949dc1000-7fc949dd9000 rw-p 00000000 00:00 0 
7fc949dd9000-7fc94a182000 ---p 00000000 00:00 0 
7fc94a182000-7fc94a19c000 r-xp 00000000 08:03 554572                     /usr/lib/jvm/jdk1.8.0_72/jre/lib/amd64/libzip.so
7fc94a19c000-7fc94a39c000 ---p 0001a000 08:03 554572                     /usr/lib/jvm/jdk1.8.0_72/jre/lib/amd64/libzip.so
7fc94a39c000-7fc94a39d000 rw-p 0001a000 08:03 554572                     /usr/lib/jvm/jdk1.8.0_72/jre/lib/amd64/libzip.so
7fc94a39d000-7fc94a3a8000 r-xp 00000000 08:03 396797                     /lib/x86_64-linux-gnu/libnss_files-2.19.so
7fc94a3a8000-7fc94a5a7000 ---p 0000b000 08:03 396797                     /lib/x86_64-linux-gnu/libnss_files-2.19.so
7fc94a5a7000-7fc94a5a8000 r--p 0000a000 08:03 396797                     /lib/x86_64-linux-gnu/libnss_files-2.19.so
7fc94a5a8000-7fc94a5a9000 rw-p 0000b000 08:03 396797                     /lib/x86_64-linux-gnu/libnss_files-2.19.so
7fc94a5a9000-7fc94a5b4000 r-xp 00000000 08:03 396664                     /lib/x86_64-linux-gnu/libnss_nis-2.19.so
7fc94a5b4000-7fc94a7b3000 ---p 0000b000 08:03 396664                     /lib/x86_64-linux-gnu/libnss_nis-2.19.so
7fc94a7b3000-7fc94a7b4000 r--p 0000a000 08:03 396664                     /lib/x86_64-linux-gnu/libnss_nis-2.19.so
7fc94a7b4000-7fc94a7b5000 rw-p 0000b000 08:03 396664                     /lib/x86_64-linux-gnu/libnss_nis-2.19.so
7fc94a7b5000-7fc94a7cc000 r-xp 00000000 08:03 396606                     /lib/x86_64-linux-gnu/libnsl-2.19.so
7fc94a7cc000-7fc94a9cb000 ---p 00017000 08:03 396606                     /lib/x86_64-linux-gnu/libnsl-2.19.so
7fc94a9cb000-7fc94a9cc000 r--p 00016000 08:03 396606                     /lib/x86_64-linux-gnu/libnsl-2.19.so
7fc94a9cc000-7fc94a9cd000 rw-p 00017000 08:03 396606                     /lib/x86_64-linux-gnu/libnsl-2.19.so
7fc94a9cd000-7fc94a9cf000 rw-p 00000000 00:00 0 
7fc94a9cf000-7fc94a9d8000 r-xp 00000000 08:03 396536                     /lib/x86_64-linux-gnu/libnss_compat-2.19.so
7fc94a9d8000-7fc94abd7000 ---p 00009000 08:03 396536                     /lib/x86_64-linux-gnu/libnss_compat-2.19.so
7fc94abd7000-7fc94abd8000 r--p 00008000 08:03 396536                     /lib/x86_64-linux-gnu/libnss_compat-2.19.so
7fc94abd8000-7fc94abd9000 rw-p 00009000 08:03 396536                     /lib/x86_64-linux-gnu/libnss_compat-2.19.so
7fc94abd9000-7fc94ac03000 r-xp 00000000 08:03 554583                     /usr/lib/jvm/jdk1.8.0_72/jre/lib/amd64/libjava.so
7fc94ac03000-7fc94ae03000 ---p 0002a000 08:03 554583                     /usr/lib/jvm/jdk1.8.0_72/jre/lib/amd64/libjava.so
7fc94ae03000-7fc94ae05000 rw-p 0002a000 08:03 554583                     /usr/lib/jvm/jdk1.8.0_72/jre/lib/amd64/libjava.so
7fc94ae05000-7fc94ae12000 r-xp 00000000 08:03 554582                     /usr/lib/jvm/jdk1.8.0_72/jre/lib/amd64/libverify.so
7fc94ae12000-7fc94b012000 ---p 0000d000 08:03 554582                     /usr/lib/jvm/jdk1.8.0_72/jre/lib/amd64/libverify.so
7fc94b012000-7fc94b014000 rw-p 0000d000 08:03 554582                     /usr/lib/jvm/jdk1.8.0_72/jre/lib/amd64/libverify.so
7fc94b014000-7fc94b01b000 r-xp 00000000 08:03 396793                     /lib/x86_64-linux-gnu/librt-2.19.so
7fc94b01b000-7fc94b21a000 ---p 00007000 08:03 396793                     /lib/x86_64-linux-gnu/librt-2.19.so
7fc94b21a000-7fc94b21b000 r--p 00006000 08:03 396793                     /lib/x86_64-linux-gnu/librt-2.19.so
7fc94b21b000-7fc94b21c000 rw-p 00007000 08:03 396793                     /lib/x86_64-linux-gnu/librt-2.19.so
7fc94b21c000-7fc94b321000 r-xp 00000000 08:03 396350                     /lib/x86_64-linux-gnu/libm-2.19.so
7fc94b321000-7fc94b520000 ---p 00105000 08:03 396350                     /lib/x86_64-linux-gnu/libm-2.19.so
7fc94b520000-7fc94b521000 r--p 00104000 08:03 396350                     /lib/x86_64-linux-gnu/libm-2.19.so
7fc94b521000-7fc94b522000 rw-p 00105000 08:03 396350                     /lib/x86_64-linux-gnu/libm-2.19.so
7fc94b522000-7fc94c1e1000 r-xp 00000000 08:03 554615                     /usr/lib/jvm/jdk1.8.0_72/jre/lib/amd64/server/libjvm.so
7fc94c1e1000-7fc94c3e0000 ---p 00cbf000 08:03 554615                     /usr/lib/jvm/jdk1.8.0_72/jre/lib/amd64/server/libjvm.so
7fc94c3e0000-7fc94c4b9000 rw-p 00cbe000 08:03 554615                     /usr/lib/jvm/jdk1.8.0_72/jre/lib/amd64/server/libjvm.so
7fc94c4b9000-7fc94c502000 rw-p 00000000 00:00 0 
7fc94c502000-7fc94c6bd000 r-xp 00000000 08:03 396794                     /lib/x86_64-linux-gnu/libc-2.19.so
7fc94c6bd000-7fc94c8bc000 ---p 001bb000 08:03 396794                     /lib/x86_64-linux-gnu/libc-2.19.so
7fc94c8bc000-7fc94c8c0000 r--p 001ba000 08:03 396794                     /lib/x86_64-linux-gnu/libc-2.19.so
7fc94c8c0000-7fc94c8c2000 rw-p 001be000 08:03 396794                     /lib/x86_64-linux-gnu/libc-2.19.so
7fc94c8c2000-7fc94c8c7000 rw-p 00000000 00:00 0 
7fc94c8c7000-7fc94c8ca000 r-xp 00000000 08:03 396402                     /lib/x86_64-linux-gnu/libdl-2.19.so
7fc94c8ca000-7fc94cac9000 ---p 00003000 08:03 396402                     /lib/x86_64-linux-gnu/libdl-2.19.so
7fc94cac9000-7fc94caca000 r--p 00002000 08:03 396402                     /lib/x86_64-linux-gnu/libdl-2.19.so
7fc94caca000-7fc94cacb000 rw-p 00003000 08:03 396402                     /lib/x86_64-linux-gnu/libdl-2.19.so
7fc94cacb000-7fc94cae0000 r-xp 00000000 08:03 554109                     /usr/lib/jvm/jdk1.8.0_72/lib/amd64/jli/libjli.so
7fc94cae0000-7fc94cce0000 ---p 00015000 08:03 554109                     /usr/lib/jvm/jdk1.8.0_72/lib/amd64/jli/libjli.so
7fc94cce0000-7fc94cce1000 rw-p 00015000 08:03 554109                     /usr/lib/jvm/jdk1.8.0_72/lib/amd64/jli/libjli.so
7fc94cce1000-7fc94ccfa000 r-xp 00000000 08:03 396607                     /lib/x86_64-linux-gnu/libpthread-2.19.so
7fc94ccfa000-7fc94cef9000 ---p 00019000 08:03 396607                     /lib/x86_64-linux-gnu/libpthread-2.19.so
7fc94cef9000-7fc94cefa000 r--p 00018000 08:03 396607                     /lib/x86_64-linux-gnu/libpthread-2.19.so
7fc94cefa000-7fc94cefb000 rw-p 00019000 08:03 396607                     /lib/x86_64-linux-gnu/libpthread-2.19.so
7fc94cefb000-7fc94ceff000 rw-p 00000000 00:00 0 
7fc94ceff000-7fc94cf22000 r-xp 00000000 08:03 396641                     /lib/x86_64-linux-gnu/ld-2.19.so
7fc94cf2a000-7fc94cff6000 rw-p 00000000 00:00 0 
7fc94cff6000-7fc94cff9000 ---p 00000000 00:00 0 
7fc94cff9000-7fc94d0fb000 rw-p 00000000 00:00 0                          [stack:24497]
7fc94d105000-7fc94d106000 rw-p 00000000 00:00 0 
7fc94d106000-7fc94d115000 r--s 000df000 08:02 60852                      /media/DATA/Development/sdk/build-tools/23.0.3/lib/dx.jar
7fc94d115000-7fc94d11d000 rw-s 00000000 08:03 802677                     /tmp/hsperfdata_longlv/24495
7fc94d11d000-7fc94d11e000 rw-p 00000000 00:00 0 
7fc94d11e000-7fc94d11f000 ---p 00000000 00:00 0 
7fc94d11f000-7fc94d121000 rw-p 00000000 00:00 0 
7fc94d121000-7fc94d122000 r--p 00022000 08:03 396641                     /lib/x86_64-linux-gnu/ld-2.19.so
7fc94d122000-7fc94d123000 rw-p 00023000 08:03 396641                     /lib/x86_64-linux-gnu/ld-2.19.so
7fc94d123000-7fc94d124000 rw-p 00000000 00:00 0 
7ffdf8d1d000-7ffdf8d3e000 rw-p 00000000 00:00 0                          [stack]
7ffdf8d95000-7ffdf8d97000 r--p 00000000 00:00 0                          [vvar]
7ffdf8d97000-7ffdf8d99000 r-xp 00000000 00:00 0                          [vdso]
ffffffffff600000-ffffffffff601000 r-xp 00000000 00:00 0                  [vsyscall]

VM Arguments:
jvm_args: -Djava.awt.headless=true -Xmx2g -Dfile.encoding=UTF-8 -Duser.country=US -Duser.language=en -Duser.variant 
java_command: com.android.dx.command.Main --dex --force-jumbo --num-threads=4 --multi-dex --output /home/longlv/code/UP_RDS/zalo-pay/zalopay-android/ZaloPay/app/build/intermediates/transforms/dex/beta/debug/folders/1000/5/slice_5 /home/longlv/code/UP_RDS/zalo-pay/zalopay-android/ZaloPay/app/build/intermediates/transforms/instantRunSlicer/beta/debug/folders/1/5/slice_5
java_class_path (initial): /zserver/sdk/build-tools/23.0.3/lib/dx.jar
Launcher Type: SUN_STANDARD

Environment Variables:
PATH=/usr/local/sbin:/usr/local/bin:/usr/sbin:/usr/bin:/sbin:/bin:/usr/games:/usr/local/games
LD_LIBRARY_PATH=/home/longlv/zserver/android-studio-v2/bin:
SHELL=/bin/bash
DISPLAY=:0

Signal Handlers:
SIGSEGV: [libjvm.so+0xabb070], sa_mask[0]=11111111011111111101111111111110, sa_flags=SA_RESTART|SA_SIGINFO
SIGBUS: [libjvm.so+0xabb070], sa_mask[0]=11111111011111111101111111111110, sa_flags=SA_RESTART|SA_SIGINFO
SIGFPE: [libjvm.so+0x918480], sa_mask[0]=11111111011111111101111111111110, sa_flags=SA_RESTART|SA_SIGINFO
SIGPIPE: [libjvm.so+0x918480], sa_mask[0]=11111111011111111101111111111110, sa_flags=SA_RESTART|SA_SIGINFO
SIGXFSZ: [libjvm.so+0x918480], sa_mask[0]=11111111011111111101111111111110, sa_flags=SA_RESTART|SA_SIGINFO
SIGILL: [libjvm.so+0x918480], sa_mask[0]=11111111011111111101111111111110, sa_flags=SA_RESTART|SA_SIGINFO
SIGUSR1: SIG_DFL, sa_mask[0]=00000000000000000000000000000000, sa_flags=none
SIGUSR2: [libjvm.so+0x919ab0], sa_mask[0]=00100000000000000000000000000000, sa_flags=SA_RESTART|SA_SIGINFO
SIGHUP: [libjvm.so+0x91aeb0], sa_mask[0]=11111111011111111101111111111110, sa_flags=SA_RESTART|SA_SIGINFO
SIGINT: [libjvm.so+0x91aeb0], sa_mask[0]=11111111011111111101111111111110, sa_flags=SA_RESTART|SA_SIGINFO
SIGTERM: [libjvm.so+0x91aeb0], sa_mask[0]=11111111011111111101111111111110, sa_flags=SA_RESTART|SA_SIGINFO
SIGQUIT: [libjvm.so+0x91aeb0], sa_mask[0]=11111111011111111101111111111110, sa_flags=SA_RESTART|SA_SIGINFO


---------------  S Y S T E M  ---------------

OS:DISTRIB_ID=Ubuntu
DISTRIB_RELEASE=14.04
DISTRIB_CODENAME=trusty
DISTRIB_DESCRIPTION="Ubuntu 14.04.4 LTS"

uname:Linux 3.19.0-58-generic #64~14.04.1-Ubuntu SMP Fri Mar 18 19:05:43 UTC 2016 x86_64
libc:glibc 2.19 NPTL 2.19 
rlimit: STACK 8192k, CORE 0k, NPROC 30659, NOFILE 4096, AS infinity
load average:45,85 21,07 10,97

/proc/meminfo:
MemTotal:        7870352 kB
MemFree:          120836 kB
MemAvailable:      82304 kB
Buffers:             232 kB
Cached:           752596 kB
SwapCached:            0 kB
Active:          6883036 kB
Inactive:         623868 kB
Active(anon):    6876376 kB
Inactive(anon):   617020 kB
Active(file):       6660 kB
Inactive(file):     6848 kB
Unevictable:         112 kB
Mlocked:             112 kB
SwapTotal:             0 kB
SwapFree:              0 kB
Dirty:                60 kB
Writeback:             0 kB
AnonPages:       6754576 kB
Mapped:           191932 kB
Shmem:            738932 kB
Slab:             121268 kB
SReclaimable:      78368 kB
SUnreclaim:        42900 kB
KernelStack:       13824 kB
PageTables:        52144 kB
NFS_Unstable:          0 kB
Bounce:                0 kB
WritebackTmp:          0 kB
CommitLimit:     3935176 kB
Committed_AS:   13701616 kB
VmallocTotal:   34359738367 kB
VmallocUsed:      385580 kB
VmallocChunk:   34359268376 kB
HardwareCorrupted:     0 kB
AnonHugePages:   3250176 kB
CmaTotal:              0 kB
CmaFree:               0 kB
HugePages_Total:       0
HugePages_Free:        0
HugePages_Rsvd:        0
HugePages_Surp:        0
Hugepagesize:       2048 kB
DirectMap4k:      219156 kB
DirectMap2M:     7860224 kB


CPU:total 4 (2 cores per cpu, 2 threads per core) family 6 model 58 stepping 9, cmov, cx8, fxsr, mmx, sse, sse2, sse3, ssse3, sse4.1, sse4.2, popcnt, avx, aes, clmul, erms, ht, tsc, tscinvbit, tscinv

/proc/cpuinfo:
processor	: 0
vendor_id	: GenuineIntel
cpu family	: 6
model		: 58
model name	: Intel(R) Core(TM) i5-3320M CPU @ 2.60GHz
stepping	: 9
microcode	: 0x16
cpu MHz		: 2991.929
cache size	: 3072 KB
physical id	: 0
siblings	: 4
core id		: 0
cpu cores	: 2
apicid		: 0
initial apicid	: 0
fpu		: yes
fpu_exception	: yes
cpuid level	: 13
wp		: yes
flags		: fpu vme de pse tsc msr pae mce cx8 apic sep mtrr pge mca cmov pat pse36 clflush dts acpi mmx fxsr sse sse2 ss ht tm pbe syscall nx rdtscp lm constant_tsc arch_perfmon pebs bts rep_good nopl xtopology nonstop_tsc aperfmperf eagerfpu pni pclmulqdq dtes64 monitor ds_cpl vmx smx est tm2 ssse3 cx16 xtpr pdcm pcid sse4_1 sse4_2 x2apic popcnt tsc_deadline_timer aes xsave avx f16c rdrand lahf_lm ida arat epb pln pts dtherm tpr_shadow vnmi flexpriority ept vpid fsgsbase smep erms xsaveopt
bugs		:
bogomips	: 5187.81
clflush size	: 64
cache_alignment	: 64
address sizes	: 36 bits physical, 48 bits virtual
power management:

processor	: 1
vendor_id	: GenuineIntel
cpu family	: 6
model		: 58
model name	: Intel(R) Core(TM) i5-3320M CPU @ 2.60GHz
stepping	: 9
microcode	: 0x16
cpu MHz		: 3059.570
cache size	: 3072 KB
physical id	: 0
siblings	: 4
core id		: 0
cpu cores	: 2
apicid		: 1
initial apicid	: 1
fpu		: yes
fpu_exception	: yes
cpuid level	: 13
wp		: yes
flags		: fpu vme de pse tsc msr pae mce cx8 apic sep mtrr pge mca cmov pat pse36 clflush dts acpi mmx fxsr sse sse2 ss ht tm pbe syscall nx rdtscp lm constant_tsc arch_perfmon pebs bts rep_good nopl xtopology nonstop_tsc aperfmperf eagerfpu pni pclmulqdq dtes64 monitor ds_cpl vmx smx est tm2 ssse3 cx16 xtpr pdcm pcid sse4_1 sse4_2 x2apic popcnt tsc_deadline_timer aes xsave avx f16c rdrand lahf_lm ida arat epb pln pts dtherm tpr_shadow vnmi flexpriority ept vpid fsgsbase smep erms xsaveopt
bugs		:
bogomips	: 5187.81
clflush size	: 64
cache_alignment	: 64
address sizes	: 36 bits physical, 48 bits virtual
power management:

processor	: 2
vendor_id	: GenuineIntel
cpu family	: 6
model		: 58
model name	: Intel(R) Core(TM) i5-3320M CPU @ 2.60GHz
stepping	: 9
microcode	: 0x16
cpu MHz		: 2993.859
cache size	: 3072 KB
physical id	: 0
siblings	: 4
core id		: 1
cpu cores	: 2
apicid		: 2
initial apicid	: 2
fpu		: yes
fpu_exception	: yes
cpuid level	: 13
wp		: yes
flags		: fpu vme de pse tsc msr pae mce cx8 apic sep mtrr pge mca cmov pat pse36 clflush dts acpi mmx fxsr sse sse2 ss ht tm pbe syscall nx rdtscp lm constant_tsc arch_perfmon pebs bts rep_good nopl xtopology nonstop_tsc aperfmperf eagerfpu pni pclmulqdq dtes64 monitor ds_cpl vmx smx est tm2 ssse3 cx16 xtpr pdcm pcid sse4_1 sse4_2 x2apic popcnt tsc_deadline_timer aes xsave avx f16c rdrand lahf_lm ida arat epb pln pts dtherm tpr_shadow vnmi flexpriority ept vpid fsgsbase smep erms xsaveopt
bugs		:
bogomips	: 5187.81
clflush size	: 64
cache_alignment	: 64
address sizes	: 36 bits physical, 48 bits virtual
power management:

processor	: 3
vendor_id	: GenuineIntel
cpu family	: 6
model		: 58
model name	: Intel(R) Core(TM) i5-3320M CPU @ 2.60GHz
stepping	: 9
microcode	: 0x16
cpu MHz		: 2475.687
cache size	: 3072 KB
physical id	: 0
siblings	: 4
core id		: 1
cpu cores	: 2
apicid		: 3
initial apicid	: 3
fpu		: yes
fpu_exception	: yes
cpuid level	: 13
wp		: yes
flags		: fpu vme de pse tsc msr pae mce cx8 apic sep mtrr pge mca cmov pat pse36 clflush dts acpi mmx fxsr sse sse2 ss ht tm pbe syscall nx rdtscp lm constant_tsc arch_perfmon pebs bts rep_good nopl xtopology nonstop_tsc aperfmperf eagerfpu pni pclmulqdq dtes64 monitor ds_cpl vmx smx est tm2 ssse3 cx16 xtpr pdcm pcid sse4_1 sse4_2 x2apic popcnt tsc_deadline_timer aes xsave avx f16c rdrand lahf_lm ida arat epb pln pts dtherm tpr_shadow vnmi flexpriority ept vpid fsgsbase smep erms xsaveopt
bugs		:
bogomips	: 5187.81
clflush size	: 64
cache_alignment	: 64
address sizes	: 36 bits physical, 48 bits virtual
power management:



Memory: 4k page, physical 7870352k(120268k free), swap 0k(0k free)

vm_info: Java HotSpot(TM) 64-Bit Server VM (25.72-b15) for linux-amd64 JRE (1.8.0_72-b15), built on Dec 22 2015 22:00:07 by "java_re" with gcc 4.3.0 20080428 (Red Hat 4.3.0-8)

time: Mon May  9 13:38:20 2016
elapsed time: 89 seconds (0d 0h 1m 29s)

