#
# There is insufficient memory for the Java Runtime Environment to continue.
# Native memory allocation (mmap) failed to map 335020032 bytes for committing reserved memory.
# Possible reasons:
#   The system is out of physical RAM or swap space
#   In 32 bit mode, the process size limit was hit
# Possible solutions:
#   Reduce memory load on the system
#   Increase physical memory or swap space
#   Check if swap backing store is full
#   Use 64 bit Java on a 64 bit OS
#   Decrease Java heap size (-Xmx/-Xms)
#   Decrease number of Java threads
#   Decrease Java thread stack sizes (-Xss)
#   Set larger code cache with -XX:ReservedCodeCacheSize=
# This output file may be truncated or incomplete.
#
#  Out of Memory Error (os_linux.cpp:2627), pid=13117, tid=140523947947776
#
# JRE version: Java(TM) SE Runtime Environment (8.0_72-b15) (build 1.8.0_72-b15)
# Java VM: Java HotSpot(TM) 64-Bit Server VM (25.72-b15 mixed mode linux-amd64 compressed oops)
# Failed to write core dump. Core dumps have been disabled. To enable core dumping, try "ulimit -c unlimited" before starting Java again
#

---------------  T H R E A D  ---------------

Current thread (0x00007fce60078000):  VMThread [stack: 0x00007fce47eff000,0x00007fce48000000] [id=13127]

Stack: [0x00007fce47eff000,0x00007fce48000000],  sp=0x00007fce47ffe2e0,  free space=1020k
Native frames: (J=compiled Java code, j=interpreted, Vv=VM code, C=native code)
V  [libjvm.so+0xaba7ea]  VMError::report_and_die()+0x2ba
V  [libjvm.so+0x4f9e3b]  report_vm_out_of_memory(char const*, int, unsigned long, VMErrorType, char const*)+0x8b
V  [libjvm.so+0x91b613]  os::Linux::commit_memory_impl(char*, unsigned long, bool)+0x103
V  [libjvm.so+0x91bb69]  os::pd_commit_memory(char*, unsigned long, unsigned long, bool)+0x29
V  [libjvm.so+0x915e6a]  os::commit_memory(char*, unsigned long, unsigned long, bool)+0x2a
V  [libjvm.so+0x989543]  PSVirtualSpace::expand_by(unsigned long)+0x53
V  [libjvm.so+0x979e30]  PSOldGen::expand(unsigned long)+0x170
V  [libjvm.so+0x97a03b]  PSOldGen::resize(unsigned long)+0x1cb
V  [libjvm.so+0x981d11]  PSParallelCompact::invoke_no_policy(bool)+0x991
V  [libjvm.so+0x98766d]  PSScavenge::invoke()+0x1ad
V  [libjvm.so+0x93f300]  ParallelScavengeHeap::failed_mem_allocate(unsigned long)+0x70
V  [libjvm.so+0xabc207]  VM_ParallelGCFailedAllocation::doit()+0x97
V  [libjvm.so+0xac3c35]  VM_Operation::evaluate()+0x55
V  [libjvm.so+0xac200a]  VMThread::evaluate_operation(VM_Operation*)+0xba
V  [libjvm.so+0xac238e]  VMThread::loop()+0x1ce
V  [libjvm.so+0xac2800]  VMThread::run()+0x70
V  [libjvm.so+0x91d9d8]  java_start(Thread*)+0x108

VM_Operation (0x00007fce46da0f00): ParallelGCFailedAllocation, mode: safepoint, requested by thread 0x00007fce60177000


---------------  P R O C E S S  ---------------

Java Threads: ( => current thread )
  0x00007fce6017d800 JavaThread "pool-2-thread-4" [_thread_blocked, id=13140, stack(0x00007fce4689e000,0x00007fce4699f000)]
  0x00007fce6017b800 JavaThread "pool-2-thread-3" [_thread_blocked, id=13139, stack(0x00007fce4699f000,0x00007fce46aa0000)]
  0x00007fce6017a000 JavaThread "pool-2-thread-2" [_thread_blocked, id=13138, stack(0x00007fce46aa0000,0x00007fce46ba1000)]
  0x00007fce60179000 JavaThread "pool-3-thread-1" [_thread_blocked, id=13137, stack(0x00007fce46ba1000,0x00007fce46ca2000)]
  0x00007fce60177000 JavaThread "pool-2-thread-1" [_thread_blocked, id=13136, stack(0x00007fce46ca2000,0x00007fce46da3000)]
  0x00007fce600cb800 JavaThread "Service Thread" daemon [_thread_blocked, id=13134, stack(0x00007fce46fa6000,0x00007fce470a7000)]
  0x00007fce600be800 JavaThread "C1 CompilerThread2" daemon [_thread_blocked, id=13133, stack(0x00007fce470a7000,0x00007fce471a8000)]
  0x00007fce600bc800 JavaThread "C2 CompilerThread1" daemon [_thread_blocked, id=13132, stack(0x00007fce471a8000,0x00007fce472a9000)]
  0x00007fce600b9800 JavaThread "C2 CompilerThread0" daemon [_thread_blocked, id=13131, stack(0x00007fce472a9000,0x00007fce473aa000)]
  0x00007fce600b8000 JavaThread "Signal Dispatcher" daemon [_thread_blocked, id=13130, stack(0x00007fce473aa000,0x00007fce474ab000)]
  0x00007fce60084000 JavaThread "Finalizer" daemon [_thread_blocked, id=13129, stack(0x00007fce47cfd000,0x00007fce47dfe000)]
  0x00007fce6007f800 JavaThread "Reference Handler" daemon [_thread_blocked, id=13128, stack(0x00007fce47dfe000,0x00007fce47eff000)]
  0x00007fce6000a000 JavaThread "main" [_thread_blocked, id=13122, stack(0x00007fce68b38000,0x00007fce68c39000)]

Other Threads:
=>0x00007fce60078000 VMThread [stack: 0x00007fce47eff000,0x00007fce48000000] [id=13127]
  0x00007fce600ce000 WatcherThread [stack: 0x00007fce46ea5000,0x00007fce46fa6000] [id=13135]

VM state:at safepoint (normal execution)

VM Mutex/Monitor currently owned by a thread:  ([mutex/lock_event])
[0x00007fce60005f80] ExpandHeap_lock - owner thread: 0x00007fce60078000
[0x00007fce60006600] Threads_lock - owner thread: 0x00007fce60078000
[0x00007fce60006b00] Heap_lock - owner thread: 0x00007fce60177000

Heap:
 PSYoungGen      total 455680K, used 0K [0x00000000d5580000, 0x00000000ff600000, 0x0000000100000000)
  eden space 232960K, 0% used [0x00000000d5580000,0x00000000d5580000,0x00000000e3900000)
  from space 222720K, 0% used [0x00000000f1c80000,0x00000000f1c80000,0x00000000ff600000)
  to   space 227840K, 0% used [0x00000000e3900000,0x00000000e3900000,0x00000000f1780000)
 ParOldGen       total 731136K, used 730755K [0x0000000080000000, 0x00000000aca00000, 0x00000000d5580000)
  object space 731136K, 99% used [0x0000000080000000,0x00000000ac9a0c28,0x00000000aca00000)
 Metaspace       used 6624K, capacity 7320K, committed 7680K, reserved 1056768K
  class space    used 620K, capacity 656K, committed 768K, reserved 1048576K

Card table byte_map: [0x00007fce65504000,0x00007fce65905000] byte_map_base: 0x00007fce65104000

Marking Bits: (ParMarkBitMap*) 0x00007fce68019100
 Begin Bits: [0x00007fce4d000000, 0x00007fce4f000000)
 End Bits:   [0x00007fce4f000000, 0x00007fce51000000)

Polling page: 0x00007fce68c60000

CodeCache: size=245760Kb used=12564Kb max_used=14920Kb free=233195Kb
 bounds [0x00007fce51000000, 0x00007fce51eb0000, 0x00007fce60000000]
 total_blobs=2646 nmethods=2377 adapters=182
 compilation: enabled

Compilation events (10 events):
Event: 31,137 Thread 0x00007fce600bc800 nmethod 3040 0x00007fce51100bd0 code [0x00007fce51100d20, 0x00007fce51100e28]
Event: 31,137 Thread 0x00007fce600bc800  947 %     4       com.android.dx.cf.code.Ropper::labelToResultIndex @ 10 (47 bytes)
Event: 31,144 Thread 0x00007fce600bc800 nmethod 947% 0x00007fce5149d390 code [0x00007fce5149d520, 0x00007fce5149d8d8]
Event: 31,144 Thread 0x00007fce600bc800 1246 %     4       com.android.dx.rop.code.RopMethod::calcPredecessors @ 157 (227 bytes)
Event: 31,151 Thread 0x00007fce600bc800 nmethod 1246% 0x00007fce511f10d0 code [0x00007fce511f1280, 0x00007fce511f1690]
Event: 31,151 Thread 0x00007fce600bc800 3038       4       com.android.dx.ssa.SsaMethod::forEachInsn (36 bytes)
Event: 31,246 Thread 0x00007fce600be800 3045 %     3       com.android.dx.ssa.back.FirstFitLocalCombiningAllocator::findAnyFittingRange @ 25 (189 bytes)
Event: 31,248 Thread 0x00007fce600be800 nmethod 3045% 0x00007fce51648010 code [0x00007fce51648220, 0x00007fce51648cb8]
Event: 31,248 Thread 0x00007fce600be800 3046       3       com.android.dx.ssa.back.FirstFitLocalCombiningAllocator::findAnyFittingRange (189 bytes)
Event: 31,249 Thread 0x00007fce600be800 nmethod 3046 0x00007fce5142f210 code [0x00007fce5142f400, 0x00007fce5142fd18]

GC Heap History (10 events):
Event: 26,728 GC heap after
Heap after GC invocations=20 (full 4):
 PSYoungGen      total 470016K, used 101039K [0x00000000d5580000, 0x0000000100000000, 0x0000000100000000)
  eden space 310784K, 0% used [0x00000000d5580000,0x00000000d5580000,0x00000000e8500000)
  from space 159232K, 63% used [0x00000000f6480000,0x00000000fc72be08,0x0000000100000000)
  to   space 194048K, 0% used [0x00000000e8500000,0x00000000e8500000,0x00000000f4280000)
 ParOldGen       total 731136K, used 475904K [0x0000000080000000, 0x00000000aca00000, 0x00000000d5580000)
  object space 731136K, 65% used [0x0000000080000000,0x000000009d0c0390,0x00000000aca00000)
 Metaspace       used 6614K, capacity 7320K, committed 7680K, reserved 1056768K
  class space    used 618K, capacity 656K, committed 768K, reserved 1048576K
}
Event: 27,924 GC heap before
{Heap before GC invocations=21 (full 4):
 PSYoungGen      total 470016K, used 411823K [0x00000000d5580000, 0x0000000100000000, 0x0000000100000000)
  eden space 310784K, 100% used [0x00000000d5580000,0x00000000e8500000,0x00000000e8500000)
  from space 159232K, 63% used [0x00000000f6480000,0x00000000fc72be08,0x0000000100000000)
  to   space 194048K, 0% used [0x00000000e8500000,0x00000000e8500000,0x00000000f4280000)
 ParOldGen       total 731136K, used 475904K [0x0000000080000000, 0x00000000aca00000, 0x00000000d5580000)
  object space 731136K, 65% used [0x0000000080000000,0x000000009d0c0390,0x00000000aca00000)
 Metaspace       used 6622K, capacity 7320K, committed 7680K, reserved 1056768K
  class space    used 620K, capacity 656K, committed 768K, reserved 1048576K
Event: 28,257 GC heap after
Heap after GC invocations=21 (full 4):
 PSYoungGen      total 464384K, used 153181K [0x00000000d5580000, 0x0000000100000000, 0x0000000100000000)
  eden space 310784K, 0% used [0x00000000d5580000,0x00000000d5580000,0x00000000e8500000)
  from space 153600K, 99% used [0x00000000e8500000,0x00000000f1a97790,0x00000000f1b00000)
  to   space 210944K, 0% used [0x00000000f3200000,0x00000000f3200000,0x0000000100000000)
 ParOldGen       total 731136K, used 475904K [0x0000000080000000, 0x00000000aca00000, 0x00000000d5580000)
  object space 731136K, 65% used [0x0000000080000000,0x000000009d0c0390,0x00000000aca00000)
 Metaspace       used 6622K, capacity 7320K, committed 7680K, reserved 1056768K
  class space    used 620K, capacity 656K, committed 768K, reserved 1048576K
}
Event: 29,339 GC heap before
{Heap before GC invocations=22 (full 4):
 PSYoungGen      total 464384K, used 463965K [0x00000000d5580000, 0x0000000100000000, 0x0000000100000000)
  eden space 310784K, 100% used [0x00000000d5580000,0x00000000e8500000,0x00000000e8500000)
  from space 153600K, 99% used [0x00000000e8500000,0x00000000f1a97790,0x00000000f1b00000)
  to   space 210944K, 0% used [0x00000000f3200000,0x00000000f3200000,0x0000000100000000)
 ParOldGen       total 731136K, used 475904K [0x0000000080000000, 0x00000000aca00000, 0x00000000d5580000)
  object space 731136K, 65% used [0x0000000080000000,0x000000009d0c0390,0x00000000aca00000)
 Metaspace       used 6623K, capacity 7320K, committed 7680K, reserved 1056768K
  class space    used 620K, capacity 656K, committed 768K, reserved 1048576K
Event: 29,562 GC heap after
Heap after GC invocations=22 (full 4):
 PSYoungGen      total 443904K, used 196579K [0x00000000d5580000, 0x0000000100000000, 0x0000000100000000)
  eden space 232960K, 0% used [0x00000000d5580000,0x00000000d5580000,0x00000000e3900000)
  from space 210944K, 93% used [0x00000000f3200000,0x00000000ff1f8c10,0x0000000100000000)
  to   space 232960K, 0% used [0x00000000e3900000,0x00000000e3900000,0x00000000f1c80000)
 ParOldGen       total 731136K, used 475904K [0x0000000080000000, 0x00000000aca00000, 0x00000000d5580000)
  object space 731136K, 65% used [0x0000000080000000,0x000000009d0c0390,0x00000000aca00000)
 Metaspace       used 6623K, capacity 7320K, committed 7680K, reserved 1056768K
  class space    used 620K, capacity 656K, committed 768K, reserved 1048576K
}
Event: 30,157 GC heap before
{Heap before GC invocations=23 (full 4):
 PSYoungGen      total 443904K, used 429539K [0x00000000d5580000, 0x0000000100000000, 0x0000000100000000)
  eden space 232960K, 100% used [0x00000000d5580000,0x00000000e3900000,0x00000000e3900000)
  from space 210944K, 93% used [0x00000000f3200000,0x00000000ff1f8c10,0x0000000100000000)
  to   space 232960K, 0% used [0x00000000e3900000,0x00000000e3900000,0x00000000f1c80000)
 ParOldGen       total 731136K, used 475904K [0x0000000080000000, 0x00000000aca00000, 0x00000000d5580000)
  object space 731136K, 65% used [0x0000000080000000,0x000000009d0c0390,0x00000000aca00000)
 Metaspace       used 6623K, capacity 7320K, committed 7680K, reserved 1056768K
  class space    used 620K, capacity 656K, committed 768K, reserved 1048576K
Event: 30,460 GC heap after
Heap after GC invocations=23 (full 4):
 PSYoungGen      total 465920K, used 123513K [0x00000000d5580000, 0x0000000100000000, 0x0000000100000000)
  eden space 232960K, 0% used [0x00000000d5580000,0x00000000d5580000,0x00000000e3900000)
  from space 232960K, 53% used [0x00000000e3900000,0x00000000eb19e508,0x00000000f1c80000)
  to   space 232960K, 0% used [0x00000000f1c80000,0x00000000f1c80000,0x0000000100000000)
 ParOldGen       total 731136K, used 576417K [0x0000000080000000, 0x00000000aca00000, 0x00000000d5580000)
  object space 731136K, 78% used [0x0000000080000000,0x00000000a32e8608,0x00000000aca00000)
 Metaspace       used 6623K, capacity 7320K, committed 7680K, reserved 1056768K
  class space    used 620K, capacity 656K, committed 768K, reserved 1048576K
}
Event: 31,264 GC heap before
{Heap before GC invocations=24 (full 4):
 PSYoungGen      total 465920K, used 356473K [0x00000000d5580000, 0x0000000100000000, 0x0000000100000000)
  eden space 232960K, 100% used [0x00000000d5580000,0x00000000e3900000,0x00000000e3900000)
  from space 232960K, 53% used [0x00000000e3900000,0x00000000eb19e508,0x00000000f1c80000)
  to   space 232960K, 0% used [0x00000000f1c80000,0x00000000f1c80000,0x0000000100000000)
 ParOldGen       total 731136K, used 576417K [0x0000000080000000, 0x00000000aca00000, 0x00000000d5580000)
  object space 731136K, 78% used [0x0000000080000000,0x00000000a32e8608,0x00000000aca00000)
 Metaspace       used 6624K, capacity 7320K, committed 7680K, reserved 1056768K
  class space    used 620K, capacity 656K, committed 768K, reserved 1048576K
Event: 31,564 GC heap after
Heap after GC invocations=24 (full 4):
 PSYoungGen      total 455680K, used 64464K [0x00000000d5580000, 0x00000000ff600000, 0x0000000100000000)
  eden space 232960K, 0% used [0x00000000d5580000,0x00000000d5580000,0x00000000e3900000)
  from space 222720K, 28% used [0x00000000f1c80000,0x00000000f5b74128,0x00000000ff600000)
  to   space 227840K, 0% used [0x00000000e3900000,0x00000000e3900000,0x00000000f1780000)
 ParOldGen       total 731136K, used 671217K [0x0000000080000000, 0x00000000aca00000, 0x00000000d5580000)
  object space 731136K, 91% used [0x0000000080000000,0x00000000a8f7c4d0,0x00000000aca00000)
 Metaspace       used 6624K, capacity 7320K, committed 7680K, reserved 1056768K
  class space    used 620K, capacity 656K, committed 768K, reserved 1048576K
}
Event: 31,564 GC heap before
{Heap before GC invocations=25 (full 5):
 PSYoungGen      total 455680K, used 64464K [0x00000000d5580000, 0x00000000ff600000, 0x0000000100000000)
  eden space 232960K, 0% used [0x00000000d5580000,0x00000000d5580000,0x00000000e3900000)
  from space 222720K, 28% used [0x00000000f1c80000,0x00000000f5b74128,0x00000000ff600000)
  to   space 227840K, 0% used [0x00000000e3900000,0x00000000e3900000,0x00000000f1780000)
 ParOldGen       total 731136K, used 671217K [0x0000000080000000, 0x00000000aca00000, 0x00000000d5580000)
  object space 731136K, 91% used [0x0000000080000000,0x00000000a8f7c4d0,0x00000000aca00000)
 Metaspace       used 6624K, capacity 7320K, committed 7680K, reserved 1056768K
  class space    used 620K, capacity 656K, committed 768K, reserved 1048576K

Deoptimization events (10 events):
Event: 27,776 Thread 0x00007fce6017b800 Uncommon trap: reason=unstable_if action=reinterpret pc=0x00007fce51d78ba0 method=com.android.dx.dex.code.OutputFinisher.hasLocalInfo(Lcom/android/dx/dex/code/DalvInsn;)Z @ 35
Event: 27,782 Thread 0x00007fce60177000 Uncommon trap: reason=unstable_if action=reinterpret pc=0x00007fce51cb4858 method=com.android.dx.cf.code.Merger.isPossiblyAssignableFrom(Lcom/android/dx/rop/type/TypeBearer;Lcom/android/dx/rop/type/TypeBearer;)Z @ 131
Event: 27,782 Thread 0x00007fce60177000 Uncommon trap: reason=unstable_if action=reinterpret pc=0x00007fce51e47d60 method=com.android.dx.cf.code.Merger.isPossiblyAssignableFrom(Lcom/android/dx/rop/type/TypeBearer;Lcom/android/dx/rop/type/TypeBearer;)Z @ 131
Event: 28,479 Thread 0x00007fce6017d800 Uncommon trap: reason=bimorphic action=maybe_recompile pc=0x00007fce51165c14 method=com.android.dx.ssa.back.FirstFitLocalCombiningAllocator.findNextUnreservedRopReg(IILcom/android/dx/ssa/back/FirstFitLocalCombiningAllocator$Alignment;)I @ 60
Event: 28,532 Thread 0x00007fce6017a000 Uncommon trap: reason=bimorphic action=maybe_recompile pc=0x00007fce51165c14 method=com.android.dx.ssa.back.FirstFitLocalCombiningAllocator.findNextUnreservedRopReg(IILcom/android/dx/ssa/back/FirstFitLocalCombiningAllocator$Alignment;)I @ 60
Event: 30,514 Thread 0x00007fce6017b800 Uncommon trap: reason=unstable_if action=reinterpret pc=0x00007fce51af0a34 method=com.android.dx.ssa.SsaMethod.makeExitBlock()V @ 103
Event: 30,514 Thread 0x00007fce6017b800 Uncommon trap: reason=unstable_if action=reinterpret pc=0x00007fce51788db0 method=com.android.dx.ssa.SsaMethod.getExitBlock()Lcom/android/dx/ssa/SsaBasicBlock; @ 4
Event: 30,514 Thread 0x00007fce6017b800 Uncommon trap: reason=unstable_if action=reinterpret pc=0x00007fce51316e98 method=com.android.dx.ssa.SsaMethod.getExitBlock()Lcom/android/dx/ssa/SsaBasicBlock; @ 4
Event: 30,522 Thread 0x00007fce6017b800 Uncommon trap: reason=unstable_if action=reinterpret pc=0x00007fce51a5cbc0 method=com.android.dx.ssa.SsaMethod.getExitBlock()Lcom/android/dx/ssa/SsaBasicBlock; @ 4
Event: 30,522 Thread 0x00007fce6017b800 Uncommon trap: reason=unstable_if action=reinterpret pc=0x00007fce51d3fccc method=com.android.dx.ssa.SsaMethod.getExitBlock()Lcom/android/dx/ssa/SsaBasicBlock; @ 4

Internal exceptions (10 events):
Event: 0,050 Thread 0x00007fce6000a000 Exception <a 'java/lang/NoSuchMethodError': Method sun.misc.Unsafe.prefetchRead(Ljava/lang/Object;J)V name or signature does not match> (0x00000000d5587fa8) thrown at [/HUDSON/workspace/8-2-build-linux-amd64/jdk8u72/5732/hotspot/src/share/vm/prims/jni.cpp
Event: 1,239 Thread 0x00007fce60177000 Implicit null exception at 0x00007fce5137a5ae to 0x00007fce5137cb05
Event: 1,343 Thread 0x00007fce60177000 Implicit null exception at 0x00007fce51319bf8 to 0x00007fce5131bea9
Event: 1,345 Thread 0x00007fce6017b800 Implicit null exception at 0x00007fce513bc07b to 0x00007fce513bc205
Event: 1,511 Thread 0x00007fce6017b800 Exception <a 'java/lang/ArrayIndexOutOfBoundsException': 18> (0x00000000d99fec78) thrown at [/HUDSON/workspace/8-2-build-linux-amd64/jdk8u72/5732/hotspot/src/share/vm/interpreter/interpreterRuntime.cpp, line 366]
Event: 1,511 Thread 0x00007fce6017b800 Exception <a 'java/lang/ArrayIndexOutOfBoundsException': 145> (0x00000000d9a007f8) thrown at [/HUDSON/workspace/8-2-build-linux-amd64/jdk8u72/5732/hotspot/src/share/vm/interpreter/interpreterRuntime.cpp, line 366]
Event: 1,512 Thread 0x00007fce6017b800 Exception <a 'java/lang/ArrayIndexOutOfBoundsException': 40> (0x00000000d9a01ae0) thrown at [/HUDSON/workspace/8-2-build-linux-amd64/jdk8u72/5732/hotspot/src/share/vm/interpreter/interpreterRuntime.cpp, line 366]
Event: 5,520 Thread 0x00007fce60177000 Implicit null exception at 0x00007fce518c3037 to 0x00007fce518c32f1
Event: 13,408 Thread 0x00007fce6000a000 Implicit null exception at 0x00007fce515bcb0d to 0x00007fce515be4cd
Event: 27,776 Thread 0x00007fce6017b800 Implicit null exception at 0x00007fce51d77d35 to 0x00007fce51d78b85

Events (10 events):
Event: 31,239 Thread 0x00007fce6017d800 DEOPT UNPACKING pc=0x00007fce51047633 sp=0x00007fce4699cc08 mode 0
Event: 31,240 Thread 0x00007fce6017d800 DEOPT PACKING pc=0x00007fce51e70d3d sp=0x00007fce4699cd50
Event: 31,240 Thread 0x00007fce6017d800 DEOPT UNPACKING pc=0x00007fce51047633 sp=0x00007fce4699cb50 mode 0
Event: 31,244 Thread 0x00007fce6017b800 DEOPT PACKING pc=0x00007fce51e70d3d sp=0x00007fce46a9dbb0
Event: 31,244 Thread 0x00007fce6017b800 DEOPT UNPACKING pc=0x00007fce51047633 sp=0x00007fce46a9d9b0 mode 0
Event: 31,249 Thread 0x00007fce6017d800 DEOPT PACKING pc=0x00007fce5195b196 sp=0x00007fce4699cc00
Event: 31,249 Thread 0x00007fce6017d800 DEOPT UNPACKING pc=0x00007fce51047633 sp=0x00007fce4699c948 mode 0
Event: 31,263 Thread 0x00007fce60177000 DEOPT PACKING pc=0x00007fce51357e77 sp=0x00007fce46da0ff0
Event: 31,263 Thread 0x00007fce60177000 DEOPT UNPACKING pc=0x00007fce51047633 sp=0x00007fce46da0d80 mode 0
Event: 31,264 Executing VM operation: ParallelGCFailedAllocation


Dynamic libraries:
00400000-00401000 r-xp 00000000 08:03 554269                             /usr/lib/jvm/jdk1.8.0_72/bin/java
00600000-00601000 rw-p 00000000 08:03 554269                             /usr/lib/jvm/jdk1.8.0_72/bin/java
01d98000-01db9000 rw-p 00000000 00:00 0                                  [heap]
80000000-aca00000 rw-p 00000000 00:00 0 
c0980000-d5580000 ---p 00000000 00:00 0 
d5580000-ff600000 rw-p 00000000 00:00 0 
ff600000-100000000 ---p 00000000 00:00 0 
100000000-1000c0000 rw-p 00000000 00:00 0 
1000c0000-140000000 ---p 00000000 00:00 0 
7fcdf8000000-7fcdf803c000 rw-p 00000000 00:00 0 
7fcdf803c000-7fcdfc000000 ---p 00000000 00:00 0 
7fce00000000-7fce00033000 rw-p 00000000 00:00 0 
7fce00033000-7fce04000000 ---p 00000000 00:00 0 
7fce04000000-7fce0409f000 rw-p 00000000 00:00 0 
7fce0409f000-7fce08000000 ---p 00000000 00:00 0 
7fce08000000-7fce08073000 rw-p 00000000 00:00 0 
7fce08073000-7fce0c000000 ---p 00000000 00:00 0 
7fce0c000000-7fce0c021000 rw-p 00000000 00:00 0 
7fce0c021000-7fce10000000 ---p 00000000 00:00 0 
7fce10000000-7fce10021000 rw-p 00000000 00:00 0 
7fce10021000-7fce14000000 ---p 00000000 00:00 0 
7fce14000000-7fce14021000 rw-p 00000000 00:00 0 
7fce14021000-7fce18000000 ---p 00000000 00:00 0 
7fce18000000-7fce1989f000 rw-p 00000000 00:00 0 
7fce1989f000-7fce1c000000 ---p 00000000 00:00 0 
7fce1c000000-7fce1ca82000 rw-p 00000000 00:00 0 
7fce1ca82000-7fce20000000 ---p 00000000 00:00 0 
7fce20000000-7fce20021000 rw-p 00000000 00:00 0 
7fce20021000-7fce24000000 ---p 00000000 00:00 0 
7fce24000000-7fce25a86000 rw-p 00000000 00:00 0 
7fce25a86000-7fce28000000 ---p 00000000 00:00 0 
7fce28000000-7fce28021000 rw-p 00000000 00:00 0 
7fce28021000-7fce2c000000 ---p 00000000 00:00 0 
7fce2c000000-7fce2c021000 rw-p 00000000 00:00 0 
7fce2c021000-7fce30000000 ---p 00000000 00:00 0 
7fce30000000-7fce30021000 rw-p 00000000 00:00 0 
7fce30021000-7fce34000000 ---p 00000000 00:00 0 
7fce34000000-7fce3428d000 rw-p 00000000 00:00 0 
7fce3428d000-7fce38000000 ---p 00000000 00:00 0 
7fce38000000-7fce38021000 rw-p 00000000 00:00 0 
7fce38021000-7fce3c000000 ---p 00000000 00:00 0 
7fce40000000-7fce40021000 rw-p 00000000 00:00 0 
7fce40021000-7fce44000000 ---p 00000000 00:00 0 
7fce4689e000-7fce468a1000 ---p 00000000 00:00 0 
7fce468a1000-7fce4699f000 rw-p 00000000 00:00 0 
7fce4699f000-7fce469a2000 ---p 00000000 00:00 0 
7fce469a2000-7fce46aa0000 rw-p 00000000 00:00 0 
7fce46aa0000-7fce46aa3000 ---p 00000000 00:00 0 
7fce46aa3000-7fce46ba1000 rw-p 00000000 00:00 0 
7fce46ba1000-7fce46ba4000 ---p 00000000 00:00 0 
7fce46ba4000-7fce46ca2000 rw-p 00000000 00:00 0 
7fce46ca2000-7fce46ca5000 ---p 00000000 00:00 0 
7fce46ca5000-7fce46da3000 rw-p 00000000 00:00 0 
7fce46da3000-7fce46ea5000 r--s 00cab000 08:05 138320                     /home/longlv/code/UP_RDS/zalo-pay/zalopay-android/ZaloPay/app/build/intermediates/transforms/jarMerging/iapbeta/debug/jars/1/1f/combined.jar
7fce46ea5000-7fce46ea6000 ---p 00000000 00:00 0 
7fce46ea6000-7fce46fa6000 rw-p 00000000 00:00 0 
7fce46fa6000-7fce46fa9000 ---p 00000000 00:00 0 
7fce46fa9000-7fce470a7000 rw-p 00000000 00:00 0 
7fce470a7000-7fce470aa000 ---p 00000000 00:00 0 
7fce470aa000-7fce471a8000 rw-p 00000000 00:00 0 
7fce471a8000-7fce471ab000 ---p 00000000 00:00 0 
7fce471ab000-7fce472a9000 rw-p 00000000 00:00 0 
7fce472a9000-7fce472ac000 ---p 00000000 00:00 0 
7fce472ac000-7fce473aa000 rw-p 00000000 00:00 0 
7fce473aa000-7fce473ad000 ---p 00000000 00:00 0 
7fce473ad000-7fce474ab000 rw-p 00000000 00:00 0 
7fce474ab000-7fce47cfd000 r--p 00000000 08:03 528332                     /usr/lib/locale/locale-archive
7fce47cfd000-7fce47d00000 ---p 00000000 00:00 0 
7fce47d00000-7fce47dfe000 rw-p 00000000 00:00 0 
7fce47dfe000-7fce47e01000 ---p 00000000 00:00 0 
7fce47e01000-7fce47eff000 rw-p 00000000 00:00 0 
7fce47eff000-7fce47f00000 ---p 00000000 00:00 0 
7fce47f00000-7fce48000000 rw-p 00000000 00:00 0 
7fce48000000-7fce48021000 rw-p 00000000 00:00 0 
7fce48021000-7fce4c000000 ---p 00000000 00:00 0 
7fce4c01e000-7fce51000000 rw-p 00000000 00:00 0 
7fce51000000-7fce51eb0000 rwxp 00000000 00:00 0 
7fce51eb0000-7fce60000000 ---p 00000000 00:00 0 
7fce60000000-7fce603e8000 rw-p 00000000 00:00 0 
7fce603e8000-7fce64000000 ---p 00000000 00:00 0 
7fce64007000-7fce641df000 r--s 03d1d000 08:03 554374                     /usr/lib/jvm/jdk1.8.0_72/jre/lib/rt.jar
7fce641df000-7fce64915000 rw-p 00000000 00:00 0 
7fce64915000-7fce64a55000 ---p 00000000 00:00 0 
7fce64a55000-7fce64e55000 rw-p 00000000 00:00 0 
7fce64e55000-7fce64e56000 ---p 00000000 00:00 0 
7fce64e56000-7fce64f56000 rw-p 00000000 00:00 0 
7fce64f56000-7fce64f57000 ---p 00000000 00:00 0 
7fce64f57000-7fce65057000 rw-p 00000000 00:00 0 
7fce65057000-7fce65058000 ---p 00000000 00:00 0 
7fce65058000-7fce65158000 rw-p 00000000 00:00 0 
7fce65158000-7fce65159000 ---p 00000000 00:00 0 
7fce65159000-7fce653be000 rw-p 00000000 00:00 0 
7fce653be000-7fce65504000 ---p 00000000 00:00 0 
7fce65504000-7fce65669000 rw-p 00000000 00:00 0 
7fce65669000-7fce657ae000 ---p 00000000 00:00 0 
7fce657ae000-7fce658ff000 rw-p 00000000 00:00 0 
7fce658ff000-7fce65904000 ---p 00000000 00:00 0 
7fce65904000-7fce65940000 rw-p 00000000 00:00 0 
7fce65940000-7fce65cc5000 ---p 00000000 00:00 0 
7fce65cc5000-7fce65cdf000 r-xp 00000000 08:03 554572                     /usr/lib/jvm/jdk1.8.0_72/jre/lib/amd64/libzip.so
7fce65cdf000-7fce65edf000 ---p 0001a000 08:03 554572                     /usr/lib/jvm/jdk1.8.0_72/jre/lib/amd64/libzip.so
7fce65edf000-7fce65ee0000 rw-p 0001a000 08:03 554572                     /usr/lib/jvm/jdk1.8.0_72/jre/lib/amd64/libzip.so
7fce65ee0000-7fce65eea000 r-xp 00000000 08:03 419064                     /lib/x86_64-linux-gnu/libnss_files-2.19.so
7fce65eea000-7fce660e9000 ---p 0000a000 08:03 419064                     /lib/x86_64-linux-gnu/libnss_files-2.19.so
7fce660e9000-7fce660ea000 r--p 00009000 08:03 419064                     /lib/x86_64-linux-gnu/libnss_files-2.19.so
7fce660ea000-7fce660eb000 rw-p 0000a000 08:03 419064                     /lib/x86_64-linux-gnu/libnss_files-2.19.so
7fce660eb000-7fce660f6000 r-xp 00000000 08:03 419056                     /lib/x86_64-linux-gnu/libnss_nis-2.19.so
7fce660f6000-7fce662f5000 ---p 0000b000 08:03 419056                     /lib/x86_64-linux-gnu/libnss_nis-2.19.so
7fce662f5000-7fce662f6000 r--p 0000a000 08:03 419056                     /lib/x86_64-linux-gnu/libnss_nis-2.19.so
7fce662f6000-7fce662f7000 rw-p 0000b000 08:03 419056                     /lib/x86_64-linux-gnu/libnss_nis-2.19.so
7fce662f7000-7fce6630e000 r-xp 00000000 08:03 419052                     /lib/x86_64-linux-gnu/libnsl-2.19.so
7fce6630e000-7fce6650d000 ---p 00017000 08:03 419052                     /lib/x86_64-linux-gnu/libnsl-2.19.so
7fce6650d000-7fce6650e000 r--p 00016000 08:03 419052                     /lib/x86_64-linux-gnu/libnsl-2.19.so
7fce6650e000-7fce6650f000 rw-p 00017000 08:03 419052                     /lib/x86_64-linux-gnu/libnsl-2.19.so
7fce6650f000-7fce66511000 rw-p 00000000 00:00 0 
7fce66511000-7fce6651a000 r-xp 00000000 08:03 419051                     /lib/x86_64-linux-gnu/libnss_compat-2.19.so
7fce6651a000-7fce66719000 ---p 00009000 08:03 419051                     /lib/x86_64-linux-gnu/libnss_compat-2.19.so
7fce66719000-7fce6671a000 r--p 00008000 08:03 419051                     /lib/x86_64-linux-gnu/libnss_compat-2.19.so
7fce6671a000-7fce6671b000 rw-p 00009000 08:03 419051                     /lib/x86_64-linux-gnu/libnss_compat-2.19.so
7fce6671b000-7fce66745000 r-xp 00000000 08:03 554583                     /usr/lib/jvm/jdk1.8.0_72/jre/lib/amd64/libjava.so
7fce66745000-7fce66945000 ---p 0002a000 08:03 554583                     /usr/lib/jvm/jdk1.8.0_72/jre/lib/amd64/libjava.so
7fce66945000-7fce66947000 rw-p 0002a000 08:03 554583                     /usr/lib/jvm/jdk1.8.0_72/jre/lib/amd64/libjava.so
7fce66947000-7fce66954000 r-xp 00000000 08:03 554582                     /usr/lib/jvm/jdk1.8.0_72/jre/lib/amd64/libverify.so
7fce66954000-7fce66b54000 ---p 0000d000 08:03 554582                     /usr/lib/jvm/jdk1.8.0_72/jre/lib/amd64/libverify.so
7fce66b54000-7fce66b56000 rw-p 0000d000 08:03 554582                     /usr/lib/jvm/jdk1.8.0_72/jre/lib/amd64/libverify.so
7fce66b56000-7fce66b5d000 r-xp 00000000 08:03 419060                     /lib/x86_64-linux-gnu/librt-2.19.so
7fce66b5d000-7fce66d5c000 ---p 00007000 08:03 419060                     /lib/x86_64-linux-gnu/librt-2.19.so
7fce66d5c000-7fce66d5d000 r--p 00006000 08:03 419060                     /lib/x86_64-linux-gnu/librt-2.19.so
7fce66d5d000-7fce66d5e000 rw-p 00007000 08:03 419060                     /lib/x86_64-linux-gnu/librt-2.19.so
7fce66d5e000-7fce66e63000 r-xp 00000000 08:03 419046                     /lib/x86_64-linux-gnu/libm-2.19.so
7fce66e63000-7fce67062000 ---p 00105000 08:03 419046                     /lib/x86_64-linux-gnu/libm-2.19.so
7fce67062000-7fce67063000 r--p 00104000 08:03 419046                     /lib/x86_64-linux-gnu/libm-2.19.so
7fce67063000-7fce67064000 rw-p 00105000 08:03 419046                     /lib/x86_64-linux-gnu/libm-2.19.so
7fce67064000-7fce67d23000 r-xp 00000000 08:03 554615                     /usr/lib/jvm/jdk1.8.0_72/jre/lib/amd64/server/libjvm.so
7fce67d23000-7fce67f22000 ---p 00cbf000 08:03 554615                     /usr/lib/jvm/jdk1.8.0_72/jre/lib/amd64/server/libjvm.so
7fce67f22000-7fce67ffb000 rw-p 00cbe000 08:03 554615                     /usr/lib/jvm/jdk1.8.0_72/jre/lib/amd64/server/libjvm.so
7fce67ffb000-7fce68044000 rw-p 00000000 00:00 0 
7fce68044000-7fce681fe000 r-xp 00000000 08:03 419061                     /lib/x86_64-linux-gnu/libc-2.19.so
7fce681fe000-7fce683fe000 ---p 001ba000 08:03 419061                     /lib/x86_64-linux-gnu/libc-2.19.so
7fce683fe000-7fce68402000 r--p 001ba000 08:03 419061                     /lib/x86_64-linux-gnu/libc-2.19.so
7fce68402000-7fce68404000 rw-p 001be000 08:03 419061                     /lib/x86_64-linux-gnu/libc-2.19.so
7fce68404000-7fce68409000 rw-p 00000000 00:00 0 
7fce68409000-7fce6840c000 r-xp 00000000 08:03 419048                     /lib/x86_64-linux-gnu/libdl-2.19.so
7fce6840c000-7fce6860b000 ---p 00003000 08:03 419048                     /lib/x86_64-linux-gnu/libdl-2.19.so
7fce6860b000-7fce6860c000 r--p 00002000 08:03 419048                     /lib/x86_64-linux-gnu/libdl-2.19.so
7fce6860c000-7fce6860d000 rw-p 00003000 08:03 419048                     /lib/x86_64-linux-gnu/libdl-2.19.so
7fce6860d000-7fce68622000 r-xp 00000000 08:03 554109                     /usr/lib/jvm/jdk1.8.0_72/lib/amd64/jli/libjli.so
7fce68622000-7fce68822000 ---p 00015000 08:03 554109                     /usr/lib/jvm/jdk1.8.0_72/lib/amd64/jli/libjli.so
7fce68822000-7fce68823000 rw-p 00015000 08:03 554109                     /usr/lib/jvm/jdk1.8.0_72/lib/amd64/jli/libjli.so
7fce68823000-7fce6883c000 r-xp 00000000 08:03 419053                     /lib/x86_64-linux-gnu/libpthread-2.19.so
7fce6883c000-7fce68a3b000 ---p 00019000 08:03 419053                     /lib/x86_64-linux-gnu/libpthread-2.19.so
7fce68a3b000-7fce68a3c000 r--p 00018000 08:03 419053                     /lib/x86_64-linux-gnu/libpthread-2.19.so
7fce68a3c000-7fce68a3d000 rw-p 00019000 08:03 419053                     /lib/x86_64-linux-gnu/libpthread-2.19.so
7fce68a3d000-7fce68a41000 rw-p 00000000 00:00 0 
7fce68a41000-7fce68a64000 r-xp 00000000 08:03 419054                     /lib/x86_64-linux-gnu/ld-2.19.so
7fce68a6c000-7fce68b38000 rw-p 00000000 00:00 0 
7fce68b38000-7fce68b3b000 ---p 00000000 00:00 0 
7fce68b3b000-7fce68c3d000 rw-p 00000000 00:00 0 
7fce68c47000-7fce68c48000 rw-p 00000000 00:00 0 
7fce68c48000-7fce68c57000 r--s 000df000 08:02 60852                      /media/DATA/Development/sdk/build-tools/23.0.3/lib/dx.jar
7fce68c57000-7fce68c5f000 rw-s 00000000 08:03 842101                     /tmp/hsperfdata_longlv/13117
7fce68c5f000-7fce68c60000 rw-p 00000000 00:00 0 
7fce68c60000-7fce68c61000 ---p 00000000 00:00 0 
7fce68c61000-7fce68c63000 rw-p 00000000 00:00 0 
7fce68c63000-7fce68c64000 r--p 00022000 08:03 419054                     /lib/x86_64-linux-gnu/ld-2.19.so
7fce68c64000-7fce68c65000 rw-p 00023000 08:03 419054                     /lib/x86_64-linux-gnu/ld-2.19.so
7fce68c65000-7fce68c66000 rw-p 00000000 00:00 0 
7ffd3a991000-7ffd3a9b3000 rw-p 00000000 00:00 0                          [stack]
7ffd3a9ba000-7ffd3a9bc000 r--p 00000000 00:00 0                          [vvar]
7ffd3a9bc000-7ffd3a9be000 r-xp 00000000 00:00 0                          [vdso]
ffffffffff600000-ffffffffff601000 r-xp 00000000 00:00 0                  [vsyscall]

VM Arguments:
jvm_args: -Djava.awt.headless=true -Xmx2g -Dfile.encoding=UTF-8 -Duser.country=US -Duser.language=en -Duser.variant 
java_command: com.android.dx.command.Main --dex --force-jumbo --num-threads=4 --multi-dex --main-dex-list /home/longlv/code/UP_RDS/zalo-pay/zalopay-android/ZaloPay/app/build/intermediates/multi-dex/iapbeta/debug/maindexlist.txt --output /home/longlv/code/UP_RDS/zalo-pay/zalopay-android/ZaloPay/app/build/intermediates/transforms/dex/iapbeta/debug/folders/1000/1f/main /home/longlv/code/UP_RDS/zalo-pay/zalopay-android/ZaloPay/app/build/intermediates/transforms/jarMerging/iapbeta/debug/jars/1/1f/combined.jar
java_class_path (initial): /zserver/sdk/build-tools/23.0.3/lib/dx.jar
Launcher Type: SUN_STANDARD

Environment Variables:
PATH=/usr/local/sbin:/usr/local/bin:/usr/sbin:/usr/bin:/sbin:/bin:/usr/games:/usr/local/games
LD_LIBRARY_PATH=/home/longlv/zserver/android-studio-v2/bin:
SHELL=/bin/bash
DISPLAY=:0

Signal Handlers:
SIGSEGV: [libjvm.so+0xabb070], sa_mask[0]=11111111011111111101111111111110, sa_flags=SA_RESTART|SA_SIGINFO
SIGBUS: [libjvm.so+0xabb070], sa_mask[0]=11111111011111111101111111111110, sa_flags=SA_RESTART|SA_SIGINFO
SIGFPE: [libjvm.so+0x918480], sa_mask[0]=11111111011111111101111111111110, sa_flags=SA_RESTART|SA_SIGINFO
SIGPIPE: [libjvm.so+0x918480], sa_mask[0]=11111111011111111101111111111110, sa_flags=SA_RESTART|SA_SIGINFO
SIGXFSZ: [libjvm.so+0x918480], sa_mask[0]=11111111011111111101111111111110, sa_flags=SA_RESTART|SA_SIGINFO
SIGILL: [libjvm.so+0x918480], sa_mask[0]=11111111011111111101111111111110, sa_flags=SA_RESTART|SA_SIGINFO
SIGUSR1: SIG_DFL, sa_mask[0]=00000000000000000000000000000000, sa_flags=none
SIGUSR2: [libjvm.so+0x919ab0], sa_mask[0]=00100000000000000000000000000000, sa_flags=SA_RESTART|SA_SIGINFO
SIGHUP: [libjvm.so+0x91aeb0], sa_mask[0]=11111111011111111101111111111110, sa_flags=SA_RESTART|SA_SIGINFO
SIGINT: [libjvm.so+0x91aeb0], sa_mask[0]=11111111011111111101111111111110, sa_flags=SA_RESTART|SA_SIGINFO
SIGTERM: [libjvm.so+0x91aeb0], sa_mask[0]=11111111011111111101111111111110, sa_flags=SA_RESTART|SA_SIGINFO
SIGQUIT: [libjvm.so+0x91aeb0], sa_mask[0]=11111111011111111101111111111110, sa_flags=SA_RESTART|SA_SIGINFO


---------------  S Y S T E M  ---------------

OS:DISTRIB_ID=Ubuntu
DISTRIB_RELEASE=14.04
DISTRIB_CODENAME=trusty
DISTRIB_DESCRIPTION="Ubuntu 14.04.4 LTS"

uname:Linux 3.19.0-59-generic #66~14.04.1-Ubuntu SMP Fri May 13 17:27:10 UTC 2016 x86_64
libc:glibc 2.19 NPTL 2.19 
rlimit: STACK 8192k, CORE 0k, NPROC 30660, NOFILE 4096, AS infinity
load average:3,35 1,90 1,58

/proc/meminfo:
MemTotal:        7870356 kB
MemFree:          120376 kB
MemAvailable:     104860 kB
Buffers:            2112 kB
Cached:           553896 kB
SwapCached:            0 kB
Active:          7091672 kB
Inactive:         449548 kB
Active(anon):    7046784 kB
Inactive(anon):   414576 kB
Active(file):      44888 kB
Inactive(file):    34972 kB
Unevictable:          64 kB
Mlocked:              64 kB
SwapTotal:             0 kB
SwapFree:              0 kB
Dirty:              3708 kB
Writeback:             0 kB
AnonPages:       6985432 kB
Mapped:           222344 kB
Shmem:            476040 kB
Slab:              97816 kB
SReclaimable:      58044 kB
SUnreclaim:        39772 kB
KernelStack:       14704 kB
PageTables:        47244 kB
NFS_Unstable:          0 kB
Bounce:                0 kB
WritebackTmp:          0 kB
CommitLimit:     3935176 kB
Committed_AS:   11399640 kB
VmallocTotal:   34359738367 kB
VmallocUsed:      382344 kB
VmallocChunk:   34359258864 kB
HardwareCorrupted:     0 kB
AnonHugePages:   4304896 kB
CmaTotal:              0 kB
CmaFree:               0 kB
HugePages_Total:       0
HugePages_Free:        0
HugePages_Rsvd:        0
HugePages_Surp:        0
Hugepagesize:       2048 kB
DirectMap4k:      141332 kB
DirectMap2M:     7938048 kB


CPU:total 4 (2 cores per cpu, 2 threads per core) family 6 model 58 stepping 9, cmov, cx8, fxsr, mmx, sse, sse2, sse3, ssse3, sse4.1, sse4.2, popcnt, avx, aes, clmul, erms, ht, tsc, tscinvbit, tscinv

/proc/cpuinfo:
processor	: 0
vendor_id	: GenuineIntel
cpu family	: 6
model		: 58
model name	: Intel(R) Core(TM) i5-3320M CPU @ 2.60GHz
stepping	: 9
microcode	: 0x16
cpu MHz		: 3099.992
cache size	: 3072 KB
physical id	: 0
siblings	: 4
core id		: 0
cpu cores	: 2
apicid		: 0
initial apicid	: 0
fpu		: yes
fpu_exception	: yes
cpuid level	: 13
wp		: yes
flags		: fpu vme de pse tsc msr pae mce cx8 apic sep mtrr pge mca cmov pat pse36 clflush dts acpi mmx fxsr sse sse2 ss ht tm pbe syscall nx rdtscp lm constant_tsc arch_perfmon pebs bts rep_good nopl xtopology nonstop_tsc aperfmperf eagerfpu pni pclmulqdq dtes64 monitor ds_cpl vmx smx est tm2 ssse3 cx16 xtpr pdcm pcid sse4_1 sse4_2 x2apic popcnt tsc_deadline_timer aes xsave avx f16c rdrand lahf_lm ida arat epb pln pts dtherm tpr_shadow vnmi flexpriority ept vpid fsgsbase smep erms xsaveopt
bugs		:
bogomips	: 5188.34
clflush size	: 64
cache_alignment	: 64
address sizes	: 36 bits physical, 48 bits virtual
power management:

processor	: 1
vendor_id	: GenuineIntel
cpu family	: 6
model		: 58
model name	: Intel(R) Core(TM) i5-3320M CPU @ 2.60GHz
stepping	: 9
microcode	: 0x16
cpu MHz		: 3099.890
cache size	: 3072 KB
physical id	: 0
siblings	: 4
core id		: 0
cpu cores	: 2
apicid		: 1
initial apicid	: 1
fpu		: yes
fpu_exception	: yes
cpuid level	: 13
wp		: yes
flags		: fpu vme de pse tsc msr pae mce cx8 apic sep mtrr pge mca cmov pat pse36 clflush dts acpi mmx fxsr sse sse2 ss ht tm pbe syscall nx rdtscp lm constant_tsc arch_perfmon pebs bts rep_good nopl xtopology nonstop_tsc aperfmperf eagerfpu pni pclmulqdq dtes64 monitor ds_cpl vmx smx est tm2 ssse3 cx16 xtpr pdcm pcid sse4_1 sse4_2 x2apic popcnt tsc_deadline_timer aes xsave avx f16c rdrand lahf_lm ida arat epb pln pts dtherm tpr_shadow vnmi flexpriority ept vpid fsgsbase smep erms xsaveopt
bugs		:
bogomips	: 5188.34
clflush size	: 64
cache_alignment	: 64
address sizes	: 36 bits physical, 48 bits virtual
power management:

processor	: 2
vendor_id	: GenuineIntel
cpu family	: 6
model		: 58
model name	: Intel(R) Core(TM) i5-3320M CPU @ 2.60GHz
stepping	: 9
microcode	: 0x16
cpu MHz		: 3099.992
cache size	: 3072 KB
physical id	: 0
siblings	: 4
core id		: 1
cpu cores	: 2
apicid		: 2
initial apicid	: 2
fpu		: yes
fpu_exception	: yes
cpuid level	: 13
wp		: yes
flags		: fpu vme de pse tsc msr pae mce cx8 apic sep mtrr pge mca cmov pat pse36 clflush dts acpi mmx fxsr sse sse2 ss ht tm pbe syscall nx rdtscp lm constant_tsc arch_perfmon pebs bts rep_good nopl xtopology nonstop_tsc aperfmperf eagerfpu pni pclmulqdq dtes64 monitor ds_cpl vmx smx est tm2 ssse3 cx16 xtpr pdcm pcid sse4_1 sse4_2 x2apic popcnt tsc_deadline_timer aes xsave avx f16c rdrand lahf_lm ida arat epb pln pts dtherm tpr_shadow vnmi flexpriority ept vpid fsgsbase smep erms xsaveopt
bugs		:
bogomips	: 5188.34
clflush size	: 64
cache_alignment	: 64
address sizes	: 36 bits physical, 48 bits virtual
power management:

processor	: 3
vendor_id	: GenuineIntel
cpu family	: 6
model		: 58
model name	: Intel(R) Core(TM) i5-3320M CPU @ 2.60GHz
stepping	: 9
microcode	: 0x16
cpu MHz		: 3099.992
cache size	: 3072 KB
physical id	: 0
siblings	: 4
core id		: 1
cpu cores	: 2
apicid		: 3
initial apicid	: 3
fpu		: yes
fpu_exception	: yes
cpuid level	: 13
wp		: yes
flags		: fpu vme de pse tsc msr pae mce cx8 apic sep mtrr pge mca cmov pat pse36 clflush dts acpi mmx fxsr sse sse2 ss ht tm pbe syscall nx rdtscp lm constant_tsc arch_perfmon pebs bts rep_good nopl xtopology nonstop_tsc aperfmperf eagerfpu pni pclmulqdq dtes64 monitor ds_cpl vmx smx est tm2 ssse3 cx16 xtpr pdcm pcid sse4_1 sse4_2 x2apic popcnt tsc_deadline_timer aes xsave avx f16c rdrand lahf_lm ida arat epb pln pts dtherm tpr_shadow vnmi flexpriority ept vpid fsgsbase smep erms xsaveopt
bugs		:
bogomips	: 5188.34
clflush size	: 64
cache_alignment	: 64
address sizes	: 36 bits physical, 48 bits virtual
power management:



Memory: 4k page, physical 7870356k(120252k free), swap 0k(0k free)

vm_info: Java HotSpot(TM) 64-Bit Server VM (25.72-b15) for linux-amd64 JRE (1.8.0_72-b15), built on Dec 22 2015 22:00:07 by "java_re" with gcc 4.3.0 20080428 (Red Hat 4.3.0-8)

time: Mon May 30 17:59:32 2016
elapsed time: 34 seconds (0d 0h 0m 34s)

